2017-06-04 19:15:59,719 - WARNING - Nodename: titan-lab3
2017-06-04 19:15:59,720 - WARNING - Parameters: BATCH_SIZE: 8, NN_IMAGE_SIZE: 512, BASE_CHANNELS: 16
2017-06-04 19:15:59,720 - WARNING - Augmentation: horizontal and vertical flips
2017-06-04 19:15:59,720 - WARNING - Checkpoint file: checkpoints/2017-06-04_17:15.ckpt
2017-06-04 19:16:02,911 - INFO - Start training
2017-06-04 19:16:06,017 - INFO - ====== START OF EPOCH 0 ======
2017-06-04 19:16:08,365 - DEBUG - Step 0: mean_loss(20): 4.228338241577148 mean_loss(200): 4.228338241577148
2017-06-04 19:16:12,797 - DEBUG - Step 10: mean_loss(20): 2.632596731185913 mean_loss(200): 2.632596731185913
2017-06-04 19:16:17,405 - DEBUG - Step 20: mean_loss(20): 1.7185447216033936 mean_loss(200): 1.8380588293075562
2017-06-04 19:16:22,045 - DEBUG - Step 30: mean_loss(20): 0.7962877154350281 mean_loss(200): 1.4478811025619507
2017-06-04 19:16:26,676 - DEBUG - Step 40: mean_loss(20): 0.626110315322876 mean_loss(200): 1.2468643188476562
2017-06-04 19:16:31,314 - DEBUG - Step 50: mean_loss(20): 0.5950012803077698 mean_loss(200): 1.113418459892273
2017-06-04 19:16:35,918 - DEBUG - Step 60: mean_loss(20): 0.4576657712459564 mean_loss(200): 0.9881107807159424
2017-06-04 19:16:40,575 - DEBUG - Step 70: mean_loss(20): 0.39149510860443115 mean_loss(200): 0.9100597500801086
2017-06-04 19:16:45,198 - DEBUG - Step 80: mean_loss(20): 0.4395309388637543 mean_loss(200): 0.8526589870452881
2017-06-04 19:16:49,863 - DEBUG - Step 90: mean_loss(20): 0.4287625849246979 mean_loss(200): 0.8042802214622498
2017-06-04 19:16:54,528 - DEBUG - Step 100: mean_loss(20): 0.4021705687046051 mean_loss(200): 0.7634533643722534
2017-06-04 19:16:59,200 - DEBUG - Step 110: mean_loss(20): 0.39626044034957886 mean_loss(200): 0.7307631373405457
2017-06-04 19:17:03,877 - DEBUG - Step 120: mean_loss(20): 0.40833768248558044 mean_loss(200): 0.7047565579414368
2017-06-04 19:17:08,508 - DEBUG - Step 130: mean_loss(20): 0.38425764441490173 mean_loss(200): 0.6778615117073059
2017-06-04 19:17:13,147 - DEBUG - Step 140: mean_loss(20): 0.3419474959373474 mean_loss(200): 0.6532942056655884
2017-06-04 19:17:17,792 - DEBUG - Step 150: mean_loss(20): 0.3360154330730438 mean_loss(200): 0.6325839161872864
2017-06-04 19:17:22,449 - DEBUG - Step 160: mean_loss(20): 0.30163973569869995 mean_loss(200): 0.6096104979515076
2017-06-04 19:17:27,085 - DEBUG - Step 170: mean_loss(20): 0.28212970495224 mean_loss(200): 0.5915951132774353
2017-06-04 19:17:31,749 - DEBUG - Step 180: mean_loss(20): 0.3097893297672272 mean_loss(200): 0.5764809846878052
2017-06-04 19:17:36,419 - DEBUG - Step 190: mean_loss(20): 0.3147231340408325 mean_loss(200): 0.562603235244751
2017-06-04 19:17:41,059 - DEBUG - Step 200: mean_loss(20): 0.3105708956718445 mean_loss(200): 0.5316307544708252
2017-06-04 19:17:45,708 - DEBUG - Step 210: mean_loss(20): 0.32646965980529785 mean_loss(200): 0.42514026165008545
2017-06-04 19:17:50,367 - DEBUG - Step 220: mean_loss(20): 0.3293170928955078 mean_loss(200): 0.3927079737186432
2017-06-04 19:17:55,037 - DEBUG - Step 230: mean_loss(20): 0.2980285584926605 mean_loss(200): 0.375314325094223
2017-06-04 19:17:59,724 - DEBUG - Step 240: mean_loss(20): 0.3297659158706665 mean_loss(200): 0.36307358741760254
2017-06-04 19:18:04,411 - DEBUG - Step 250: mean_loss(20): 0.3683401644229889 mean_loss(200): 0.35264822840690613
2017-06-04 19:18:09,092 - DEBUG - Step 260: mean_loss(20): 0.3232519328594208 mean_loss(200): 0.3496321737766266
2017-06-04 19:18:13,752 - DEBUG - Step 270: mean_loss(20): 0.2925145924091339 mean_loss(200): 0.3427501618862152
2017-06-04 19:18:18,435 - DEBUG - Step 280: mean_loss(20): 0.30328169465065 mean_loss(200): 0.3360072374343872
2017-06-04 19:18:23,133 - DEBUG - Step 290: mean_loss(20): 0.33465856313705444 mean_loss(200): 0.33333978056907654
2017-06-04 19:18:27,826 - DEBUG - Step 300: mean_loss(20): 0.34281888604164124 mean_loss(200): 0.3300720453262329
2017-06-04 19:18:32,516 - DEBUG - Step 310: mean_loss(20): 0.31953495740890503 mean_loss(200): 0.32566726207733154
2017-06-04 19:18:37,193 - DEBUG - Step 320: mean_loss(20): 0.2929161489009857 mean_loss(200): 0.3185299038887024
2017-06-04 19:18:41,880 - DEBUG - Step 330: mean_loss(20): 0.2981782555580139 mean_loss(200): 0.31705930829048157
2017-06-04 19:18:46,555 - DEBUG - Step 340: mean_loss(20): 0.3109108805656433 mean_loss(200): 0.315426230430603
2017-06-04 19:18:51,251 - DEBUG - Step 350: mean_loss(20): 0.3092080056667328 mean_loss(200): 0.314378559589386
2017-06-04 19:18:55,949 - DEBUG - Step 360: mean_loss(20): 0.2891066372394562 mean_loss(200): 0.3141729235649109
2017-06-04 19:19:00,612 - DEBUG - Step 370: mean_loss(20): 0.26470595598220825 mean_loss(200): 0.31263619661331177
2017-06-04 19:19:05,328 - DEBUG - Step 380: mean_loss(20): 0.2806547284126282 mean_loss(200): 0.3112594783306122
2017-06-04 19:19:10,027 - DEBUG - Step 390: mean_loss(20): 0.2908381223678589 mean_loss(200): 0.3102476894855499
2017-06-04 19:19:14,719 - DEBUG - Step 400: mean_loss(20): 0.26842135190963745 mean_loss(200): 0.30704453587532043
2017-06-04 19:19:19,401 - DEBUG - Step 410: mean_loss(20): 0.2552559971809387 mean_loss(200): 0.3031263053417206
2017-06-04 19:19:24,089 - DEBUG - Step 420: mean_loss(20): 0.259925901889801 mean_loss(200): 0.30010539293289185
2017-06-04 19:19:28,786 - DEBUG - Step 430: mean_loss(20): 0.27245745062828064 mean_loss(200): 0.30056923627853394
2017-06-04 19:19:33,465 - DEBUG - Step 440: mean_loss(20): 0.2792333960533142 mean_loss(200): 0.2950521409511566
2017-06-04 19:19:38,173 - DEBUG - Step 450: mean_loss(20): 0.29008686542510986 mean_loss(200): 0.29274389147758484
2017-06-04 19:19:42,845 - DEBUG - Step 460: mean_loss(20): 0.28275784850120544 mean_loss(200): 0.29100272059440613
2017-06-04 19:19:47,521 - DEBUG - Step 470: mean_loss(20): 0.26867493987083435 mean_loss(200): 0.2903599143028259
2017-06-04 19:19:52,222 - DEBUG - Step 480: mean_loss(20): 0.27884694933891296 mean_loss(200): 0.28855928778648376
2017-06-04 19:19:56,883 - DEBUG - Step 490: mean_loss(20): 0.2592241168022156 mean_loss(200): 0.28281649947166443
2017-06-04 19:20:01,535 - DEBUG - Step 500: mean_loss(20): 0.2379731684923172 mean_loss(200): 0.2780746817588806
2017-06-04 19:20:06,190 - DEBUG - Step 510: mean_loss(20): 0.2559284567832947 mean_loss(200): 0.2764558494091034
2017-06-04 19:20:10,887 - DEBUG - Step 520: mean_loss(20): 0.2581353187561035 mean_loss(200): 0.274596631526947
2017-06-04 19:20:15,577 - DEBUG - Step 530: mean_loss(20): 0.26467084884643555 mean_loss(200): 0.27310508489608765
2017-06-04 19:20:20,920 - DEBUG - Step 540: mean_loss(20): 0.29217392206192017 mean_loss(200): 0.27272292971611023
2017-06-04 19:20:25,617 - DEBUG - Step 550: mean_loss(20): 0.2882343828678131 mean_loss(200): 0.2710077166557312
2017-06-04 19:20:30,315 - DEBUG - Step 560: mean_loss(20): 0.2803820073604584 mean_loss(200): 0.27185046672821045
2017-06-04 19:20:34,993 - DEBUG - Step 570: mean_loss(20): 0.269717276096344 mean_loss(200): 0.2715088129043579
2017-06-04 19:20:39,665 - DEBUG - Step 580: mean_loss(20): 0.2648259699344635 mean_loss(200): 0.2702675759792328
2017-06-04 19:20:44,311 - DEBUG - Step 590: mean_loss(20): 0.263632595539093 mean_loss(200): 0.26878830790519714
2017-06-04 19:20:49,025 - DEBUG - Step 600: mean_loss(20): 0.2657821774482727 mean_loss(200): 0.27000367641448975
2017-06-04 19:20:53,733 - DEBUG - Step 610: mean_loss(20): 0.2746252119541168 mean_loss(200): 0.27072522044181824
2017-06-04 19:20:58,434 - DEBUG - Step 620: mean_loss(20): 0.2774941921234131 mean_loss(200): 0.271760493516922
2017-06-04 19:21:03,121 - DEBUG - Step 630: mean_loss(20): 0.2714274525642395 mean_loss(200): 0.27062222361564636
2017-06-04 19:21:07,843 - DEBUG - Step 640: mean_loss(20): 0.2805251181125641 mean_loss(200): 0.27188965678215027
2017-06-04 19:21:12,552 - DEBUG - Step 650: mean_loss(20): 0.2879733145236969 mean_loss(200): 0.2704108655452728
2017-06-04 19:21:17,279 - DEBUG - Step 660: mean_loss(20): 0.2894417345523834 mean_loss(200): 0.2725580632686615
2017-06-04 19:21:22,012 - DEBUG - Step 670: mean_loss(20): 0.3013734519481659 mean_loss(200): 0.2736806869506836
