2017-06-04 13:12:12,260 - WARNING - Nodename: titan-lab3
2017-06-04 13:12:12,261 - WARNING - Parameters: BATCH_SIZE: 40, NN_IMAGE_SIZE: 256, BASE_CHANNELS: 16
2017-06-04 13:12:12,261 - WARNING - Augmentation: horizontal and vertical flips
2017-06-04 13:12:12,261 - WARNING - Checkpoint file: checkpoints/2017-06-04_11:12.ckpt
2017-06-04 13:12:17,878 - INFO - Start training
2017-06-04 13:12:22,447 - INFO - ====== START OF EPOCH 0 ======
2017-06-04 13:12:26,449 - DEBUG - Step 0: mean_loss(20): 1.7544021606445312 mean_loss(200): 1.7544021606445312
2017-06-04 13:12:38,595 - DEBUG - Step 10: mean_loss(20): 1.1511741876602173 mean_loss(200): 1.1511741876602173
2017-06-04 13:12:50,287 - DEBUG - Step 20: mean_loss(20): 0.8903473019599915 mean_loss(200): 0.9314927458763123
2017-06-04 13:13:00,297 - DEBUG - Step 30: mean_loss(20): 0.5835625529289246 mean_loss(200): 0.7849732637405396
2017-06-04 13:13:11,011 - DEBUG - Step 40: mean_loss(20): 0.448556125164032 mean_loss(200): 0.6959139108657837
2017-06-04 13:13:23,446 - DEBUG - Step 50: mean_loss(20): 0.4063705801963806 mean_loss(200): 0.6365015506744385
2017-06-04 13:13:35,859 - DEBUG - Step 60: mean_loss(20): 0.38786712288856506 mean_loss(200): 0.594914972782135
2017-06-04 13:13:48,287 - DEBUG - Step 70: mean_loss(20): 0.35914260149002075 mean_loss(200): 0.5583721995353699
2017-06-04 13:14:01,185 - DEBUG - Step 80: mean_loss(20): 0.33660802245140076 mean_loss(200): 0.5311354994773865
2017-06-04 13:14:13,549 - DEBUG - Step 90: mean_loss(20): 0.3283838629722595 mean_loss(200): 0.5078254342079163
2017-06-04 13:14:26,150 - DEBUG - Step 100: mean_loss(20): 0.3201588988304138 mean_loss(200): 0.48935794830322266
2017-06-04 13:14:38,986 - DEBUG - Step 110: mean_loss(20): 0.31483039259910583 mean_loss(200): 0.4730514883995056
2017-06-04 13:14:51,399 - DEBUG - Step 120: mean_loss(20): 0.3093665540218353 mean_loss(200): 0.4596072733402252
2017-06-04 13:15:04,056 - DEBUG - Step 130: mean_loss(20): 0.29451388120651245 mean_loss(200): 0.44579383730888367
2017-06-04 13:15:16,609 - DEBUG - Step 140: mean_loss(20): 0.28142407536506653 mean_loss(200): 0.43433305621147156
2017-06-04 13:15:29,115 - DEBUG - Step 150: mean_loss(20): 0.2834441363811493 mean_loss(200): 0.4242905378341675
2017-06-04 13:15:41,631 - DEBUG - Step 160: mean_loss(20): 0.289124071598053 mean_loss(200): 0.41629472374916077
2017-06-04 13:15:54,093 - DEBUG - Step 170: mean_loss(20): 0.28410887718200684 mean_loss(200): 0.4078950583934784
