2017-06-12 01:53:45,154 - WARNING - Nodename: titan-lab1
2017-06-12 01:53:45,154 - WARNING - Parameters: BATCH_SIZE: 8, NN_IMAGE_SIZE: 512, BASE_CHANNELS: 32
2017-06-12 01:53:45,154 - WARNING - Augmentation: horizontal and vertical flips
2017-06-12 01:53:45,154 - WARNING - Starting checkpoint file: checkpoints/2017-06-04_23:10.ckpt
2017-06-12 01:53:45,154 - WARNING - Checkpoint file: checkpoints/2017-06-11_23:53.ckpt
2017-06-12 01:53:48,470 - INFO - Start training
2017-06-12 01:53:52,683 - INFO - ====== START OF EPOCH 0 ======
2017-06-12 01:53:55,287 - DEBUG - Step 0: mean_loss(20): 0.25400421023368835 mean_loss(200): 0.25400421023368835
2017-06-12 01:54:00,904 - DEBUG - Step 10: mean_loss(20): 0.23120282590389252 mean_loss(200): 0.23120282590389252
2017-06-12 01:54:06,518 - DEBUG - Step 20: mean_loss(20): 0.24228152632713318 mean_loss(200): 0.2428397387266159
2017-06-12 01:54:12,190 - DEBUG - Step 30: mean_loss(20): 0.24251528084278107 mean_loss(200): 0.23850117623806
2017-06-12 01:54:17,883 - DEBUG - Step 40: mean_loss(20): 0.22771692276000977 mean_loss(200): 0.23546276986598969
2017-06-12 01:54:23,580 - DEBUG - Step 50: mean_loss(20): 0.24683216214179993 mean_loss(200): 0.2417682558298111
2017-06-12 01:54:29,279 - DEBUG - Step 60: mean_loss(20): 0.25143688917160034 mean_loss(200): 0.24070017039775848
2017-06-12 01:54:34,981 - DEBUG - Step 70: mean_loss(20): 0.23548690974712372 mean_loss(200): 0.23999883234500885
2017-06-12 01:54:40,679 - DEBUG - Step 80: mean_loss(20): 0.2343769073486328 mean_loss(200): 0.23913885653018951
2017-06-12 01:54:46,389 - DEBUG - Step 90: mean_loss(20): 0.21651606261730194 mean_loss(200): 0.23483777046203613
2017-06-12 01:54:52,111 - DEBUG - Step 100: mean_loss(20): 0.1974516659975052 mean_loss(200): 0.23088397085666656
2017-06-12 01:54:57,826 - DEBUG - Step 110: mean_loss(20): 0.21732564270496368 mean_loss(200): 0.2316824495792389
2017-06-12 01:55:03,542 - DEBUG - Step 120: mean_loss(20): 0.23959779739379883 mean_loss(200): 0.2323242723941803
2017-06-12 01:55:09,255 - DEBUG - Step 130: mean_loss(20): 0.24153585731983185 mean_loss(200): 0.2331867814064026
2017-06-12 01:55:14,995 - DEBUG - Step 140: mean_loss(20): 0.24579818546772003 mean_loss(200): 0.23423545062541962
2017-06-12 01:55:20,747 - DEBUG - Step 150: mean_loss(20): 0.24867644906044006 mean_loss(200): 0.23523838818073273
2017-06-12 01:55:26,482 - DEBUG - Step 160: mean_loss(20): 0.23943015933036804 mean_loss(200): 0.23488076031208038
2017-06-12 01:55:32,212 - DEBUG - Step 170: mean_loss(20): 0.2565550208091736 mean_loss(200): 0.23773156106472015
2017-06-12 01:55:37,945 - DEBUG - Step 180: mean_loss(20): 0.25579869747161865 mean_loss(200): 0.23719213902950287
2017-06-12 01:55:43,667 - DEBUG - Step 190: mean_loss(20): 0.23337849974632263 mean_loss(200): 0.23727573454380035
2017-06-12 01:55:49,423 - DEBUG - Step 200: mean_loss(20): 0.24703650176525116 mean_loss(200): 0.23809251189231873
2017-06-12 01:55:55,166 - DEBUG - Step 210: mean_loss(20): 0.24693775177001953 mean_loss(200): 0.2385759800672531
2017-06-12 01:56:00,907 - DEBUG - Step 220: mean_loss(20): 0.24191591143608093 mean_loss(200): 0.23805595934391022
2017-06-12 01:56:06,664 - DEBUG - Step 230: mean_loss(20): 0.23523135483264923 mean_loss(200): 0.23784758150577545
2017-06-12 01:56:12,414 - DEBUG - Step 240: mean_loss(20): 0.3605462312698364 mean_loss(200): 0.2513388693332672
2017-06-12 01:56:18,204 - DEBUG - Step 250: mean_loss(20): 0.4241209924221039 mean_loss(200): 0.2555764615535736
2017-06-12 01:56:23,976 - DEBUG - Step 260: mean_loss(20): 0.4436643719673157 mean_loss(200): 0.2705616354942322
2017-06-12 01:56:29,741 - DEBUG - Step 270: mean_loss(20): 0.46887820959091187 mean_loss(200): 0.2789155840873718
2017-06-12 01:56:35,494 - DEBUG - Step 280: mean_loss(20): 0.36384567618370056 mean_loss(200): 0.2835085391998291
2017-06-12 01:56:41,257 - DEBUG - Step 290: mean_loss(20): 0.3226314187049866 mean_loss(200): 0.28952711820602417
2017-06-12 01:56:47,018 - DEBUG - Step 300: mean_loss(20): 0.3849653899669647 mean_loss(200): 0.3022598922252655
2017-06-12 01:56:52,790 - DEBUG - Step 310: mean_loss(20): 0.45250406861305237 mean_loss(200): 0.3130449652671814
2017-06-12 01:56:58,561 - DEBUG - Step 320: mean_loss(20): 0.4328501224517822 mean_loss(200): 0.32158511877059937
2017-06-12 01:57:04,324 - DEBUG - Step 330: mean_loss(20): 0.37684422731399536 mean_loss(200): 0.3265758156776428
2017-06-12 01:57:10,093 - DEBUG - Step 340: mean_loss(20): 0.320199191570282 mean_loss(200): 0.3290252387523651
2017-06-12 01:57:15,864 - DEBUG - Step 350: mean_loss(20): 0.3173554539680481 mean_loss(200): 0.33344367146492004
2017-06-12 01:57:21,602 - DEBUG - Step 360: mean_loss(20): 0.3306843638420105 mean_loss(200): 0.33815062046051025
2017-06-12 01:57:27,358 - DEBUG - Step 370: mean_loss(20): 0.31848078966140747 mean_loss(200): 0.33963629603385925
2017-06-12 01:57:33,127 - DEBUG - Step 380: mean_loss(20): 0.33906880021095276 mean_loss(200): 0.3464776575565338
2017-06-12 01:57:38,906 - DEBUG - Step 390: mean_loss(20): 0.3314608931541443 mean_loss(200): 0.34944450855255127
2017-06-12 01:57:44,676 - DEBUG - Step 400: mean_loss(20): 0.3383563756942749 mean_loss(200): 0.355609655380249
2017-06-12 01:57:50,451 - DEBUG - Step 410: mean_loss(20): 0.3491879999637604 mean_loss(200): 0.35966956615448
2017-06-12 01:57:56,228 - DEBUG - Step 420: mean_loss(20): 0.43549472093582153 mean_loss(200): 0.3749675452709198
2017-06-12 01:58:01,998 - DEBUG - Step 430: mean_loss(20): 0.5738297700881958 mean_loss(200): 0.39352938532829285
2017-06-12 01:58:07,748 - DEBUG - Step 440: mean_loss(20): 0.5467032194137573 mean_loss(200): 0.393583208322525
2017-06-12 01:58:13,512 - DEBUG - Step 450: mean_loss(20): 0.49027958512306213 mean_loss(200): 0.4001452624797821
2017-06-12 01:58:19,274 - DEBUG - Step 460: mean_loss(20): 0.4399803578853607 mean_loss(200): 0.39321479201316833
2017-06-12 01:58:25,043 - DEBUG - Step 470: mean_loss(20): 0.3787360191345215 mean_loss(200): 0.3911310136318207
2017-06-12 01:58:30,840 - DEBUG - Step 480: mean_loss(20): 0.4336792826652527 mean_loss(200): 0.40019816160202026
2017-06-12 01:58:36,600 - DEBUG - Step 490: mean_loss(20): 0.48339492082595825 mean_loss(200): 0.40720734000205994
2017-06-12 01:58:42,342 - DEBUG - Step 500: mean_loss(20): 0.3978002071380615 mean_loss(200): 0.40148162841796875
2017-06-12 01:58:48,106 - DEBUG - Step 510: mean_loss(20): 0.34180253744125366 mean_loss(200): 0.3961372375488281
2017-06-12 01:58:53,865 - DEBUG - Step 520: mean_loss(20): 0.5216702222824097 mean_loss(200): 0.41036364436149597
2017-06-12 01:58:59,637 - DEBUG - Step 530: mean_loss(20): 0.8061856031417847 mean_loss(200): 0.439071387052536
2017-06-12 01:59:05,407 - DEBUG - Step 540: mean_loss(20): 1.2064071893692017 mean_loss(200): 0.4989844560623169
2017-06-12 01:59:11,169 - DEBUG - Step 550: mean_loss(20): 1.10158371925354 mean_loss(200): 0.5174942016601562
2017-06-12 01:59:16,938 - DEBUG - Step 560: mean_loss(20): 0.8064931035041809 mean_loss(200): 0.5465653538703918
2017-06-12 01:59:22,704 - DEBUG - Step 570: mean_loss(20): 0.6435369253158569 mean_loss(200): 0.5499998331069946
2017-06-12 01:59:28,470 - DEBUG - Step 580: mean_loss(20): 0.345491886138916 mean_loss(200): 0.5472076535224915
2017-06-12 01:59:34,251 - DEBUG - Step 590: mean_loss(20): 0.34730520844459534 mean_loss(200): 0.5515842437744141
2017-06-12 01:59:40,028 - DEBUG - Step 600: mean_loss(20): 0.4574832022190094 mean_loss(200): 0.5591202974319458
2017-06-12 01:59:45,800 - DEBUG - Step 610: mean_loss(20): 0.5388426780700684 mean_loss(200): 0.570549726486206
2017-06-12 01:59:51,561 - DEBUG - Step 620: mean_loss(20): 0.4625311493873596 mean_loss(200): 0.5618240237236023
2017-06-12 01:59:57,319 - DEBUG - Step 630: mean_loss(20): 0.35453706979751587 mean_loss(200): 0.5486204624176025
2017-06-12 02:00:03,099 - DEBUG - Step 640: mean_loss(20): 0.3181036114692688 mean_loss(200): 0.538964033126831
2017-06-12 02:00:08,870 - DEBUG - Step 650: mean_loss(20): 0.34793585538864136 mean_loss(200): 0.5343860387802124
2017-06-12 02:00:14,645 - DEBUG - Step 660: mean_loss(20): 0.6008933782577515 mean_loss(200): 0.5550553202629089
2017-06-12 02:00:20,403 - DEBUG - Step 670: mean_loss(20): 1.195235013961792 mean_loss(200): 0.6160359382629395
2017-06-12 02:00:26,182 - DEBUG - Step 680: mean_loss(20): 1.1614267826080322 mean_loss(200): 0.6278300285339355
2017-06-12 02:00:31,940 - DEBUG - Step 690: mean_loss(20): 1.107282042503357 mean_loss(200): 0.6784246563911438
2017-06-12 02:00:37,708 - DEBUG - Step 700: mean_loss(20): 1.2969774007797241 mean_loss(200): 0.7177478075027466
2017-06-12 02:00:43,477 - DEBUG - Step 710: mean_loss(20): 0.8443835377693176 mean_loss(200): 0.7286827564239502
2017-06-12 02:00:49,234 - DEBUG - Step 720: mean_loss(20): 0.5423715710639954 mean_loss(200): 0.7198178768157959
2017-06-12 02:00:55,007 - DEBUG - Step 730: mean_loss(20): 0.5332581400871277 mean_loss(200): 0.7013900279998779
2017-06-12 02:01:00,746 - DEBUG - Step 740: mean_loss(20): 0.45750752091407776 mean_loss(200): 0.644927978515625
2017-06-12 02:01:06,511 - DEBUG - Step 750: mean_loss(20): 0.4093746542930603 mean_loss(200): 0.6321691274642944
2017-06-12 02:01:12,274 - DEBUG - Step 760: mean_loss(20): 0.4528129994869232 mean_loss(200): 0.609559953212738
2017-06-12 02:01:18,037 - DEBUG - Step 770: mean_loss(20): 0.5931896567344666 mean_loss(200): 0.627134382724762
2017-06-12 02:01:23,802 - DEBUG - Step 780: mean_loss(20): 0.7010422348976135 mean_loss(200): 0.6451149582862854
2017-06-12 02:01:29,572 - DEBUG - Step 790: mean_loss(20): 0.70588618516922 mean_loss(200): 0.6629924774169922
2017-06-12 02:01:35,340 - DEBUG - Step 800: mean_loss(20): 0.6578827500343323 mean_loss(200): 0.6651549339294434
2017-06-12 02:01:41,107 - DEBUG - Step 810: mean_loss(20): 0.6150423288345337 mean_loss(200): 0.6706125140190125
2017-06-12 02:01:46,875 - DEBUG - Step 820: mean_loss(20): 0.6724165678024292 mean_loss(200): 0.6861435174942017
2017-06-12 02:01:52,644 - DEBUG - Step 830: mean_loss(20): 0.9864770770072937 mean_loss(200): 0.7338064312934875
2017-06-12 02:01:58,411 - DEBUG - Step 840: mean_loss(20): 0.8491529226303101 mean_loss(200): 0.7392483353614807
2017-06-12 02:02:04,167 - DEBUG - Step 850: mean_loss(20): 0.4035847783088684 mean_loss(200): 0.7393713593482971
2017-06-12 02:02:09,933 - DEBUG - Step 860: mean_loss(20): 0.38940882682800293 mean_loss(200): 0.7180999517440796
2017-06-12 02:02:15,697 - DEBUG - Step 870: mean_loss(20): 0.4275035858154297 mean_loss(200): 0.6625981330871582
2017-06-12 02:02:21,467 - DEBUG - Step 880: mean_loss(20): 0.4576701521873474 mean_loss(200): 0.6477243304252625
2017-06-12 02:02:27,238 - DEBUG - Step 890: mean_loss(20): 0.40444961190223694 mean_loss(200): 0.5923148989677429
2017-06-12 02:02:33,013 - DEBUG - Step 900: mean_loss(20): 0.3410511612892151 mean_loss(200): 0.552131712436676
2017-06-12 02:02:38,806 - DEBUG - Step 910: mean_loss(20): 0.4333178997039795 mean_loss(200): 0.5512083768844604
2017-06-12 02:02:44,584 - DEBUG - Step 920: mean_loss(20): 0.9871000051498413 mean_loss(200): 0.5966045260429382
2017-06-12 02:02:50,369 - DEBUG - Step 930: mean_loss(20): 1.6121721267700195 mean_loss(200): 0.6590997576713562
2017-06-12 02:02:56,134 - DEBUG - Step 940: mean_loss(20): 1.297232985496521 mean_loss(200): 0.6805770993232727
2017-06-12 02:03:01,900 - DEBUG - Step 950: mean_loss(20): 0.6225560903549194 mean_loss(200): 0.6804179549217224
2017-06-12 02:03:07,674 - DEBUG - Step 960: mean_loss(20): 0.5398350954055786 mean_loss(200): 0.6892792582511902
2017-06-12 02:03:13,448 - DEBUG - Step 970: mean_loss(20): 0.5032836198806763 mean_loss(200): 0.671427309513092
2017-06-12 02:03:19,229 - DEBUG - Step 980: mean_loss(20): 0.38345053791999817 mean_loss(200): 0.6575201153755188
2017-06-12 02:03:24,998 - DEBUG - Step 990: mean_loss(20): 0.40998512506484985 mean_loss(200): 0.6418371796607971
2017-06-12 02:03:30,780 - DEBUG - Step 1000: mean_loss(20): 0.6711610555648804 mean_loss(200): 0.658847987651825
2017-06-12 02:03:36,559 - DEBUG - Step 1010: mean_loss(20): 0.994610607624054 mean_loss(200): 0.6797940731048584
2017-06-12 02:03:42,342 - DEBUG - Step 1020: mean_loss(20): 1.5274804830551147 mean_loss(200): 0.744354248046875
2017-06-12 02:03:48,094 - DEBUG - Step 1030: mean_loss(20): 1.238161325454712 mean_loss(200): 0.7049624919891357
2017-06-12 02:03:53,864 - DEBUG - Step 1040: mean_loss(20): 0.7105919122695923 mean_loss(200): 0.730498194694519
2017-06-12 02:03:59,644 - DEBUG - Step 1050: mean_loss(20): 0.9659913778305054 mean_loss(200): 0.7612031698226929
2017-06-12 02:04:05,408 - DEBUG - Step 1060: mean_loss(20): 0.7393379807472229 mean_loss(200): 0.7654911279678345
2017-06-12 02:04:11,178 - DEBUG - Step 1070: mean_loss(20): 0.7421261072158813 mean_loss(200): 0.792665421962738
2017-06-12 02:04:16,933 - DEBUG - Step 1080: mean_loss(20): 0.7897734045982361 mean_loss(200): 0.7987014651298523
2017-06-12 02:04:22,688 - DEBUG - Step 1090: mean_loss(20): 0.48860931396484375 mean_loss(200): 0.8010814189910889
2017-06-12 02:04:28,454 - DEBUG - Step 1100: mean_loss(20): 0.3943621516227722 mean_loss(200): 0.8040325045585632
2017-06-12 02:04:34,227 - DEBUG - Step 1110: mean_loss(20): 0.3606041967868805 mean_loss(200): 0.7938100695610046
2017-06-12 02:04:39,997 - DEBUG - Step 1120: mean_loss(20): 0.4076683521270752 mean_loss(200): 0.7460893988609314
2017-06-12 02:04:45,776 - DEBUG - Step 1130: mean_loss(20): 0.7201193571090698 mean_loss(200): 0.7046047449111938
2017-06-12 02:04:51,551 - DEBUG - Step 1140: mean_loss(20): 1.29765784740448 mean_loss(200): 0.7461318969726562
2017-06-12 02:04:57,312 - DEBUG - Step 1150: mean_loss(20): 1.1133395433425903 mean_loss(200): 0.7536830306053162
2017-06-12 02:05:03,088 - DEBUG - Step 1160: mean_loss(20): 0.7302594184875488 mean_loss(200): 0.7651742696762085
2017-06-12 02:05:08,890 - DEBUG - Step 1170: mean_loss(20): 0.7049777507781982 mean_loss(200): 0.7738524675369263
2017-06-12 02:05:14,661 - DEBUG - Step 1180: mean_loss(20): 0.6398688554763794 mean_loss(200): 0.7908161282539368
2017-06-12 02:05:20,413 - DEBUG - Step 1190: mean_loss(20): 0.7357369661331177 mean_loss(200): 0.8064275979995728
2017-06-12 02:05:26,182 - DEBUG - Step 1200: mean_loss(20): 0.7974721193313599 mean_loss(200): 0.8034472465515137
2017-06-12 02:05:31,940 - DEBUG - Step 1210: mean_loss(20): 0.9201566576957703 mean_loss(200): 0.7989822626113892
2017-06-12 02:05:37,699 - DEBUG - Step 1220: mean_loss(20): 0.9978097677230835 mean_loss(200): 0.7504801750183105
2017-06-12 02:05:43,464 - DEBUG - Step 1230: mean_loss(20): 0.7261965274810791 mean_loss(200): 0.7477858066558838
2017-06-12 02:05:49,230 - DEBUG - Step 1240: mean_loss(20): 0.4597897529602051 mean_loss(200): 0.725399911403656
2017-06-12 02:05:54,991 - DEBUG - Step 1250: mean_loss(20): 0.5149713754653931 mean_loss(200): 0.7026838064193726
2017-06-12 02:06:00,749 - DEBUG - Step 1260: mean_loss(20): 0.532892107963562 mean_loss(200): 0.704755425453186
2017-06-12 02:06:01,319 - INFO - End of epoch, training set loss (whole epoch avg): 0.5519919991493225
2017-06-12 02:06:01,824 - DEBUG - Step 0: mean_loss(20): 0.3464694619178772 mean_loss(200): 0.3464694619178772
2017-06-12 02:06:05,732 - DEBUG - Step 10: mean_loss(20): 0.40810003876686096 mean_loss(200): 0.40810003876686096
2017-06-12 02:06:09,648 - DEBUG - Step 20: mean_loss(20): 0.44400233030319214 mean_loss(200): 0.4393579065799713
2017-06-12 02:06:13,633 - DEBUG - Step 30: mean_loss(20): 0.4512713849544525 mean_loss(200): 0.4359525144100189
2017-06-12 02:06:17,619 - DEBUG - Step 40: mean_loss(20): 0.4175463616847992 mean_loss(200): 0.4287181496620178
2017-06-12 02:06:21,627 - DEBUG - Step 50: mean_loss(20): 0.5119905471801758 mean_loss(200): 0.46577131748199463
2017-06-12 02:06:25,625 - DEBUG - Step 60: mean_loss(20): 0.5561383366584778 mean_loss(200): 0.4704952836036682
2017-06-12 02:06:27,226 - INFO - Validation set loss: 0.4660699963569641
2017-06-12 02:06:27,227 - INFO - ====== START OF EPOCH 1 ======
2017-06-12 02:06:27,808 - DEBUG - Step 0: mean_loss(20): 0.3247019648551941 mean_loss(200): 0.3247019648551941
2017-06-12 02:06:33,605 - DEBUG - Step 10: mean_loss(20): 0.3154027462005615 mean_loss(200): 0.3154027462005615
2017-06-12 02:06:39,317 - DEBUG - Step 20: mean_loss(20): 0.43849295377731323 mean_loss(200): 0.43307432532310486
