2017-06-04 14:13:42,010 - WARNING - Nodename: titan-lab2
2017-06-04 14:13:42,011 - WARNING - Parameters: BATCH_SIZE: 4, NN_IMAGE_SIZE: 512, BASE_CHANNELS: 64
2017-06-04 14:13:42,011 - WARNING - Augmentation: horizontal and vertical flips
2017-06-04 14:13:42,011 - WARNING - Checkpoint file: checkpoints/2017-06-04_12:13.ckpt
2017-06-04 14:13:44,369 - INFO - Start training
2017-06-04 14:13:48,033 - INFO - ====== START OF EPOCH 0 ======
2017-06-04 14:13:51,177 - DEBUG - Step 0: mean_loss(20): 9.125109672546387 mean_loss(200): 9.125109672546387
2017-06-04 14:13:56,269 - DEBUG - Step 10: mean_loss(20): 4.041835308074951 mean_loss(200): 4.041835308074951
2017-06-04 14:14:01,368 - DEBUG - Step 20: mean_loss(20): 2.53818941116333 mean_loss(200): 2.8518519401550293
2017-06-04 14:14:06,447 - DEBUG - Step 30: mean_loss(20): 1.4787869453430176 mean_loss(200): 2.3882555961608887
2017-06-04 14:14:11,546 - DEBUG - Step 40: mean_loss(20): 1.2692453861236572 mean_loss(200): 2.0798490047454834
2017-06-04 14:14:16,612 - DEBUG - Step 50: mean_loss(20): 1.0245089530944824 mean_loss(200): 1.8534530401229858
2017-06-04 14:14:21,677 - DEBUG - Step 60: mean_loss(20): 0.8321443796157837 mean_loss(200): 1.6707655191421509
2017-06-04 14:14:26,729 - DEBUG - Step 70: mean_loss(20): 0.7900264263153076 mean_loss(200): 1.5538965463638306
2017-06-04 14:14:31,795 - DEBUG - Step 80: mean_loss(20): 0.7200775146484375 mean_loss(200): 1.4360276460647583
2017-06-04 14:14:36,864 - DEBUG - Step 90: mean_loss(20): 0.6625988483428955 mean_loss(200): 1.3580067157745361
2017-06-04 14:14:41,966 - DEBUG - Step 100: mean_loss(20): 0.6654080152511597 mean_loss(200): 1.283429741859436
2017-06-04 14:14:47,062 - DEBUG - Step 110: mean_loss(20): 0.5642285346984863 mean_loss(200): 1.2149838209152222
2017-06-04 14:14:52,200 - DEBUG - Step 120: mean_loss(20): 0.5597617626190186 mean_loss(200): 1.1638150215148926
2017-06-04 14:14:57,311 - DEBUG - Step 130: mean_loss(20): 0.5703402757644653 mean_loss(200): 1.1165647506713867
2017-06-04 14:15:02,444 - DEBUG - Step 140: mean_loss(20): 0.5525395274162292 mean_loss(200): 1.077109456062317
2017-06-04 14:15:07,573 - DEBUG - Step 150: mean_loss(20): 0.5280624628067017 mean_loss(200): 1.038617491722107
2017-06-04 14:15:12,693 - DEBUG - Step 160: mean_loss(20): 0.5198324918746948 mean_loss(200): 1.0078824758529663
2017-06-04 14:15:17,840 - DEBUG - Step 170: mean_loss(20): 0.567579984664917 mean_loss(200): 0.9835253357887268
2017-06-04 14:15:22,984 - DEBUG - Step 180: mean_loss(20): 0.47436681389808655 mean_loss(200): 0.9489304423332214
2017-06-04 14:15:28,107 - DEBUG - Step 190: mean_loss(20): 0.38789403438568115 mean_loss(200): 0.921155571937561
2017-06-04 14:15:33,216 - DEBUG - Step 200: mean_loss(20): 0.4466646611690521 mean_loss(200): 0.8578229546546936
2017-06-04 14:15:38,339 - DEBUG - Step 210: mean_loss(20): 0.41203489899635315 mean_loss(200): 0.6986061334609985
2017-06-04 14:15:43,480 - DEBUG - Step 220: mean_loss(20): 0.45038023591041565 mean_loss(200): 0.6490420699119568
2017-06-04 14:15:48,546 - DEBUG - Step 230: mean_loss(20): 0.4824025630950928 mean_loss(200): 0.5989677309989929
2017-06-04 14:15:53,677 - DEBUG - Step 240: mean_loss(20): 0.4365571141242981 mean_loss(200): 0.5657732486724854
2017-06-04 14:15:58,819 - DEBUG - Step 250: mean_loss(20): 0.4705781042575836 mean_loss(200): 0.5435746312141418
2017-06-04 14:16:03,927 - DEBUG - Step 260: mean_loss(20): 0.45120030641555786 mean_loss(200): 0.5276788473129272
2017-06-04 14:16:09,081 - DEBUG - Step 270: mean_loss(20): 0.4172639846801758 mean_loss(200): 0.5062983632087708
2017-06-04 14:16:14,205 - DEBUG - Step 280: mean_loss(20): 0.4460248351097107 mean_loss(200): 0.5002735257148743
2017-06-04 14:16:19,324 - DEBUG - Step 290: mean_loss(20): 0.47142624855041504 mean_loss(200): 0.4871810972690582
2017-06-04 14:16:24,438 - DEBUG - Step 300: mean_loss(20): 0.44533777236938477 mean_loss(200): 0.47826653718948364
2017-06-04 14:16:29,568 - DEBUG - Step 310: mean_loss(20): 0.44880834221839905 mean_loss(200): 0.47563910484313965
2017-06-04 14:16:34,683 - DEBUG - Step 320: mean_loss(20): 0.4145200848579407 mean_loss(200): 0.46374237537384033
2017-06-04 14:16:39,828 - DEBUG - Step 330: mean_loss(20): 0.3868338167667389 mean_loss(200): 0.4572884440422058
2017-06-04 14:16:44,948 - DEBUG - Step 340: mean_loss(20): 0.39834561944007874 mean_loss(200): 0.44832298159599304
2017-06-04 14:16:50,034 - DEBUG - Step 350: mean_loss(20): 0.36036044359207153 mean_loss(200): 0.44051826000213623
2017-06-04 14:16:55,112 - DEBUG - Step 360: mean_loss(20): 0.3241334855556488 mean_loss(200): 0.428753137588501
2017-06-04 14:17:00,200 - DEBUG - Step 370: mean_loss(20): 0.32903799414634705 mean_loss(200): 0.4166640341281891
2017-06-04 14:17:05,347 - DEBUG - Step 380: mean_loss(20): 0.3582378029823303 mean_loss(200): 0.4171401858329773
2017-06-04 14:17:10,482 - DEBUG - Step 390: mean_loss(20): 0.34285926818847656 mean_loss(200): 0.41216057538986206
2017-06-04 14:17:15,554 - DEBUG - Step 400: mean_loss(20): 0.3419937789440155 mean_loss(200): 0.4066731333732605
2017-06-04 14:17:20,607 - DEBUG - Step 410: mean_loss(20): 0.3744986355304718 mean_loss(200): 0.40840697288513184
2017-06-04 14:17:25,695 - DEBUG - Step 420: mean_loss(20): 0.37025490403175354 mean_loss(200): 0.3986605703830719
2017-06-04 14:17:30,736 - DEBUG - Step 430: mean_loss(20): 0.3365950882434845 mean_loss(200): 0.3938262164592743
2017-06-04 14:17:35,786 - DEBUG - Step 440: mean_loss(20): 0.3322848677635193 mean_loss(200): 0.38823333382606506
2017-06-04 14:17:40,816 - DEBUG - Step 450: mean_loss(20): 0.36903905868530273 mean_loss(200): 0.3836722671985626
2017-06-04 14:17:45,908 - DEBUG - Step 460: mean_loss(20): 0.3334261476993561 mean_loss(200): 0.37645596265792847
2017-06-04 14:17:51,002 - DEBUG - Step 470: mean_loss(20): 0.29730328917503357 mean_loss(200): 0.3716762065887451
2017-06-04 14:17:56,113 - DEBUG - Step 480: mean_loss(20): 0.33154717087745667 mean_loss(200): 0.3650081753730774
2017-06-04 14:18:01,206 - DEBUG - Step 490: mean_loss(20): 0.3546549677848816 mean_loss(200): 0.3599990904331207
2017-06-04 14:18:06,284 - DEBUG - Step 500: mean_loss(20): 0.3509882390499115 mean_loss(200): 0.35557320713996887
2017-06-04 14:18:11,401 - DEBUG - Step 510: mean_loss(20): 0.3232114911079407 mean_loss(200): 0.34743940830230713
2017-06-04 14:18:16,529 - DEBUG - Step 520: mean_loss(20): 0.29644790291786194 mean_loss(200): 0.3437660336494446
2017-06-04 14:18:21,636 - DEBUG - Step 530: mean_loss(20): 0.2995516061782837 mean_loss(200): 0.3387112021446228
2017-06-04 14:18:26,790 - DEBUG - Step 540: mean_loss(20): 0.3010876476764679 mean_loss(200): 0.33404019474983215
2017-06-04 14:18:31,892 - DEBUG - Step 550: mean_loss(20): 0.3144335150718689 mean_loss(200): 0.33411848545074463
2017-06-04 14:18:37,051 - DEBUG - Step 560: mean_loss(20): 0.30901262164115906 mean_loss(200): 0.33252808451652527
2017-06-04 14:18:42,182 - DEBUG - Step 570: mean_loss(20): 0.2960144579410553 mean_loss(200): 0.3308161497116089
2017-06-04 14:18:47,272 - DEBUG - Step 580: mean_loss(20): 0.3272344768047333 mean_loss(200): 0.3294277489185333
2017-06-04 14:18:52,401 - DEBUG - Step 590: mean_loss(20): 0.3329908847808838 mean_loss(200): 0.32982924580574036
2017-06-04 14:18:57,506 - DEBUG - Step 600: mean_loss(20): 0.33734703063964844 mean_loss(200): 0.32896310091018677
2017-06-04 14:19:02,612 - DEBUG - Step 610: mean_loss(20): 0.3754747807979584 mean_loss(200): 0.32992690801620483
2017-06-04 14:19:07,725 - DEBUG - Step 620: mean_loss(20): 0.38253921270370483 mean_loss(200): 0.3301914930343628
2017-06-04 14:19:12,840 - DEBUG - Step 630: mean_loss(20): 0.3400063216686249 mean_loss(200): 0.3302680253982544
2017-06-04 14:19:17,951 - DEBUG - Step 640: mean_loss(20): 0.30290621519088745 mean_loss(200): 0.32725363969802856
2017-06-04 14:19:23,097 - DEBUG - Step 650: mean_loss(20): 0.2978207468986511 mean_loss(200): 0.3231462240219116
2017-06-04 14:19:28,213 - DEBUG - Step 660: mean_loss(20): 0.3078279495239258 mean_loss(200): 0.32469382882118225
2017-06-04 14:19:33,333 - DEBUG - Step 670: mean_loss(20): 0.3018527030944824 mean_loss(200): 0.3236011564731598
2017-06-04 14:19:38,453 - DEBUG - Step 680: mean_loss(20): 0.31292399764060974 mean_loss(200): 0.32283151149749756
2017-06-04 14:19:43,586 - DEBUG - Step 690: mean_loss(20): 0.29339995980262756 mean_loss(200): 0.31747564673423767
2017-06-04 14:19:48,725 - DEBUG - Step 700: mean_loss(20): 0.27666717767715454 mean_loss(200): 0.3153994083404541
2017-06-04 14:19:53,850 - DEBUG - Step 710: mean_loss(20): 0.2717352509498596 mean_loss(200): 0.3123280107975006
2017-06-04 14:19:58,971 - DEBUG - Step 720: mean_loss(20): 0.2601322531700134 mean_loss(200): 0.3117678761482239
2017-06-04 14:20:04,072 - DEBUG - Step 730: mean_loss(20): 0.28260180354118347 mean_loss(200): 0.3106330335140228
2017-06-04 14:20:09,180 - DEBUG - Step 740: mean_loss(20): 0.30320683121681213 mean_loss(200): 0.3119798004627228
2017-06-04 14:20:14,284 - DEBUG - Step 750: mean_loss(20): 0.31791359186172485 mean_loss(200): 0.31098103523254395
2017-06-04 14:20:19,434 - DEBUG - Step 760: mean_loss(20): 0.3395375609397888 mean_loss(200): 0.3150322735309601
2017-06-04 14:20:24,592 - DEBUG - Step 770: mean_loss(20): 0.3426164388656616 mean_loss(200): 0.31564125418663025
2017-06-04 14:20:29,698 - DEBUG - Step 780: mean_loss(20): 0.32111138105392456 mean_loss(200): 0.3144199848175049
2017-06-04 14:20:34,883 - DEBUG - Step 790: mean_loss(20): 0.2783746123313904 mean_loss(200): 0.31017962098121643
2017-06-04 14:20:39,953 - DEBUG - Step 800: mean_loss(20): 0.25424429774284363 mean_loss(200): 0.3061096966266632
2017-06-04 14:20:45,110 - DEBUG - Step 810: mean_loss(20): 0.27564364671707153 mean_loss(200): 0.30019649863243103
2017-06-04 14:20:50,238 - DEBUG - Step 820: mean_loss(20): 0.2710855305194855 mean_loss(200): 0.2949643135070801
2017-06-04 14:20:55,351 - DEBUG - Step 830: mean_loss(20): 0.26820671558380127 mean_loss(200): 0.29301655292510986
2017-06-04 14:21:00,583 - DEBUG - Step 840: mean_loss(20): 0.313481867313385 mean_loss(200): 0.2960219085216522
2017-06-04 14:21:05,698 - DEBUG - Step 850: mean_loss(20): 0.3085189461708069 mean_loss(200): 0.29408636689186096
2017-06-04 14:21:10,790 - DEBUG - Step 860: mean_loss(20): 0.24588195979595184 mean_loss(200): 0.28982728719711304
2017-06-04 14:21:15,904 - DEBUG - Step 870: mean_loss(20): 0.24984240531921387 mean_loss(200): 0.28888532519340515
2017-06-04 14:21:21,030 - DEBUG - Step 880: mean_loss(20): 0.27608805894851685 mean_loss(200): 0.2861436903476715
2017-06-04 14:21:26,146 - DEBUG - Step 890: mean_loss(20): 0.27446433901786804 mean_loss(200): 0.28699177503585815
2017-06-04 14:21:31,259 - DEBUG - Step 900: mean_loss(20): 0.2785326838493347 mean_loss(200): 0.2863302230834961
2017-06-04 14:21:36,381 - DEBUG - Step 910: mean_loss(20): 0.2772279679775238 mean_loss(200): 0.2875410318374634
2017-06-04 14:21:41,502 - DEBUG - Step 920: mean_loss(20): 0.29044491052627563 mean_loss(200): 0.28936150670051575
2017-06-04 14:21:46,622 - DEBUG - Step 930: mean_loss(20): 0.2857743799686432 mean_loss(200): 0.2878583073616028
2017-06-04 14:21:51,722 - DEBUG - Step 940: mean_loss(20): 0.27129775285720825 mean_loss(200): 0.2861706018447876
2017-06-04 14:21:56,840 - DEBUG - Step 950: mean_loss(20): 0.3038329482078552 mean_loss(200): 0.28645023703575134
2017-06-04 14:22:01,940 - DEBUG - Step 960: mean_loss(20): 0.27348893880844116 mean_loss(200): 0.2795657515525818
2017-06-04 14:22:07,084 - DEBUG - Step 970: mean_loss(20): 0.288590669631958 mean_loss(200): 0.28104767203330994
2017-06-04 14:22:12,203 - DEBUG - Step 980: mean_loss(20): 0.3362791836261749 mean_loss(200): 0.28108254075050354
2017-06-04 14:22:17,289 - DEBUG - Step 990: mean_loss(20): 0.2829555571079254 mean_loss(200): 0.2815057337284088
2017-06-04 14:22:22,424 - DEBUG - Step 1000: mean_loss(20): 0.2663986086845398 mean_loss(200): 0.28229793906211853
2017-06-04 14:22:27,541 - DEBUG - Step 1010: mean_loss(20): 0.28862911462783813 mean_loss(200): 0.28280431032180786
2017-06-04 14:22:32,672 - DEBUG - Step 1020: mean_loss(20): 0.2917260527610779 mean_loss(200): 0.2843620181083679
2017-06-04 14:22:37,831 - DEBUG - Step 1030: mean_loss(20): 0.3279745876789093 mean_loss(200): 0.288781076669693
2017-06-04 14:22:42,933 - DEBUG - Step 1040: mean_loss(20): 0.3438156545162201 mean_loss(200): 0.2873953878879547
2017-06-04 14:22:48,044 - DEBUG - Step 1050: mean_loss(20): 0.2982776463031769 mean_loss(200): 0.28775694966316223
2017-06-04 14:22:53,191 - DEBUG - Step 1060: mean_loss(20): 0.2753412425518036 mean_loss(200): 0.2903412878513336
2017-06-04 14:22:58,277 - DEBUG - Step 1070: mean_loss(20): 0.2814077138900757 mean_loss(200): 0.29091349244117737
2017-06-04 14:23:03,402 - DEBUG - Step 1080: mean_loss(20): 0.28649628162384033 mean_loss(200): 0.2913821339607239
2017-06-04 14:23:08,530 - DEBUG - Step 1090: mean_loss(20): 0.28118258714675903 mean_loss(200): 0.2915853261947632
2017-06-04 14:23:13,633 - DEBUG - Step 1100: mean_loss(20): 0.2539244592189789 mean_loss(200): 0.2889212965965271
2017-06-04 14:23:18,749 - DEBUG - Step 1110: mean_loss(20): 0.23935453593730927 mean_loss(200): 0.2877979874610901
2017-06-04 14:23:23,845 - DEBUG - Step 1120: mean_loss(20): 0.25208646059036255 mean_loss(200): 0.2850854694843292
2017-06-04 14:23:28,988 - DEBUG - Step 1130: mean_loss(20): 0.2633148729801178 mean_loss(200): 0.2855520248413086
2017-06-04 14:23:34,126 - DEBUG - Step 1140: mean_loss(20): 0.2682068943977356 mean_loss(200): 0.28477638959884644
2017-06-04 14:23:39,224 - DEBUG - Step 1150: mean_loss(20): 0.27309975028038025 mean_loss(200): 0.2824787199497223
2017-06-04 14:23:44,334 - DEBUG - Step 1160: mean_loss(20): 0.26637235283851624 mean_loss(200): 0.28406471014022827
2017-06-04 14:23:49,444 - DEBUG - Step 1170: mean_loss(20): 0.27604007720947266 mean_loss(200): 0.2812236547470093
2017-06-04 14:23:54,542 - DEBUG - Step 1180: mean_loss(20): 0.2748061716556549 mean_loss(200): 0.27791741490364075
2017-06-04 14:23:59,649 - DEBUG - Step 1190: mean_loss(20): 0.2924242317676544 mean_loss(200): 0.28217050433158875
2017-06-04 14:24:04,745 - DEBUG - Step 1200: mean_loss(20): 0.2944825291633606 mean_loss(200): 0.2807258069515228
2017-06-04 14:24:09,891 - DEBUG - Step 1210: mean_loss(20): 0.26051780581474304 mean_loss(200): 0.2793594002723694
2017-06-04 14:24:15,028 - DEBUG - Step 1220: mean_loss(20): 0.2653495967388153 mean_loss(200): 0.27808818221092224
2017-06-04 14:24:20,188 - DEBUG - Step 1230: mean_loss(20): 0.26586395502090454 mean_loss(200): 0.2731482982635498
2017-06-04 14:24:25,291 - DEBUG - Step 1240: mean_loss(20): 0.2604568898677826 mean_loss(200): 0.26975229382514954
2017-06-04 14:24:30,388 - DEBUG - Step 1250: mean_loss(20): 0.236261248588562 mean_loss(200): 0.2669466733932495
2017-06-04 14:24:35,514 - DEBUG - Step 1260: mean_loss(20): 0.23501542210578918 mean_loss(200): 0.2657197117805481
2017-06-04 14:24:40,635 - DEBUG - Step 1270: mean_loss(20): 0.23466399312019348 mean_loss(200): 0.26227229833602905
2017-06-04 14:24:45,710 - DEBUG - Step 1280: mean_loss(20): 0.2255394160747528 mean_loss(200): 0.25962403416633606
2017-06-04 14:24:50,829 - DEBUG - Step 1290: mean_loss(20): 0.23077619075775146 mean_loss(200): 0.2572316825389862
2017-06-04 14:24:55,929 - DEBUG - Step 1300: mean_loss(20): 0.206091970205307 mean_loss(200): 0.25484076142311096
2017-06-04 14:25:01,028 - DEBUG - Step 1310: mean_loss(20): 0.2071138173341751 mean_loss(200): 0.25400760769844055
2017-06-04 14:25:06,149 - DEBUG - Step 1320: mean_loss(20): 0.2919612526893616 mean_loss(200): 0.2588282525539398
2017-06-04 14:25:11,274 - DEBUG - Step 1330: mean_loss(20): 0.2895330488681793 mean_loss(200): 0.25662940740585327
2017-06-04 14:25:16,389 - DEBUG - Step 1340: mean_loss(20): 0.21115145087242126 mean_loss(200): 0.2531227171421051
2017-06-04 14:25:21,500 - DEBUG - Step 1350: mean_loss(20): 0.2574419677257538 mean_loss(200): 0.25506362318992615
2017-06-04 14:25:26,629 - DEBUG - Step 1360: mean_loss(20): 0.30967390537261963 mean_loss(200): 0.2574528455734253
2017-06-04 14:25:31,758 - DEBUG - Step 1370: mean_loss(20): 0.26217755675315857 mean_loss(200): 0.2536773681640625
2017-06-04 14:25:36,835 - DEBUG - Step 1380: mean_loss(20): 0.22989419102668762 mean_loss(200): 0.252961665391922
2017-06-04 14:25:42,007 - DEBUG - Step 1390: mean_loss(20): 0.22441089153289795 mean_loss(200): 0.24687603116035461
2017-06-04 14:25:47,152 - DEBUG - Step 1400: mean_loss(20): 0.2607349157333374 mean_loss(200): 0.24958691000938416
2017-06-04 14:25:52,304 - DEBUG - Step 1410: mean_loss(20): 0.2807926535606384 mean_loss(200): 0.2489035278558731
2017-06-04 14:25:57,431 - DEBUG - Step 1420: mean_loss(20): 0.24080245196819305 mean_loss(200): 0.24713218212127686
2017-06-04 14:26:02,541 - DEBUG - Step 1430: mean_loss(20): 0.24453993141651154 mean_loss(200): 0.24677112698554993
2017-06-04 14:26:07,637 - DEBUG - Step 1440: mean_loss(20): 0.27366918325424194 mean_loss(200): 0.24845340847969055
2017-06-04 14:26:12,726 - DEBUG - Step 1450: mean_loss(20): 0.25601860880851746 mean_loss(200): 0.2487468719482422
2017-06-04 14:26:17,835 - DEBUG - Step 1460: mean_loss(20): 0.24046680331230164 mean_loss(200): 0.24899856746196747
2017-06-04 14:26:22,979 - DEBUG - Step 1470: mean_loss(20): 0.23866017162799835 mean_loss(200): 0.2491464763879776
2017-06-04 14:26:28,064 - DEBUG - Step 1480: mean_loss(20): 0.2369409054517746 mean_loss(200): 0.25013870000839233
2017-06-04 14:26:33,202 - DEBUG - Step 1490: mean_loss(20): 0.2552453875541687 mean_loss(200): 0.2515934109687805
2017-06-04 14:26:38,324 - DEBUG - Step 1500: mean_loss(20): 0.23728720843791962 mean_loss(200): 0.25325819849967957
2017-06-04 14:26:43,443 - DEBUG - Step 1510: mean_loss(20): 0.2221149206161499 mean_loss(200): 0.25309351086616516
2017-06-04 14:26:48,569 - DEBUG - Step 1520: mean_loss(20): 0.2206357717514038 mean_loss(200): 0.2461256980895996
2017-06-04 14:26:53,667 - DEBUG - Step 1530: mean_loss(20): 0.23444613814353943 mean_loss(200): 0.24758481979370117
2017-06-04 14:26:58,768 - DEBUG - Step 1540: mean_loss(20): 0.2639031410217285 mean_loss(200): 0.2514008581638336
2017-06-04 14:27:03,900 - DEBUG - Step 1550: mean_loss(20): 0.26644378900527954 mean_loss(200): 0.2484849989414215
2017-06-04 14:27:09,008 - DEBUG - Step 1560: mean_loss(20): 0.24233746528625488 mean_loss(200): 0.2446672022342682
2017-06-04 14:27:14,119 - DEBUG - Step 1570: mean_loss(20): 0.27203068137168884 mean_loss(200): 0.2494703233242035
2017-06-04 14:27:19,239 - DEBUG - Step 1580: mean_loss(20): 0.2802557349205017 mean_loss(200): 0.24970334768295288
2017-06-04 14:27:24,342 - DEBUG - Step 1590: mean_loss(20): 0.24029655754566193 mean_loss(200): 0.2510588765144348
2017-06-04 14:27:29,456 - DEBUG - Step 1600: mean_loss(20): 0.23209981620311737 mean_loss(200): 0.24683986604213715
2017-06-04 14:27:34,565 - DEBUG - Step 1610: mean_loss(20): 0.23324882984161377 mean_loss(200): 0.2463044673204422
2017-06-04 14:27:39,688 - DEBUG - Step 1620: mean_loss(20): 0.2789650559425354 mean_loss(200): 0.2506561279296875
2017-06-04 14:27:44,797 - DEBUG - Step 1630: mean_loss(20): 0.2999204099178314 mean_loss(200): 0.25184252858161926
2017-06-04 14:27:49,926 - DEBUG - Step 1640: mean_loss(20): 0.28933030366897583 mean_loss(200): 0.2522222101688385
2017-06-04 14:27:55,066 - DEBUG - Step 1650: mean_loss(20): 0.3131415545940399 mean_loss(200): 0.257554829120636
2017-06-04 14:28:00,181 - DEBUG - Step 1660: mean_loss(20): 0.2991502285003662 mean_loss(200): 0.2580905556678772
2017-06-04 14:28:05,267 - DEBUG - Step 1670: mean_loss(20): 0.2500655949115753 mean_loss(200): 0.2586953639984131
2017-06-04 14:28:10,417 - DEBUG - Step 1680: mean_loss(20): 0.22922782599925995 mean_loss(200): 0.25731927156448364
2017-06-04 14:28:15,512 - DEBUG - Step 1690: mean_loss(20): 0.23703113198280334 mean_loss(200): 0.2568739652633667
2017-06-04 14:28:20,620 - DEBUG - Step 1700: mean_loss(20): 0.25795072317123413 mean_loss(200): 0.2593856155872345
2017-06-04 14:28:25,693 - DEBUG - Step 1710: mean_loss(20): 0.23846444487571716 mean_loss(200): 0.25850892066955566
2017-06-04 14:28:30,805 - DEBUG - Step 1720: mean_loss(20): 0.21009328961372375 mean_loss(200): 0.2583313286304474
2017-06-04 14:28:35,926 - DEBUG - Step 1730: mean_loss(20): 0.23567906022071838 mean_loss(200): 0.25863221287727356
2017-06-04 14:28:41,052 - DEBUG - Step 1740: mean_loss(20): 0.22369413077831268 mean_loss(200): 0.2543104588985443
2017-06-04 14:28:46,163 - DEBUG - Step 1750: mean_loss(20): 0.20137953758239746 mean_loss(200): 0.2521257698535919
2017-06-04 14:28:51,303 - DEBUG - Step 1760: mean_loss(20): 0.23073998093605042 mean_loss(200): 0.25315070152282715
2017-06-04 14:28:56,411 - DEBUG - Step 1770: mean_loss(20): 0.2593543231487274 mean_loss(200): 0.2508581280708313
2017-06-04 14:29:01,521 - DEBUG - Step 1780: mean_loss(20): 0.2498585432767868 mean_loss(200): 0.2501109838485718
2017-06-04 14:29:06,638 - DEBUG - Step 1790: mean_loss(20): 0.22744238376617432 mean_loss(200): 0.24957270920276642
2017-06-04 14:29:11,778 - DEBUG - Step 1800: mean_loss(20): 0.22069180011749268 mean_loss(200): 0.2489701807498932
2017-06-04 14:29:16,920 - DEBUG - Step 1810: mean_loss(20): 0.22180037200450897 mean_loss(200): 0.2484278827905655
2017-06-04 14:29:22,031 - DEBUG - Step 1820: mean_loss(20): 0.24691741168498993 mean_loss(200): 0.24576541781425476
2017-06-04 14:29:27,128 - DEBUG - Step 1830: mean_loss(20): 0.24624410271644592 mean_loss(200): 0.24306024610996246
2017-06-04 14:29:32,264 - DEBUG - Step 1840: mean_loss(20): 0.25663331151008606 mean_loss(200): 0.24249571561813354
2017-06-04 14:29:37,387 - DEBUG - Step 1850: mean_loss(20): 0.2779664695262909 mean_loss(200): 0.23954273760318756
2017-06-04 14:29:42,523 - DEBUG - Step 1860: mean_loss(20): 0.279205858707428 mean_loss(200): 0.2405012845993042
2017-06-04 14:29:47,641 - DEBUG - Step 1870: mean_loss(20): 0.23196443915367126 mean_loss(200): 0.23773261904716492
2017-06-04 14:29:52,746 - DEBUG - Step 1880: mean_loss(20): 0.18919017910957336 mean_loss(200): 0.23649752140045166
2017-06-04 14:29:57,871 - DEBUG - Step 1890: mean_loss(20): 0.22048798203468323 mean_loss(200): 0.23607830703258514
2017-06-04 14:30:02,975 - DEBUG - Step 1900: mean_loss(20): 0.2514508366584778 mean_loss(200): 0.23584751784801483
2017-06-04 14:30:08,104 - DEBUG - Step 1910: mean_loss(20): 0.24516978859901428 mean_loss(200): 0.2367488443851471
2017-06-04 14:30:13,245 - DEBUG - Step 1920: mean_loss(20): 0.21299996972084045 mean_loss(200): 0.23613819479942322
2017-06-04 14:30:18,382 - DEBUG - Step 1930: mean_loss(20): 0.19689960777759552 mean_loss(200): 0.2328709065914154
2017-06-04 14:30:23,498 - DEBUG - Step 1940: mean_loss(20): 0.21290668845176697 mean_loss(200): 0.2350594401359558
2017-06-04 14:30:28,643 - DEBUG - Step 1950: mean_loss(20): 0.23953838646411896 mean_loss(200): 0.23668678104877472
2017-06-04 14:30:33,786 - DEBUG - Step 1960: mean_loss(20): 0.246000736951828 mean_loss(200): 0.23658552765846252
2017-06-04 14:30:38,884 - DEBUG - Step 1970: mean_loss(20): 0.2251867800951004 mean_loss(200): 0.23327003419399261
2017-06-04 14:30:44,038 - DEBUG - Step 1980: mean_loss(20): 0.21832475066184998 mean_loss(200): 0.23343215882778168
2017-06-04 14:30:49,133 - DEBUG - Step 1990: mean_loss(20): 0.2619140148162842 mean_loss(200): 0.23671717941761017
2017-06-04 14:30:54,256 - DEBUG - Step 2000: mean_loss(20): 0.26320502161979675 mean_loss(200): 0.2376834750175476
2017-06-04 14:30:59,388 - DEBUG - Step 2010: mean_loss(20): 0.24568679928779602 mean_loss(200): 0.23910583555698395
2017-06-04 14:31:04,550 - DEBUG - Step 2020: mean_loss(20): 0.24101528525352478 mean_loss(200): 0.2370932549238205
2017-06-04 14:31:09,683 - DEBUG - Step 2030: mean_loss(20): 0.2051260769367218 mean_loss(200): 0.2349940538406372
2017-06-04 14:31:14,762 - DEBUG - Step 2040: mean_loss(20): 0.23289470374584198 mean_loss(200): 0.2347193956375122
2017-06-04 14:31:19,885 - DEBUG - Step 2050: mean_loss(20): 0.2675584852695465 mean_loss(200): 0.23395322263240814
2017-06-04 14:31:24,992 - DEBUG - Step 2060: mean_loss(20): 0.2260170727968216 mean_loss(200): 0.22940051555633545
2017-06-04 14:31:30,112 - DEBUG - Step 2070: mean_loss(20): 0.23557884991168976 mean_loss(200): 0.2343146651983261
2017-06-04 14:31:35,275 - DEBUG - Step 2080: mean_loss(20): 0.2848513424396515 mean_loss(200): 0.23896664381027222
2017-06-04 14:31:40,328 - DEBUG - Step 2090: mean_loss(20): 0.2557399868965149 mean_loss(200): 0.23783989250659943
2017-06-04 14:31:45,469 - DEBUG - Step 2100: mean_loss(20): 0.24534185230731964 mean_loss(200): 0.23835575580596924
2017-06-04 14:31:50,561 - DEBUG - Step 2110: mean_loss(20): 0.2451963722705841 mean_loss(200): 0.23784254491329193
2017-06-04 14:31:55,687 - DEBUG - Step 2120: mean_loss(20): 0.2049880027770996 mean_loss(200): 0.23755455017089844
2017-06-04 14:32:00,792 - DEBUG - Step 2130: mean_loss(20): 0.20747585594654083 mean_loss(200): 0.23890013992786407
2017-06-04 14:32:05,933 - DEBUG - Step 2140: mean_loss(20): 0.24176505208015442 mean_loss(200): 0.24044036865234375
2017-06-04 14:32:11,061 - DEBUG - Step 2150: mean_loss(20): 0.23927703499794006 mean_loss(200): 0.23887401819229126
2017-06-04 14:32:16,180 - DEBUG - Step 2160: mean_loss(20): 0.24097183346748352 mean_loss(200): 0.23993748426437378
2017-06-04 14:32:21,322 - DEBUG - Step 2170: mean_loss(20): 0.23162150382995605 mean_loss(200): 0.23951749503612518
2017-06-04 14:32:26,429 - DEBUG - Step 2180: mean_loss(20): 0.20594096183776855 mean_loss(200): 0.23869910836219788
2017-06-04 14:32:31,543 - DEBUG - Step 2190: mean_loss(20): 0.24538461863994598 mean_loss(200): 0.23786456882953644
2017-06-04 14:32:36,665 - DEBUG - Step 2200: mean_loss(20): 0.2749652564525604 mean_loss(200): 0.23987513780593872
2017-06-04 14:32:41,777 - DEBUG - Step 2210: mean_loss(20): 0.25680404901504517 mean_loss(200): 0.23897628486156464
2017-06-04 14:32:46,893 - DEBUG - Step 2220: mean_loss(20): 0.24390935897827148 mean_loss(200): 0.24016454815864563
2017-06-04 14:32:52,010 - DEBUG - Step 2230: mean_loss(20): 0.2299860268831253 mean_loss(200): 0.24146229028701782
2017-06-04 14:32:57,119 - DEBUG - Step 2240: mean_loss(20): 0.22463147342205048 mean_loss(200): 0.239338219165802
2017-06-04 14:33:02,236 - DEBUG - Step 2250: mean_loss(20): 0.224918931722641 mean_loss(200): 0.2371983379125595
2017-06-04 14:33:07,341 - DEBUG - Step 2260: mean_loss(20): 0.19848763942718506 mean_loss(200): 0.23658527433872223
2017-06-04 14:33:12,459 - DEBUG - Step 2270: mean_loss(20): 0.20215526223182678 mean_loss(200): 0.2338559776544571
2017-06-04 14:33:17,585 - DEBUG - Step 2280: mean_loss(20): 0.2135210931301117 mean_loss(200): 0.2294522523880005
2017-06-04 14:33:22,687 - DEBUG - Step 2290: mean_loss(20): 0.2103653848171234 mean_loss(200): 0.2293184995651245
2017-06-04 14:33:27,800 - DEBUG - Step 2300: mean_loss(20): 0.23363593220710754 mean_loss(200): 0.2282816767692566
2017-06-04 14:33:32,929 - DEBUG - Step 2310: mean_loss(20): 0.22946473956108093 mean_loss(200): 0.22774532437324524
2017-06-04 14:33:38,042 - DEBUG - Step 2320: mean_loss(20): 0.22394433617591858 mean_loss(200): 0.23017728328704834
2017-06-04 14:33:43,171 - DEBUG - Step 2330: mean_loss(20): 0.2336919605731964 mean_loss(200): 0.23036693036556244
2017-06-04 14:33:48,311 - DEBUG - Step 2340: mean_loss(20): 0.22309675812721252 mean_loss(200): 0.2283104509115219
2017-06-04 14:33:53,395 - DEBUG - Step 2350: mean_loss(20): 0.21816043555736542 mean_loss(200): 0.2282552868127823
2017-06-04 14:33:58,523 - DEBUG - Step 2360: mean_loss(20): 0.21971125900745392 mean_loss(200): 0.22618438303470612
2017-06-04 14:34:03,640 - DEBUG - Step 2370: mean_loss(20): 0.2189311683177948 mean_loss(200): 0.22698625922203064
2017-06-04 14:34:08,747 - DEBUG - Step 2380: mean_loss(20): 0.22931966185569763 mean_loss(200): 0.22852228581905365
2017-06-04 14:34:13,877 - DEBUG - Step 2390: mean_loss(20): 0.25131115317344666 mean_loss(200): 0.22757892310619354
2017-06-04 14:34:18,983 - DEBUG - Step 2400: mean_loss(20): 0.23597665131092072 mean_loss(200): 0.2246234118938446
2017-06-04 14:34:24,090 - DEBUG - Step 2410: mean_loss(20): 0.19680704176425934 mean_loss(200): 0.2215791940689087
2017-06-04 14:34:29,173 - DEBUG - Step 2420: mean_loss(20): 0.1703898310661316 mean_loss(200): 0.21727146208286285
2017-06-04 14:34:34,292 - DEBUG - Step 2430: mean_loss(20): 0.18357419967651367 mean_loss(200): 0.21693801879882812
2017-06-04 14:34:39,389 - DEBUG - Step 2440: mean_loss(20): 0.21539025008678436 mean_loss(200): 0.2163473516702652
2017-06-04 14:34:44,470 - DEBUG - Step 2450: mean_loss(20): 0.22577273845672607 mean_loss(200): 0.21702341735363007
2017-06-04 14:34:49,593 - DEBUG - Step 2460: mean_loss(20): 0.23060989379882812 mean_loss(200): 0.21955955028533936
2017-06-04 14:34:54,704 - DEBUG - Step 2470: mean_loss(20): 0.2505592703819275 mean_loss(200): 0.22186382114887238
2017-06-04 14:34:59,833 - DEBUG - Step 2480: mean_loss(20): 0.2422444373369217 mean_loss(200): 0.22243191301822662
2017-06-04 14:35:04,952 - DEBUG - Step 2490: mean_loss(20): 0.23928555846214294 mean_loss(200): 0.22475582361221313
2017-06-04 14:35:10,083 - DEBUG - Step 2500: mean_loss(20): 0.25249582529067993 mean_loss(200): 0.22431789338588715
2017-06-04 14:35:15,214 - DEBUG - Step 2510: mean_loss(20): 0.21010494232177734 mean_loss(200): 0.22281984984874725
2017-06-04 14:35:18,313 - INFO - End of epoch, training set loss (whole epoch avg): 0.32448169589042664
2017-06-04 14:35:18,781 - DEBUG - Step 0: mean_loss(20): 0.2081635594367981 mean_loss(200): 0.2081635594367981
2017-06-04 14:35:19,179 - DEBUG - Step 10: mean_loss(20): 0.25745823979377747 mean_loss(200): 0.25745823979377747
2017-06-04 14:35:19,577 - DEBUG - Step 20: mean_loss(20): 0.25499528646469116 mean_loss(200): 0.2527651786804199
2017-06-04 14:35:19,977 - DEBUG - Step 30: mean_loss(20): 0.2654441297054291 mean_loss(200): 0.26261043548583984
2017-06-04 14:35:20,379 - DEBUG - Step 40: mean_loss(20): 0.25476330518722534 mean_loss(200): 0.2537398636341095
2017-06-04 14:35:20,785 - DEBUG - Step 50: mean_loss(20): 0.27654513716697693 mean_loss(200): 0.26807501912117004
2017-06-04 14:35:21,183 - DEBUG - Step 60: mean_loss(20): 0.2911972999572754 mean_loss(200): 0.2660209834575653
2017-06-04 14:35:21,586 - DEBUG - Step 70: mean_loss(20): 0.2831156551837921 mean_loss(200): 0.272311806678772
2017-06-04 14:35:21,985 - DEBUG - Step 80: mean_loss(20): 0.28814032673835754 mean_loss(200): 0.27148252725601196
2017-06-04 14:35:22,388 - DEBUG - Step 90: mean_loss(20): 0.24204738438129425 mean_loss(200): 0.26566028594970703
2017-06-04 14:35:22,785 - DEBUG - Step 100: mean_loss(20): 0.25117844343185425 mean_loss(200): 0.26746195554733276
2017-06-04 14:35:23,184 - DEBUG - Step 110: mean_loss(20): 0.24738021194934845 mean_loss(200): 0.2623665928840637
2017-06-04 14:35:23,593 - DEBUG - Step 120: mean_loss(20): 0.22127290070056915 mean_loss(200): 0.2598273754119873
2017-06-04 14:35:23,994 - DEBUG - Step 130: mean_loss(20): 0.30729299783706665 mean_loss(200): 0.2692255973815918
2017-06-04 14:35:24,402 - DEBUG - Step 140: mean_loss(20): 0.4187180995941162 mean_loss(200): 0.282365083694458
2017-06-04 14:35:24,813 - DEBUG - Step 150: mean_loss(20): 0.34686997532844543 mean_loss(200): 0.279509574174881
2017-06-04 14:35:25,226 - DEBUG - Step 160: mean_loss(20): 0.27344995737075806 mean_loss(200): 0.28125759959220886
2017-06-04 14:35:25,632 - DEBUG - Step 170: mean_loss(20): 0.3107737600803375 mean_loss(200): 0.28316622972488403
2017-06-04 14:35:26,042 - DEBUG - Step 180: mean_loss(20): 0.27154630422592163 mean_loss(200): 0.2801845371723175
2017-06-04 14:35:26,454 - DEBUG - Step 190: mean_loss(20): 0.22798267006874084 mean_loss(200): 0.2773878574371338
2017-06-04 14:35:26,862 - DEBUG - Step 200: mean_loss(20): 0.2587047815322876 mean_loss(200): 0.2783966660499573
2017-06-04 14:35:27,270 - DEBUG - Step 210: mean_loss(20): 0.2830880284309387 mean_loss(200): 0.2790539860725403
2017-06-04 14:35:27,681 - DEBUG - Step 220: mean_loss(20): 0.36960718035697937 mean_loss(200): 0.2898578643798828
2017-06-04 14:35:28,088 - DEBUG - Step 230: mean_loss(20): 0.3569455146789551 mean_loss(200): 0.288204163312912
2017-06-04 14:35:28,496 - DEBUG - Step 240: mean_loss(20): 0.3004606068134308 mean_loss(200): 0.2944275736808777
2017-06-04 14:35:28,904 - DEBUG - Step 250: mean_loss(20): 0.3249668478965759 mean_loss(200): 0.2930462956428528
2017-06-04 14:35:29,317 - DEBUG - Step 260: mean_loss(20): 0.3608950674533844 mean_loss(200): 0.3013973534107208
2017-06-04 14:35:29,720 - DEBUG - Step 270: mean_loss(20): 0.3798954486846924 mean_loss(200): 0.30272427201271057
2017-06-04 14:35:30,132 - DEBUG - Step 280: mean_loss(20): 0.36223024129867554 mean_loss(200): 0.3088063597679138
2017-06-04 14:35:30,538 - DEBUG - Step 290: mean_loss(20): 0.3616771697998047 mean_loss(200): 0.3146872818470001
2017-06-04 14:35:30,946 - DEBUG - Step 300: mean_loss(20): 0.33804643154144287 mean_loss(200): 0.31749317049980164
2017-06-04 14:35:31,357 - DEBUG - Step 310: mean_loss(20): 0.3523138165473938 mean_loss(200): 0.32518061995506287
2017-06-04 14:35:31,767 - DEBUG - Step 320: mean_loss(20): 0.309815913438797 mean_loss(200): 0.3263474702835083
2017-06-04 14:35:32,172 - DEBUG - Step 330: mean_loss(20): 0.33278340101242065 mean_loss(200): 0.3277296721935272
2017-06-04 14:35:32,584 - DEBUG - Step 340: mean_loss(20): 0.32992976903915405 mean_loss(200): 0.31746864318847656
2017-06-04 14:35:32,992 - DEBUG - Step 350: mean_loss(20): 0.25149112939834595 mean_loss(200): 0.318191796541214
2017-06-04 14:35:33,389 - DEBUG - Step 360: mean_loss(20): 0.2631034255027771 mean_loss(200): 0.31643399596214294
2017-06-04 14:35:33,797 - DEBUG - Step 370: mean_loss(20): 0.2536278963088989 mean_loss(200): 0.3124772012233734
2017-06-04 14:35:34,197 - DEBUG - Step 380: mean_loss(20): 0.26447921991348267 mean_loss(200): 0.31572726368904114
2017-06-04 14:35:34,608 - DEBUG - Step 390: mean_loss(20): 0.3041590452194214 mean_loss(200): 0.3200948238372803
2017-06-04 14:35:35,016 - DEBUG - Step 400: mean_loss(20): 0.2831687033176422 mean_loss(200): 0.3181736469268799
2017-06-04 14:35:35,425 - DEBUG - Step 410: mean_loss(20): 0.25239428877830505 mean_loss(200): 0.31702548265457153
2017-06-04 14:35:35,832 - DEBUG - Step 420: mean_loss(20): 0.26280614733695984 mean_loss(200): 0.30749356746673584
2017-06-04 14:35:36,243 - DEBUG - Step 430: mean_loss(20): 0.23981836438179016 mean_loss(200): 0.30531275272369385
2017-06-04 14:35:36,654 - DEBUG - Step 440: mean_loss(20): 0.23272919654846191 mean_loss(200): 0.3007204234600067
2017-06-04 14:35:37,058 - DEBUG - Step 450: mean_loss(20): 0.24148066341876984 mean_loss(200): 0.2969641387462616
2017-06-04 14:35:37,456 - DEBUG - Step 460: mean_loss(20): 0.24198965728282928 mean_loss(200): 0.28882989287376404
2017-06-04 14:35:37,867 - DEBUG - Step 470: mean_loss(20): 0.36739152669906616 mean_loss(200): 0.29571372270584106
2017-06-04 14:35:38,268 - DEBUG - Step 480: mean_loss(20): 0.33130520582199097 mean_loss(200): 0.28573736548423767
2017-06-04 14:35:38,670 - DEBUG - Step 490: mean_loss(20): 0.20405049622058868 mean_loss(200): 0.2799510359764099
2017-06-04 14:35:39,078 - DEBUG - Step 500: mean_loss(20): 0.23993746936321259 mean_loss(200): 0.27592647075653076
2017-06-04 14:35:39,484 - DEBUG - Step 510: mean_loss(20): 0.246311217546463 mean_loss(200): 0.2693507969379425
2017-06-04 14:35:39,891 - DEBUG - Step 520: mean_loss(20): 0.2597309350967407 mean_loss(200): 0.27091798186302185
2017-06-04 14:35:40,299 - DEBUG - Step 530: mean_loss(20): 0.2753361463546753 mean_loss(200): 0.26360607147216797
2017-06-04 14:35:40,300 - INFO - Validation set loss: 0.28914445638656616
2017-06-04 14:35:40,300 - INFO - ====== START OF EPOCH 1 ======
2017-06-04 14:35:40,818 - DEBUG - Step 0: mean_loss(20): 0.09453151375055313 mean_loss(200): 0.09453151375055313
2017-06-04 14:35:45,924 - DEBUG - Step 10: mean_loss(20): 0.19955550134181976 mean_loss(200): 0.19955550134181976
2017-06-04 14:35:51,031 - DEBUG - Step 20: mean_loss(20): 0.2093626707792282 mean_loss(200): 0.20389452576637268
2017-06-04 14:35:56,151 - DEBUG - Step 30: mean_loss(20): 0.21123471856117249 mean_loss(200): 0.20709049701690674
