2017-06-12 00:09:18,131 - WARNING - Nodename: titan-lab1
2017-06-12 00:09:18,131 - WARNING - Parameters: BATCH_SIZE: 8, NN_IMAGE_SIZE: 512, BASE_CHANNELS: 32
2017-06-12 00:09:18,131 - WARNING - Augmentation: horizontal and vertical flips
2017-06-12 00:09:18,131 - WARNING - Checkpoint file: checkpoints/2017-06-11_22:09.ckpt
2017-06-12 00:09:21,355 - INFO - Start training
2017-06-12 00:09:25,088 - INFO - ====== START OF EPOCH 0 ======
2017-06-12 00:09:27,714 - DEBUG - Step 0: mean_loss(20): 4.323863983154297 mean_loss(200): 4.323863983154297
2017-06-12 00:09:33,324 - DEBUG - Step 10: mean_loss(20): 2.7214112281799316 mean_loss(200): 2.7214112281799316
2017-06-12 00:09:38,938 - DEBUG - Step 20: mean_loss(20): 2.208980083465576 mean_loss(200): 2.3096890449523926
2017-06-12 00:09:44,566 - DEBUG - Step 30: mean_loss(20): 1.5955129861831665 mean_loss(200): 1.9950251579284668
2017-06-12 00:09:50,230 - DEBUG - Step 40: mean_loss(20): 1.260796308517456 mean_loss(200): 1.7980339527130127
2017-06-12 00:09:55,908 - DEBUG - Step 50: mean_loss(20): 1.0571554899215698 mean_loss(200): 1.6272332668304443
2017-06-12 00:10:01,616 - DEBUG - Step 60: mean_loss(20): 0.9688353538513184 mean_loss(200): 1.5261657238006592
2017-06-12 00:10:07,313 - DEBUG - Step 70: mean_loss(20): 1.0672619342803955 mean_loss(200): 1.4694949388504028
2017-06-12 00:10:12,985 - DEBUG - Step 80: mean_loss(20): 0.9776185750961304 mean_loss(200): 1.3907217979431152
2017-06-12 00:10:18,686 - DEBUG - Step 90: mean_loss(20): 0.7775810360908508 mean_loss(200): 1.3174258470535278
2017-06-12 00:10:24,383 - DEBUG - Step 100: mean_loss(20): 0.7973035573959351 mean_loss(200): 1.2732131481170654
2017-06-12 00:10:30,075 - DEBUG - Step 110: mean_loss(20): 0.8358796834945679 mean_loss(200): 1.2306607961654663
2017-06-12 00:10:35,782 - DEBUG - Step 120: mean_loss(20): 0.7686324715614319 mean_loss(200): 1.1898114681243896
2017-06-12 00:10:41,492 - DEBUG - Step 130: mean_loss(20): 0.7006076574325562 mean_loss(200): 1.1497366428375244
2017-06-12 00:10:47,208 - DEBUG - Step 140: mean_loss(20): 0.613976001739502 mean_loss(200): 1.1081326007843018
2017-06-12 00:10:52,929 - DEBUG - Step 150: mean_loss(20): 0.5705698132514954 mean_loss(200): 1.0730258226394653
2017-06-12 00:10:58,711 - DEBUG - Step 160: mean_loss(20): 0.6335848569869995 mean_loss(200): 1.0491825342178345
2017-06-12 00:11:04,437 - DEBUG - Step 170: mean_loss(20): 0.6712155342102051 mean_loss(200): 1.026030421257019
2017-06-12 00:11:10,153 - DEBUG - Step 180: mean_loss(20): 0.6892751455307007 mean_loss(200): 1.0094139575958252
2017-06-12 00:11:15,844 - DEBUG - Step 190: mean_loss(20): 0.6759598851203918 mean_loss(200): 0.9893738031387329
2017-06-12 00:11:21,557 - DEBUG - Step 200: mean_loss(20): 0.6054975390434265 mean_loss(200): 0.9524499773979187
2017-06-12 00:11:27,272 - DEBUG - Step 210: mean_loss(20): 0.6022756695747375 mean_loss(200): 0.8554019331932068
2017-06-12 00:11:33,001 - DEBUG - Step 220: mean_loss(20): 0.5616167783737183 mean_loss(200): 0.7877136468887329
2017-06-12 00:11:38,728 - DEBUG - Step 230: mean_loss(20): 0.5588877201080322 mean_loss(200): 0.7517394423484802
2017-06-12 00:11:44,466 - DEBUG - Step 240: mean_loss(20): 0.5952942371368408 mean_loss(200): 0.7211635112762451
2017-06-12 00:11:50,193 - DEBUG - Step 250: mean_loss(20): 0.5444778203964233 mean_loss(200): 0.7004716396331787
2017-06-12 00:11:55,936 - DEBUG - Step 260: mean_loss(20): 0.5417975187301636 mean_loss(200): 0.678459644317627
2017-06-12 00:12:01,664 - DEBUG - Step 270: mean_loss(20): 0.5267283320426941 mean_loss(200): 0.6464183330535889
2017-06-12 00:12:07,409 - DEBUG - Step 280: mean_loss(20): 0.5117087364196777 mean_loss(200): 0.6318686604499817
2017-06-12 00:12:13,156 - DEBUG - Step 290: mean_loss(20): 0.5726005434989929 mean_loss(200): 0.625920295715332
2017-06-12 00:12:18,888 - DEBUG - Step 300: mean_loss(20): 0.5863516330718994 mean_loss(200): 0.6107734441757202
2017-06-12 00:12:24,611 - DEBUG - Step 310: mean_loss(20): 0.5099935531616211 mean_loss(200): 0.5933316946029663
2017-06-12 00:12:30,379 - DEBUG - Step 320: mean_loss(20): 0.4966556429862976 mean_loss(200): 0.5835757851600647
2017-06-12 00:12:36,121 - DEBUG - Step 330: mean_loss(20): 0.5280511975288391 mean_loss(200): 0.5760760307312012
2017-06-12 00:12:41,862 - DEBUG - Step 340: mean_loss(20): 0.504682183265686 mean_loss(200): 0.5726463794708252
2017-06-12 00:12:47,614 - DEBUG - Step 350: mean_loss(20): 0.5333232879638672 mean_loss(200): 0.572351336479187
2017-06-12 00:12:53,352 - DEBUG - Step 360: mean_loss(20): 0.509375810623169 mean_loss(200): 0.5602255463600159
2017-06-12 00:12:59,076 - DEBUG - Step 370: mean_loss(20): 0.49609580636024475 mean_loss(200): 0.5548393130302429
2017-06-12 00:13:04,818 - DEBUG - Step 380: mean_loss(20): 0.531480610370636 mean_loss(200): 0.5444460511207581
2017-06-12 00:13:10,550 - DEBUG - Step 390: mean_loss(20): 0.49691176414489746 mean_loss(200): 0.5369345545768738
2017-06-12 00:13:16,278 - DEBUG - Step 400: mean_loss(20): 0.4604618549346924 mean_loss(200): 0.5299424529075623
2017-06-12 00:13:22,017 - DEBUG - Step 410: mean_loss(20): 0.435350239276886 mean_loss(200): 0.5202419757843018
2017-06-12 00:13:27,771 - DEBUG - Step 420: mean_loss(20): 0.5008043646812439 mean_loss(200): 0.5238612294197083
2017-06-12 00:13:33,522 - DEBUG - Step 430: mean_loss(20): 0.580562949180603 mean_loss(200): 0.5224094986915588
2017-06-12 00:13:39,255 - DEBUG - Step 440: mean_loss(20): 0.5371184945106506 mean_loss(200): 0.5180436968803406
2017-06-12 00:13:44,991 - DEBUG - Step 450: mean_loss(20): 0.4436270594596863 mean_loss(200): 0.5123244524002075
2017-06-12 00:13:50,744 - DEBUG - Step 460: mean_loss(20): 0.47239986062049866 mean_loss(200): 0.5111038684844971
2017-06-12 00:13:56,508 - DEBUG - Step 470: mean_loss(20): 0.5001934766769409 mean_loss(200): 0.5096709728240967
2017-06-12 00:14:02,242 - DEBUG - Step 480: mean_loss(20): 0.44694238901138306 mean_loss(200): 0.5046272277832031
2017-06-12 00:14:08,004 - DEBUG - Step 490: mean_loss(20): 0.43912506103515625 mean_loss(200): 0.49632343649864197
2017-06-12 00:14:13,770 - DEBUG - Step 500: mean_loss(20): 0.4401622414588928 mean_loss(200): 0.49000832438468933
