2017-06-04 13:18:44,905 - WARNING - Nodename: titan-lab3
2017-06-04 13:18:44,905 - WARNING - Parameters: BATCH_SIZE: 12, NN_IMAGE_SIZE: 512, BASE_CHANNELS: 32
2017-06-04 13:18:44,905 - WARNING - Augmentation: horizontal and vertical flips
2017-06-04 13:18:44,905 - WARNING - Checkpoint file: checkpoints/2017-06-04_11:18.ckpt
2017-06-04 13:18:50,764 - INFO - Start training
2017-06-04 13:18:55,252 - INFO - ====== START OF EPOCH 0 ======
2017-06-04 13:18:59,838 - DEBUG - Step 0: mean_loss(20): 4.893410682678223 mean_loss(200): 4.893410682678223
2017-06-04 13:19:10,000 - DEBUG - Step 10: mean_loss(20): 2.6594362258911133 mean_loss(200): 2.6594362258911133
2017-06-04 13:19:20,420 - DEBUG - Step 20: mean_loss(20): 1.7213363647460938 mean_loss(200): 1.8723872900009155
2017-06-04 13:19:30,889 - DEBUG - Step 30: mean_loss(20): 0.8270601034164429 mean_loss(200): 1.4772580862045288
2017-06-04 13:19:40,646 - DEBUG - Step 40: mean_loss(20): 0.581204891204834 mean_loss(200): 1.2425422668457031
2017-06-04 13:19:50,570 - DEBUG - Step 50: mean_loss(20): 0.48309701681137085 mean_loss(200): 1.0873910188674927
2017-06-04 13:20:01,269 - DEBUG - Step 60: mean_loss(20): 0.44724899530410767 mean_loss(200): 0.9817902445793152
2017-06-04 13:20:11,856 - DEBUG - Step 70: mean_loss(20): 0.42421236634254456 mean_loss(200): 0.9005801677703857
2017-06-04 13:20:22,525 - DEBUG - Step 80: mean_loss(20): 0.4054068624973297 mean_loss(200): 0.8394733667373657
2017-06-04 13:20:33,121 - DEBUG - Step 90: mean_loss(20): 0.4091353416442871 mean_loss(200): 0.7925702333450317
2017-06-04 13:20:43,717 - DEBUG - Step 100: mean_loss(20): 0.4019147753715515 mean_loss(200): 0.7528281807899475
2017-06-04 13:20:54,323 - DEBUG - Step 110: mean_loss(20): 0.3896980583667755 mean_loss(200): 0.7199805974960327
2017-06-04 13:21:05,124 - DEBUG - Step 120: mean_loss(20): 0.39023342728614807 mean_loss(200): 0.6928951144218445
2017-06-04 13:21:15,740 - DEBUG - Step 130: mean_loss(20): 0.3814082145690918 mean_loss(200): 0.6682902574539185
2017-06-04 13:21:26,307 - DEBUG - Step 140: mean_loss(20): 0.3495483100414276 mean_loss(200): 0.6441934108734131
2017-06-04 13:21:36,982 - DEBUG - Step 150: mean_loss(20): 0.33922773599624634 mean_loss(200): 0.6247058510780334
2017-06-04 13:21:47,599 - DEBUG - Step 160: mean_loss(20): 0.34551090002059937 mean_loss(200): 0.6070899963378906
2017-06-04 13:21:58,204 - DEBUG - Step 170: mean_loss(20): 0.31023290753364563 mean_loss(200): 0.5879253149032593
2017-06-04 13:22:08,755 - DEBUG - Step 180: mean_loss(20): 0.28426724672317505 mean_loss(200): 0.5714190006256104
2017-06-04 13:22:19,440 - DEBUG - Step 190: mean_loss(20): 0.30711808800697327 mean_loss(200): 0.5585214495658875
2017-06-04 13:22:30,135 - DEBUG - Step 200: mean_loss(20): 0.3318062722682953 mean_loss(200): 0.5258477926254272
2017-06-04 13:22:40,827 - DEBUG - Step 210: mean_loss(20): 0.3302018344402313 mean_loss(200): 0.4201391935348511
2017-06-04 13:22:51,610 - DEBUG - Step 220: mean_loss(20): 0.30809465050697327 mean_loss(200): 0.3845236301422119
2017-06-04 13:23:02,363 - DEBUG - Step 230: mean_loss(20): 0.28464868664741516 mean_loss(200): 0.3658980429172516
2017-06-04 13:23:12,927 - DEBUG - Step 240: mean_loss(20): 0.2815885841846466 mean_loss(200): 0.354561984539032
2017-06-04 13:23:23,550 - DEBUG - Step 250: mean_loss(20): 0.30666956305503845 mean_loss(200): 0.34825530648231506
2017-06-04 13:23:34,289 - DEBUG - Step 260: mean_loss(20): 0.3018336296081543 mean_loss(200): 0.34002044796943665
2017-06-04 13:23:44,832 - DEBUG - Step 270: mean_loss(20): 0.2773338854312897 mean_loss(200): 0.33356744050979614
2017-06-04 13:23:55,873 - DEBUG - Step 280: mean_loss(20): 0.29799360036849976 mean_loss(200): 0.3292791247367859
2017-06-04 13:24:06,594 - DEBUG - Step 290: mean_loss(20): 0.30397671461105347 mean_loss(200): 0.3230515718460083
2017-06-04 13:24:17,141 - DEBUG - Step 300: mean_loss(20): 0.2731159031391144 mean_loss(200): 0.3163992464542389
2017-06-04 13:24:27,831 - DEBUG - Step 310: mean_loss(20): 0.26860368251800537 mean_loss(200): 0.310942143201828
2017-06-04 13:24:38,446 - DEBUG - Step 320: mean_loss(20): 0.2674548029899597 mean_loss(200): 0.30412137508392334
2017-06-04 13:24:48,839 - DEBUG - Step 330: mean_loss(20): 0.25566738843917847 mean_loss(200): 0.29836806654930115
2017-06-04 13:24:59,318 - DEBUG - Step 340: mean_loss(20): 0.2733679711818695 mean_loss(200): 0.29650333523750305
2017-06-04 13:25:09,854 - DEBUG - Step 350: mean_loss(20): 0.2931297719478607 mean_loss(200): 0.2937582731246948
2017-06-04 13:25:20,568 - DEBUG - Step 360: mean_loss(20): 0.29822200536727905 mean_loss(200): 0.2917744517326355
2017-06-04 13:25:31,272 - DEBUG - Step 370: mean_loss(20): 0.2856079936027527 mean_loss(200): 0.29129576683044434
2017-06-04 13:25:44,364 - DEBUG - Step 380: mean_loss(20): 0.27144333720207214 mean_loss(200): 0.29049208760261536
2017-06-04 13:25:54,947 - DEBUG - Step 390: mean_loss(20): 0.2800062894821167 mean_loss(200): 0.2885845899581909
2017-06-04 13:26:05,332 - DEBUG - Step 400: mean_loss(20): 0.2840448021888733 mean_loss(200): 0.2857159376144409
2017-06-04 13:26:15,362 - DEBUG - Step 410: mean_loss(20): 0.28672999143600464 mean_loss(200): 0.28423741459846497
2017-06-04 13:26:25,446 - DEBUG - Step 420: mean_loss(20): 0.2834663689136505 mean_loss(200): 0.28325310349464417
2017-06-04 13:26:36,302 - DEBUG - Step 430: mean_loss(20): 0.2665872275829315 mean_loss(200): 0.2824312448501587
2017-06-04 13:26:47,059 - DEBUG - Step 440: mean_loss(20): 0.2816562354564667 mean_loss(200): 0.28325986862182617
2017-06-04 13:26:57,974 - DEBUG - Step 450: mean_loss(20): 0.27980750799179077 mean_loss(200): 0.27974507212638855
2017-06-04 13:27:08,621 - DEBUG - Step 460: mean_loss(20): 0.27019479870796204 mean_loss(200): 0.28009599447250366
2017-06-04 13:27:19,229 - DEBUG - Step 470: mean_loss(20): 0.26088446378707886 mean_loss(200): 0.2781001031398773
2017-06-04 13:27:29,940 - DEBUG - Step 480: mean_loss(20): 0.24025948345661163 mean_loss(200): 0.27432259917259216
2017-06-04 13:27:40,597 - DEBUG - Step 490: mean_loss(20): 0.2659318447113037 mean_loss(200): 0.2742956280708313
2017-06-04 13:27:51,333 - DEBUG - Step 500: mean_loss(20): 0.2727114260196686 mean_loss(200): 0.2742820978164673
2017-06-04 13:28:01,873 - DEBUG - Step 510: mean_loss(20): 0.26726239919662476 mean_loss(200): 0.2741614878177643
2017-06-04 13:28:12,589 - DEBUG - Step 520: mean_loss(20): 0.2794559597969055 mean_loss(200): 0.2754822373390198
2017-06-04 13:28:23,141 - DEBUG - Step 530: mean_loss(20): 0.27151960134506226 mean_loss(200): 0.2757467031478882
2017-06-04 13:28:33,677 - DEBUG - Step 540: mean_loss(20): 0.24624225497245789 mean_loss(200): 0.27276965975761414
2017-06-04 13:28:44,397 - DEBUG - Step 550: mean_loss(20): 0.25995707511901855 mean_loss(200): 0.2724294364452362
2017-06-04 13:28:55,135 - DEBUG - Step 560: mean_loss(20): 0.2552584409713745 mean_loss(200): 0.2684733271598816
2017-06-04 13:29:05,823 - DEBUG - Step 570: mean_loss(20): 0.24822528660297394 mean_loss(200): 0.26869118213653564
2017-06-04 13:29:16,342 - DEBUG - Step 580: mean_loss(20): 0.2505459785461426 mean_loss(200): 0.266383558511734
2017-06-04 13:29:27,158 - DEBUG - Step 590: mean_loss(20): 0.25531578063964844 mean_loss(200): 0.26622211933135986
2017-06-04 13:29:37,959 - DEBUG - Step 600: mean_loss(20): 0.2753461003303528 mean_loss(200): 0.26551371812820435
2017-06-04 13:29:48,721 - DEBUG - Step 610: mean_loss(20): 0.25648146867752075 mean_loss(200): 0.26319727301597595
2017-06-04 13:29:59,424 - DEBUG - Step 620: mean_loss(20): 0.2606855034828186 mean_loss(200): 0.2632356286048889
2017-06-04 13:30:10,011 - DEBUG - Step 630: mean_loss(20): 0.24955639243125916 mean_loss(200): 0.2614941895008087
2017-06-04 13:30:20,682 - DEBUG - Step 640: mean_loss(20): 0.23106753826141357 mean_loss(200): 0.2581767737865448
2017-06-04 13:30:31,324 - DEBUG - Step 650: mean_loss(20): 0.2454509437084198 mean_loss(200): 0.2580585181713104
2017-06-04 13:30:41,908 - DEBUG - Step 660: mean_loss(20): 0.2551732063293457 mean_loss(200): 0.256674587726593
2017-06-04 13:30:52,586 - DEBUG - Step 670: mean_loss(20): 0.26402369141578674 mean_loss(200): 0.2583724558353424
2017-06-04 13:31:03,064 - DEBUG - Step 680: mean_loss(20): 0.2625737488269806 mean_loss(200): 0.2589060068130493
2017-06-04 13:31:13,780 - DEBUG - Step 690: mean_loss(20): 0.2421223223209381 mean_loss(200): 0.25599148869514465
2017-06-04 13:31:24,607 - DEBUG - Step 700: mean_loss(20): 0.23304171860218048 mean_loss(200): 0.2549390494823456
2017-06-04 13:31:35,198 - DEBUG - Step 710: mean_loss(20): 0.2382892370223999 mean_loss(200): 0.2530941963195801
2017-06-04 13:31:45,896 - DEBUG - Step 720: mean_loss(20): 0.24475149810314178 mean_loss(200): 0.25146862864494324
2017-06-04 13:31:56,539 - DEBUG - Step 730: mean_loss(20): 0.24404892325401306 mean_loss(200): 0.2503471076488495
2017-06-04 13:32:06,977 - DEBUG - Step 740: mean_loss(20): 0.23568475246429443 mean_loss(200): 0.25041285157203674
2017-06-04 13:32:17,520 - DEBUG - Step 750: mean_loss(20): 0.22486884891986847 mean_loss(200): 0.2468382865190506
2017-06-04 13:32:28,250 - DEBUG - Step 760: mean_loss(20): 0.21926073729991913 mean_loss(200): 0.2468130886554718
2017-06-04 13:32:38,592 - DEBUG - Step 770: mean_loss(20): 0.21262672543525696 mean_loss(200): 0.24327842891216278
2017-06-04 13:32:48,517 - DEBUG - Step 780: mean_loss(20): 0.22146444022655487 mean_loss(200): 0.2439049482345581
2017-06-04 13:32:58,689 - DEBUG - Step 790: mean_loss(20): 0.2298373281955719 mean_loss(200): 0.24073058366775513
2017-06-04 13:33:09,388 - DEBUG - Step 800: mean_loss(20): 0.22591087222099304 mean_loss(200): 0.23896141350269318
2017-06-04 13:33:20,213 - DEBUG - Step 810: mean_loss(20): 0.22757384181022644 mean_loss(200): 0.23783983290195465
2017-06-04 13:33:31,031 - DEBUG - Step 820: mean_loss(20): 0.22639283537864685 mean_loss(200): 0.23553214967250824
2017-06-04 13:33:41,722 - DEBUG - Step 830: mean_loss(20): 0.22850246727466583 mean_loss(200): 0.23573444783687592
2017-06-04 13:33:51,323 - INFO - End of epoch, training set loss (whole epoch avg): 0.32970213890075684
2017-06-04 13:33:52,411 - DEBUG - Step 0: mean_loss(20): 0.2332569658756256 mean_loss(200): 0.2332569658756256
2017-06-04 13:33:53,197 - DEBUG - Step 10: mean_loss(20): 0.37011101841926575 mean_loss(200): 0.37011101841926575
2017-06-04 13:33:54,066 - DEBUG - Step 20: mean_loss(20): 0.3572632670402527 mean_loss(200): 0.35135823488235474
2017-06-04 13:33:54,887 - DEBUG - Step 30: mean_loss(20): 0.30349019169807434 mean_loss(200): 0.32712990045547485
2017-06-04 13:33:55,696 - DEBUG - Step 40: mean_loss(20): 0.2632349133491516 mean_loss(200): 0.30837124586105347
2017-06-04 13:33:56,513 - DEBUG - Step 50: mean_loss(20): 0.2881351709365845 mean_loss(200): 0.3118378520011902
2017-06-04 13:33:57,349 - DEBUG - Step 60: mean_loss(20): 0.3388732075691223 mean_loss(200): 0.31837186217308044
2017-06-04 13:33:58,169 - DEBUG - Step 70: mean_loss(20): 0.2936170995235443 mean_loss(200): 0.3067052662372589
2017-06-04 13:33:58,952 - DEBUG - Step 80: mean_loss(20): 0.2576894164085388 mean_loss(200): 0.3033885359764099
2017-06-04 13:33:59,800 - DEBUG - Step 90: mean_loss(20): 0.34005847573280334 mean_loss(200): 0.3140356242656708
2017-06-04 13:34:00,620 - DEBUG - Step 100: mean_loss(20): 0.3171822428703308 mean_loss(200): 0.30612000823020935
2017-06-04 13:34:01,425 - DEBUG - Step 110: mean_loss(20): 0.28017860651016235 mean_loss(200): 0.30793529748916626
2017-06-04 13:34:02,244 - DEBUG - Step 120: mean_loss(20): 0.336986243724823 mean_loss(200): 0.3112218976020813
2017-06-04 13:34:03,126 - DEBUG - Step 130: mean_loss(20): 0.32024967670440674 mean_loss(200): 0.30981531739234924
2017-06-04 13:34:03,928 - DEBUG - Step 140: mean_loss(20): 0.2817096412181854 mean_loss(200): 0.30703574419021606
2017-06-04 13:34:04,689 - DEBUG - Step 150: mean_loss(20): 0.33768129348754883 mean_loss(200): 0.313506156206131
2017-06-04 13:34:05,580 - DEBUG - Step 160: mean_loss(20): 0.38588041067123413 mean_loss(200): 0.3168300986289978
2017-06-04 13:34:06,401 - DEBUG - Step 170: mean_loss(20): 0.4224420189857483 mean_loss(200): 0.3262472152709961
2017-06-04 13:34:07,208 - DEBUG - Step 180: mean_loss(20): 0.3821566700935364 mean_loss(200): 0.3240484893321991
2017-06-04 13:34:08,004 - DEBUG - Step 190: mean_loss(20): 0.27921897172927856 mean_loss(200): 0.32132279872894287
2017-06-04 13:34:08,846 - DEBUG - Step 200: mean_loss(20): 0.2798021137714386 mean_loss(200): 0.3200778067111969
2017-06-04 13:34:09,689 - DEBUG - Step 210: mean_loss(20): 0.2856864035129547 mean_loss(200): 0.3150757849216461
2017-06-04 13:34:10,480 - DEBUG - Step 220: mean_loss(20): 0.3750218451023102 mean_loss(200): 0.3218536674976349
2017-06-04 13:34:11,338 - DEBUG - Step 230: mean_loss(20): 0.44770923256874084 mean_loss(200): 0.32949769496917725
2017-06-04 13:34:12,158 - DEBUG - Step 240: mean_loss(20): 0.3539840579032898 mean_loss(200): 0.3309285640716553
2017-06-04 13:34:13,016 - DEBUG - Step 250: mean_loss(20): 0.25191056728363037 mean_loss(200): 0.3258751928806305
2017-06-04 13:34:13,793 - DEBUG - Step 260: mean_loss(20): 0.2142995148897171 mean_loss(200): 0.318471223115921
2017-06-04 13:34:14,678 - DEBUG - Step 270: mean_loss(20): 0.29083386063575745 mean_loss(200): 0.3255969285964966
2017-06-04 13:34:15,486 - DEBUG - Step 280: mean_loss(20): 0.347564160823822 mean_loss(200): 0.3274587392807007
2017-06-04 13:34:16,273 - DEBUG - Step 290: mean_loss(20): 0.3305761516094208 mean_loss(200): 0.3246487081050873
2017-06-04 13:34:17,111 - DEBUG - Step 300: mean_loss(20): 0.35210415720939636 mean_loss(200): 0.33095088601112366
2017-06-04 13:34:17,951 - DEBUG - Step 310: mean_loss(20): 0.322029173374176 mean_loss(200): 0.32883375883102417
2017-06-04 13:34:18,818 - DEBUG - Step 320: mean_loss(20): 0.28914809226989746 mean_loss(200): 0.3261670768260956
2017-06-04 13:34:19,658 - DEBUG - Step 330: mean_loss(20): 0.29132944345474243 mean_loss(200): 0.32594168186187744
2017-06-04 13:34:20,556 - DEBUG - Step 340: mean_loss(20): 0.333225280046463 mean_loss(200): 0.33131861686706543
2017-06-04 13:34:21,409 - DEBUG - Step 350: mean_loss(20): 0.37420493364334106 mean_loss(200): 0.32959407567977905
2017-06-04 13:34:22,166 - DEBUG - Step 360: mean_loss(20): 0.39935731887817383 mean_loss(200): 0.3326663076877594
2017-06-04 13:34:23,057 - DEBUG - Step 370: mean_loss(20): 0.3727909326553345 mean_loss(200): 0.3246289789676666
2017-06-04 13:34:23,922 - DEBUG - Step 380: mean_loss(20): 0.3575342297554016 mean_loss(200): 0.3302040994167328
2017-06-04 13:34:24,733 - DEBUG - Step 390: mean_loss(20): 0.4405219554901123 mean_loss(200): 0.34075927734375
2017-06-04 13:34:25,536 - DEBUG - Step 400: mean_loss(20): 0.39285072684288025 mean_loss(200): 0.3415089547634125
2017-06-04 13:34:26,402 - DEBUG - Step 410: mean_loss(20): 0.3071359395980835 mean_loss(200): 0.3429042100906372
2017-06-04 13:34:27,255 - DEBUG - Step 420: mean_loss(20): 0.40772372484207153 mean_loss(200): 0.3447791337966919
2017-06-04 13:34:28,049 - DEBUG - Step 430: mean_loss(20): 0.4829924702644348 mean_loss(200): 0.34643256664276123
2017-06-04 13:34:28,946 - DEBUG - Step 440: mean_loss(20): 0.43095770478248596 mean_loss(200): 0.3524765074253082
2017-06-04 13:34:29,735 - DEBUG - Step 450: mean_loss(20): 0.3601687550544739 mean_loss(200): 0.3572583794593811
2017-06-04 13:34:30,556 - DEBUG - Step 460: mean_loss(20): 0.30812257528305054 mean_loss(200): 0.3618587851524353
2017-06-04 13:34:31,381 - DEBUG - Step 470: mean_loss(20): 0.27505046129226685 mean_loss(200): 0.35568001866340637
2017-06-04 13:34:32,265 - DEBUG - Step 480: mean_loss(20): 0.29752016067504883 mean_loss(200): 0.3568543493747711
2017-06-04 13:34:33,042 - DEBUG - Step 490: mean_loss(20): 0.3635134994983673 mean_loss(200): 0.35897377133369446
2017-06-04 13:34:33,854 - DEBUG - Step 500: mean_loss(20): 0.35561779141426086 mean_loss(200): 0.35720574855804443
2017-06-04 13:34:34,722 - DEBUG - Step 510: mean_loss(20): 0.2955256402492523 mean_loss(200): 0.35632339119911194
2017-06-04 13:34:35,502 - DEBUG - Step 520: mean_loss(20): 0.2874681353569031 mean_loss(200): 0.3570377230644226
2017-06-04 13:34:36,348 - DEBUG - Step 530: mean_loss(20): 0.351489782333374 mean_loss(200): 0.36233943700790405
2017-06-04 13:34:36,348 - INFO - Validation set loss: 0.33567237854003906
2017-06-04 13:34:36,348 - INFO - ====== START OF EPOCH 1 ======
2017-06-04 13:34:37,321 - DEBUG - Step 0: mean_loss(20): 0.16891857981681824 mean_loss(200): 0.16891857981681824
2017-06-04 13:34:48,083 - DEBUG - Step 10: mean_loss(20): 0.23028726875782013 mean_loss(200): 0.23028726875782013
2017-06-04 13:34:58,613 - DEBUG - Step 20: mean_loss(20): 0.22473248839378357 mean_loss(200): 0.2220747172832489
2017-06-04 13:35:09,325 - DEBUG - Step 30: mean_loss(20): 0.22183513641357422 mean_loss(200): 0.22483429312705994
2017-06-04 13:35:20,144 - DEBUG - Step 40: mean_loss(20): 0.22626037895679474 mean_loss(200): 0.2241164892911911
2017-06-04 13:35:30,904 - DEBUG - Step 50: mean_loss(20): 0.2292090356349945 mean_loss(200): 0.2265498787164688
2017-06-04 13:35:41,597 - DEBUG - Step 60: mean_loss(20): 0.23773975670337677 mean_loss(200): 0.22858312726020813
2017-06-04 13:35:52,228 - DEBUG - Step 70: mean_loss(20): 0.22250239551067352 mean_loss(200): 0.22540971636772156
2017-06-04 13:36:02,866 - DEBUG - Step 80: mean_loss(20): 0.19559600949287415 mean_loss(200): 0.2204381674528122
2017-06-04 13:36:13,629 - DEBUG - Step 90: mean_loss(20): 0.20815882086753845 mean_loss(200): 0.22161833941936493
2017-06-04 13:36:24,417 - DEBUG - Step 100: mean_loss(20): 0.21529266238212585 mean_loss(200): 0.21941925585269928
2017-06-04 13:36:35,194 - DEBUG - Step 110: mean_loss(20): 0.21527478098869324 mean_loss(200): 0.22047530114650726
2017-06-04 13:36:45,867 - DEBUG - Step 120: mean_loss(20): 0.2249613255262375 mean_loss(200): 0.22033528983592987
2017-06-04 13:36:56,544 - DEBUG - Step 130: mean_loss(20): 0.2019082009792328 mean_loss(200): 0.21764065325260162
2017-06-04 13:37:07,345 - DEBUG - Step 140: mean_loss(20): 0.20225942134857178 mean_loss(200): 0.21777133643627167
2017-06-04 13:37:18,053 - DEBUG - Step 150: mean_loss(20): 0.21327698230743408 mean_loss(200): 0.21706269681453705
2017-06-04 13:37:28,574 - DEBUG - Step 160: mean_loss(20): 0.21681979298591614 mean_loss(200): 0.21765312552452087
2017-06-04 13:37:39,360 - DEBUG - Step 170: mean_loss(20): 0.22840483486652374 mean_loss(200): 0.21838927268981934
2017-06-04 13:37:50,072 - DEBUG - Step 180: mean_loss(20): 0.22713418304920197 mean_loss(200): 0.21870076656341553
2017-06-04 13:38:00,754 - DEBUG - Step 190: mean_loss(20): 0.21531037986278534 mean_loss(200): 0.21806685626506805
2017-06-04 13:38:11,421 - DEBUG - Step 200: mean_loss(20): 0.21523840725421906 mean_loss(200): 0.21860343217849731
2017-06-04 13:38:22,108 - DEBUG - Step 210: mean_loss(20): 0.23702804744243622 mean_loss(200): 0.2192908674478531
2017-06-04 13:38:32,820 - DEBUG - Step 220: mean_loss(20): 0.23650765419006348 mean_loss(200): 0.21978096663951874
2017-06-04 13:38:43,565 - DEBUG - Step 230: mean_loss(20): 0.2325562983751297 mean_loss(200): 0.22036296129226685
2017-06-04 13:38:54,330 - DEBUG - Step 240: mean_loss(20): 0.23283572494983673 mean_loss(200): 0.22043848037719727
2017-06-04 13:39:04,963 - DEBUG - Step 250: mean_loss(20): 0.21701033413410187 mean_loss(200): 0.2191431075334549
2017-06-04 13:39:15,236 - DEBUG - Step 260: mean_loss(20): 0.2168445885181427 mean_loss(200): 0.21834896504878998
2017-06-04 13:39:26,145 - DEBUG - Step 270: mean_loss(20): 0.22159259021282196 mean_loss(200): 0.21905212104320526
2017-06-04 13:39:38,066 - DEBUG - Step 280: mean_loss(20): 0.21284964680671692 mean_loss(200): 0.22007432579994202
2017-06-04 13:39:48,832 - DEBUG - Step 290: mean_loss(20): 0.20497140288352966 mean_loss(200): 0.21873337030410767
2017-06-04 13:39:59,708 - DEBUG - Step 300: mean_loss(20): 0.20156165957450867 mean_loss(200): 0.21870122849941254
2017-06-04 13:40:10,235 - DEBUG - Step 310: mean_loss(20): 0.2014532834291458 mean_loss(200): 0.21735122799873352
2017-06-04 13:40:20,849 - DEBUG - Step 320: mean_loss(20): 0.21453146636486053 mean_loss(200): 0.21765823662281036
2017-06-04 13:40:31,525 - DEBUG - Step 330: mean_loss(20): 0.23113508522510529 mean_loss(200): 0.2202739268541336
2017-06-04 13:40:42,128 - DEBUG - Step 340: mean_loss(20): 0.22989945113658905 mean_loss(200): 0.22042225301265717
2017-06-04 13:40:52,879 - DEBUG - Step 350: mean_loss(20): 0.2047538012266159 mean_loss(200): 0.2194215953350067
2017-06-04 13:41:03,648 - DEBUG - Step 360: mean_loss(20): 0.21452215313911438 mean_loss(200): 0.22019249200820923
2017-06-04 13:41:14,243 - DEBUG - Step 370: mean_loss(20): 0.24125786125659943 mean_loss(200): 0.22070689499378204
2017-06-04 13:41:25,036 - DEBUG - Step 380: mean_loss(20): 0.23095965385437012 mean_loss(200): 0.22057504951953888
2017-06-04 13:41:35,972 - DEBUG - Step 390: mean_loss(20): 0.23199589550495148 mean_loss(200): 0.22237545251846313
2017-06-04 13:41:46,552 - DEBUG - Step 400: mean_loss(20): 0.2174406498670578 mean_loss(200): 0.22079524397850037
2017-06-04 13:41:57,334 - DEBUG - Step 410: mean_loss(20): 0.2012958526611328 mean_loss(200): 0.21880222856998444
2017-06-04 13:42:08,067 - DEBUG - Step 420: mean_loss(20): 0.21518626809120178 mean_loss(200): 0.21866312623023987
2017-06-04 13:42:18,636 - DEBUG - Step 430: mean_loss(20): 0.20688283443450928 mean_loss(200): 0.21623489260673523
2017-06-04 13:42:29,313 - DEBUG - Step 440: mean_loss(20): 0.1952401101589203 mean_loss(200): 0.2149035632610321
2017-06-04 13:42:39,863 - DEBUG - Step 450: mean_loss(20): 0.20855450630187988 mean_loss(200): 0.21538931131362915
2017-06-04 13:42:50,602 - DEBUG - Step 460: mean_loss(20): 0.22459955513477325 mean_loss(200): 0.2156790792942047
2017-06-04 13:43:01,302 - DEBUG - Step 470: mean_loss(20): 0.21022352576255798 mean_loss(200): 0.21425239741802216
2017-06-04 13:43:11,992 - DEBUG - Step 480: mean_loss(20): 0.19947868585586548 mean_loss(200): 0.21434196829795837
2017-06-04 13:43:22,564 - DEBUG - Step 490: mean_loss(20): 0.21576683223247528 mean_loss(200): 0.21533195674419403
2017-06-04 13:43:33,322 - DEBUG - Step 500: mean_loss(20): 0.21754515171051025 mean_loss(200): 0.21594032645225525
2017-06-04 13:43:43,895 - DEBUG - Step 510: mean_loss(20): 0.20813627541065216 mean_loss(200): 0.2160002589225769
2017-06-04 13:43:54,497 - DEBUG - Step 520: mean_loss(20): 0.2215428650379181 mean_loss(200): 0.21664147078990936
2017-06-04 13:44:05,385 - DEBUG - Step 530: mean_loss(20): 0.23090405762195587 mean_loss(200): 0.21597713232040405
2017-06-04 13:44:16,052 - DEBUG - Step 540: mean_loss(20): 0.22446247935295105 mean_loss(200): 0.21609775722026825
2017-06-04 13:44:26,833 - DEBUG - Step 550: mean_loss(20): 0.21588054299354553 mean_loss(200): 0.21708980202674866
2017-06-04 13:44:37,418 - DEBUG - Step 560: mean_loss(20): 0.21177537739276886 mean_loss(200): 0.21582309901714325
2017-06-04 13:44:48,308 - DEBUG - Step 570: mean_loss(20): 0.2041132003068924 mean_loss(200): 0.21337535977363586
2017-06-04 13:44:58,861 - DEBUG - Step 580: mean_loss(20): 0.20434947311878204 mean_loss(200): 0.21316206455230713
2017-06-04 13:45:09,497 - DEBUG - Step 590: mean_loss(20): 0.21040871739387512 mean_loss(200): 0.21121662855148315
2017-06-04 13:45:20,203 - DEBUG - Step 600: mean_loss(20): 0.21861743927001953 mean_loss(200): 0.21327973902225494
2017-06-04 13:45:30,783 - DEBUG - Step 610: mean_loss(20): 0.21930769085884094 mean_loss(200): 0.21301782131195068
2017-06-04 13:45:41,461 - DEBUG - Step 620: mean_loss(20): 0.20619039237499237 mean_loss(200): 0.21238014101982117
2017-06-04 13:45:51,622 - DEBUG - Step 630: mean_loss(20): 0.2195446938276291 mean_loss(200): 0.2142840176820755
2017-06-04 13:46:01,580 - DEBUG - Step 640: mean_loss(20): 0.22256800532341003 mean_loss(200): 0.21511295437812805
2017-06-04 13:46:12,338 - DEBUG - Step 650: mean_loss(20): 0.21973474323749542 mean_loss(200): 0.2154020369052887
2017-06-04 13:46:23,115 - DEBUG - Step 660: mean_loss(20): 0.21789057552814484 mean_loss(200): 0.21444205939769745
2017-06-04 13:46:33,793 - DEBUG - Step 670: mean_loss(20): 0.20274598896503448 mean_loss(200): 0.21465426683425903
2017-06-04 13:46:44,492 - DEBUG - Step 680: mean_loss(20): 0.20260532200336456 mean_loss(200): 0.21475471556186676
2017-06-04 13:46:55,114 - DEBUG - Step 690: mean_loss(20): 0.21942000091075897 mean_loss(200): 0.2150196135044098
2017-06-04 13:47:05,842 - DEBUG - Step 700: mean_loss(20): 0.2085338830947876 mean_loss(200): 0.21385358273983002
2017-06-04 13:47:16,477 - DEBUG - Step 710: mean_loss(20): 0.2056209295988083 mean_loss(200): 0.21476806700229645
2017-06-04 13:47:27,222 - DEBUG - Step 720: mean_loss(20): 0.2251766473054886 mean_loss(200): 0.21421697735786438
2017-06-04 13:47:37,977 - DEBUG - Step 730: mean_loss(20): 0.21094036102294922 mean_loss(200): 0.2127716839313507
2017-06-04 13:47:48,837 - DEBUG - Step 740: mean_loss(20): 0.21181242167949677 mean_loss(200): 0.21295195817947388
2017-06-04 13:47:59,597 - DEBUG - Step 750: mean_loss(20): 0.21509452164173126 mean_loss(200): 0.21269308030605316
2017-06-04 13:48:10,228 - DEBUG - Step 760: mean_loss(20): 0.20101335644721985 mean_loss(200): 0.2118757665157318
2017-06-04 13:48:20,730 - DEBUG - Step 770: mean_loss(20): 0.19730886816978455 mean_loss(200): 0.2120126336812973
2017-06-04 13:48:31,587 - DEBUG - Step 780: mean_loss(20): 0.21425411105155945 mean_loss(200): 0.21286621689796448
2017-06-04 13:48:42,208 - DEBUG - Step 790: mean_loss(20): 0.21461792290210724 mean_loss(200): 0.2124335914850235
2017-06-04 13:48:53,041 - DEBUG - Step 800: mean_loss(20): 0.20550265908241272 mean_loss(200): 0.21155473589897156
2017-06-04 13:49:03,700 - DEBUG - Step 810: mean_loss(20): 0.21288421750068665 mean_loss(200): 0.2117912322282791
2017-06-04 13:49:14,513 - DEBUG - Step 820: mean_loss(20): 0.21164575219154358 mean_loss(200): 0.2121002972126007
2017-06-04 13:49:25,252 - DEBUG - Step 830: mean_loss(20): 0.21912038326263428 mean_loss(200): 0.21174880862236023
2017-06-04 13:49:34,765 - INFO - End of epoch, training set loss (whole epoch avg): 0.2157556414604187
2017-06-04 13:49:34,849 - DEBUG - Step 0: mean_loss(20): 0.3415974974632263 mean_loss(200): 0.3415974974632263
2017-06-04 13:49:35,663 - DEBUG - Step 10: mean_loss(20): 0.3242875933647156 mean_loss(200): 0.3242875933647156
2017-06-04 13:49:36,505 - DEBUG - Step 20: mean_loss(20): 0.2765788733959198 mean_loss(200): 0.27967503666877747
2017-06-04 13:49:37,408 - DEBUG - Step 30: mean_loss(20): 0.2634633183479309 mean_loss(200): 0.28504619002342224
2017-06-04 13:49:38,222 - DEBUG - Step 40: mean_loss(20): 0.32709503173828125 mean_loss(200): 0.3028067350387573
2017-06-04 13:49:39,037 - DEBUG - Step 50: mean_loss(20): 0.3403255343437195 mean_loss(200): 0.3067243695259094
2017-06-04 13:49:39,897 - DEBUG - Step 60: mean_loss(20): 0.29086220264434814 mean_loss(200): 0.29889050126075745
2017-06-04 13:49:40,720 - DEBUG - Step 70: mean_loss(20): 0.26348286867141724 mean_loss(200): 0.29454365372657776
2017-06-04 13:49:41,498 - DEBUG - Step 80: mean_loss(20): 0.2907455563545227 mean_loss(200): 0.296879380941391
2017-06-04 13:49:42,352 - DEBUG - Step 90: mean_loss(20): 0.2834230363368988 mean_loss(200): 0.2920995354652405
2017-06-04 13:49:43,170 - DEBUG - Step 100: mean_loss(20): 0.2791215181350708 mean_loss(200): 0.29336297512054443
2017-06-04 13:49:43,971 - DEBUG - Step 110: mean_loss(20): 0.2849942147731781 mean_loss(200): 0.29081928730010986
2017-06-04 13:49:44,793 - DEBUG - Step 120: mean_loss(20): 0.26141878962516785 mean_loss(200): 0.2880829870700836
2017-06-04 13:49:45,600 - DEBUG - Step 130: mean_loss(20): 0.34208187460899353 mean_loss(200): 0.29864564538002014
2017-06-04 13:49:46,429 - DEBUG - Step 140: mean_loss(20): 0.37325137853622437 mean_loss(200): 0.300163596868515
2017-06-04 13:49:47,238 - DEBUG - Step 150: mean_loss(20): 0.321346253156662 mean_loss(200): 0.30165237188339233
2017-06-04 13:49:48,071 - DEBUG - Step 160: mean_loss(20): 0.305763840675354 mean_loss(200): 0.3008592426776886
2017-06-04 13:49:48,938 - DEBUG - Step 170: mean_loss(20): 0.2613283395767212 mean_loss(200): 0.2969360947608948
2017-06-04 13:49:49,769 - DEBUG - Step 180: mean_loss(20): 0.24714401364326477 mean_loss(200): 0.2949238419532776
2017-06-04 13:49:50,549 - DEBUG - Step 190: mean_loss(20): 0.2715321183204651 mean_loss(200): 0.29427599906921387
2017-06-04 13:49:51,411 - DEBUG - Step 200: mean_loss(20): 0.2969880700111389 mean_loss(200): 0.2948969304561615
2017-06-04 13:49:52,255 - DEBUG - Step 210: mean_loss(20): 0.32931795716285706 mean_loss(200): 0.29612958431243896
2017-06-04 13:49:53,090 - DEBUG - Step 220: mean_loss(20): 0.30166417360305786 mean_loss(200): 0.2974054515361786
2017-06-04 13:49:53,933 - DEBUG - Step 230: mean_loss(20): 0.2686727046966553 mean_loss(200): 0.2966504991054535
2017-06-04 13:49:54,808 - DEBUG - Step 240: mean_loss(20): 0.24952355027198792 mean_loss(200): 0.28964829444885254
2017-06-04 13:49:55,644 - DEBUG - Step 250: mean_loss(20): 0.30133551359176636 mean_loss(200): 0.2927514910697937
2017-06-04 13:49:56,424 - DEBUG - Step 260: mean_loss(20): 0.33298298716545105 mean_loss(200): 0.29386040568351746
2017-06-04 13:49:57,258 - DEBUG - Step 270: mean_loss(20): 0.336953341960907 mean_loss(200): 0.3000985383987427
2017-06-04 13:49:58,105 - DEBUG - Step 280: mean_loss(20): 0.3692852258682251 mean_loss(200): 0.30171433091163635
2017-06-04 13:49:58,884 - DEBUG - Step 290: mean_loss(20): 0.31471484899520874 mean_loss(200): 0.3032277226448059
2017-06-04 13:49:59,774 - DEBUG - Step 300: mean_loss(20): 0.2612355351448059 mean_loss(200): 0.2999257445335388
2017-06-04 13:50:00,593 - DEBUG - Step 310: mean_loss(20): 0.25098901987075806 mean_loss(200): 0.2998271882534027
2017-06-04 13:50:01,432 - DEBUG - Step 320: mean_loss(20): 0.2548719346523285 mean_loss(200): 0.2992710769176483
2017-06-04 13:50:02,244 - DEBUG - Step 330: mean_loss(20): 0.27264052629470825 mean_loss(200): 0.2928830683231354
2017-06-04 13:50:03,146 - DEBUG - Step 340: mean_loss(20): 0.36892709136009216 mean_loss(200): 0.29883864521980286
2017-06-04 13:50:04,022 - DEBUG - Step 350: mean_loss(20): 0.3787050247192383 mean_loss(200): 0.29861894249916077
2017-06-04 13:50:04,846 - DEBUG - Step 360: mean_loss(20): 0.29669907689094543 mean_loss(200): 0.29793214797973633
2017-06-04 13:50:05,699 - DEBUG - Step 370: mean_loss(20): 0.2747926115989685 mean_loss(200): 0.29996538162231445
2017-06-04 13:50:06,610 - DEBUG - Step 380: mean_loss(20): 0.24454836547374725 mean_loss(200): 0.2976725995540619
2017-06-04 13:50:07,416 - DEBUG - Step 390: mean_loss(20): 0.2566996216773987 mean_loss(200): 0.29848212003707886
2017-06-04 13:50:08,279 - DEBUG - Step 400: mean_loss(20): 0.34196606278419495 mean_loss(200): 0.30217039585113525
2017-06-04 13:50:09,117 - DEBUG - Step 410: mean_loss(20): 0.3053581714630127 mean_loss(200): 0.2960861325263977
2017-06-04 13:50:09,975 - DEBUG - Step 420: mean_loss(20): 0.2542637586593628 mean_loss(200): 0.2974303364753723
2017-06-04 13:50:10,793 - DEBUG - Step 430: mean_loss(20): 0.2684647738933563 mean_loss(200): 0.2960653305053711
2017-06-04 13:50:11,687 - DEBUG - Step 440: mean_loss(20): 0.2821791470050812 mean_loss(200): 0.30069592595100403
2017-06-04 13:50:12,522 - DEBUG - Step 450: mean_loss(20): 0.2973647713661194 mean_loss(200): 0.29566824436187744
2017-06-04 13:50:13,323 - DEBUG - Step 460: mean_loss(20): 0.3109433948993683 mean_loss(200): 0.2984919846057892
2017-06-04 13:50:14,133 - DEBUG - Step 470: mean_loss(20): 0.34384578466415405 mean_loss(200): 0.29635751247406006
2017-06-04 13:50:15,011 - DEBUG - Step 480: mean_loss(20): 0.2999299168586731 mean_loss(200): 0.2915564477443695
2017-06-04 13:50:15,868 - DEBUG - Step 490: mean_loss(20): 0.3163427710533142 mean_loss(200): 0.29652032256126404
2017-06-04 13:50:16,701 - DEBUG - Step 500: mean_loss(20): 0.35940292477607727 mean_loss(200): 0.3013731837272644
2017-06-04 13:50:17,594 - DEBUG - Step 510: mean_loss(20): 0.3900870680809021 mean_loss(200): 0.310430109500885
2017-06-04 13:50:18,496 - DEBUG - Step 520: mean_loss(20): 0.4398753046989441 mean_loss(200): 0.31987351179122925
2017-06-04 13:50:19,322 - DEBUG - Step 530: mean_loss(20): 0.3768077492713928 mean_loss(200): 0.320846825838089
2017-06-04 13:50:19,322 - INFO - Validation set loss: 0.3048372268676758
2017-06-04 13:50:19,323 - INFO - ====== START OF EPOCH 2 ======
2017-06-04 13:50:20,357 - DEBUG - Step 0: mean_loss(20): 0.17367899417877197 mean_loss(200): 0.17367899417877197
2017-06-04 13:50:30,923 - DEBUG - Step 10: mean_loss(20): 0.20110708475112915 mean_loss(200): 0.20110708475112915
2017-06-04 13:50:41,444 - DEBUG - Step 20: mean_loss(20): 0.2011990249156952 mean_loss(200): 0.19988854229450226
2017-06-04 13:50:52,095 - DEBUG - Step 30: mean_loss(20): 0.1887906789779663 mean_loss(200): 0.1931609958410263
2017-06-04 13:51:02,865 - DEBUG - Step 40: mean_loss(20): 0.1818680316209793 mean_loss(200): 0.19109806418418884
2017-06-04 13:51:13,640 - DEBUG - Step 50: mean_loss(20): 0.1976548731327057 mean_loss(200): 0.19492332637310028
2017-06-04 13:51:24,471 - DEBUG - Step 60: mean_loss(20): 0.2202541083097458 mean_loss(200): 0.2006574273109436
2017-06-04 13:51:35,364 - DEBUG - Step 70: mean_loss(20): 0.22633834183216095 mean_loss(200): 0.2037726193666458
2017-06-04 13:51:46,197 - DEBUG - Step 80: mean_loss(20): 0.20821459591388702 mean_loss(200): 0.20252341032028198
2017-06-04 13:51:57,000 - DEBUG - Step 90: mean_loss(20): 0.1940079629421234 mean_loss(200): 0.20162653923034668
2017-06-04 13:52:07,549 - DEBUG - Step 100: mean_loss(20): 0.19866521656513214 mean_loss(200): 0.20175939798355103
2017-06-04 13:52:18,188 - DEBUG - Step 110: mean_loss(20): 0.19355006515979767 mean_loss(200): 0.2001713216304779
2017-06-04 13:52:28,145 - DEBUG - Step 120: mean_loss(20): 0.18069781363010406 mean_loss(200): 0.19827814400196075
2017-06-04 13:52:38,320 - DEBUG - Step 130: mean_loss(20): 0.18910273909568787 mean_loss(200): 0.1984814703464508
2017-06-04 13:52:49,203 - DEBUG - Step 140: mean_loss(20): 0.20106752216815948 mean_loss(200): 0.1986737996339798
2017-06-04 13:53:00,021 - DEBUG - Step 150: mean_loss(20): 0.20888569951057434 mean_loss(200): 0.19985949993133545
2017-06-04 13:53:10,782 - DEBUG - Step 160: mean_loss(20): 0.21011194586753845 mean_loss(200): 0.20009468495845795
2017-06-04 13:53:23,115 - DEBUG - Step 170: mean_loss(20): 0.20222000777721405 mean_loss(200): 0.20013558864593506
2017-06-04 13:53:33,663 - DEBUG - Step 180: mean_loss(20): 0.20154914259910583 mean_loss(200): 0.2002553939819336
2017-06-04 13:53:44,353 - DEBUG - Step 190: mean_loss(20): 0.20768766105175018 mean_loss(200): 0.20092637836933136
2017-06-04 13:53:55,217 - DEBUG - Step 200: mean_loss(20): 0.2119852751493454 mean_loss(200): 0.20156127214431763
2017-06-04 13:54:05,815 - DEBUG - Step 210: mean_loss(20): 0.2040330469608307 mean_loss(200): 0.2012271136045456
2017-06-04 13:54:16,474 - DEBUG - Step 220: mean_loss(20): 0.20967599749565125 mean_loss(200): 0.20240896940231323
2017-06-04 13:54:27,264 - DEBUG - Step 230: mean_loss(20): 0.2163807600736618 mean_loss(200): 0.20398610830307007
2017-06-04 13:54:38,126 - DEBUG - Step 240: mean_loss(20): 0.2219308614730835 mean_loss(200): 0.20641525089740753
2017-06-04 13:54:48,826 - DEBUG - Step 250: mean_loss(20): 0.2207215279340744 mean_loss(200): 0.2062927782535553
2017-06-04 13:54:59,678 - DEBUG - Step 260: mean_loss(20): 0.20129618048667908 mean_loss(200): 0.20451946556568146
2017-06-04 13:55:10,420 - DEBUG - Step 270: mean_loss(20): 0.18646441400051117 mean_loss(200): 0.2023053914308548
2017-06-04 13:55:21,083 - DEBUG - Step 280: mean_loss(20): 0.18744900822639465 mean_loss(200): 0.20244289934635162
2017-06-04 13:55:31,908 - DEBUG - Step 290: mean_loss(20): 0.1845674067735672 mean_loss(200): 0.20136132836341858
2017-06-04 13:55:42,711 - DEBUG - Step 300: mean_loss(20): 0.18262270092964172 mean_loss(200): 0.20083864033222198
2017-06-04 13:55:53,545 - DEBUG - Step 310: mean_loss(20): 0.20047250390052795 mean_loss(200): 0.20205359160900116
2017-06-04 13:56:04,186 - DEBUG - Step 320: mean_loss(20): 0.22877641022205353 mean_loss(200): 0.20564649999141693
2017-06-04 13:56:14,817 - DEBUG - Step 330: mean_loss(20): 0.22727780044078827 mean_loss(200): 0.2058710902929306
2017-06-04 13:56:25,596 - DEBUG - Step 340: mean_loss(20): 0.20400413870811462 mean_loss(200): 0.20594017207622528
2017-06-04 13:56:36,470 - DEBUG - Step 350: mean_loss(20): 0.20226626098155975 mean_loss(200): 0.20520912110805511
2017-06-04 13:56:48,174 - DEBUG - Step 360: mean_loss(20): 0.19321675598621368 mean_loss(200): 0.20425066351890564
2017-06-04 13:57:00,118 - DEBUG - Step 370: mean_loss(20): 0.19091397523880005 mean_loss(200): 0.2040785402059555
2017-06-04 13:57:11,976 - DEBUG - Step 380: mean_loss(20): 0.19927693903446198 mean_loss(200): 0.20402342081069946
2017-06-04 13:57:24,048 - DEBUG - Step 390: mean_loss(20): 0.19146649539470673 mean_loss(200): 0.20245642960071564
2017-06-04 13:57:35,954 - DEBUG - Step 400: mean_loss(20): 0.18818581104278564 mean_loss(200): 0.20164348185062408
2017-06-04 13:57:47,725 - DEBUG - Step 410: mean_loss(20): 0.19189977645874023 mean_loss(200): 0.2012431025505066
2017-06-04 13:57:59,489 - DEBUG - Step 420: mean_loss(20): 0.19641564786434174 mean_loss(200): 0.20031744241714478
2017-06-04 13:58:11,058 - DEBUG - Step 430: mean_loss(20): 0.21063363552093506 mean_loss(200): 0.20066837966442108
2017-06-04 13:58:22,707 - DEBUG - Step 440: mean_loss(20): 0.2147650271654129 mean_loss(200): 0.19960084557533264
2017-06-04 13:58:34,292 - DEBUG - Step 450: mean_loss(20): 0.19664570689201355 mean_loss(200): 0.19826079905033112
2017-06-04 13:58:45,922 - DEBUG - Step 460: mean_loss(20): 0.19167163968086243 mean_loss(200): 0.1986384242773056
2017-06-04 13:58:57,495 - DEBUG - Step 470: mean_loss(20): 0.20674216747283936 mean_loss(200): 0.2002885788679123
2017-06-04 13:59:09,294 - DEBUG - Step 480: mean_loss(20): 0.19443866610527039 mean_loss(200): 0.19933736324310303
2017-06-04 13:59:20,877 - DEBUG - Step 490: mean_loss(20): 0.17939934134483337 mean_loss(200): 0.19977176189422607
2017-06-04 13:59:32,470 - DEBUG - Step 500: mean_loss(20): 0.18762609362602234 mean_loss(200): 0.19983772933483124
2017-06-04 13:59:44,063 - DEBUG - Step 510: mean_loss(20): 0.19465669989585876 mean_loss(200): 0.1991901844739914
2017-06-04 13:59:55,817 - DEBUG - Step 520: mean_loss(20): 0.1946536749601364 mean_loss(200): 0.1964254379272461
2017-06-04 14:00:06,839 - DEBUG - Step 530: mean_loss(20): 0.18660646677017212 mean_loss(200): 0.19512306153774261
2017-06-04 14:00:18,110 - DEBUG - Step 540: mean_loss(20): 0.1809884011745453 mean_loss(200): 0.19412387907505035
2017-06-04 14:00:29,417 - DEBUG - Step 550: mean_loss(20): 0.2061663568019867 mean_loss(200): 0.195513054728508
2017-06-04 14:00:41,037 - DEBUG - Step 560: mean_loss(20): 0.20443466305732727 mean_loss(200): 0.1952456682920456
2017-06-04 14:00:52,656 - DEBUG - Step 570: mean_loss(20): 0.1872803121805191 mean_loss(200): 0.19514968991279602
2017-06-04 14:01:04,147 - DEBUG - Step 580: mean_loss(20): 0.1962810456752777 mean_loss(200): 0.1949460655450821
2017-06-04 14:01:16,073 - DEBUG - Step 590: mean_loss(20): 0.19545356929302216 mean_loss(200): 0.1955484002828598
2017-06-04 14:01:27,833 - DEBUG - Step 600: mean_loss(20): 0.1956285685300827 mean_loss(200): 0.1956903487443924
2017-06-04 14:01:39,348 - DEBUG - Step 610: mean_loss(20): 0.19886088371276855 mean_loss(200): 0.1962445080280304
2017-06-04 14:01:50,756 - DEBUG - Step 620: mean_loss(20): 0.1951826959848404 mean_loss(200): 0.1955670565366745
2017-06-04 14:02:02,378 - DEBUG - Step 630: mean_loss(20): 0.20069603621959686 mean_loss(200): 0.1952507346868515
2017-06-04 14:02:14,072 - DEBUG - Step 640: mean_loss(20): 0.20135235786437988 mean_loss(200): 0.19422578811645508
2017-06-04 14:02:25,788 - DEBUG - Step 650: mean_loss(20): 0.19594243168830872 mean_loss(200): 0.19518043100833893
2017-06-04 14:02:37,496 - DEBUG - Step 660: mean_loss(20): 0.19211353361606598 mean_loss(200): 0.19426998496055603
2017-06-04 14:02:49,250 - DEBUG - Step 670: mean_loss(20): 0.19586971402168274 mean_loss(200): 0.19409318268299103
2017-06-04 14:03:01,111 - DEBUG - Step 680: mean_loss(20): 0.18612244725227356 mean_loss(200): 0.1934383362531662
2017-06-04 14:03:12,732 - DEBUG - Step 690: mean_loss(20): 0.19102969765663147 mean_loss(200): 0.19525621831417084
2017-06-04 14:03:24,741 - DEBUG - Step 700: mean_loss(20): 0.21383006870746613 mean_loss(200): 0.1960587352514267
2017-06-04 14:03:36,414 - DEBUG - Step 710: mean_loss(20): 0.19607426226139069 mean_loss(200): 0.1953979730606079
2017-06-04 14:03:48,057 - DEBUG - Step 720: mean_loss(20): 0.1812814623117447 mean_loss(200): 0.194721519947052
2017-06-04 14:03:59,623 - DEBUG - Step 730: mean_loss(20): 0.18536971509456635 mean_loss(200): 0.19527430832386017
2017-06-04 14:04:11,340 - DEBUG - Step 740: mean_loss(20): 0.19326069951057434 mean_loss(200): 0.1959487497806549
2017-06-04 14:04:22,830 - DEBUG - Step 750: mean_loss(20): 0.1961628794670105 mean_loss(200): 0.1942739486694336
2017-06-04 14:04:34,491 - DEBUG - Step 760: mean_loss(20): 0.18268059194087982 mean_loss(200): 0.19377334415912628
2017-06-04 14:04:45,827 - DEBUG - Step 770: mean_loss(20): 0.17420822381973267 mean_loss(200): 0.19296672940254211
2017-06-04 14:04:57,507 - DEBUG - Step 780: mean_loss(20): 0.18028292059898376 mean_loss(200): 0.1921735256910324
2017-06-04 14:05:09,145 - DEBUG - Step 790: mean_loss(20): 0.18990091979503632 mean_loss(200): 0.19241146743297577
2017-06-04 14:05:20,720 - DEBUG - Step 800: mean_loss(20): 0.18440864980220795 mean_loss(200): 0.19105154275894165
2017-06-04 14:05:32,136 - DEBUG - Step 810: mean_loss(20): 0.17171719670295715 mean_loss(200): 0.18969711661338806
2017-06-04 14:05:43,610 - DEBUG - Step 820: mean_loss(20): 0.17589063942432404 mean_loss(200): 0.18912233412265778
2017-06-04 14:05:55,274 - DEBUG - Step 830: mean_loss(20): 0.19005045294761658 mean_loss(200): 0.1886325478553772
2017-06-04 14:06:05,401 - INFO - End of epoch, training set loss (whole epoch avg): 0.19713741540908813
2017-06-04 14:06:05,540 - DEBUG - Step 0: mean_loss(20): 0.2728819251060486 mean_loss(200): 0.2728819251060486
2017-06-04 14:06:06,410 - DEBUG - Step 10: mean_loss(20): 0.3394685983657837 mean_loss(200): 0.3394685983657837
2017-06-04 14:06:07,252 - DEBUG - Step 20: mean_loss(20): 0.33660274744033813 mean_loss(200): 0.33356842398643494
2017-06-04 14:06:08,121 - DEBUG - Step 30: mean_loss(20): 0.3294197916984558 mean_loss(200): 0.332985520362854
2017-06-04 14:06:08,950 - DEBUG - Step 40: mean_loss(20): 0.3137289881706238 mean_loss(200): 0.32389065623283386
2017-06-04 14:06:09,782 - DEBUG - Step 50: mean_loss(20): 0.27491989731788635 mean_loss(200): 0.31021466851234436
2017-06-04 14:06:10,573 - DEBUG - Step 60: mean_loss(20): 0.2671666741371155 mean_loss(200): 0.30529260635375977
2017-06-04 14:06:11,479 - DEBUG - Step 70: mean_loss(20): 0.33464333415031433 mean_loss(200): 0.3170959949493408
2017-06-04 14:06:12,303 - DEBUG - Step 80: mean_loss(20): 0.30876633524894714 mean_loss(200): 0.3061503767967224
2017-06-04 14:06:13,112 - DEBUG - Step 90: mean_loss(20): 0.2736419439315796 mean_loss(200): 0.30754566192626953
2017-06-04 14:06:13,958 - DEBUG - Step 100: mean_loss(20): 0.30672359466552734 mean_loss(200): 0.30626386404037476
2017-06-04 14:06:14,838 - DEBUG - Step 110: mean_loss(20): 0.3245709538459778 mean_loss(200): 0.3106132447719574
2017-06-04 14:06:15,705 - DEBUG - Step 120: mean_loss(20): 0.3683749735355377 mean_loss(200): 0.31653010845184326
2017-06-04 14:06:16,572 - DEBUG - Step 130: mean_loss(20): 0.3296968936920166 mean_loss(200): 0.31352680921554565
2017-06-04 14:06:17,401 - DEBUG - Step 140: mean_loss(20): 0.26967138051986694 mean_loss(200): 0.3098835051059723
2017-06-04 14:06:18,124 - DEBUG - Step 150: mean_loss(20): 0.27262526750564575 mean_loss(200): 0.3081093728542328
2017-06-04 14:06:18,830 - DEBUG - Step 160: mean_loss(20): 0.26002174615859985 mean_loss(200): 0.30368950963020325
2017-06-04 14:06:19,541 - DEBUG - Step 170: mean_loss(20): 0.26692092418670654 mean_loss(200): 0.30329203605651855
2017-06-04 14:06:20,261 - DEBUG - Step 180: mean_loss(20): 0.3219066560268402 mean_loss(200): 0.30570244789123535
2017-06-04 14:06:20,974 - DEBUG - Step 190: mean_loss(20): 0.30513399839401245 mean_loss(200): 0.30348488688468933
2017-06-04 14:06:21,676 - DEBUG - Step 200: mean_loss(20): 0.2784798741340637 mean_loss(200): 0.30314430594444275
2017-06-04 14:06:22,365 - DEBUG - Step 210: mean_loss(20): 0.27172619104385376 mean_loss(200): 0.2983299195766449
2017-06-04 14:06:23,058 - DEBUG - Step 220: mean_loss(20): 0.26722252368927 mean_loss(200): 0.2962062954902649
2017-06-04 14:06:23,750 - DEBUG - Step 230: mean_loss(20): 0.25866565108299255 mean_loss(200): 0.2912544906139374
2017-06-04 14:06:24,456 - DEBUG - Step 240: mean_loss(20): 0.23332735896110535 mean_loss(200): 0.2881661355495453
2017-06-04 14:06:25,149 - DEBUG - Step 250: mean_loss(20): 0.3263202905654907 mean_loss(200): 0.2963945269584656
2017-06-04 14:06:25,842 - DEBUG - Step 260: mean_loss(20): 0.3577579855918884 mean_loss(200): 0.2972252368927002
2017-06-04 14:06:26,539 - DEBUG - Step 270: mean_loss(20): 0.2950233519077301 mean_loss(200): 0.2924325466156006
2017-06-04 14:06:27,239 - DEBUG - Step 280: mean_loss(20): 0.32955262064933777 mean_loss(200): 0.29930388927459717
2017-06-04 14:06:27,929 - DEBUG - Step 290: mean_loss(20): 0.3978392481803894 mean_loss(200): 0.30485230684280396
2017-06-04 14:06:28,628 - DEBUG - Step 300: mean_loss(20): 0.3844565749168396 mean_loss(200): 0.30707716941833496
2017-06-04 14:06:29,339 - DEBUG - Step 310: mean_loss(20): 0.31843894720077515 mean_loss(200): 0.30423909425735474
2017-06-04 14:06:30,049 - DEBUG - Step 320: mean_loss(20): 0.2767462432384491 mean_loss(200): 0.2979143261909485
2017-06-04 14:06:30,755 - DEBUG - Step 330: mean_loss(20): 0.25080153346061707 mean_loss(200): 0.29634955525398254
2017-06-04 14:06:31,467 - DEBUG - Step 340: mean_loss(20): 0.2628820240497589 mean_loss(200): 0.297235369682312
2017-06-04 14:06:32,183 - DEBUG - Step 350: mean_loss(20): 0.2765355706214905 mean_loss(200): 0.2967405617237091
2017-06-04 14:06:32,903 - DEBUG - Step 360: mean_loss(20): 0.2971661686897278 mean_loss(200): 0.3009498119354248
2017-06-04 14:06:33,613 - DEBUG - Step 370: mean_loss(20): 0.28583747148513794 mean_loss(200): 0.2986322343349457
2017-06-04 14:06:34,317 - DEBUG - Step 380: mean_loss(20): 0.27383294701576233 mean_loss(200): 0.29614242911338806
2017-06-04 14:06:35,026 - DEBUG - Step 390: mean_loss(20): 0.34134232997894287 mean_loss(200): 0.30225303769111633
2017-06-04 14:06:35,731 - DEBUG - Step 400: mean_loss(20): 0.36953842639923096 mean_loss(200): 0.30524829030036926
2017-06-04 14:06:36,427 - DEBUG - Step 410: mean_loss(20): 0.39186304807662964 mean_loss(200): 0.31426674127578735
2017-06-04 14:06:37,128 - DEBUG - Step 420: mean_loss(20): 0.4121294915676117 mean_loss(200): 0.3197389841079712
2017-06-04 14:06:37,837 - DEBUG - Step 430: mean_loss(20): 0.33443573117256165 mean_loss(200): 0.3218437433242798
2017-06-04 14:06:38,540 - DEBUG - Step 440: mean_loss(20): 0.26529455184936523 mean_loss(200): 0.32293570041656494
2017-06-04 14:06:39,237 - DEBUG - Step 450: mean_loss(20): 0.3084947168827057 mean_loss(200): 0.32006117701530457
2017-06-04 14:06:39,934 - DEBUG - Step 460: mean_loss(20): 0.30798208713531494 mean_loss(200): 0.31795811653137207
2017-06-04 14:06:40,639 - DEBUG - Step 470: mean_loss(20): 0.30333995819091797 mean_loss(200): 0.3208928406238556
2017-06-04 14:06:41,353 - DEBUG - Step 480: mean_loss(20): 0.3239098787307739 mean_loss(200): 0.31739380955696106
2017-06-04 14:06:42,058 - DEBUG - Step 490: mean_loss(20): 0.29724547266960144 mean_loss(200): 0.31083348393440247
2017-06-04 14:06:42,776 - DEBUG - Step 500: mean_loss(20): 0.3069324493408203 mean_loss(200): 0.30964142084121704
2017-06-04 14:06:43,478 - DEBUG - Step 510: mean_loss(20): 0.28513309359550476 mean_loss(200): 0.3075028955936432
2017-06-04 14:06:44,189 - DEBUG - Step 520: mean_loss(20): 0.32885581254959106 mean_loss(200): 0.31485238671302795
2017-06-04 14:06:44,892 - DEBUG - Step 530: mean_loss(20): 0.31724268198013306 mean_loss(200): 0.3141469955444336
2017-06-04 14:06:44,892 - INFO - Validation set loss: 0.307290643453598
2017-06-04 14:06:44,892 - INFO - ====== START OF EPOCH 3 ======
2017-06-04 14:06:45,844 - DEBUG - Step 0: mean_loss(20): 0.1866852194070816 mean_loss(200): 0.1866852194070816
