2017-06-09 18:24:14,364 - WARNING - Nodename: titan-lab2
2017-06-09 18:24:14,364 - WARNING - Parameters: BATCH_SIZE: 8, NN_IMAGE_SIZE: 512, BASE_CHANNELS: 32
2017-06-09 18:24:14,365 - WARNING - Augmentation: horizontal and vertical flips
2017-06-09 18:24:14,365 - WARNING - Starting checkpoint file: checkpoints/2017-06-04_23:10.ckpt
2017-06-09 18:24:14,365 - WARNING - Checkpoint file: checkpoints/2017-06-09_16:24.ckpt
2017-06-09 18:24:28,508 - WARNING - Nodename: titan-lab2
2017-06-09 18:24:28,508 - WARNING - Parameters: BATCH_SIZE: 8, NN_IMAGE_SIZE: 512, BASE_CHANNELS: 32
2017-06-09 18:24:28,509 - WARNING - Augmentation: horizontal and vertical flips
2017-06-09 18:24:28,509 - WARNING - Starting checkpoint file: checkpoints/2017-06-04_23:10.ckpt
2017-06-09 18:24:28,509 - WARNING - Checkpoint file: checkpoints/2017-06-09_16:24.ckpt
2017-06-09 18:24:31,979 - INFO - Start training
2017-06-09 18:24:37,673 - INFO - Final predictions
2017-06-09 18:24:43,483 - DEBUG - Step 0: mean_loss(20): 0.08923270553350449 mean_loss(200): 0.08923270553350449
2017-06-09 18:25:15,631 - DEBUG - Step 10: mean_loss(20): 0.16723337769508362 mean_loss(200): 0.16723337769508362
2017-06-09 18:25:47,733 - DEBUG - Step 20: mean_loss(20): 0.15165972709655762 mean_loss(200): 0.14868700504302979
2017-06-09 18:26:19,519 - DEBUG - Step 30: mean_loss(20): 0.12788870930671692 mean_loss(200): 0.14184972643852234
2017-06-09 18:26:50,291 - DEBUG - Step 40: mean_loss(20): 0.1342805027961731 mean_loss(200): 0.1416594386100769
2017-06-09 18:27:21,602 - DEBUG - Step 50: mean_loss(20): 0.12651294469833374 mean_loss(200): 0.13583530485630035
2017-06-09 18:27:53,868 - DEBUG - Step 60: mean_loss(20): 0.13022541999816895 mean_loss(200): 0.13791058957576752
2017-06-09 18:28:06,626 - INFO - Validation set loss: 0.13927170634269714
