2017-06-05 09:48:22,313 - WARNING - Nodename: titan-lab3
2017-06-05 09:48:22,313 - WARNING - Parameters: BATCH_SIZE: 8, NN_IMAGE_SIZE: 512, BASE_CHANNELS: 32
2017-06-05 09:48:22,313 - WARNING - Augmentation: horizontal and vertical flips
2017-06-05 09:48:22,313 - WARNING - Checkpoint file: checkpoints/2017-06-05_07:48.ckpt
2017-06-05 09:48:25,764 - INFO - Start training
2017-06-05 09:48:31,831 - INFO - ====== START OF EPOCH 0 ======
2017-06-05 09:48:34,735 - DEBUG - Step 0: mean_loss(20): 17.837276458740234 mean_loss(200): 17.837276458740234
2017-06-05 09:48:40,489 - DEBUG - Step 10: mean_loss(20): 7.123001575469971 mean_loss(200): 7.123001575469971
2017-06-05 09:48:46,389 - DEBUG - Step 20: mean_loss(20): 4.236649036407471 mean_loss(200): 4.884297847747803
2017-06-05 09:48:52,318 - DEBUG - Step 30: mean_loss(20): 2.0478830337524414 mean_loss(200): 3.848731756210327
2017-06-05 09:48:58,236 - DEBUG - Step 40: mean_loss(20): 1.680315613746643 mean_loss(200): 3.3213794231414795
2017-06-05 09:49:04,198 - DEBUG - Step 50: mean_loss(20): 1.6549646854400635 mean_loss(200): 2.9884307384490967
2017-06-05 09:49:10,143 - DEBUG - Step 60: mean_loss(20): 1.3579050302505493 mean_loss(200): 2.677617311477661
2017-06-05 09:49:16,115 - DEBUG - Step 70: mean_loss(20): 1.1682722568511963 mean_loss(200): 2.475710153579712
2017-06-05 09:49:22,068 - DEBUG - Step 80: mean_loss(20): 1.1712607145309448 mean_loss(200): 2.3056774139404297
2017-06-05 09:49:27,990 - DEBUG - Step 90: mean_loss(20): 1.039025068283081 mean_loss(200): 2.1599550247192383
2017-06-05 09:49:35,809 - DEBUG - Step 100: mean_loss(20): 0.9516270756721497 mean_loss(200): 2.037548780441284
2017-06-05 09:49:41,793 - DEBUG - Step 110: mean_loss(20): 0.9054253697395325 mean_loss(200): 1.9339135885238647
2017-06-05 09:49:47,751 - DEBUG - Step 120: mean_loss(20): 0.8585176467895508 mean_loss(200): 1.8426674604415894
2017-06-05 09:49:53,707 - DEBUG - Step 130: mean_loss(20): 0.9137117266654968 mean_loss(200): 1.7781577110290527
2017-06-05 09:49:59,614 - DEBUG - Step 140: mean_loss(20): 0.968527615070343 mean_loss(200): 1.718676209449768
2017-06-05 09:50:05,553 - DEBUG - Step 150: mean_loss(20): 0.8808995485305786 mean_loss(200): 1.659315586090088
2017-06-05 09:50:11,503 - DEBUG - Step 160: mean_loss(20): 0.7704065442085266 mean_loss(200): 1.6008785963058472
2017-06-05 09:50:17,456 - DEBUG - Step 170: mean_loss(20): 0.7603565454483032 mean_loss(200): 1.5541741847991943
2017-06-05 09:50:23,427 - DEBUG - Step 180: mean_loss(20): 0.8835522532463074 mean_loss(200): 1.5216161012649536
2017-06-05 09:50:29,388 - DEBUG - Step 190: mean_loss(20): 0.8244227170944214 mean_loss(200): 1.4777601957321167
2017-06-05 09:50:35,339 - DEBUG - Step 200: mean_loss(20): 0.6553161144256592 mean_loss(200): 1.3534077405929565
2017-06-05 09:50:41,276 - DEBUG - Step 210: mean_loss(20): 0.622139573097229 mean_loss(200): 1.0817101001739502
2017-06-05 09:50:47,231 - DEBUG - Step 220: mean_loss(20): 0.6478528380393982 mean_loss(200): 0.9945281744003296
2017-06-05 09:50:53,186 - DEBUG - Step 230: mean_loss(20): 0.6687033176422119 mean_loss(200): 0.9437921047210693
2017-06-05 09:50:59,173 - DEBUG - Step 240: mean_loss(20): 0.7059772610664368 mean_loss(200): 0.8970943689346313
2017-06-05 09:51:07,106 - DEBUG - Step 250: mean_loss(20): 0.6961168050765991 mean_loss(200): 0.8479072451591492
2017-06-05 09:51:13,092 - DEBUG - Step 260: mean_loss(20): 0.6266089677810669 mean_loss(200): 0.8239647746086121
2017-06-05 09:51:19,069 - DEBUG - Step 270: mean_loss(20): 0.5703641176223755 mean_loss(200): 0.788116455078125
2017-06-05 09:51:25,002 - DEBUG - Step 280: mean_loss(20): 0.5623065233230591 mean_loss(200): 0.7630693316459656
2017-06-05 09:51:30,951 - DEBUG - Step 290: mean_loss(20): 0.5883833169937134 mean_loss(200): 0.7430523037910461
2017-06-05 09:51:36,943 - DEBUG - Step 300: mean_loss(20): 0.619215190410614 mean_loss(200): 0.7298281192779541
2017-06-05 09:51:42,891 - DEBUG - Step 310: mean_loss(20): 0.6911827325820923 mean_loss(200): 0.7216280102729797
2017-06-05 09:51:48,871 - DEBUG - Step 320: mean_loss(20): 0.7266352772712708 mean_loss(200): 0.7166398763656616
2017-06-05 09:51:54,860 - DEBUG - Step 330: mean_loss(20): 0.6726446747779846 mean_loss(200): 0.6975213885307312
2017-06-05 09:52:00,805 - DEBUG - Step 340: mean_loss(20): 0.5366827249526978 mean_loss(200): 0.6734553575515747
2017-06-05 09:52:06,787 - DEBUG - Step 350: mean_loss(20): 0.5835144519805908 mean_loss(200): 0.6677828431129456
2017-06-05 09:52:12,762 - DEBUG - Step 360: mean_loss(20): 0.656147837638855 mean_loss(200): 0.6620295643806458
2017-06-05 09:52:18,754 - DEBUG - Step 370: mean_loss(20): 0.5530396699905396 mean_loss(200): 0.6470510959625244
2017-06-05 09:52:24,725 - DEBUG - Step 380: mean_loss(20): 0.5829144716262817 mean_loss(200): 0.631965696811676
2017-06-05 09:52:30,724 - DEBUG - Step 390: mean_loss(20): 0.6694708466529846 mean_loss(200): 0.6315559148788452
2017-06-05 09:52:38,271 - DEBUG - Step 400: mean_loss(20): 0.6229838132858276 mean_loss(200): 0.6287325024604797
2017-06-05 09:52:44,646 - DEBUG - Step 410: mean_loss(20): 0.516006588935852 mean_loss(200): 0.6209427118301392
2017-06-05 09:52:50,633 - DEBUG - Step 420: mean_loss(20): 0.5384405851364136 mean_loss(200): 0.6177912950515747
2017-06-05 09:52:56,624 - DEBUG - Step 430: mean_loss(20): 0.6146857738494873 mean_loss(200): 0.6155408620834351
2017-06-05 09:53:02,568 - DEBUG - Step 440: mean_loss(20): 0.5429530143737793 mean_loss(200): 0.6014888882637024
2017-06-05 09:53:08,586 - DEBUG - Step 450: mean_loss(20): 0.5292450785636902 mean_loss(200): 0.5988537073135376
2017-06-05 09:53:14,530 - DEBUG - Step 460: mean_loss(20): 0.5506626963615417 mean_loss(200): 0.5938942432403564
2017-06-05 09:53:20,528 - DEBUG - Step 470: mean_loss(20): 0.5836415886878967 mean_loss(200): 0.6001814007759094
2017-06-05 09:53:26,455 - DEBUG - Step 480: mean_loss(20): 0.6489577293395996 mean_loss(200): 0.6025593280792236
2017-06-05 09:53:32,411 - DEBUG - Step 490: mean_loss(20): 0.6073643565177917 mean_loss(200): 0.6020795702934265
2017-06-05 09:53:38,363 - DEBUG - Step 500: mean_loss(20): 0.5470279455184937 mean_loss(200): 0.5953406095504761
2017-06-05 09:53:44,335 - DEBUG - Step 510: mean_loss(20): 0.5243943929672241 mean_loss(200): 0.5854007005691528
2017-06-05 09:53:50,296 - DEBUG - Step 520: mean_loss(20): 0.6173561215400696 mean_loss(200): 0.584412693977356
2017-06-05 09:53:56,238 - DEBUG - Step 530: mean_loss(20): 0.6606121063232422 mean_loss(200): 0.584197461605072
2017-06-05 09:54:02,199 - DEBUG - Step 540: mean_loss(20): 0.5731786489486694 mean_loss(200): 0.5880622863769531
2017-06-05 09:54:08,184 - DEBUG - Step 550: mean_loss(20): 0.5159085988998413 mean_loss(200): 0.5774369239807129
2017-06-05 09:54:15,881 - DEBUG - Step 560: mean_loss(20): 0.5324914455413818 mean_loss(200): 0.5756966471672058
2017-06-05 09:54:21,865 - DEBUG - Step 570: mean_loss(20): 0.5594121217727661 mean_loss(200): 0.5780742168426514
2017-06-05 09:54:27,853 - DEBUG - Step 580: mean_loss(20): 0.5403755307197571 mean_loss(200): 0.571442723274231
2017-06-05 09:54:33,821 - DEBUG - Step 590: mean_loss(20): 0.5176411867141724 mean_loss(200): 0.5628911852836609
2017-06-05 09:54:39,803 - DEBUG - Step 600: mean_loss(20): 0.5211731791496277 mean_loss(200): 0.5612617135047913
2017-06-05 09:54:45,808 - DEBUG - Step 610: mean_loss(20): 0.47776705026626587 mean_loss(200): 0.5590672492980957
2017-06-05 09:54:51,805 - DEBUG - Step 620: mean_loss(20): 0.489950031042099 mean_loss(200): 0.5564126372337341
2017-06-05 09:54:57,804 - DEBUG - Step 630: mean_loss(20): 0.5247563719749451 mean_loss(200): 0.5500743389129639
2017-06-05 09:55:03,824 - DEBUG - Step 640: mean_loss(20): 0.5484377145767212 mean_loss(200): 0.5569611191749573
2017-06-05 09:55:09,765 - DEBUG - Step 650: mean_loss(20): 0.5902106165885925 mean_loss(200): 0.5561708211898804
2017-06-05 09:55:15,732 - DEBUG - Step 660: mean_loss(20): 0.5047778487205505 mean_loss(200): 0.5523726344108582
2017-06-05 09:55:21,779 - DEBUG - Step 670: mean_loss(20): 0.5457667708396912 mean_loss(200): 0.5523833632469177
2017-06-05 09:55:27,773 - DEBUG - Step 680: mean_loss(20): 0.5650625228881836 mean_loss(200): 0.5439831018447876
2017-06-05 09:55:33,785 - DEBUG - Step 690: mean_loss(20): 0.4734136164188385 mean_loss(200): 0.5389882922172546
2017-06-05 09:55:39,780 - DEBUG - Step 700: mean_loss(20): 0.48676472902297974 mean_loss(200): 0.5379567742347717
2017-06-05 09:55:47,418 - DEBUG - Step 710: mean_loss(20): 0.4641733169555664 mean_loss(200): 0.5329661965370178
2017-06-05 09:55:53,370 - DEBUG - Step 720: mean_loss(20): 0.4184938073158264 mean_loss(200): 0.5180705189704895
2017-06-05 09:55:59,346 - DEBUG - Step 730: mean_loss(20): 0.4101940095424652 mean_loss(200): 0.5079243183135986
2017-06-05 09:56:05,323 - DEBUG - Step 740: mean_loss(20): 0.4347440302371979 mean_loss(200): 0.5042270421981812
2017-06-05 09:56:11,281 - DEBUG - Step 750: mean_loss(20): 0.4705290198326111 mean_loss(200): 0.503386378288269
2017-06-05 09:56:17,232 - DEBUG - Step 760: mean_loss(20): 0.4507671296596527 mean_loss(200): 0.49605467915534973
2017-06-05 09:56:23,181 - DEBUG - Step 770: mean_loss(20): 0.4173777103424072 mean_loss(200): 0.4891829788684845
2017-06-05 09:56:29,121 - DEBUG - Step 780: mean_loss(20): 0.43149814009666443 mean_loss(200): 0.4851669371128082
2017-06-05 09:56:35,098 - DEBUG - Step 790: mean_loss(20): 0.45096898078918457 mean_loss(200): 0.48251572251319885
2017-06-05 09:56:41,054 - DEBUG - Step 800: mean_loss(20): 0.4359072148799896 mean_loss(200): 0.4766403138637543
2017-06-05 09:56:47,006 - DEBUG - Step 810: mean_loss(20): 0.43106740713119507 mean_loss(200): 0.4778457581996918
2017-06-05 09:56:52,986 - DEBUG - Step 820: mean_loss(20): 0.4721537232398987 mean_loss(200): 0.47486069798469543
2017-06-05 09:56:59,021 - DEBUG - Step 830: mean_loss(20): 0.5014219284057617 mean_loss(200): 0.4755123555660248
2017-06-05 09:57:05,019 - DEBUG - Step 840: mean_loss(20): 0.4971075654029846 mean_loss(200): 0.46972766518592834
2017-06-05 09:57:10,992 - DEBUG - Step 850: mean_loss(20): 0.4449002742767334 mean_loss(200): 0.4609812796115875
2017-06-05 09:57:18,992 - DEBUG - Step 860: mean_loss(20): 0.425104558467865 mean_loss(200): 0.46176034212112427
2017-06-05 09:57:25,005 - DEBUG - Step 870: mean_loss(20): 0.44922223687171936 mean_loss(200): 0.45132681727409363
2017-06-05 09:57:30,973 - DEBUG - Step 880: mean_loss(20): 0.4304135739803314 mean_loss(200): 0.4482954442501068
2017-06-05 09:57:36,950 - DEBUG - Step 890: mean_loss(20): 0.4346584379673004 mean_loss(200): 0.44745132327079773
2017-06-05 09:57:42,923 - DEBUG - Step 900: mean_loss(20): 0.42875438928604126 mean_loss(200): 0.44249439239501953
2017-06-05 09:57:48,874 - DEBUG - Step 910: mean_loss(20): 0.4038047790527344 mean_loss(200): 0.4414144456386566
2017-06-05 09:57:54,869 - DEBUG - Step 920: mean_loss(20): 0.42744579911231995 mean_loss(200): 0.4433895945549011
2017-06-05 09:58:00,874 - DEBUG - Step 930: mean_loss(20): 0.40636587142944336 mean_loss(200): 0.44103163480758667
2017-06-05 09:58:06,864 - DEBUG - Step 940: mean_loss(20): 0.363078773021698 mean_loss(200): 0.4362230598926544
2017-06-05 09:58:12,801 - DEBUG - Step 950: mean_loss(20): 0.3956754207611084 mean_loss(200): 0.4335463047027588
2017-06-05 09:58:18,832 - DEBUG - Step 960: mean_loss(20): 0.4762032628059387 mean_loss(200): 0.4387667179107666
2017-06-05 09:58:24,815 - DEBUG - Step 970: mean_loss(20): 0.49458783864974976 mean_loss(200): 0.44126731157302856
2017-06-05 09:58:30,783 - DEBUG - Step 980: mean_loss(20): 0.43803662061691284 mean_loss(200): 0.43942055106163025
2017-06-05 09:58:36,791 - DEBUG - Step 990: mean_loss(20): 0.449672132730484 mean_loss(200): 0.4411376714706421
2017-06-05 09:58:42,801 - DEBUG - Step 1000: mean_loss(20): 0.46641749143600464 mean_loss(200): 0.44247159361839294
2017-06-05 09:58:50,714 - DEBUG - Step 1010: mean_loss(20): 0.4366549551486969 mean_loss(200): 0.4416964054107666
2017-06-05 09:58:56,716 - DEBUG - Step 1020: mean_loss(20): 0.44709667563438416 mean_loss(200): 0.4399659037590027
2017-06-05 09:59:02,689 - DEBUG - Step 1030: mean_loss(20): 0.46046966314315796 mean_loss(200): 0.4376011788845062
2017-06-05 09:59:08,669 - DEBUG - Step 1040: mean_loss(20): 0.455203115940094 mean_loss(200): 0.4357754588127136
2017-06-05 09:59:14,664 - DEBUG - Step 1050: mean_loss(20): 0.4455831050872803 mean_loss(200): 0.43766945600509644
2017-06-05 09:59:20,641 - DEBUG - Step 1060: mean_loss(20): 0.4697086811065674 mean_loss(200): 0.44023582339286804
2017-06-05 09:59:26,599 - DEBUG - Step 1070: mean_loss(20): 0.4438314437866211 mean_loss(200): 0.4371303617954254
2017-06-05 09:59:32,581 - DEBUG - Step 1080: mean_loss(20): 0.3649807572364807 mean_loss(200): 0.4336925446987152
2017-06-05 09:59:38,547 - DEBUG - Step 1090: mean_loss(20): 0.40605273842811584 mean_loss(200): 0.4342697858810425
2017-06-05 09:59:44,546 - DEBUG - Step 1100: mean_loss(20): 0.429024875164032 mean_loss(200): 0.4337196350097656
2017-06-05 09:59:50,512 - DEBUG - Step 1110: mean_loss(20): 0.40443485975265503 mean_loss(200): 0.43433281779289246
2017-06-05 09:59:56,529 - DEBUG - Step 1120: mean_loss(20): 0.4251769185066223 mean_loss(200): 0.4334927499294281
2017-06-05 10:00:02,490 - DEBUG - Step 1130: mean_loss(20): 0.4383964538574219 mean_loss(200): 0.4375358521938324
2017-06-05 10:00:08,481 - DEBUG - Step 1140: mean_loss(20): 0.42144837975502014 mean_loss(200): 0.43932968378067017
2017-06-05 10:00:14,447 - DEBUG - Step 1150: mean_loss(20): 0.4238453805446625 mean_loss(200): 0.4403528571128845
2017-06-05 10:00:22,534 - DEBUG - Step 1160: mean_loss(20): 0.43930158019065857 mean_loss(200): 0.43563950061798096
2017-06-05 10:00:28,535 - DEBUG - Step 1170: mean_loss(20): 0.40084385871887207 mean_loss(200): 0.4309784770011902
2017-06-05 10:00:34,516 - DEBUG - Step 1180: mean_loss(20): 0.39790838956832886 mean_loss(200): 0.43162667751312256
2017-06-05 10:00:40,514 - DEBUG - Step 1190: mean_loss(20): 0.42029738426208496 mean_loss(200): 0.428041011095047
2017-06-05 10:00:46,476 - DEBUG - Step 1200: mean_loss(20): 0.385009229183197 mean_loss(200): 0.4234858751296997
2017-06-05 10:00:52,441 - DEBUG - Step 1210: mean_loss(20): 0.3635202944278717 mean_loss(200): 0.42072755098342896
2017-06-05 10:00:58,397 - DEBUG - Step 1220: mean_loss(20): 0.4080936014652252 mean_loss(200): 0.41958558559417725
2017-06-05 10:01:04,360 - DEBUG - Step 1230: mean_loss(20): 0.4576278328895569 mean_loss(200): 0.4204433560371399
2017-06-05 10:01:10,333 - DEBUG - Step 1240: mean_loss(20): 0.4920879304409027 mean_loss(200): 0.4232740104198456
2017-06-05 10:01:16,343 - DEBUG - Step 1250: mean_loss(20): 0.48067769408226013 mean_loss(200): 0.42395278811454773
2017-06-05 10:01:22,302 - DEBUG - Step 1260: mean_loss(20): 0.41324716806411743 mean_loss(200): 0.41762787103652954
2017-06-05 10:01:22,907 - INFO - End of epoch, training set loss (whole epoch avg): 0.6509895920753479
2017-06-05 10:01:23,441 - DEBUG - Step 0: mean_loss(20): 0.3847392499446869 mean_loss(200): 0.3847392499446869
2017-06-05 10:01:27,433 - DEBUG - Step 10: mean_loss(20): 0.3987327814102173 mean_loss(200): 0.3987327814102173
2017-06-05 10:01:31,614 - DEBUG - Step 20: mean_loss(20): 0.39886367321014404 mean_loss(200): 0.39819109439849854
2017-06-05 10:01:35,841 - DEBUG - Step 30: mean_loss(20): 0.42492350935935974 mean_loss(200): 0.4156300723552704
2017-06-05 10:01:39,993 - DEBUG - Step 40: mean_loss(20): 0.3785816729068756 mean_loss(200): 0.38862553238868713
2017-06-05 10:01:44,203 - DEBUG - Step 50: mean_loss(20): 0.3562329113483429 mean_loss(200): 0.39233705401420593
2017-06-05 10:01:48,376 - DEBUG - Step 60: mean_loss(20): 0.4168735444545746 mean_loss(200): 0.39788714051246643
2017-06-05 10:01:51,198 - INFO - Validation set loss: 0.3924064040184021
2017-06-05 10:01:51,199 - INFO - ====== START OF EPOCH 1 ======
2017-06-05 10:01:51,800 - DEBUG - Step 0: mean_loss(20): 0.5107954740524292 mean_loss(200): 0.5107954740524292
2017-06-05 10:01:57,994 - DEBUG - Step 10: mean_loss(20): 0.4474296271800995 mean_loss(200): 0.4474296271800995
2017-06-05 10:02:04,031 - DEBUG - Step 20: mean_loss(20): 0.3983704149723053 mean_loss(200): 0.40372398495674133
2017-06-05 10:02:10,138 - DEBUG - Step 30: mean_loss(20): 0.38359272480010986 mean_loss(200): 0.4062444865703583
2017-06-05 10:02:16,129 - DEBUG - Step 40: mean_loss(20): 0.4211753308773041 mean_loss(200): 0.41223689913749695
2017-06-05 10:02:22,144 - DEBUG - Step 50: mean_loss(20): 0.41845735907554626 mean_loss(200): 0.41103389859199524
2017-06-05 10:02:28,117 - DEBUG - Step 60: mean_loss(20): 0.39312946796417236 mean_loss(200): 0.40597212314605713
2017-06-05 10:02:34,146 - DEBUG - Step 70: mean_loss(20): 0.39276087284088135 mean_loss(200): 0.40588656067848206
2017-06-05 10:02:40,147 - DEBUG - Step 80: mean_loss(20): 0.3897760212421417 mean_loss(200): 0.40197309851646423
2017-06-05 10:02:46,095 - DEBUG - Step 90: mean_loss(20): 0.40460270643234253 mean_loss(200): 0.40560439229011536
2017-06-05 10:02:52,124 - DEBUG - Step 100: mean_loss(20): 0.39980459213256836 mean_loss(200): 0.4015437066555023
2017-06-05 10:02:58,155 - DEBUG - Step 110: mean_loss(20): 0.3982352018356323 mean_loss(200): 0.40427663922309875
2017-06-05 10:03:04,157 - DEBUG - Step 120: mean_loss(20): 0.40871793031692505 mean_loss(200): 0.40272951126098633
2017-06-05 10:03:10,167 - DEBUG - Step 130: mean_loss(20): 0.4317306876182556 mean_loss(200): 0.4084680676460266
2017-06-05 10:03:16,131 - DEBUG - Step 140: mean_loss(20): 0.4488638937473297 mean_loss(200): 0.4092734158039093
2017-06-05 10:03:22,111 - DEBUG - Step 150: mean_loss(20): 0.3904944062232971 mean_loss(200): 0.4060874283313751
2017-06-05 10:03:29,912 - DEBUG - Step 160: mean_loss(20): 0.38437286019325256 mean_loss(200): 0.406180202960968
2017-06-05 10:03:35,890 - DEBUG - Step 170: mean_loss(20): 0.3694901466369629 mean_loss(200): 0.40180709958076477
2017-06-05 10:03:41,921 - DEBUG - Step 180: mean_loss(20): 0.3798465430736542 mean_loss(200): 0.4032703936100006
2017-06-05 10:03:47,893 - DEBUG - Step 190: mean_loss(20): 0.4250575006008148 mean_loss(200): 0.404241681098938
2017-06-05 10:03:53,836 - DEBUG - Step 200: mean_loss(20): 0.4007904529571533 mean_loss(200): 0.4024847745895386
2017-06-05 10:03:59,847 - DEBUG - Step 210: mean_loss(20): 0.37227919697761536 mean_loss(200): 0.3986700773239136
2017-06-05 10:04:05,794 - DEBUG - Step 220: mean_loss(20): 0.37420210242271423 mean_loss(200): 0.40006789565086365
2017-06-05 10:04:11,740 - DEBUG - Step 230: mean_loss(20): 0.381658673286438 mean_loss(200): 0.3984766900539398
2017-06-05 10:04:17,706 - DEBUG - Step 240: mean_loss(20): 0.3828640282154083 mean_loss(200): 0.3962368071079254
2017-06-05 10:04:23,707 - DEBUG - Step 250: mean_loss(20): 0.38210195302963257 mean_loss(200): 0.39484110474586487
2017-06-05 10:04:29,684 - DEBUG - Step 260: mean_loss(20): 0.4255293309688568 mean_loss(200): 0.3994767665863037
2017-06-05 10:04:35,670 - DEBUG - Step 270: mean_loss(20): 0.41710272431373596 mean_loss(200): 0.39727532863616943
2017-06-05 10:04:41,658 - DEBUG - Step 280: mean_loss(20): 0.38288313150405884 mean_loss(200): 0.3987874984741211
2017-06-05 10:04:47,664 - DEBUG - Step 290: mean_loss(20): 0.4016318917274475 mean_loss(200): 0.3969782292842865
2017-06-05 10:04:53,628 - DEBUG - Step 300: mean_loss(20): 0.37750107049942017 mean_loss(200): 0.39655712246894836
2017-06-05 10:05:01,437 - DEBUG - Step 310: mean_loss(20): 0.38618117570877075 mean_loss(200): 0.3957728445529938
2017-06-05 10:05:07,394 - DEBUG - Step 320: mean_loss(20): 0.40418750047683716 mean_loss(200): 0.3961041271686554
2017-06-05 10:05:13,355 - DEBUG - Step 330: mean_loss(20): 0.3771023452281952 mean_loss(200): 0.39030998945236206
2017-06-05 10:05:19,309 - DEBUG - Step 340: mean_loss(20): 0.35259580612182617 mean_loss(200): 0.3864772915840149
2017-06-05 10:05:25,278 - DEBUG - Step 350: mean_loss(20): 0.4108096659183502 mean_loss(200): 0.3923415243625641
2017-06-05 10:05:31,255 - DEBUG - Step 360: mean_loss(20): 0.4135921001434326 mean_loss(200): 0.3893991708755493
2017-06-05 10:05:37,239 - DEBUG - Step 370: mean_loss(20): 0.42511096596717834 mean_loss(200): 0.39790359139442444
2017-06-05 10:05:43,217 - DEBUG - Step 380: mean_loss(20): 0.47451072931289673 mean_loss(200): 0.39886561036109924
2017-06-05 10:05:49,163 - DEBUG - Step 390: mean_loss(20): 0.4166991114616394 mean_loss(200): 0.39706775546073914
2017-06-05 10:05:55,108 - DEBUG - Step 400: mean_loss(20): 0.3826032280921936 mean_loss(200): 0.39704689383506775
2017-06-05 10:06:01,144 - DEBUG - Step 410: mean_loss(20): 0.3673717677593231 mean_loss(200): 0.39657700061798096
2017-06-05 10:06:07,135 - DEBUG - Step 420: mean_loss(20): 0.3602094054222107 mean_loss(200): 0.3956476151943207
2017-06-05 10:06:13,127 - DEBUG - Step 430: mean_loss(20): 0.3818717300891876 mean_loss(200): 0.39659836888313293
2017-06-05 10:06:19,102 - DEBUG - Step 440: mean_loss(20): 0.4341922700405121 mean_loss(200): 0.40078043937683105
2017-06-05 10:06:25,065 - DEBUG - Step 450: mean_loss(20): 0.39482492208480835 mean_loss(200): 0.39787060022354126
2017-06-05 10:06:32,944 - DEBUG - Step 460: mean_loss(20): 0.3762665390968323 mean_loss(200): 0.3958541750907898
2017-06-05 10:06:38,925 - DEBUG - Step 470: mean_loss(20): 0.41966286301612854 mean_loss(200): 0.39812663197517395
2017-06-05 10:06:44,903 - DEBUG - Step 480: mean_loss(20): 0.4128580689430237 mean_loss(200): 0.3988516926765442
2017-06-05 10:06:50,883 - DEBUG - Step 490: mean_loss(20): 0.38884398341178894 mean_loss(200): 0.39684784412384033
2017-06-05 10:06:56,906 - DEBUG - Step 500: mean_loss(20): 0.40717148780822754 mean_loss(200): 0.40181872248649597
2017-06-05 10:07:02,898 - DEBUG - Step 510: mean_loss(20): 0.42593011260032654 mean_loss(200): 0.4008227586746216
2017-06-05 10:07:08,848 - DEBUG - Step 520: mean_loss(20): 0.3833504617214203 mean_loss(200): 0.3997350335121155
2017-06-05 10:07:14,788 - DEBUG - Step 530: mean_loss(20): 0.3621349036693573 mean_loss(200): 0.39932602643966675
2017-06-05 10:07:20,795 - DEBUG - Step 540: mean_loss(20): 0.3923400342464447 mean_loss(200): 0.40370941162109375
2017-06-05 10:07:26,746 - DEBUG - Step 550: mean_loss(20): 0.41534224152565 mean_loss(200): 0.3997792899608612
2017-06-05 10:07:32,751 - DEBUG - Step 560: mean_loss(20): 0.3794747292995453 mean_loss(200): 0.40029770135879517
2017-06-05 10:07:38,735 - DEBUG - Step 570: mean_loss(20): 0.3810043931007385 mean_loss(200): 0.3953686058521271
2017-06-05 10:07:44,743 - DEBUG - Step 580: mean_loss(20): 0.3946300446987152 mean_loss(200): 0.39230963587760925
2017-06-05 10:07:50,674 - DEBUG - Step 590: mean_loss(20): 0.39822912216186523 mean_loss(200): 0.39352160692214966
2017-06-05 10:07:56,668 - DEBUG - Step 600: mean_loss(20): 0.42783641815185547 mean_loss(200): 0.39683297276496887
2017-06-05 10:08:04,344 - DEBUG - Step 610: mean_loss(20): 0.39430615305900574 mean_loss(200): 0.3962150514125824
2017-06-05 10:08:10,328 - DEBUG - Step 620: mean_loss(20): 0.3390409052371979 mean_loss(200): 0.3947161138057709
2017-06-05 10:08:16,293 - DEBUG - Step 630: mean_loss(20): 0.3674859404563904 mean_loss(200): 0.39477649331092834
2017-06-05 10:08:22,272 - DEBUG - Step 640: mean_loss(20): 0.395493745803833 mean_loss(200): 0.39084625244140625
2017-06-05 10:08:28,241 - DEBUG - Step 650: mean_loss(20): 0.38153892755508423 mean_loss(200): 0.3934478759765625
2017-06-05 10:08:34,232 - DEBUG - Step 660: mean_loss(20): 0.3825070858001709 mean_loss(200): 0.391470342874527
2017-06-05 10:08:40,206 - DEBUG - Step 670: mean_loss(20): 0.4180942475795746 mean_loss(200): 0.39329102635383606
2017-06-05 10:08:46,145 - DEBUG - Step 680: mean_loss(20): 0.4039117395877838 mean_loss(200): 0.390575647354126
2017-06-05 10:08:52,143 - DEBUG - Step 690: mean_loss(20): 0.38934510946273804 mean_loss(200): 0.39334115386009216
2017-06-05 10:08:58,143 - DEBUG - Step 700: mean_loss(20): 0.42855286598205566 mean_loss(200): 0.3927138149738312
2017-06-05 10:09:04,110 - DEBUG - Step 710: mean_loss(20): 0.42956453561782837 mean_loss(200): 0.3937045633792877
2017-06-05 10:09:10,124 - DEBUG - Step 720: mean_loss(20): 0.38238951563835144 mean_loss(200): 0.39261773228645325
2017-06-05 10:09:16,076 - DEBUG - Step 730: mean_loss(20): 0.3586665689945221 mean_loss(200): 0.3933577239513397
2017-06-05 10:09:22,029 - DEBUG - Step 740: mean_loss(20): 0.35401058197021484 mean_loss(200): 0.3887847661972046
2017-06-05 10:09:27,989 - DEBUG - Step 750: mean_loss(20): 0.3293682932853699 mean_loss(200): 0.3847603499889374
2017-06-05 10:09:36,009 - DEBUG - Step 760: mean_loss(20): 0.3529464304447174 mean_loss(200): 0.3861319422721863
2017-06-05 10:09:41,979 - DEBUG - Step 770: mean_loss(20): 0.41092878580093384 mean_loss(200): 0.3877527713775635
2017-06-05 10:09:47,950 - DEBUG - Step 780: mean_loss(20): 0.39756762981414795 mean_loss(200): 0.3864257037639618
2017-06-05 10:09:53,983 - DEBUG - Step 790: mean_loss(20): 0.40225863456726074 mean_loss(200): 0.3881557583808899
2017-06-05 10:09:59,903 - DEBUG - Step 800: mean_loss(20): 0.3852115571498871 mean_loss(200): 0.3821631968021393
2017-06-05 10:10:05,865 - DEBUG - Step 810: mean_loss(20): 0.35319584608078003 mean_loss(200): 0.3840446472167969
2017-06-05 10:10:11,851 - DEBUG - Step 820: mean_loss(20): 0.3823736906051636 mean_loss(200): 0.38649651408195496
2017-06-05 10:10:17,782 - DEBUG - Step 830: mean_loss(20): 0.38070181012153625 mean_loss(200): 0.385366290807724
2017-06-05 10:10:23,757 - DEBUG - Step 840: mean_loss(20): 0.3696443438529968 mean_loss(200): 0.38391152024269104
2017-06-05 10:10:29,717 - DEBUG - Step 850: mean_loss(20): 0.33954113721847534 mean_loss(200): 0.3811664879322052
2017-06-05 10:10:35,691 - DEBUG - Step 860: mean_loss(20): 0.31707286834716797 mean_loss(200): 0.37736812233924866
2017-06-05 10:10:41,653 - DEBUG - Step 870: mean_loss(20): 0.33275318145751953 mean_loss(200): 0.37263238430023193
2017-06-05 10:10:47,656 - DEBUG - Step 880: mean_loss(20): 0.34532344341278076 mean_loss(200): 0.371509313583374
2017-06-05 10:10:53,671 - DEBUG - Step 890: mean_loss(20): 0.3498445749282837 mean_loss(200): 0.368682324886322
2017-06-05 10:10:59,641 - DEBUG - Step 900: mean_loss(20): 0.3443249464035034 mean_loss(200): 0.363086462020874
2017-06-05 10:11:07,470 - DEBUG - Step 910: mean_loss(20): 0.35574835538864136 mean_loss(200): 0.3613007366657257
2017-06-05 10:11:13,466 - DEBUG - Step 920: mean_loss(20): 0.39972585439682007 mean_loss(200): 0.36482009291648865
2017-06-05 10:11:19,439 - DEBUG - Step 930: mean_loss(20): 0.3732311725616455 mean_loss(200): 0.3627571761608124
2017-06-05 10:11:25,408 - DEBUG - Step 940: mean_loss(20): 0.3511435389518738 mean_loss(200): 0.3645334243774414
2017-06-05 10:11:31,369 - DEBUG - Step 950: mean_loss(20): 0.39692041277885437 mean_loss(200): 0.3695124089717865
2017-06-05 10:11:37,351 - DEBUG - Step 960: mean_loss(20): 0.4167695641517639 mean_loss(200): 0.3709157705307007
2017-06-05 10:11:43,298 - DEBUG - Step 970: mean_loss(20): 0.45341309905052185 mean_loss(200): 0.37376081943511963
2017-06-05 10:11:49,323 - DEBUG - Step 980: mean_loss(20): 0.4818171560764313 mean_loss(200): 0.37934067845344543
2017-06-05 10:11:55,353 - DEBUG - Step 990: mean_loss(20): 0.41328781843185425 mean_loss(200): 0.37486374378204346
2017-06-05 10:12:01,316 - DEBUG - Step 1000: mean_loss(20): 0.37101292610168457 mean_loss(200): 0.37792083621025085
2017-06-05 10:12:07,278 - DEBUG - Step 1010: mean_loss(20): 0.38630855083465576 mean_loss(200): 0.3781750202178955
2017-06-05 10:12:13,269 - DEBUG - Step 1020: mean_loss(20): 0.3736308515071869 mean_loss(200): 0.3770465552806854
2017-06-05 10:12:19,259 - DEBUG - Step 1030: mean_loss(20): 0.3780701756477356 mean_loss(200): 0.37791183590888977
2017-06-05 10:12:25,203 - DEBUG - Step 1040: mean_loss(20): 0.38720399141311646 mean_loss(200): 0.37880247831344604
2017-06-05 10:12:31,142 - DEBUG - Step 1050: mean_loss(20): 0.3909671902656555 mean_loss(200): 0.3830544352531433
2017-06-05 10:12:38,828 - DEBUG - Step 1060: mean_loss(20): 0.39757341146469116 mean_loss(200): 0.38685253262519836
2017-06-05 10:12:44,887 - DEBUG - Step 1070: mean_loss(20): 0.385423481464386 mean_loss(200): 0.38832148909568787
2017-06-05 10:12:50,834 - DEBUG - Step 1080: mean_loss(20): 0.3790927529335022 mean_loss(200): 0.3902294933795929
2017-06-05 10:12:56,802 - DEBUG - Step 1090: mean_loss(20): 0.3588048219680786 mean_loss(200): 0.3892175257205963
2017-06-05 10:13:02,755 - DEBUG - Step 1100: mean_loss(20): 0.35381361842155457 mean_loss(200): 0.3911783695220947
2017-06-05 10:13:08,723 - DEBUG - Step 1110: mean_loss(20): 0.37275439500808716 mean_loss(200): 0.39091813564300537
2017-06-05 10:13:14,720 - DEBUG - Step 1120: mean_loss(20): 0.3957548439502716 mean_loss(200): 0.3907812535762787
2017-06-05 10:13:20,685 - DEBUG - Step 1130: mean_loss(20): 0.3820693790912628 mean_loss(200): 0.3918019235134125
2017-06-05 10:13:26,639 - DEBUG - Step 1140: mean_loss(20): 0.3466770052909851 mean_loss(200): 0.3903345763683319
2017-06-05 10:13:32,605 - DEBUG - Step 1150: mean_loss(20): 0.361492782831192 mean_loss(200): 0.3882591724395752
2017-06-05 10:13:38,578 - DEBUG - Step 1160: mean_loss(20): 0.4273122251033783 mean_loss(200): 0.3913888931274414
2017-06-05 10:13:44,570 - DEBUG - Step 1170: mean_loss(20): 0.44561344385147095 mean_loss(200): 0.38747918605804443
2017-06-05 10:13:50,602 - DEBUG - Step 1180: mean_loss(20): 0.42947524785995483 mean_loss(200): 0.3861547112464905
2017-06-05 10:13:56,565 - DEBUG - Step 1190: mean_loss(20): 0.4440991282463074 mean_loss(200): 0.3905603289604187
2017-06-05 10:14:02,540 - DEBUG - Step 1200: mean_loss(20): 0.43758702278137207 mean_loss(200): 0.3928121328353882
2017-06-05 10:14:08,514 - DEBUG - Step 1210: mean_loss(20): 0.40088924765586853 mean_loss(200): 0.3920184373855591
2017-06-05 10:14:16,241 - DEBUG - Step 1220: mean_loss(20): 0.3792560398578644 mean_loss(200): 0.39337462186813354
2017-06-05 10:14:22,189 - DEBUG - Step 1230: mean_loss(20): 0.3759356141090393 mean_loss(200): 0.391804963350296
2017-06-05 10:14:28,155 - DEBUG - Step 1240: mean_loss(20): 0.36179035902023315 mean_loss(200): 0.3908332884311676
2017-06-05 10:14:34,161 - DEBUG - Step 1250: mean_loss(20): 0.3652450442314148 mean_loss(200): 0.3892327547073364
2017-06-05 10:14:40,128 - DEBUG - Step 1260: mean_loss(20): 0.3821703791618347 mean_loss(200): 0.38929298520088196
2017-06-05 10:14:40,727 - INFO - End of epoch, training set loss (whole epoch avg): 0.390885591506958
2017-06-05 10:14:41,133 - DEBUG - Step 0: mean_loss(20): 0.4003639817237854 mean_loss(200): 0.4003639817237854
2017-06-05 10:14:45,151 - DEBUG - Step 10: mean_loss(20): 0.4461914300918579 mean_loss(200): 0.4461914300918579
2017-06-05 10:14:49,347 - DEBUG - Step 20: mean_loss(20): 0.44080424308776855 mean_loss(200): 0.4388785660266876
2017-06-05 10:14:53,583 - DEBUG - Step 30: mean_loss(20): 0.4617241322994232 mean_loss(200): 0.45621249079704285
2017-06-05 10:14:57,843 - DEBUG - Step 40: mean_loss(20): 0.4448697566986084 mean_loss(200): 0.4418010711669922
2017-06-05 10:15:02,066 - DEBUG - Step 50: mean_loss(20): 0.3910787105560303 mean_loss(200): 0.4306698739528656
2017-06-05 10:15:06,300 - DEBUG - Step 60: mean_loss(20): 0.3828423023223877 mean_loss(200): 0.4224703311920166
2017-06-05 10:15:07,956 - INFO - Validation set loss: 0.42710375785827637
2017-06-05 10:15:07,956 - INFO - ====== START OF EPOCH 2 ======
2017-06-05 10:15:08,554 - DEBUG - Step 0: mean_loss(20): 0.3997834324836731 mean_loss(200): 0.3997834324836731
2017-06-05 10:15:14,578 - DEBUG - Step 10: mean_loss(20): 0.4200182259082794 mean_loss(200): 0.4200182259082794
2017-06-05 10:15:20,744 - DEBUG - Step 20: mean_loss(20): 0.4617035388946533 mean_loss(200): 0.4587549567222595
2017-06-05 10:15:26,696 - DEBUG - Step 30: mean_loss(20): 0.45854154229164124 mean_loss(200): 0.4448719918727875
2017-06-05 10:15:32,752 - DEBUG - Step 40: mean_loss(20): 0.37980276346206665 mean_loss(200): 0.42024171352386475
2017-06-05 10:15:38,756 - DEBUG - Step 50: mean_loss(20): 0.3689349591732025 mean_loss(200): 0.4150927662849426
2017-06-05 10:15:46,607 - DEBUG - Step 60: mean_loss(20): 0.34755370020866394 mean_loss(200): 0.3964095711708069
2017-06-05 10:15:52,643 - DEBUG - Step 70: mean_loss(20): 0.34709352254867554 mean_loss(200): 0.3959380090236664
2017-06-05 10:15:58,645 - DEBUG - Step 80: mean_loss(20): 0.3533949851989746 mean_loss(200): 0.3857886791229248
2017-06-05 10:16:04,647 - DEBUG - Step 90: mean_loss(20): 0.35825371742248535 mean_loss(200): 0.3876557946205139
2017-06-05 10:16:10,637 - DEBUG - Step 100: mean_loss(20): 0.3724842369556427 mean_loss(200): 0.38315412402153015
2017-06-05 10:16:16,628 - DEBUG - Step 110: mean_loss(20): 0.3806660771369934 mean_loss(200): 0.3863963484764099
2017-06-05 10:16:22,617 - DEBUG - Step 120: mean_loss(20): 0.4258994460105896 mean_loss(200): 0.390219509601593
2017-06-05 10:16:28,607 - DEBUG - Step 130: mean_loss(20): 0.3840252161026001 mean_loss(200): 0.3860343396663666
2017-06-05 10:16:34,597 - DEBUG - Step 140: mean_loss(20): 0.3783772587776184 mean_loss(200): 0.38853970170021057
2017-06-05 10:16:40,613 - DEBUG - Step 150: mean_loss(20): 0.43572479486465454 mean_loss(200): 0.3926158547401428
2017-06-05 10:16:46,619 - DEBUG - Step 160: mean_loss(20): 0.4508664608001709 mean_loss(200): 0.3962821662425995
2017-06-05 10:16:52,602 - DEBUG - Step 170: mean_loss(20): 0.4138266146183014 mean_loss(200): 0.39509662985801697
2017-06-05 10:16:58,583 - DEBUG - Step 180: mean_loss(20): 0.4079757630825043 mean_loss(200): 0.3975743353366852
2017-06-05 10:17:04,528 - DEBUG - Step 190: mean_loss(20): 0.4431752562522888 mean_loss(200): 0.40013107657432556
2017-06-05 10:17:10,501 - DEBUG - Step 200: mean_loss(20): 0.4565363824367523 mean_loss(200): 0.40345945954322815
2017-06-05 10:17:18,408 - DEBUG - Step 210: mean_loss(20): 0.4112760126590729 mean_loss(200): 0.4001517593860626
2017-06-05 10:17:24,381 - DEBUG - Step 220: mean_loss(20): 0.3784313499927521 mean_loss(200): 0.39513224363327026
2017-06-05 10:17:30,376 - DEBUG - Step 230: mean_loss(20): 0.4338148534297943 mean_loss(200): 0.39767906069755554
2017-06-05 10:17:36,381 - DEBUG - Step 240: mean_loss(20): 0.4341827929019928 mean_loss(200): 0.40057021379470825
2017-06-05 10:17:42,371 - DEBUG - Step 250: mean_loss(20): 0.38189560174942017 mean_loss(200): 0.398975133895874
2017-06-05 10:17:48,346 - DEBUG - Step 260: mean_loss(20): 0.36266860365867615 mean_loss(200): 0.40208175778388977
2017-06-05 10:17:54,300 - DEBUG - Step 270: mean_loss(20): 0.34653687477111816 mean_loss(200): 0.3989194929599762
2017-06-05 10:18:00,289 - DEBUG - Step 280: mean_loss(20): 0.3436303734779358 mean_loss(200): 0.40110528469085693
2017-06-05 10:18:06,234 - DEBUG - Step 290: mean_loss(20): 0.3610358238220215 mean_loss(200): 0.39919769763946533
2017-06-05 10:18:12,195 - DEBUG - Step 300: mean_loss(20): 0.33475011587142944 mean_loss(200): 0.3973318338394165
2017-06-05 10:18:18,162 - DEBUG - Step 310: mean_loss(20): 0.32899147272109985 mean_loss(200): 0.39403027296066284
2017-06-05 10:18:24,098 - DEBUG - Step 320: mean_loss(20): 0.36311012506484985 mean_loss(200): 0.3910529315471649
2017-06-05 10:18:30,100 - DEBUG - Step 330: mean_loss(20): 0.36159828305244446 mean_loss(200): 0.3917875587940216
2017-06-05 10:18:36,088 - DEBUG - Step 340: mean_loss(20): 0.3678607642650604 mean_loss(200): 0.3900012671947479
2017-06-05 10:18:42,062 - DEBUG - Step 350: mean_loss(20): 0.3922085762023926 mean_loss(200): 0.3874359428882599
2017-06-05 10:18:49,747 - DEBUG - Step 360: mean_loss(20): 0.37724730372428894 mean_loss(200): 0.3826393783092499
2017-06-05 10:18:55,743 - DEBUG - Step 370: mean_loss(20): 0.3692238926887512 mean_loss(200): 0.382975697517395
2017-06-05 10:19:01,682 - DEBUG - Step 380: mean_loss(20): 0.35739701986312866 mean_loss(200): 0.37758147716522217
2017-06-05 10:19:07,666 - DEBUG - Step 390: mean_loss(20): 0.3550850749015808 mean_loss(200): 0.3741666376590729
2017-06-05 10:19:13,622 - DEBUG - Step 400: mean_loss(20): 0.42022180557250977 mean_loss(200): 0.3739500343799591
2017-06-05 10:19:19,590 - DEBUG - Step 410: mean_loss(20): 0.5365386009216309 mean_loss(200): 0.38669291138648987
2017-06-05 10:19:25,557 - DEBUG - Step 420: mean_loss(20): 0.5716046094894409 mean_loss(200): 0.39326733350753784
2017-06-05 10:19:31,530 - DEBUG - Step 430: mean_loss(20): 0.5064355731010437 mean_loss(200): 0.39395496249198914
2017-06-05 10:19:37,523 - DEBUG - Step 440: mean_loss(20): 0.4838619828224182 mean_loss(200): 0.3982352912425995
2017-06-05 10:19:43,489 - DEBUG - Step 450: mean_loss(20): 0.4335854947566986 mean_loss(200): 0.39912399649620056
2017-06-05 10:19:49,459 - DEBUG - Step 460: mean_loss(20): 0.3763100504875183 mean_loss(200): 0.39959946274757385
2017-06-05 10:19:55,408 - DEBUG - Step 470: mean_loss(20): 0.3709964156150818 mean_loss(200): 0.4015699326992035
2017-06-05 10:20:01,409 - DEBUG - Step 480: mean_loss(20): 0.41880956292152405 mean_loss(200): 0.4071173071861267
2017-06-05 10:20:07,396 - DEBUG - Step 490: mean_loss(20): 0.4237762987613678 mean_loss(200): 0.4078439772129059
2017-06-05 10:20:13,354 - DEBUG - Step 500: mean_loss(20): 0.3393588364124298 mean_loss(200): 0.4075782299041748
2017-06-05 10:20:19,818 - DEBUG - Step 510: mean_loss(20): 0.4577532708644867 mean_loss(200): 0.4207201302051544
2017-06-05 10:20:27,087 - DEBUG - Step 520: mean_loss(20): 0.5876909494400024 mean_loss(200): 0.4300362765789032
2017-06-05 10:20:33,051 - DEBUG - Step 530: mean_loss(20): 0.5337120294570923 mean_loss(200): 0.43793150782585144
2017-06-05 10:20:39,081 - DEBUG - Step 540: mean_loss(20): 0.44461768865585327 mean_loss(200): 0.4377119541168213
2017-06-05 10:20:45,096 - DEBUG - Step 550: mean_loss(20): 0.4304305613040924 mean_loss(200): 0.44175368547439575
2017-06-05 10:20:51,060 - DEBUG - Step 560: mean_loss(20): 0.4491387903690338 mean_loss(200): 0.44490110874176025
2017-06-05 10:20:57,023 - DEBUG - Step 570: mean_loss(20): 0.41343221068382263 mean_loss(200): 0.4461745321750641
2017-06-05 10:21:03,024 - DEBUG - Step 580: mean_loss(20): 0.43616971373558044 mean_loss(200): 0.4527783989906311
2017-06-05 10:21:09,042 - DEBUG - Step 590: mean_loss(20): 0.4832545220851898 mean_loss(200): 0.45899149775505066
2017-06-05 10:21:15,012 - DEBUG - Step 600: mean_loss(20): 0.4967557489871979 mean_loss(200): 0.4604317843914032
2017-06-05 10:21:21,021 - DEBUG - Step 610: mean_loss(20): 0.47417712211608887 mean_loss(200): 0.452755331993103
2017-06-05 10:21:26,997 - DEBUG - Step 620: mean_loss(20): 0.4699258804321289 mean_loss(200): 0.4502638876438141
2017-06-05 10:21:32,948 - DEBUG - Step 630: mean_loss(20): 0.5208364129066467 mean_loss(200): 0.45419541001319885
2017-06-05 10:21:38,932 - DEBUG - Step 640: mean_loss(20): 0.5316073894500732 mean_loss(200): 0.455038458108902
2017-06-05 10:21:44,911 - DEBUG - Step 650: mean_loss(20): 0.4357543885707855 mean_loss(200): 0.4544123113155365
2017-06-05 10:21:50,932 - DEBUG - Step 660: mean_loss(20): 0.3944079577922821 mean_loss(200): 0.45684826374053955
2017-06-05 10:21:58,630 - DEBUG - Step 670: mean_loss(20): 0.43636250495910645 mean_loss(200): 0.4609489440917969
2017-06-05 10:22:04,579 - DEBUG - Step 680: mean_loss(20): 0.45700421929359436 mean_loss(200): 0.4606677293777466
2017-06-05 10:22:10,575 - DEBUG - Step 690: mean_loss(20): 0.4310537278652191 mean_loss(200): 0.461676687002182
2017-06-05 10:22:16,578 - DEBUG - Step 700: mean_loss(20): 0.3984889090061188 mean_loss(200): 0.46658074855804443
2017-06-05 10:22:22,515 - DEBUG - Step 710: mean_loss(20): 0.38840451836586 mean_loss(200): 0.45474177598953247
2017-06-05 10:22:28,522 - DEBUG - Step 720: mean_loss(20): 0.38881611824035645 mean_loss(200): 0.4466932415962219
2017-06-05 10:22:34,495 - DEBUG - Step 730: mean_loss(20): 0.42888015508651733 mean_loss(200): 0.4442586600780487
2017-06-05 10:22:40,452 - DEBUG - Step 740: mean_loss(20): 0.468262255191803 mean_loss(200): 0.4490576982498169
2017-06-05 10:22:46,423 - DEBUG - Step 750: mean_loss(20): 0.4630070626735687 mean_loss(200): 0.4475162923336029
2017-06-05 10:22:52,406 - DEBUG - Step 760: mean_loss(20): 0.4259958863258362 mean_loss(200): 0.4467434287071228
2017-06-05 10:22:58,395 - DEBUG - Step 770: mean_loss(20): 0.3971073031425476 mean_loss(200): 0.44588378071784973
2017-06-05 10:23:04,360 - DEBUG - Step 780: mean_loss(20): 0.4412474036216736 mean_loss(200): 0.44725117087364197
2017-06-05 10:23:10,341 - DEBUG - Step 790: mean_loss(20): 0.4785504937171936 mean_loss(200): 0.44541335105895996
2017-06-05 10:23:16,304 - DEBUG - Step 800: mean_loss(20): 0.47954392433166504 mean_loss(200): 0.445529967546463
2017-06-05 10:23:22,296 - DEBUG - Step 810: mean_loss(20): 0.46685901284217834 mean_loss(200): 0.4446815848350525
2017-06-05 10:23:29,918 - DEBUG - Step 820: mean_loss(20): 0.49334853887557983 mean_loss(200): 0.4478722810745239
2017-06-05 10:23:35,917 - DEBUG - Step 830: mean_loss(20): 0.48492759466171265 mean_loss(200): 0.4410907030105591
2017-06-05 10:23:41,903 - DEBUG - Step 840: mean_loss(20): 0.41733282804489136 mean_loss(200): 0.43644481897354126
2017-06-05 10:23:47,916 - DEBUG - Step 850: mean_loss(20): 0.4357750415802002 mean_loss(200): 0.44109275937080383
2017-06-05 10:23:53,870 - DEBUG - Step 860: mean_loss(20): 0.44285184144973755 mean_loss(200): 0.4412892162799835
2017-06-05 10:23:59,849 - DEBUG - Step 870: mean_loss(20): 0.6532634496688843 mean_loss(200): 0.4627828299999237
2017-06-05 10:24:05,776 - DEBUG - Step 880: mean_loss(20): 0.7612542510032654 mean_loss(200): 0.47171419858932495
2017-06-05 10:24:11,774 - DEBUG - Step 890: mean_loss(20): 0.6660258769989014 mean_loss(200): 0.48628005385398865
2017-06-05 10:24:17,774 - DEBUG - Step 900: mean_loss(20): 0.6878424286842346 mean_loss(200): 0.5006495714187622
2017-06-05 10:24:23,743 - DEBUG - Step 910: mean_loss(20): 0.662343442440033 mean_loss(200): 0.5136739611625671
2017-06-05 10:24:29,671 - DEBUG - Step 920: mean_loss(20): 0.5519988536834717 mean_loss(200): 0.5169678330421448
2017-06-05 10:24:35,620 - DEBUG - Step 930: mean_loss(20): 0.45469751954078674 mean_loss(200): 0.5162557363510132
2017-06-05 10:24:41,676 - DEBUG - Step 940: mean_loss(20): 0.40007859468460083 mean_loss(200): 0.5101494789123535
2017-06-05 10:24:47,645 - DEBUG - Step 950: mean_loss(20): 0.3882851004600525 mean_loss(200): 0.5087835192680359
2017-06-05 10:24:53,623 - DEBUG - Step 960: mean_loss(20): 0.4232020378112793 mean_loss(200): 0.5098700523376465
2017-06-05 10:25:01,352 - DEBUG - Step 970: mean_loss(20): 0.44186607003211975 mean_loss(200): 0.5132594108581543
2017-06-05 10:25:07,318 - DEBUG - Step 980: mean_loss(20): 0.4841066002845764 mean_loss(200): 0.5141560435295105
2017-06-05 10:25:13,276 - DEBUG - Step 990: mean_loss(20): 0.4755314290523529 mean_loss(200): 0.5129574537277222
2017-06-05 10:25:19,259 - DEBUG - Step 1000: mean_loss(20): 0.4419802129268646 mean_loss(200): 0.5103996396064758
2017-06-05 10:25:25,250 - DEBUG - Step 1010: mean_loss(20): 0.45375967025756836 mean_loss(200): 0.5116474628448486
2017-06-05 10:25:31,209 - DEBUG - Step 1020: mean_loss(20): 0.45119065046310425 mean_loss(200): 0.5061838626861572
