2017-06-04 11:09:48,095 - WARNING - Nodename: titan-lab3
2017-06-04 11:09:48,095 - WARNING - Parameters: BATCH_SIZE: 4, NN_IMAGE_SIZE: 512, BASE_CHANNELS: 48
2017-06-04 11:09:48,095 - WARNING - Augmentation: horizontal and vertical flips
2017-06-04 11:09:48,095 - WARNING - Checkpoint file: checkpoints/2017-06-04_09:09.ckpt
2017-06-04 11:09:53,588 - INFO - Start training
2017-06-04 11:10:00,365 - INFO - ====== START OF EPOCH 0 ======
2017-06-04 11:10:04,128 - DEBUG - Step 0: mean_loss(20): 4.79727029800415 mean_loss(200): 4.79727029800415
2017-06-04 11:10:08,481 - DEBUG - Step 10: mean_loss(20): 3.9386940002441406 mean_loss(200): 3.9386940002441406
2017-06-04 11:10:13,009 - DEBUG - Step 20: mean_loss(20): 2.8131823539733887 mean_loss(200): 2.9076626300811768
2017-06-04 11:10:17,482 - DEBUG - Step 30: mean_loss(20): 1.6159675121307373 mean_loss(200): 2.4401609897613525
2017-06-04 11:10:21,927 - DEBUG - Step 40: mean_loss(20): 1.396223545074463 mean_loss(200): 2.170375108718872
2017-06-04 11:10:26,282 - DEBUG - Step 50: mean_loss(20): 1.421268343925476 mean_loss(200): 2.040595293045044
2017-06-04 11:10:30,637 - DEBUG - Step 60: mean_loss(20): 1.289263367652893 mean_loss(200): 1.881485939025879
2017-06-04 11:10:34,898 - DEBUG - Step 70: mean_loss(20): 1.0588560104370117 mean_loss(200): 1.7640489339828491
2017-06-04 11:10:39,344 - DEBUG - Step 80: mean_loss(20): 1.0808384418487549 mean_loss(200): 1.6837953329086304
2017-06-04 11:10:43,693 - DEBUG - Step 90: mean_loss(20): 1.120618462562561 mean_loss(200): 1.6226357221603394
2017-06-04 11:10:48,121 - DEBUG - Step 100: mean_loss(20): 1.0154591798782349 mean_loss(200): 1.5514514446258545
2017-06-04 11:10:52,618 - DEBUG - Step 110: mean_loss(20): 0.8270800709724426 mean_loss(200): 1.479292392730713
2017-06-04 11:10:57,036 - DEBUG - Step 120: mean_loss(20): 0.7713875770568848 mean_loss(200): 1.4225151538848877
2017-06-04 11:11:01,503 - DEBUG - Step 130: mean_loss(20): 0.7361367344856262 mean_loss(200): 1.3658334016799927
2017-06-04 11:11:06,005 - DEBUG - Step 140: mean_loss(20): 0.7974837422370911 mean_loss(200): 1.3338583707809448
2017-06-04 11:11:10,392 - DEBUG - Step 150: mean_loss(20): 0.8326658010482788 mean_loss(200): 1.2952152490615845
2017-06-04 11:11:14,886 - DEBUG - Step 160: mean_loss(20): 0.7710582613945007 mean_loss(200): 1.2639453411102295
2017-06-04 11:11:19,481 - DEBUG - Step 170: mean_loss(20): 0.7141379117965698 mean_loss(200): 1.2272529602050781
2017-06-04 11:11:23,873 - DEBUG - Step 180: mean_loss(20): 0.666732907295227 mean_loss(200): 1.1979548931121826
2017-06-04 11:11:28,446 - DEBUG - Step 190: mean_loss(20): 0.6850407123565674 mean_loss(200): 1.1704767942428589
2017-06-04 11:11:32,852 - DEBUG - Step 200: mean_loss(20): 0.684228777885437 mean_loss(200): 1.1285858154296875
2017-06-04 11:11:37,397 - DEBUG - Step 210: mean_loss(20): 0.6791133880615234 mean_loss(200): 0.9690884947776794
2017-06-04 11:11:41,892 - DEBUG - Step 220: mean_loss(20): 0.7012137174606323 mean_loss(200): 0.917388916015625
2017-06-04 11:11:46,303 - DEBUG - Step 230: mean_loss(20): 0.7267112731933594 mean_loss(200): 0.8801628947257996
2017-06-04 11:11:50,605 - DEBUG - Step 240: mean_loss(20): 0.6302571892738342 mean_loss(200): 0.8407922983169556
2017-06-04 11:11:55,070 - DEBUG - Step 250: mean_loss(20): 0.5987313389778137 mean_loss(200): 0.797909140586853
2017-06-04 11:11:59,475 - DEBUG - Step 260: mean_loss(20): 0.634736180305481 mean_loss(200): 0.7753396034240723
2017-06-04 11:12:04,010 - DEBUG - Step 270: mean_loss(20): 0.6260586380958557 mean_loss(200): 0.7546294331550598
2017-06-04 11:12:08,531 - DEBUG - Step 280: mean_loss(20): 0.6177616119384766 mean_loss(200): 0.7290318012237549
2017-06-04 11:12:13,095 - DEBUG - Step 290: mean_loss(20): 0.6027847528457642 mean_loss(200): 0.7028460502624512
2017-06-04 11:12:17,613 - DEBUG - Step 300: mean_loss(20): 0.6985216736793518 mean_loss(200): 0.6973381042480469
2017-06-04 11:12:22,014 - DEBUG - Step 310: mean_loss(20): 0.7029904127120972 mean_loss(200): 0.6904370784759521
2017-06-04 11:12:26,445 - DEBUG - Step 320: mean_loss(20): 0.591073751449585 mean_loss(200): 0.6793068051338196
2017-06-04 11:12:31,000 - DEBUG - Step 330: mean_loss(20): 0.6234363317489624 mean_loss(200): 0.6791670322418213
2017-06-04 11:12:35,534 - DEBUG - Step 340: mean_loss(20): 0.6469806432723999 mean_loss(200): 0.6642564535140991
2017-06-04 11:12:40,108 - DEBUG - Step 350: mean_loss(20): 0.5871483683586121 mean_loss(200): 0.6546153426170349
2017-06-04 11:12:44,660 - DEBUG - Step 360: mean_loss(20): 0.5718737840652466 mean_loss(200): 0.644338071346283
2017-06-04 11:12:49,133 - DEBUG - Step 370: mean_loss(20): 0.5630706548690796 mean_loss(200): 0.6395086050033569
2017-06-04 11:12:53,724 - DEBUG - Step 380: mean_loss(20): 0.5803004503250122 mean_loss(200): 0.6356947422027588
2017-06-04 11:12:58,277 - DEBUG - Step 390: mean_loss(20): 0.5800093412399292 mean_loss(200): 0.6290054321289062
2017-06-04 11:13:02,760 - DEBUG - Step 400: mean_loss(20): 0.5348390340805054 mean_loss(200): 0.6207557916641235
2017-06-04 11:13:07,241 - DEBUG - Step 410: mean_loss(20): 0.5321189165115356 mean_loss(200): 0.6143059730529785
2017-06-04 11:13:11,759 - DEBUG - Step 420: mean_loss(20): 0.5943424105644226 mean_loss(200): 0.610068678855896
2017-06-04 11:13:15,952 - DEBUG - Step 430: mean_loss(20): 0.6144694685935974 mean_loss(200): 0.6030818223953247
2017-06-04 11:13:20,148 - DEBUG - Step 440: mean_loss(20): 0.6379397511482239 mean_loss(200): 0.610836923122406
2017-06-04 11:13:24,360 - DEBUG - Step 450: mean_loss(20): 0.6361197233200073 mean_loss(200): 0.6068207025527954
2017-06-04 11:13:28,560 - DEBUG - Step 460: mean_loss(20): 0.549609363079071 mean_loss(200): 0.6023242473602295
2017-06-04 11:13:32,902 - DEBUG - Step 470: mean_loss(20): 0.5589067339897156 mean_loss(200): 0.6001054644584656
2017-06-04 11:13:37,300 - DEBUG - Step 480: mean_loss(20): 0.6021623015403748 mean_loss(200): 0.6007643342018127
2017-06-04 11:13:41,740 - DEBUG - Step 490: mean_loss(20): 0.6015644073486328 mean_loss(200): 0.5999834537506104
2017-06-04 11:13:46,138 - DEBUG - Step 500: mean_loss(20): 0.5710852742195129 mean_loss(200): 0.5880206823348999
2017-06-04 11:13:50,677 - DEBUG - Step 510: mean_loss(20): 0.5810662508010864 mean_loss(200): 0.5877909660339355
2017-06-04 11:13:55,241 - DEBUG - Step 520: mean_loss(20): 0.5829528570175171 mean_loss(200): 0.5872085690498352
2017-06-04 11:14:00,374 - DEBUG - Step 530: mean_loss(20): 0.5573638677597046 mean_loss(200): 0.5811837911605835
2017-06-04 11:14:04,808 - DEBUG - Step 540: mean_loss(20): 0.5498939156532288 mean_loss(200): 0.5774999260902405
2017-06-04 11:14:09,364 - DEBUG - Step 550: mean_loss(20): 0.5271351337432861 mean_loss(200): 0.5751824378967285
2017-06-04 11:14:13,836 - DEBUG - Step 560: mean_loss(20): 0.5422974824905396 mean_loss(200): 0.5745422840118408
2017-06-04 11:14:18,685 - DEBUG - Step 570: mean_loss(20): 0.5530240535736084 mean_loss(200): 0.5741778016090393
2017-06-04 11:14:22,991 - DEBUG - Step 580: mean_loss(20): 0.5288251638412476 mean_loss(200): 0.5693947672843933
2017-06-04 11:14:27,609 - DEBUG - Step 590: mean_loss(20): 0.5142866373062134 mean_loss(200): 0.5676054954528809
2017-06-04 11:14:32,146 - DEBUG - Step 600: mean_loss(20): 0.5391822457313538 mean_loss(200): 0.5698290467262268
2017-06-04 11:14:36,451 - DEBUG - Step 610: mean_loss(20): 0.536974310874939 mean_loss(200): 0.5680910348892212
2017-06-04 11:14:40,933 - DEBUG - Step 620: mean_loss(20): 0.5070685148239136 mean_loss(200): 0.5611016750335693
2017-06-04 11:14:45,339 - DEBUG - Step 630: mean_loss(20): 0.5324336290359497 mean_loss(200): 0.5598875284194946
2017-06-04 11:14:49,880 - DEBUG - Step 640: mean_loss(20): 0.5335881114006042 mean_loss(200): 0.5506665706634521
2017-06-04 11:14:54,284 - DEBUG - Step 650: mean_loss(20): 0.5699253678321838 mean_loss(200): 0.5532680749893188
2017-06-04 11:14:58,855 - DEBUG - Step 660: mean_loss(20): 0.6139768362045288 mean_loss(200): 0.5571032762527466
2017-06-04 11:15:03,360 - DEBUG - Step 670: mean_loss(20): 0.6192175149917603 mean_loss(200): 0.559299111366272
2017-06-04 11:15:07,798 - DEBUG - Step 680: mean_loss(20): 0.5763005614280701 mean_loss(200): 0.5545170903205872
2017-06-04 11:15:12,356 - DEBUG - Step 690: mean_loss(20): 0.491586297750473 mean_loss(200): 0.5483013391494751
2017-06-04 11:15:16,781 - DEBUG - Step 700: mean_loss(20): 0.48422160744667053 mean_loss(200): 0.5458307862281799
2017-06-04 11:15:21,338 - DEBUG - Step 710: mean_loss(20): 0.49628639221191406 mean_loss(200): 0.5398233532905579
2017-06-04 11:15:25,807 - DEBUG - Step 720: mean_loss(20): 0.4965957999229431 mean_loss(200): 0.5371950268745422
2017-06-04 11:15:30,281 - DEBUG - Step 730: mean_loss(20): 0.48611360788345337 mean_loss(200): 0.5326982736587524
2017-06-04 11:15:34,792 - DEBUG - Step 740: mean_loss(20): 0.4847913384437561 mean_loss(200): 0.530684769153595
2017-06-04 11:15:39,252 - DEBUG - Step 750: mean_loss(20): 0.5087963342666626 mean_loss(200): 0.530864417552948
2017-06-04 11:15:43,851 - DEBUG - Step 760: mean_loss(20): 0.5553984642028809 mean_loss(200): 0.5319948792457581
2017-06-04 11:15:48,361 - DEBUG - Step 770: mean_loss(20): 0.5783351063728333 mean_loss(200): 0.533395528793335
2017-06-04 11:15:52,885 - DEBUG - Step 780: mean_loss(20): 0.5230392217636108 mean_loss(200): 0.5314162969589233
2017-06-04 11:15:57,388 - DEBUG - Step 790: mean_loss(20): 0.4499541223049164 mean_loss(200): 0.5269622206687927
2017-06-04 11:16:01,813 - DEBUG - Step 800: mean_loss(20): 0.4536874294281006 mean_loss(200): 0.5228668451309204
2017-06-04 11:16:06,389 - DEBUG - Step 810: mean_loss(20): 0.5012193322181702 mean_loss(200): 0.5233867764472961
2017-06-04 11:16:10,974 - DEBUG - Step 820: mean_loss(20): 0.5283841490745544 mean_loss(200): 0.5249983668327332
2017-06-04 11:16:15,349 - DEBUG - Step 830: mean_loss(20): 0.5515555739402771 mean_loss(200): 0.5252989530563354
2017-06-04 11:16:19,906 - DEBUG - Step 840: mean_loss(20): 0.5701000690460205 mean_loss(200): 0.5286495089530945
2017-06-04 11:16:24,398 - DEBUG - Step 850: mean_loss(20): 0.5745588541030884 mean_loss(200): 0.5257623195648193
2017-06-04 11:16:28,864 - DEBUG - Step 860: mean_loss(20): 0.5211066007614136 mean_loss(200): 0.5193625092506409
2017-06-04 11:16:33,431 - DEBUG - Step 870: mean_loss(20): 0.48785534501075745 mean_loss(200): 0.512626051902771
2017-06-04 11:16:38,104 - DEBUG - Step 880: mean_loss(20): 0.5171090364456177 mean_loss(200): 0.5134433507919312
2017-06-04 11:16:42,527 - DEBUG - Step 890: mean_loss(20): 0.4900944232940674 mean_loss(200): 0.512476921081543
2017-06-04 11:16:47,154 - DEBUG - Step 900: mean_loss(20): 0.4628755450248718 mean_loss(200): 0.5113088488578796
2017-06-04 11:16:51,760 - DEBUG - Step 910: mean_loss(20): 0.5364279747009277 mean_loss(200): 0.5164910554885864
2017-06-04 11:16:56,414 - DEBUG - Step 920: mean_loss(20): 0.5414632558822632 mean_loss(200): 0.5157955288887024
2017-06-04 11:17:01,014 - DEBUG - Step 930: mean_loss(20): 0.47787752747535706 mean_loss(200): 0.5156674385070801
2017-06-04 11:17:05,652 - DEBUG - Step 940: mean_loss(20): 0.463041216135025 mean_loss(200): 0.5136204957962036
2017-06-04 11:17:10,035 - DEBUG - Step 950: mean_loss(20): 0.544857919216156 mean_loss(200): 0.519273579120636
2017-06-04 11:17:14,686 - DEBUG - Step 960: mean_loss(20): 0.5301701426506042 mean_loss(200): 0.5110976696014404
2017-06-04 11:17:19,378 - DEBUG - Step 970: mean_loss(20): 0.4771314561367035 mean_loss(200): 0.5091533064842224
2017-06-04 11:17:23,985 - DEBUG - Step 980: mean_loss(20): 0.5190284252166748 mean_loss(200): 0.5106965899467468
2017-06-04 11:17:28,473 - DEBUG - Step 990: mean_loss(20): 0.5031308531761169 mean_loss(200): 0.5144708752632141
2017-06-04 11:17:32,961 - DEBUG - Step 1000: mean_loss(20): 0.5096073746681213 mean_loss(200): 0.5162885785102844
2017-06-04 11:17:37,647 - DEBUG - Step 1010: mean_loss(20): 0.5069611668586731 mean_loss(200): 0.5150451064109802
2017-06-04 11:17:42,291 - DEBUG - Step 1020: mean_loss(20): 0.5465219616889954 mean_loss(200): 0.5181023478507996
2017-06-04 11:17:46,818 - DEBUG - Step 1030: mean_loss(20): 0.5278220176696777 mean_loss(200): 0.512671709060669
2017-06-04 11:17:51,433 - DEBUG - Step 1040: mean_loss(20): 0.5205498933792114 mean_loss(200): 0.5131472945213318
2017-06-04 11:17:55,978 - DEBUG - Step 1050: mean_loss(20): 0.5458546280860901 mean_loss(200): 0.5098013281822205
2017-06-04 11:18:00,538 - DEBUG - Step 1060: mean_loss(20): 0.49151143431663513 mean_loss(200): 0.5101878643035889
2017-06-04 11:18:05,046 - DEBUG - Step 1070: mean_loss(20): 0.4667176604270935 mean_loss(200): 0.5076876282691956
2017-06-04 11:18:09,601 - DEBUG - Step 1080: mean_loss(20): 0.4702962040901184 mean_loss(200): 0.5055065155029297
2017-06-04 11:18:14,102 - DEBUG - Step 1090: mean_loss(20): 0.48672738671302795 mean_loss(200): 0.5073508620262146
2017-06-04 11:18:18,725 - DEBUG - Step 1100: mean_loss(20): 0.4762513041496277 mean_loss(200): 0.5068441033363342
2017-06-04 11:18:23,362 - DEBUG - Step 1110: mean_loss(20): 0.4718169569969177 mean_loss(200): 0.5008897185325623
2017-06-04 11:18:27,998 - DEBUG - Step 1120: mean_loss(20): 0.4781559109687805 mean_loss(200): 0.5005133748054504
2017-06-04 11:18:32,434 - DEBUG - Step 1130: mean_loss(20): 0.4830416738986969 mean_loss(200): 0.501406192779541
2017-06-04 11:18:36,953 - DEBUG - Step 1140: mean_loss(20): 0.45171624422073364 mean_loss(200): 0.499380886554718
2017-06-04 11:18:41,704 - DEBUG - Step 1150: mean_loss(20): 0.46897584199905396 mean_loss(200): 0.4938179850578308
2017-06-04 11:18:46,249 - DEBUG - Step 1160: mean_loss(20): 0.5348014235496521 mean_loss(200): 0.4998440146446228
2017-06-04 11:18:50,853 - DEBUG - Step 1170: mean_loss(20): 0.5193227529525757 mean_loss(200): 0.49803709983825684
2017-06-04 11:18:55,429 - DEBUG - Step 1180: mean_loss(20): 0.45720726251602173 mean_loss(200): 0.49366188049316406
2017-06-04 11:18:59,949 - DEBUG - Step 1190: mean_loss(20): 0.4707300662994385 mean_loss(200): 0.494797021150589
2017-06-04 11:19:04,438 - DEBUG - Step 1200: mean_loss(20): 0.5022507309913635 mean_loss(200): 0.4929261803627014
2017-06-04 11:19:09,032 - DEBUG - Step 1210: mean_loss(20): 0.48840874433517456 mean_loss(200): 0.4929417371749878
2017-06-04 11:19:13,594 - DEBUG - Step 1220: mean_loss(20): 0.5135590434074402 mean_loss(200): 0.48962992429733276
2017-06-04 11:19:18,007 - DEBUG - Step 1230: mean_loss(20): 0.5131669640541077 mean_loss(200): 0.49147623777389526
2017-06-04 11:19:22,583 - DEBUG - Step 1240: mean_loss(20): 0.455540269613266 mean_loss(200): 0.48312896490097046
2017-06-04 11:19:27,333 - DEBUG - Step 1250: mean_loss(20): 0.4464525580406189 mean_loss(200): 0.48153606057167053
2017-06-04 11:19:31,846 - DEBUG - Step 1260: mean_loss(20): 0.4496019780635834 mean_loss(200): 0.4789380729198456
2017-06-04 11:19:36,515 - DEBUG - Step 1270: mean_loss(20): 0.41818809509277344 mean_loss(200): 0.4766830801963806
2017-06-04 11:19:41,036 - DEBUG - Step 1280: mean_loss(20): 0.42767825722694397 mean_loss(200): 0.474676251411438
2017-06-04 11:19:45,536 - DEBUG - Step 1290: mean_loss(20): 0.495663583278656 mean_loss(200): 0.47757676243782043
2017-06-04 11:19:50,131 - DEBUG - Step 1300: mean_loss(20): 0.520654559135437 mean_loss(200): 0.4791165888309479
2017-06-04 11:19:54,902 - DEBUG - Step 1310: mean_loss(20): 0.4857479929924011 mean_loss(200): 0.47896984219551086
2017-06-04 11:19:59,416 - DEBUG - Step 1320: mean_loss(20): 0.43322667479515076 mean_loss(200): 0.4746236503124237
2017-06-04 11:20:03,692 - DEBUG - Step 1330: mean_loss(20): 0.40401491522789 mean_loss(200): 0.4710671603679657
2017-06-04 11:20:08,097 - DEBUG - Step 1340: mean_loss(20): 0.4189535975456238 mean_loss(200): 0.4713473916053772
2017-06-04 11:20:12,429 - DEBUG - Step 1350: mean_loss(20): 0.4864272177219391 mean_loss(200): 0.472812294960022
2017-06-04 11:20:16,698 - DEBUG - Step 1360: mean_loss(20): 0.48834627866744995 mean_loss(200): 0.4667018949985504
2017-06-04 11:20:21,436 - DEBUG - Step 1370: mean_loss(20): 0.45874184370040894 mean_loss(200): 0.4667542278766632
2017-06-04 11:20:26,084 - DEBUG - Step 1380: mean_loss(20): 0.482258141040802 mean_loss(200): 0.46920692920684814
2017-06-04 11:20:30,723 - DEBUG - Step 1390: mean_loss(20): 0.44381290674209595 mean_loss(200): 0.46406251192092896
2017-06-04 11:20:35,252 - DEBUG - Step 1400: mean_loss(20): 0.4436214566230774 mean_loss(200): 0.4633440375328064
2017-06-04 11:20:39,772 - DEBUG - Step 1410: mean_loss(20): 0.45367342233657837 mean_loss(200): 0.4605889618396759
2017-06-04 11:20:44,493 - DEBUG - Step 1420: mean_loss(20): 0.4547816812992096 mean_loss(200): 0.4574662744998932
2017-06-04 11:20:49,210 - DEBUG - Step 1430: mean_loss(20): 0.4582436680793762 mean_loss(200): 0.45509663224220276
2017-06-04 11:20:53,843 - DEBUG - Step 1440: mean_loss(20): 0.4655187129974365 mean_loss(200): 0.458464115858078
2017-06-04 11:20:58,497 - DEBUG - Step 1450: mean_loss(20): 0.48322343826293945 mean_loss(200): 0.45877373218536377
2017-06-04 11:21:03,115 - DEBUG - Step 1460: mean_loss(20): 0.4817289412021637 mean_loss(200): 0.46167683601379395
2017-06-04 11:21:07,592 - DEBUG - Step 1470: mean_loss(20): 0.5150830745697021 mean_loss(200): 0.4684632122516632
2017-06-04 11:21:12,157 - DEBUG - Step 1480: mean_loss(20): 0.5033290386199951 mean_loss(200): 0.4692419469356537
2017-06-04 11:21:16,834 - DEBUG - Step 1490: mean_loss(20): 0.46950745582580566 mean_loss(200): 0.46584755182266235
2017-06-04 11:21:21,281 - DEBUG - Step 1500: mean_loss(20): 0.4506193697452545 mean_loss(200): 0.4622384011745453
2017-06-04 11:21:25,854 - DEBUG - Step 1510: mean_loss(20): 0.4518049359321594 mean_loss(200): 0.46245327591896057
2017-06-04 11:21:30,305 - DEBUG - Step 1520: mean_loss(20): 0.4809153079986572 mean_loss(200): 0.46700727939605713
2017-06-04 11:21:35,024 - DEBUG - Step 1530: mean_loss(20): 0.464316189289093 mean_loss(200): 0.46848341822624207
2017-06-04 11:21:39,757 - DEBUG - Step 1540: mean_loss(20): 0.42222389578819275 mean_loss(200): 0.4673343002796173
2017-06-04 11:21:44,330 - DEBUG - Step 1550: mean_loss(20): 0.429227352142334 mean_loss(200): 0.46276339888572693
2017-06-04 11:21:48,764 - DEBUG - Step 1560: mean_loss(20): 0.4537433683872223 mean_loss(200): 0.4638739824295044
2017-06-04 11:21:53,413 - DEBUG - Step 1570: mean_loss(20): 0.45168977975845337 mean_loss(200): 0.4620582163333893
2017-06-04 11:21:58,034 - DEBUG - Step 1580: mean_loss(20): 0.4578450620174408 mean_loss(200): 0.46143269538879395
2017-06-04 11:22:02,501 - DEBUG - Step 1590: mean_loss(20): 0.47693389654159546 mean_loss(200): 0.4653703272342682
2017-06-04 11:22:07,090 - DEBUG - Step 1600: mean_loss(20): 0.4827915132045746 mean_loss(200): 0.4653497040271759
2017-06-04 11:22:11,552 - DEBUG - Step 1610: mean_loss(20): 0.49660810828208923 mean_loss(200): 0.4696637690067291
2017-06-04 11:22:16,247 - DEBUG - Step 1620: mean_loss(20): 0.45375433564186096 mean_loss(200): 0.4652469754219055
2017-06-04 11:22:20,773 - DEBUG - Step 1630: mean_loss(20): 0.4035762846469879 mean_loss(200): 0.464197039604187
2017-06-04 11:22:25,510 - DEBUG - Step 1640: mean_loss(20): 0.4279606342315674 mean_loss(200): 0.4614911675453186
2017-06-04 11:22:29,997 - DEBUG - Step 1650: mean_loss(20): 0.4284072518348694 mean_loss(200): 0.45871543884277344
2017-06-04 11:22:34,508 - DEBUG - Step 1660: mean_loss(20): 0.4510110914707184 mean_loss(200): 0.4584193527698517
2017-06-04 11:22:38,948 - DEBUG - Step 1670: mean_loss(20): 0.4930432438850403 mean_loss(200): 0.45651140809059143
2017-06-04 11:22:43,615 - DEBUG - Step 1680: mean_loss(20): 0.4417654871940613 mean_loss(200): 0.4522630274295807
2017-06-04 11:22:48,235 - DEBUG - Step 1690: mean_loss(20): 0.4310218393802643 mean_loss(200): 0.4526628851890564
2017-06-04 11:22:52,785 - DEBUG - Step 1700: mean_loss(20): 0.49196162819862366 mean_loss(200): 0.45639723539352417
2017-06-04 11:22:57,424 - DEBUG - Step 1710: mean_loss(20): 0.4796724319458008 mean_loss(200): 0.4554496109485626
2017-06-04 11:23:01,997 - DEBUG - Step 1720: mean_loss(20): 0.43794316053390503 mean_loss(200): 0.4521000385284424
2017-06-04 11:23:06,674 - DEBUG - Step 1730: mean_loss(20): 0.4234876036643982 mean_loss(200): 0.4513667821884155
2017-06-04 11:23:11,227 - DEBUG - Step 1740: mean_loss(20): 0.4404962658882141 mean_loss(200): 0.45392730832099915
2017-06-04 11:23:15,774 - DEBUG - Step 1750: mean_loss(20): 0.454568475484848 mean_loss(200): 0.45390090346336365
2017-06-04 11:23:20,434 - DEBUG - Step 1760: mean_loss(20): 0.4442589282989502 mean_loss(200): 0.45297881960868835
2017-06-04 11:23:24,845 - DEBUG - Step 1770: mean_loss(20): 0.4343741536140442 mean_loss(200): 0.4521692991256714
2017-06-04 11:23:29,473 - DEBUG - Step 1780: mean_loss(20): 0.44211918115615845 mean_loss(200): 0.45140624046325684
2017-06-04 11:23:34,095 - DEBUG - Step 1790: mean_loss(20): 0.44416579604148865 mean_loss(200): 0.4488925039768219
2017-06-04 11:23:38,714 - DEBUG - Step 1800: mean_loss(20): 0.462191104888916 mean_loss(200): 0.4493461847305298
2017-06-04 11:23:43,237 - DEBUG - Step 1810: mean_loss(20): 0.4895152449607849 mean_loss(200): 0.44818320870399475
2017-06-04 11:23:47,757 - DEBUG - Step 1820: mean_loss(20): 0.5094765424728394 mean_loss(200): 0.45491841435432434
2017-06-04 11:23:52,330 - DEBUG - Step 1830: mean_loss(20): 0.5074580907821655 mean_loss(200): 0.4585714042186737
2017-06-04 11:23:56,886 - DEBUG - Step 1840: mean_loss(20): 0.4911801815032959 mean_loss(200): 0.46124035120010376
2017-06-04 11:24:01,476 - DEBUG - Step 1850: mean_loss(20): 0.49535951018333435 mean_loss(200): 0.4652666449546814
2017-06-04 11:24:05,898 - DEBUG - Step 1860: mean_loss(20): 0.4857664108276367 mean_loss(200): 0.4647158682346344
2017-06-04 11:24:10,690 - DEBUG - Step 1870: mean_loss(20): 0.46508607268333435 mean_loss(200): 0.4624709188938141
2017-06-04 11:24:15,230 - DEBUG - Step 1880: mean_loss(20): 0.4631992280483246 mean_loss(200): 0.46685928106307983
2017-06-04 11:24:19,769 - DEBUG - Step 1890: mean_loss(20): 0.495852530002594 mean_loss(200): 0.4689539968967438
2017-06-04 11:24:24,322 - DEBUG - Step 1900: mean_loss(20): 0.48098212480545044 mean_loss(200): 0.46576130390167236
2017-06-04 11:24:28,892 - DEBUG - Step 1910: mean_loss(20): 0.4620210528373718 mean_loss(200): 0.46718886494636536
2017-06-04 11:24:33,452 - DEBUG - Step 1920: mean_loss(20): 0.47896918654441833 mean_loss(200): 0.4698639214038849
2017-06-04 11:24:37,900 - DEBUG - Step 1930: mean_loss(20): 0.4529682695865631 mean_loss(200): 0.47013694047927856
2017-06-04 11:24:42,493 - DEBUG - Step 1940: mean_loss(20): 0.4317510724067688 mean_loss(200): 0.46898940205574036
2017-06-04 11:24:47,108 - DEBUG - Step 1950: mean_loss(20): 0.420319139957428 mean_loss(200): 0.46671196818351746
2017-06-04 11:24:51,735 - DEBUG - Step 1960: mean_loss(20): 0.45719829201698303 mean_loss(200): 0.4702833592891693
2017-06-04 11:24:56,300 - DEBUG - Step 1970: mean_loss(20): 0.49973946809768677 mean_loss(200): 0.4732484817504883
2017-06-04 11:25:00,860 - DEBUG - Step 1980: mean_loss(20): 0.44166937470436096 mean_loss(200): 0.4702383279800415
2017-06-04 11:25:05,381 - DEBUG - Step 1990: mean_loss(20): 0.39999130368232727 mean_loss(200): 0.46883106231689453
2017-06-04 11:25:09,968 - DEBUG - Step 2000: mean_loss(20): 0.4029107689857483 mean_loss(200): 0.46431028842926025
2017-06-04 11:25:14,548 - DEBUG - Step 2010: mean_loss(20): 0.4325954020023346 mean_loss(200): 0.4631391167640686
2017-06-04 11:25:19,158 - DEBUG - Step 2020: mean_loss(20): 0.44515806436538696 mean_loss(200): 0.4578784704208374
2017-06-04 11:25:23,727 - DEBUG - Step 2030: mean_loss(20): 0.42644912004470825 mean_loss(200): 0.4550381898880005
2017-06-04 11:25:28,277 - DEBUG - Step 2040: mean_loss(20): 0.4339386820793152 mean_loss(200): 0.4521543085575104
