2017-06-04 14:08:12,079 - WARNING - Nodename: titan-lab1
2017-06-04 14:08:12,080 - WARNING - Parameters: BATCH_SIZE: 8, NN_IMAGE_SIZE: 512, BASE_CHANNELS: 48
2017-06-04 14:08:12,080 - WARNING - Augmentation: horizontal and vertical flips
2017-06-04 14:08:12,080 - WARNING - Checkpoint file: checkpoints/2017-06-04_12:08.ckpt
2017-06-04 14:08:14,443 - INFO - Start training
2017-06-04 14:08:16,797 - INFO - ====== START OF EPOCH 0 ======
2017-06-04 14:08:20,040 - DEBUG - Step 0: mean_loss(20): 6.163344383239746 mean_loss(200): 6.163344383239746
2017-06-04 14:08:28,062 - DEBUG - Step 10: mean_loss(20): 2.416775703430176 mean_loss(200): 2.416775703430176
2017-06-04 14:08:36,137 - DEBUG - Step 20: mean_loss(20): 1.649816870689392 mean_loss(200): 1.8647468090057373
2017-06-04 14:08:44,298 - DEBUG - Step 30: mean_loss(20): 1.07367742061615 mean_loss(200): 1.5502609014511108
2017-06-04 14:08:52,461 - DEBUG - Step 40: mean_loss(20): 0.7437695264816284 mean_loss(200): 1.317928671836853
2017-06-04 14:09:00,619 - DEBUG - Step 50: mean_loss(20): 0.5982705950737 mean_loss(200): 1.176931381225586
2017-06-04 14:09:08,779 - DEBUG - Step 60: mean_loss(20): 0.5242741107940674 mean_loss(200): 1.0577139854431152
2017-06-04 14:09:16,974 - DEBUG - Step 70: mean_loss(20): 0.4494841992855072 mean_loss(200): 0.9720165729522705
2017-06-04 14:09:25,161 - DEBUG - Step 80: mean_loss(20): 0.4577646255493164 mean_loss(200): 0.9095783829689026
2017-06-04 14:09:33,367 - DEBUG - Step 90: mean_loss(20): 0.4398249685764313 mean_loss(200): 0.8550513982772827
2017-06-04 14:09:41,563 - DEBUG - Step 100: mean_loss(20): 0.3776269555091858 mean_loss(200): 0.804241418838501
2017-06-04 14:09:49,760 - DEBUG - Step 110: mean_loss(20): 0.37610146403312683 mean_loss(200): 0.7687540650367737
2017-06-04 14:09:57,959 - DEBUG - Step 120: mean_loss(20): 0.385101318359375 mean_loss(200): 0.7349621653556824
2017-06-04 14:10:06,173 - DEBUG - Step 130: mean_loss(20): 0.35464534163475037 mean_loss(200): 0.7055314183235168
2017-06-04 14:10:14,387 - DEBUG - Step 140: mean_loss(20): 0.3782062232494354 mean_loss(200): 0.6843584179878235
2017-06-04 14:10:22,640 - DEBUG - Step 150: mean_loss(20): 0.38693955540657043 mean_loss(200): 0.6633338332176208
2017-06-04 14:10:30,867 - DEBUG - Step 160: mean_loss(20): 0.3535447418689728 mean_loss(200): 0.643263578414917
2017-06-04 14:10:39,104 - DEBUG - Step 170: mean_loss(20): 0.36349207162857056 mean_loss(200): 0.6282646656036377
2017-06-04 14:10:47,339 - DEBUG - Step 180: mean_loss(20): 0.3822299838066101 mean_loss(200): 0.6144201159477234
2017-06-04 14:10:55,587 - DEBUG - Step 190: mean_loss(20): 0.35598382353782654 mean_loss(200): 0.5997535586357117
2017-06-04 14:11:03,833 - DEBUG - Step 200: mean_loss(20): 0.3534281849861145 mean_loss(200): 0.5605762600898743
2017-06-04 14:11:12,071 - DEBUG - Step 210: mean_loss(20): 0.3420262038707733 mean_loss(200): 0.4740446209907532
2017-06-04 14:11:20,301 - DEBUG - Step 220: mean_loss(20): 0.31963545083999634 mean_loss(200): 0.4275580942630768
2017-06-04 14:11:28,562 - DEBUG - Step 230: mean_loss(20): 0.346649169921875 mean_loss(200): 0.4013417065143585
2017-06-04 14:11:36,791 - DEBUG - Step 240: mean_loss(20): 0.3355073630809784 mean_loss(200): 0.38673192262649536
2017-06-04 14:11:45,135 - DEBUG - Step 250: mean_loss(20): 0.3407634198665619 mean_loss(200): 0.3755910396575928
2017-06-04 14:11:53,387 - DEBUG - Step 260: mean_loss(20): 0.3772413432598114 mean_loss(200): 0.3720286190509796
2017-06-04 14:12:01,624 - DEBUG - Step 270: mean_loss(20): 0.32898470759391785 mean_loss(200): 0.3635410964488983
2017-06-04 14:12:09,879 - DEBUG - Step 280: mean_loss(20): 0.29349449276924133 mean_loss(200): 0.35560160875320435
2017-06-04 14:12:18,125 - DEBUG - Step 290: mean_loss(20): 0.3255983293056488 mean_loss(200): 0.3521184027194977
2017-06-04 14:12:26,369 - DEBUG - Step 300: mean_loss(20): 0.3198253810405731 mean_loss(200): 0.34982144832611084
2017-06-04 14:12:34,603 - DEBUG - Step 310: mean_loss(20): 0.3064529299736023 mean_loss(200): 0.3451535701751709
