2017-06-12 00:15:15,014 - WARNING - Nodename: titan-lab1
2017-06-12 00:15:15,014 - WARNING - Parameters: BATCH_SIZE: 8, NN_IMAGE_SIZE: 512, BASE_CHANNELS: 32
2017-06-12 00:15:15,015 - WARNING - Augmentation: horizontal and vertical flips
2017-06-12 00:15:15,015 - WARNING - Checkpoint file: checkpoints/2017-06-11_22:15.ckpt
2017-06-12 00:15:57,628 - WARNING - Nodename: titan-lab1
2017-06-12 00:15:57,628 - WARNING - Parameters: BATCH_SIZE: 8, NN_IMAGE_SIZE: 512, BASE_CHANNELS: 32
2017-06-12 00:15:57,628 - WARNING - Augmentation: horizontal and vertical flips
2017-06-12 00:15:57,628 - WARNING - Checkpoint file: checkpoints/2017-06-11_22:15.ckpt
2017-06-12 00:16:00,677 - INFO - Start training
2017-06-12 00:16:04,722 - INFO - ====== START OF EPOCH 0 ======
2017-06-12 00:16:07,409 - DEBUG - Step 0: mean_loss(20): 27.77975082397461 mean_loss(200): 27.77975082397461
2017-06-12 00:16:13,177 - DEBUG - Step 10: mean_loss(20): 26.6937255859375 mean_loss(200): 26.6937255859375
2017-06-12 00:16:18,850 - DEBUG - Step 20: mean_loss(20): 21.43704605102539 mean_loss(200): 21.73908233642578
2017-06-12 00:16:24,485 - DEBUG - Step 30: mean_loss(20): 13.222920417785645 mean_loss(200): 18.002883911132812
2017-06-12 00:16:30,134 - DEBUG - Step 40: mean_loss(20): 7.961266994476318 mean_loss(200): 15.018197059631348
2017-06-12 00:16:35,810 - DEBUG - Step 50: mean_loss(20): 4.529803276062012 mean_loss(200): 12.719322204589844
2017-06-12 00:16:41,518 - DEBUG - Step 60: mean_loss(20): 2.8176169395446777 mean_loss(200): 11.018006324768066
2017-06-12 00:16:47,207 - DEBUG - Step 70: mean_loss(20): 2.3646342754364014 mean_loss(200): 9.802509307861328
2017-06-12 00:16:52,902 - DEBUG - Step 80: mean_loss(20): 2.443995952606201 mean_loss(200): 8.90096664428711
2017-06-12 00:16:58,603 - DEBUG - Step 90: mean_loss(20): 2.3518259525299072 mean_loss(200): 8.164996147155762
2017-06-12 00:17:04,294 - DEBUG - Step 100: mean_loss(20): 2.1670451164245605 mean_loss(200): 7.567516326904297
2017-06-12 00:17:10,021 - DEBUG - Step 110: mean_loss(20): 2.1305766105651855 mean_loss(200): 7.0777130126953125
2017-06-12 00:17:15,735 - DEBUG - Step 120: mean_loss(20): 2.07448673248291 mean_loss(200): 6.6595778465271
2017-06-12 00:17:21,446 - DEBUG - Step 130: mean_loss(20): 2.051980972290039 mean_loss(200): 6.310425758361816
2017-06-12 00:17:27,175 - DEBUG - Step 140: mean_loss(20): 2.1122562885284424 mean_loss(200): 6.0145673751831055
2017-06-12 00:17:32,903 - DEBUG - Step 150: mean_loss(20): 2.0226449966430664 mean_loss(200): 5.7425079345703125
2017-06-12 00:17:38,605 - DEBUG - Step 160: mean_loss(20): 1.7136638164520264 mean_loss(200): 5.4802937507629395
2017-06-12 00:17:44,315 - DEBUG - Step 170: mean_loss(20): 1.637160062789917 mean_loss(200): 5.262350082397461
2017-06-12 00:17:50,044 - DEBUG - Step 180: mean_loss(20): 1.5938860177993774 mean_loss(200): 5.050856590270996
2017-06-12 00:17:55,780 - DEBUG - Step 190: mean_loss(20): 1.5710728168487549 mean_loss(200): 4.875828742980957
2017-06-12 00:18:01,523 - DEBUG - Step 200: mean_loss(20): 1.6955387592315674 mean_loss(200): 4.601680278778076
2017-06-12 00:18:07,257 - DEBUG - Step 210: mean_loss(20): 1.623687744140625 mean_loss(200): 3.350630760192871
2017-06-12 00:18:12,984 - DEBUG - Step 220: mean_loss(20): 1.555992841720581 mean_loss(200): 2.613574743270874
2017-06-12 00:18:18,733 - DEBUG - Step 230: mean_loss(20): 1.4646830558776855 mean_loss(200): 2.174807071685791
2017-06-12 00:18:24,467 - DEBUG - Step 240: mean_loss(20): 1.4227579832077026 mean_loss(200): 1.9597240686416626
2017-06-12 00:18:30,216 - DEBUG - Step 250: mean_loss(20): 1.4774194955825806 mean_loss(200): 1.8695685863494873
2017-06-12 00:18:35,976 - DEBUG - Step 260: mean_loss(20): 1.3387606143951416 mean_loss(200): 1.8118383884429932
2017-06-12 00:18:41,730 - DEBUG - Step 270: mean_loss(20): 1.3487733602523804 mean_loss(200): 1.7679824829101562
2017-06-12 00:18:47,465 - DEBUG - Step 280: mean_loss(20): 1.4767372608184814 mean_loss(200): 1.715112566947937
2017-06-12 00:18:53,212 - DEBUG - Step 290: mean_loss(20): 1.4513295888900757 mean_loss(200): 1.677932858467102
2017-06-12 00:18:58,946 - DEBUG - Step 300: mean_loss(20): 1.3166086673736572 mean_loss(200): 1.6300687789916992
2017-06-12 00:19:04,829 - DEBUG - Step 310: mean_loss(20): 1.2173634767532349 mean_loss(200): 1.5866116285324097
2017-06-12 00:19:10,567 - DEBUG - Step 320: mean_loss(20): 1.3008778095245361 mean_loss(200): 1.5527080297470093
2017-06-12 00:19:16,323 - DEBUG - Step 330: mean_loss(20): 1.3409026861190796 mean_loss(200): 1.5155038833618164
2017-06-12 00:19:22,071 - DEBUG - Step 340: mean_loss(20): 1.3444551229476929 mean_loss(200): 1.4759280681610107
2017-06-12 00:19:27,825 - DEBUG - Step 350: mean_loss(20): 1.2908796072006226 mean_loss(200): 1.4423272609710693
2017-06-12 00:19:33,577 - DEBUG - Step 360: mean_loss(20): 1.2807180881500244 mean_loss(200): 1.432633399963379
2017-06-12 00:19:39,329 - DEBUG - Step 370: mean_loss(20): 1.2678554058074951 mean_loss(200): 1.4053966999053955
2017-06-12 00:19:45,101 - DEBUG - Step 380: mean_loss(20): 1.2946746349334717 mean_loss(200): 1.4027122259140015
2017-06-12 00:19:50,856 - DEBUG - Step 390: mean_loss(20): 1.3455166816711426 mean_loss(200): 1.3828412294387817
2017-06-12 00:19:56,602 - DEBUG - Step 400: mean_loss(20): 1.3118585348129272 mean_loss(200): 1.3643441200256348
2017-06-12 00:20:02,365 - DEBUG - Step 410: mean_loss(20): 1.203960657119751 mean_loss(200): 1.3408684730529785
2017-06-12 00:20:08,095 - DEBUG - Step 420: mean_loss(20): 1.0779926776885986 mean_loss(200): 1.3165441751480103
2017-06-12 00:20:13,874 - DEBUG - Step 430: mean_loss(20): 1.111314058303833 mean_loss(200): 1.3055315017700195
2017-06-12 00:20:19,623 - DEBUG - Step 440: mean_loss(20): 1.226586937904358 mean_loss(200): 1.2969272136688232
2017-06-12 00:20:25,490 - DEBUG - Step 450: mean_loss(20): 1.1634093523025513 mean_loss(200): 1.2741305828094482
2017-06-12 00:20:31,243 - DEBUG - Step 460: mean_loss(20): 1.0789260864257812 mean_loss(200): 1.2709436416625977
2017-06-12 00:20:36,985 - DEBUG - Step 470: mean_loss(20): 1.0858824253082275 mean_loss(200): 1.247841477394104
2017-06-12 00:20:42,721 - DEBUG - Step 480: mean_loss(20): 1.0390386581420898 mean_loss(200): 1.2271738052368164
2017-06-12 00:20:48,476 - DEBUG - Step 490: mean_loss(20): 0.8911668062210083 mean_loss(200): 1.1918251514434814
2017-06-12 00:20:54,226 - DEBUG - Step 500: mean_loss(20): 0.8842765092849731 mean_loss(200): 1.1839404106140137
2017-06-12 00:20:59,979 - DEBUG - Step 510: mean_loss(20): 0.9755344390869141 mean_loss(200): 1.1676422357559204
2017-06-12 00:21:05,736 - DEBUG - Step 520: mean_loss(20): 0.9266670346260071 mean_loss(200): 1.146519422531128
2017-06-12 00:21:11,513 - DEBUG - Step 530: mean_loss(20): 0.9177603721618652 mean_loss(200): 1.1253279447555542
2017-06-12 00:21:17,273 - DEBUG - Step 540: mean_loss(20): 0.9263173937797546 mean_loss(200): 1.1047056913375854
2017-06-12 00:21:23,017 - DEBUG - Step 550: mean_loss(20): 0.9745572805404663 mean_loss(200): 1.0936957597732544
2017-06-12 00:21:28,774 - DEBUG - Step 560: mean_loss(20): 0.9393391609191895 mean_loss(200): 1.0705677270889282
2017-06-12 00:21:34,549 - DEBUG - Step 570: mean_loss(20): 0.8669096231460571 mean_loss(200): 1.0536011457443237
2017-06-12 00:21:40,298 - DEBUG - Step 580: mean_loss(20): 0.8586360812187195 mean_loss(200): 1.0269639492034912
2017-06-12 00:21:46,054 - DEBUG - Step 590: mean_loss(20): 0.8557068109512329 mean_loss(200): 1.00462007522583
2017-06-12 00:21:51,807 - DEBUG - Step 600: mean_loss(20): 0.8679463267326355 mean_loss(200): 0.982572615146637
2017-06-12 00:21:57,544 - DEBUG - Step 610: mean_loss(20): 0.9015275239944458 mean_loss(200): 0.9743768572807312
2017-06-12 00:22:03,281 - DEBUG - Step 620: mean_loss(20): 0.9042686223983765 mean_loss(200): 0.9652001857757568
2017-06-12 00:22:09,048 - DEBUG - Step 630: mean_loss(20): 0.9548934698104858 mean_loss(200): 0.9587347507476807
2017-06-12 00:22:14,787 - DEBUG - Step 640: mean_loss(20): 0.9115117192268372 mean_loss(200): 0.9336926937103271
2017-06-12 00:22:20,556 - DEBUG - Step 650: mean_loss(20): 0.8855289220809937 mean_loss(200): 0.9309467077255249
2017-06-12 00:22:26,316 - DEBUG - Step 660: mean_loss(20): 0.9207611083984375 mean_loss(200): 0.9178763031959534
2017-06-12 00:22:32,063 - DEBUG - Step 670: mean_loss(20): 0.8900356292724609 mean_loss(200): 0.9113620519638062
2017-06-12 00:22:37,798 - DEBUG - Step 680: mean_loss(20): 0.8838699460029602 mean_loss(200): 0.9023593664169312
2017-06-12 00:22:43,519 - DEBUG - Step 690: mean_loss(20): 0.8528505563735962 mean_loss(200): 0.9075304269790649
2017-06-12 00:22:49,260 - DEBUG - Step 700: mean_loss(20): 0.9056825637817383 mean_loss(200): 0.9044999480247498
2017-06-12 00:22:55,009 - DEBUG - Step 710: mean_loss(20): 0.913159191608429 mean_loss(200): 0.9012929797172546
2017-06-12 00:23:00,766 - DEBUG - Step 720: mean_loss(20): 0.8514053225517273 mean_loss(200): 0.8969737887382507
2017-06-12 00:23:06,511 - DEBUG - Step 730: mean_loss(20): 0.8095465898513794 mean_loss(200): 0.8904715776443481
2017-06-12 00:23:12,259 - DEBUG - Step 740: mean_loss(20): 0.8203614354133606 mean_loss(200): 0.8863781690597534
2017-06-12 00:23:18,008 - DEBUG - Step 750: mean_loss(20): 0.8034332394599915 mean_loss(200): 0.8733591437339783
2017-06-12 00:23:23,781 - DEBUG - Step 760: mean_loss(20): 0.7980824112892151 mean_loss(200): 0.8722525835037231
2017-06-12 00:23:29,522 - DEBUG - Step 770: mean_loss(20): 0.8422328233718872 mean_loss(200): 0.8708915114402771
2017-06-12 00:23:35,299 - DEBUG - Step 780: mean_loss(20): 0.9396273493766785 mean_loss(200): 0.880351722240448
2017-06-12 00:23:41,031 - DEBUG - Step 790: mean_loss(20): 0.8840886354446411 mean_loss(200): 0.8737296462059021
2017-06-12 00:23:46,782 - DEBUG - Step 800: mean_loss(20): 0.7179969549179077 mean_loss(200): 0.8653567433357239
2017-06-12 00:23:52,535 - DEBUG - Step 810: mean_loss(20): 0.7415658235549927 mean_loss(200): 0.8577334880828857
2017-06-12 00:23:58,399 - DEBUG - Step 820: mean_loss(20): 0.7658410668373108 mean_loss(200): 0.8515139818191528
2017-06-12 00:24:04,142 - DEBUG - Step 830: mean_loss(20): 0.7851715087890625 mean_loss(200): 0.8407612442970276
2017-06-12 00:24:09,911 - DEBUG - Step 840: mean_loss(20): 0.7632118463516235 mean_loss(200): 0.836683988571167
2017-06-12 00:24:15,646 - DEBUG - Step 850: mean_loss(20): 0.7204947471618652 mean_loss(200): 0.8242579102516174
2017-06-12 00:24:21,410 - DEBUG - Step 860: mean_loss(20): 0.7177004218101501 mean_loss(200): 0.8163778781890869
2017-06-12 00:24:27,160 - DEBUG - Step 870: mean_loss(20): 0.7402496337890625 mean_loss(200): 0.8092792630195618
2017-06-12 00:24:32,891 - DEBUG - Step 880: mean_loss(20): 0.7096493244171143 mean_loss(200): 0.7989558577537537
2017-06-12 00:24:38,640 - DEBUG - Step 890: mean_loss(20): 0.6563222408294678 mean_loss(200): 0.7896264791488647
2017-06-12 00:24:44,405 - DEBUG - Step 900: mean_loss(20): 0.7003452181816101 mean_loss(200): 0.7784221172332764
2017-06-12 00:24:50,180 - DEBUG - Step 910: mean_loss(20): 0.7444289326667786 mean_loss(200): 0.7727533578872681
2017-06-12 00:24:55,942 - DEBUG - Step 920: mean_loss(20): 0.7502505779266357 mean_loss(200): 0.7683065533638
2017-06-12 00:25:01,673 - DEBUG - Step 930: mean_loss(20): 0.7337836027145386 mean_loss(200): 0.7651770710945129
2017-06-12 00:25:07,425 - DEBUG - Step 940: mean_loss(20): 0.6964319944381714 mean_loss(200): 0.7559136748313904
2017-06-12 00:25:13,173 - DEBUG - Step 950: mean_loss(20): 0.6465778946876526 mean_loss(200): 0.7494915723800659
2017-06-12 00:25:18,913 - DEBUG - Step 960: mean_loss(20): 0.6771458387374878 mean_loss(200): 0.7438200116157532
2017-06-12 00:25:24,661 - DEBUG - Step 970: mean_loss(20): 0.7097734808921814 mean_loss(200): 0.7362455725669861
2017-06-12 00:25:30,539 - DEBUG - Step 980: mean_loss(20): 0.677939772605896 mean_loss(200): 0.7176513671875
2017-06-12 00:25:36,284 - DEBUG - Step 990: mean_loss(20): 0.7377414703369141 mean_loss(200): 0.721610963344574
2017-06-12 00:25:42,048 - DEBUG - Step 1000: mean_loss(20): 0.7144137620925903 mean_loss(200): 0.7172930240631104
2017-06-12 00:25:47,809 - DEBUG - Step 1010: mean_loss(20): 0.6564353704452515 mean_loss(200): 0.7130978107452393
2017-06-12 00:25:53,558 - DEBUG - Step 1020: mean_loss(20): 0.7147864103317261 mean_loss(200): 0.7121875286102295
2017-06-12 00:25:59,320 - DEBUG - Step 1030: mean_loss(20): 0.6900908946990967 mean_loss(200): 0.7035897970199585
2017-06-12 00:26:05,038 - DEBUG - Step 1040: mean_loss(20): 0.6366912126541138 mean_loss(200): 0.6995354294776917
2017-06-12 00:26:10,793 - DEBUG - Step 1050: mean_loss(20): 0.6899693608283997 mean_loss(200): 0.7005372643470764
2017-06-12 00:26:16,556 - DEBUG - Step 1060: mean_loss(20): 0.7107267379760742 mean_loss(200): 0.6988380551338196
2017-06-12 00:26:22,323 - DEBUG - Step 1070: mean_loss(20): 0.6742830872535706 mean_loss(200): 0.6939405798912048
2017-06-12 00:26:28,045 - DEBUG - Step 1080: mean_loss(20): 0.6078507900238037 mean_loss(200): 0.6886582374572754
2017-06-12 00:26:33,801 - DEBUG - Step 1090: mean_loss(20): 0.6008496284484863 mean_loss(200): 0.6883934140205383
2017-06-12 00:26:39,544 - DEBUG - Step 1100: mean_loss(20): 0.6617573499679565 mean_loss(200): 0.6847994327545166
2017-06-12 00:26:45,306 - DEBUG - Step 1110: mean_loss(20): 0.6396792531013489 mean_loss(200): 0.6779183745384216
2017-06-12 00:26:51,065 - DEBUG - Step 1120: mean_loss(20): 0.6323018670082092 mean_loss(200): 0.6730046272277832
2017-06-12 00:26:56,811 - DEBUG - Step 1130: mean_loss(20): 0.6796313524246216 mean_loss(200): 0.6725032329559326
2017-06-12 00:27:02,569 - DEBUG - Step 1140: mean_loss(20): 0.6753391027450562 mean_loss(200): 0.6708953380584717
2017-06-12 00:27:08,327 - DEBUG - Step 1150: mean_loss(20): 0.6417667269706726 mean_loss(200): 0.6720221042633057
2017-06-12 00:27:14,078 - DEBUG - Step 1160: mean_loss(20): 0.641453742980957 mean_loss(200): 0.667326033115387
2017-06-12 00:27:19,817 - DEBUG - Step 1170: mean_loss(20): 0.6411344408988953 mean_loss(200): 0.6651581525802612
2017-06-12 00:27:25,563 - DEBUG - Step 1180: mean_loss(20): 0.624271810054779 mean_loss(200): 0.6619592308998108
2017-06-12 00:27:31,310 - DEBUG - Step 1190: mean_loss(20): 0.6406895518302917 mean_loss(200): 0.6554530262947083
2017-06-12 00:27:37,063 - DEBUG - Step 1200: mean_loss(20): 0.6435102820396423 mean_loss(200): 0.6548689007759094
2017-06-12 00:27:42,869 - DEBUG - Step 1210: mean_loss(20): 0.6407451629638672 mean_loss(200): 0.6538839936256409
2017-06-12 00:27:48,628 - DEBUG - Step 1220: mean_loss(20): 0.6615262627601624 mean_loss(200): 0.6495429277420044
2017-06-12 00:27:54,383 - DEBUG - Step 1230: mean_loss(20): 0.6940599083900452 mean_loss(200): 0.6542808413505554
2017-06-12 00:28:00,140 - DEBUG - Step 1240: mean_loss(20): 0.7115917205810547 mean_loss(200): 0.6570329070091248
2017-06-12 00:28:05,870 - DEBUG - Step 1250: mean_loss(20): 0.6412728428840637 mean_loss(200): 0.649411141872406
2017-06-12 00:28:11,611 - DEBUG - Step 1260: mean_loss(20): 0.6407648324966431 mean_loss(200): 0.6500367522239685
2017-06-12 00:28:12,180 - INFO - End of epoch, training set loss (whole epoch avg): 1.5100703239440918
2017-06-12 00:28:12,691 - DEBUG - Step 0: mean_loss(20): 0.6251258254051208 mean_loss(200): 0.6251258254051208
2017-06-12 00:28:16,592 - DEBUG - Step 10: mean_loss(20): 0.531425416469574 mean_loss(200): 0.531425416469574
2017-06-12 00:28:20,551 - DEBUG - Step 20: mean_loss(20): 0.5337232351303101 mean_loss(200): 0.5380757451057434
2017-06-12 00:28:24,530 - DEBUG - Step 30: mean_loss(20): 0.5407959222793579 mean_loss(200): 0.5374709963798523
2017-06-12 00:28:28,524 - DEBUG - Step 40: mean_loss(20): 0.569426417350769 mean_loss(200): 0.5533686876296997
2017-06-12 00:28:32,506 - DEBUG - Step 50: mean_loss(20): 0.585767388343811 mean_loss(200): 0.5564107894897461
2017-06-12 00:28:36,511 - DEBUG - Step 60: mean_loss(20): 0.5520013570785522 mean_loss(200): 0.552920401096344
2017-06-12 00:28:38,109 - INFO - Validation set loss: 0.5512351989746094
2017-06-12 00:28:38,109 - INFO - ====== START OF EPOCH 1 ======
2017-06-12 00:28:38,685 - DEBUG - Step 0: mean_loss(20): 0.6915206909179688 mean_loss(200): 0.6915206909179688
2017-06-12 00:28:44,424 - DEBUG - Step 10: mean_loss(20): 0.7059962749481201 mean_loss(200): 0.7059962749481201
2017-06-12 00:28:50,155 - DEBUG - Step 20: mean_loss(20): 0.6442974209785461 mean_loss(200): 0.6465461254119873
2017-06-12 00:28:55,891 - DEBUG - Step 30: mean_loss(20): 0.6010088920593262 mean_loss(200): 0.6382623314857483
2017-06-12 00:29:01,633 - DEBUG - Step 40: mean_loss(20): 0.6676191091537476 mean_loss(200): 0.656825602054596
2017-06-12 00:29:07,396 - DEBUG - Step 50: mean_loss(20): 0.6776198148727417 mean_loss(200): 0.6536967158317566
2017-06-12 00:29:13,158 - DEBUG - Step 60: mean_loss(20): 0.5729989409446716 mean_loss(200): 0.6293414831161499
