2017-06-04 19:01:28,925 - WARNING - Nodename: titan-lab1
2017-06-04 19:01:28,925 - WARNING - Parameters: BATCH_SIZE: 16, NN_IMAGE_SIZE: 512, BASE_CHANNELS: 16
2017-06-04 19:01:28,925 - WARNING - Augmentation: horizontal and vertical flips
2017-06-04 19:01:28,925 - WARNING - Checkpoint file: checkpoints/2017-06-04_17:01.ckpt
2017-06-04 19:01:33,751 - INFO - Start training
2017-06-04 19:01:37,233 - INFO - ====== START OF EPOCH 0 ======
2017-06-04 19:01:40,494 - DEBUG - Step 0: mean_loss(20): 0.5458090901374817 mean_loss(200): 0.5458090901374817
2017-06-04 19:01:49,635 - DEBUG - Step 10: mean_loss(20): 0.5233559608459473 mean_loss(200): 0.5233559608459473
2017-06-04 19:01:58,853 - DEBUG - Step 20: mean_loss(20): 0.44372329115867615 mean_loss(200): 0.44858449697494507
2017-06-04 19:02:08,066 - DEBUG - Step 30: mean_loss(20): 0.35525354743003845 mean_loss(200): 0.41490283608436584
2017-06-04 19:02:17,391 - DEBUG - Step 40: mean_loss(20): 0.32818275690078735 mean_loss(200): 0.38985195755958557
2017-06-04 19:02:26,687 - DEBUG - Step 50: mean_loss(20): 0.30207252502441406 mean_loss(200): 0.3706556260585785
2017-06-04 19:02:36,053 - DEBUG - Step 60: mean_loss(20): 0.3025617003440857 mean_loss(200): 0.361232191324234
2017-06-04 19:02:45,342 - DEBUG - Step 70: mean_loss(20): 0.29183652997016907 mean_loss(200): 0.3484530746936798
2017-06-04 19:02:54,684 - DEBUG - Step 80: mean_loss(20): 0.2810328006744385 mean_loss(200): 0.34142985939979553
2017-06-04 19:03:04,102 - DEBUG - Step 90: mean_loss(20): 0.2801349461078644 mean_loss(200): 0.33343806862831116
2017-06-04 19:03:13,634 - DEBUG - Step 100: mean_loss(20): 0.28532928228378296 mean_loss(200): 0.3303208351135254
2017-06-04 19:03:23,008 - DEBUG - Step 110: mean_loss(20): 0.29808884859085083 mean_loss(200): 0.32706883549690247
2017-06-04 19:03:32,442 - DEBUG - Step 120: mean_loss(20): 0.2733335494995117 mean_loss(200): 0.32090145349502563
2017-06-04 19:03:41,795 - DEBUG - Step 130: mean_loss(20): 0.264742910861969 mean_loss(200): 0.31755346059799194
2017-06-04 19:03:51,196 - DEBUG - Step 140: mean_loss(20): 0.27111369371414185 mean_loss(200): 0.3138393759727478
2017-06-04 19:04:00,641 - DEBUG - Step 150: mean_loss(20): 0.2607711851596832 mean_loss(200): 0.3100326359272003
2017-06-04 19:04:09,998 - DEBUG - Step 160: mean_loss(20): 0.24892528355121613 mean_loss(200): 0.30577552318573
2017-06-04 19:04:19,236 - DEBUG - Step 170: mean_loss(20): 0.24188768863677979 mean_loss(200): 0.302062451839447
2017-06-04 19:04:28,629 - DEBUG - Step 180: mean_loss(20): 0.25728750228881836 mean_loss(200): 0.3004176914691925
2017-06-04 19:04:37,965 - DEBUG - Step 190: mean_loss(20): 0.2624766230583191 mean_loss(200): 0.29791733622550964
2017-06-04 19:04:47,290 - DEBUG - Step 200: mean_loss(20): 0.2535807490348816 mean_loss(200): 0.29450705647468567
2017-06-04 19:04:56,688 - DEBUG - Step 210: mean_loss(20): 0.25759488344192505 mean_loss(200): 0.28148597478866577
2017-06-04 19:05:05,785 - DEBUG - Step 220: mean_loss(20): 0.24999883770942688 mean_loss(200): 0.2751346230506897
2017-06-04 19:05:14,672 - DEBUG - Step 230: mean_loss(20): 0.24576175212860107 mean_loss(200): 0.27053678035736084
2017-06-04 19:05:23,449 - DEBUG - Step 240: mean_loss(20): 0.243918776512146 mean_loss(200): 0.2667081952095032
2017-06-04 19:05:32,225 - DEBUG - Step 250: mean_loss(20): 0.23861297965049744 mean_loss(200): 0.26419082283973694
2017-06-04 19:05:40,963 - DEBUG - Step 260: mean_loss(20): 0.23933295905590057 mean_loss(200): 0.26038533449172974
2017-06-04 19:05:49,701 - DEBUG - Step 270: mean_loss(20): 0.24975907802581787 mean_loss(200): 0.259983092546463
2017-06-04 19:05:58,931 - DEBUG - Step 280: mean_loss(20): 0.24958536028862 mean_loss(200): 0.2572405934333801
2017-06-04 19:06:08,484 - DEBUG - Step 290: mean_loss(20): 0.2489904910326004 mean_loss(200): 0.2568686604499817
