2017-06-04 19:10:26,703 - WARNING - Nodename: titan-lab3
2017-06-04 19:10:26,703 - WARNING - Parameters: BATCH_SIZE: 12, NN_IMAGE_SIZE: 512, BASE_CHANNELS: 16
2017-06-04 19:10:26,703 - WARNING - Augmentation: horizontal and vertical flips
2017-06-04 19:10:26,703 - WARNING - Checkpoint file: checkpoints/2017-06-04_17:10.ckpt
2017-06-04 19:10:29,892 - INFO - Start training
2017-06-04 19:10:32,957 - INFO - ====== START OF EPOCH 0 ======
2017-06-04 19:10:35,833 - DEBUG - Step 0: mean_loss(20): 1.4953807592391968 mean_loss(200): 1.4953807592391968
2017-06-04 19:10:43,388 - DEBUG - Step 10: mean_loss(20): 0.6987403035163879 mean_loss(200): 0.6987403035163879
2017-06-04 19:10:51,843 - DEBUG - Step 20: mean_loss(20): 0.570999026298523 mean_loss(200): 0.6150172352790833
2017-06-04 19:10:59,718 - DEBUG - Step 30: mean_loss(20): 0.5014909505844116 mean_loss(200): 0.5714827179908752
2017-06-04 19:11:07,570 - DEBUG - Step 40: mean_loss(20): 0.47810354828834534 mean_loss(200): 0.5482300519943237
2017-06-04 19:11:15,382 - DEBUG - Step 50: mean_loss(20): 0.4266738295555115 mean_loss(200): 0.51469486951828
2017-06-04 19:11:23,286 - DEBUG - Step 60: mean_loss(20): 0.3765656054019928 mean_loss(200): 0.49194663763046265
2017-06-04 19:11:31,146 - DEBUG - Step 70: mean_loss(20): 0.345308780670166 mean_loss(200): 0.4669804573059082
2017-06-04 19:11:39,124 - DEBUG - Step 80: mean_loss(20): 0.327874094247818 mean_loss(200): 0.4514349102973938
2017-06-04 19:11:47,002 - DEBUG - Step 90: mean_loss(20): 0.3341830372810364 mean_loss(200): 0.4377942383289337
2017-06-04 19:11:54,909 - DEBUG - Step 100: mean_loss(20): 0.31889691948890686 mean_loss(200): 0.42518970370292664
2017-06-04 19:12:02,742 - DEBUG - Step 110: mean_loss(20): 0.31100860238075256 mean_loss(200): 0.41495004296302795
2017-06-04 19:12:10,613 - DEBUG - Step 120: mean_loss(20): 0.30219095945358276 mean_loss(200): 0.40485936403274536
2017-06-04 19:12:18,468 - DEBUG - Step 130: mean_loss(20): 0.2960001826286316 mean_loss(200): 0.39678966999053955
2017-06-04 19:12:26,450 - DEBUG - Step 140: mean_loss(20): 0.3027154803276062 mean_loss(200): 0.3903708755970001
2017-06-04 19:12:34,352 - DEBUG - Step 150: mean_loss(20): 0.2889673113822937 mean_loss(200): 0.3825085759162903
2017-06-04 19:12:42,214 - DEBUG - Step 160: mean_loss(20): 0.276789128780365 mean_loss(200): 0.37626132369041443
2017-06-04 19:12:50,104 - DEBUG - Step 170: mean_loss(20): 0.27788588404655457 mean_loss(200): 0.3702720105648041
2017-06-04 19:12:58,000 - DEBUG - Step 180: mean_loss(20): 0.2835671007633209 mean_loss(200): 0.3660188913345337
2017-06-04 19:13:05,847 - DEBUG - Step 190: mean_loss(20): 0.2835608720779419 mean_loss(200): 0.3611923158168793
2017-06-04 19:13:13,705 - DEBUG - Step 200: mean_loss(20): 0.26094743609428406 mean_loss(200): 0.3498649597167969
2017-06-04 19:13:21,657 - DEBUG - Step 210: mean_loss(20): 0.2581767737865448 mean_loss(200): 0.3323255777359009
2017-06-04 19:13:29,507 - DEBUG - Step 220: mean_loss(20): 0.2685701251029968 mean_loss(200): 0.3196220397949219
2017-06-04 19:13:37,411 - DEBUG - Step 230: mean_loss(20): 0.27361422777175903 mean_loss(200): 0.30953794717788696
2017-06-04 19:13:45,296 - DEBUG - Step 240: mean_loss(20): 0.264948308467865 mean_loss(200): 0.29830649495124817
2017-06-04 19:13:53,230 - DEBUG - Step 250: mean_loss(20): 0.26924654841423035 mean_loss(200): 0.29379522800445557
2017-06-04 19:14:01,065 - DEBUG - Step 260: mean_loss(20): 0.27857616543769836 mean_loss(200): 0.2885075807571411
2017-06-04 19:14:08,936 - DEBUG - Step 270: mean_loss(20): 0.2688028812408447 mean_loss(200): 0.2861446440219879
2017-06-04 19:14:19,313 - DEBUG - Step 280: mean_loss(20): 0.274208664894104 mean_loss(200): 0.28314101696014404
2017-06-04 19:14:27,259 - DEBUG - Step 290: mean_loss(20): 0.2799307405948639 mean_loss(200): 0.2807193994522095
2017-06-04 19:14:35,232 - DEBUG - Step 300: mean_loss(20): 0.27572086453437805 mean_loss(200): 0.2788234353065491
2017-06-04 19:14:43,137 - DEBUG - Step 310: mean_loss(20): 0.2710683047771454 mean_loss(200): 0.2767253816127777
2017-06-04 19:14:51,009 - DEBUG - Step 320: mean_loss(20): 0.2603248953819275 mean_loss(200): 0.27463680505752563
