2017-06-04 01:15:41,337 - WARNING - Nodename: titan-lab3
2017-06-04 01:15:41,338 - WARNING - Parameters: BATCH_SIZE: 8, NN_IMAGE_SIZE: 512, BASE_CHANNELS: 24
2017-06-04 01:15:41,338 - WARNING - Augmentation: horizontal and vertical flips
2017-06-04 01:15:41,338 - WARNING - Checkpoint file: checkpoints/2017-06-03_23:15.ckpt
2017-06-04 01:15:44,113 - INFO - Start training
2017-06-04 01:15:48,596 - INFO - ====== START OF EPOCH 0 ======
2017-06-04 01:15:52,660 - DEBUG - Step 0: mean_loss(20): 1.8384069204330444 mean_loss(200): 1.8384069204330444
2017-06-04 01:15:58,251 - DEBUG - Step 10: mean_loss(20): 1.0254477262496948 mean_loss(200): 1.0254477262496948
2017-06-04 01:16:03,718 - DEBUG - Step 20: mean_loss(20): 0.7491455078125 mean_loss(200): 0.8010151386260986
2017-06-04 01:16:09,238 - DEBUG - Step 30: mean_loss(20): 0.5057004690170288 mean_loss(200): 0.690126895904541
2017-06-04 01:16:14,779 - DEBUG - Step 40: mean_loss(20): 0.47338247299194336 mean_loss(200): 0.6411943435668945
2017-06-04 01:16:20,307 - DEBUG - Step 50: mean_loss(20): 0.4571479260921478 mean_loss(200): 0.5987626314163208
2017-06-04 01:16:25,851 - DEBUG - Step 60: mean_loss(20): 0.38891658186912537 mean_loss(200): 0.5584803223609924
2017-06-04 01:16:31,361 - DEBUG - Step 70: mean_loss(20): 0.36497798562049866 mean_loss(200): 0.5329078435897827
2017-06-04 01:16:36,879 - DEBUG - Step 80: mean_loss(20): 0.36608946323394775 mean_loss(200): 0.5109763741493225
2017-06-04 01:16:42,424 - DEBUG - Step 90: mean_loss(20): 0.36779409646987915 mean_loss(200): 0.4966191351413727
2017-06-04 01:16:47,979 - DEBUG - Step 100: mean_loss(20): 0.36526334285736084 mean_loss(200): 0.48212236166000366
2017-06-04 01:16:54,139 - DEBUG - Step 110: mean_loss(20): 0.3328016400337219 mean_loss(200): 0.46710243821144104
2017-06-04 01:16:59,632 - DEBUG - Step 120: mean_loss(20): 0.3173668682575226 mean_loss(200): 0.45489004254341125
2017-06-04 01:17:05,168 - DEBUG - Step 130: mean_loss(20): 0.3130982518196106 mean_loss(200): 0.44359034299850464
2017-06-04 01:17:10,682 - DEBUG - Step 140: mean_loss(20): 0.29588621854782104 mean_loss(200): 0.43233630061149597
2017-06-04 01:17:16,217 - DEBUG - Step 150: mean_loss(20): 0.31121474504470825 mean_loss(200): 0.4260571599006653
2017-06-04 01:17:21,738 - DEBUG - Step 160: mean_loss(20): 0.3268338143825531 mean_loss(200): 0.4192304015159607
2017-06-04 01:17:27,294 - DEBUG - Step 170: mean_loss(20): 0.3120969831943512 mean_loss(200): 0.4127284586429596
2017-06-04 01:17:32,827 - DEBUG - Step 180: mean_loss(20): 0.28335708379745483 mean_loss(200): 0.40421679615974426
2017-06-04 01:17:38,357 - DEBUG - Step 190: mean_loss(20): 0.25859278440475464 mean_loss(200): 0.39658862352371216
2017-06-04 01:17:43,909 - DEBUG - Step 200: mean_loss(20): 0.2869028151035309 mean_loss(200): 0.385314404964447
2017-06-04 01:17:49,457 - DEBUG - Step 210: mean_loss(20): 0.2953464388847351 mean_loss(200): 0.3518771231174469
2017-06-04 01:17:55,009 - DEBUG - Step 220: mean_loss(20): 0.29336223006248474 mean_loss(200): 0.33973610401153564
2017-06-04 01:18:00,570 - DEBUG - Step 230: mean_loss(20): 0.28654715418815613 mean_loss(200): 0.32996177673339844
2017-06-04 01:18:06,102 - DEBUG - Step 240: mean_loss(20): 0.2505694031715393 mean_loss(200): 0.3174547553062439
2017-06-04 01:18:11,639 - DEBUG - Step 250: mean_loss(20): 0.25895512104034424 mean_loss(200): 0.31014248728752136
2017-06-04 01:18:17,184 - DEBUG - Step 260: mean_loss(20): 0.29084715247154236 mean_loss(200): 0.30764782428741455
2017-06-04 01:18:22,737 - DEBUG - Step 270: mean_loss(20): 0.2865912914276123 mean_loss(200): 0.30230382084846497
2017-06-04 01:18:28,294 - DEBUG - Step 280: mean_loss(20): 0.26867568492889404 mean_loss(200): 0.29790642857551575
2017-06-04 01:18:33,840 - DEBUG - Step 290: mean_loss(20): 0.27079495787620544 mean_loss(200): 0.2926039397716522
2017-06-04 01:18:39,410 - DEBUG - Step 300: mean_loss(20): 0.2694501280784607 mean_loss(200): 0.28832513093948364
2017-06-04 01:18:44,963 - DEBUG - Step 310: mean_loss(20): 0.2585156261920929 mean_loss(200): 0.2851753532886505
2017-06-04 01:18:50,516 - DEBUG - Step 320: mean_loss(20): 0.2532207667827606 mean_loss(200): 0.2819105088710785
2017-06-04 01:18:56,093 - DEBUG - Step 330: mean_loss(20): 0.2548061013221741 mean_loss(200): 0.2793461084365845
2017-06-04 01:19:01,659 - DEBUG - Step 340: mean_loss(20): 0.24612829089164734 mean_loss(200): 0.27693474292755127
2017-06-04 01:19:07,249 - DEBUG - Step 350: mean_loss(20): 0.2525893449783325 mean_loss(200): 0.2734835743904114
2017-06-04 01:19:12,850 - DEBUG - Step 360: mean_loss(20): 0.2762392461299896 mean_loss(200): 0.2718752920627594
2017-06-04 01:19:18,422 - DEBUG - Step 370: mean_loss(20): 0.2567542493343353 mean_loss(200): 0.26794928312301636
2017-06-04 01:19:23,992 - DEBUG - Step 380: mean_loss(20): 0.22440464794635773 mean_loss(200): 0.2659800350666046
2017-06-04 01:19:29,525 - DEBUG - Step 390: mean_loss(20): 0.2389514446258545 mean_loss(200): 0.2659851610660553
2017-06-04 01:19:35,068 - DEBUG - Step 400: mean_loss(20): 0.24969947338104248 mean_loss(200): 0.26225972175598145
2017-06-04 01:19:40,628 - DEBUG - Step 410: mean_loss(20): 0.21977713704109192 mean_loss(200): 0.2584282457828522
2017-06-04 01:19:46,300 - DEBUG - Step 420: mean_loss(20): 0.256430983543396 mean_loss(200): 0.25856658816337585
2017-06-04 01:19:51,889 - DEBUG - Step 430: mean_loss(20): 0.2716943621635437 mean_loss(200): 0.2569429874420166
2017-06-04 01:19:57,462 - DEBUG - Step 440: mean_loss(20): 0.24299141764640808 mean_loss(200): 0.2578088045120239
2017-06-04 01:20:03,052 - DEBUG - Step 450: mean_loss(20): 0.2759702801704407 mean_loss(200): 0.2586444914340973
2017-06-04 01:20:08,617 - DEBUG - Step 460: mean_loss(20): 0.27835583686828613 mean_loss(200): 0.2565596401691437
2017-06-04 01:20:14,145 - DEBUG - Step 470: mean_loss(20): 0.2514288127422333 mean_loss(200): 0.2551282048225403
2017-06-04 01:20:19,669 - DEBUG - Step 480: mean_loss(20): 0.22339896857738495 mean_loss(200): 0.25203198194503784
2017-06-04 01:20:25,237 - DEBUG - Step 490: mean_loss(20): 0.21697120368480682 mean_loss(200): 0.24974584579467773
2017-06-04 01:20:30,765 - DEBUG - Step 500: mean_loss(20): 0.23939457535743713 mean_loss(200): 0.24902641773223877
2017-06-04 01:20:36,331 - DEBUG - Step 510: mean_loss(20): 0.2325943410396576 mean_loss(200): 0.24715371429920197
2017-06-04 01:20:41,870 - DEBUG - Step 520: mean_loss(20): 0.20943066477775574 mean_loss(200): 0.24464741349220276
2017-06-04 01:20:47,427 - DEBUG - Step 530: mean_loss(20): 0.24627704918384552 mean_loss(200): 0.2463008165359497
2017-06-04 01:20:52,979 - DEBUG - Step 540: mean_loss(20): 0.263425350189209 mean_loss(200): 0.2463771253824234
2017-06-04 01:20:58,550 - DEBUG - Step 550: mean_loss(20): 0.242431640625 mean_loss(200): 0.2452850341796875
2017-06-04 01:21:04,137 - DEBUG - Step 560: mean_loss(20): 0.24712197482585907 mean_loss(200): 0.2434653788805008
2017-06-04 01:21:09,721 - DEBUG - Step 570: mean_loss(20): 0.22582340240478516 mean_loss(200): 0.24219197034835815
2017-06-04 01:21:15,311 - DEBUG - Step 580: mean_loss(20): 0.21875230967998505 mean_loss(200): 0.24290016293525696
2017-06-04 01:21:20,872 - DEBUG - Step 590: mean_loss(20): 0.24096465110778809 mean_loss(200): 0.24239327013492584
2017-06-04 01:21:26,444 - DEBUG - Step 600: mean_loss(20): 0.2339293509721756 mean_loss(200): 0.24132317304611206
2017-06-04 01:21:32,056 - DEBUG - Step 610: mean_loss(20): 0.21647146344184875 mean_loss(200): 0.24206271767616272
2017-06-04 01:21:37,638 - DEBUG - Step 620: mean_loss(20): 0.23282814025878906 mean_loss(200): 0.23896285891532898
2017-06-04 01:21:43,200 - DEBUG - Step 630: mean_loss(20): 0.2357514649629593 mean_loss(200): 0.23846842348575592
2017-06-04 01:21:48,820 - DEBUG - Step 640: mean_loss(20): 0.228300541639328 mean_loss(200): 0.23749378323554993
2017-06-04 01:21:54,398 - DEBUG - Step 650: mean_loss(20): 0.24274316430091858 mean_loss(200): 0.235145702958107
2017-06-04 01:21:59,975 - DEBUG - Step 660: mean_loss(20): 0.23013007640838623 mean_loss(200): 0.23267120122909546
2017-06-04 01:22:05,533 - DEBUG - Step 670: mean_loss(20): 0.20556287467479706 mean_loss(200): 0.23055912554264069
2017-06-04 01:22:11,148 - DEBUG - Step 680: mean_loss(20): 0.23267436027526855 mean_loss(200): 0.2335987538099289
2017-06-04 01:22:16,762 - DEBUG - Step 690: mean_loss(20): 0.24617502093315125 mean_loss(200): 0.23347949981689453
2017-06-04 01:22:22,341 - DEBUG - Step 700: mean_loss(20): 0.20445898175239563 mean_loss(200): 0.2301051765680313
2017-06-04 01:22:27,905 - DEBUG - Step 710: mean_loss(20): 0.1971152275800705 mean_loss(200): 0.22993157804012299
2017-06-04 01:22:33,475 - DEBUG - Step 720: mean_loss(20): 0.216257244348526 mean_loss(200): 0.23078782856464386
2017-06-04 01:22:39,048 - DEBUG - Step 730: mean_loss(20): 0.22159716486930847 mean_loss(200): 0.22746360301971436
2017-06-04 01:22:44,651 - DEBUG - Step 740: mean_loss(20): 0.22589662671089172 mean_loss(200): 0.22703495621681213
2017-06-04 01:22:50,239 - DEBUG - Step 750: mean_loss(20): 0.24886588752269745 mean_loss(200): 0.2281070351600647
2017-06-04 01:22:55,844 - DEBUG - Step 760: mean_loss(20): 0.256402850151062 mean_loss(200): 0.22796304523944855
2017-06-04 01:23:01,459 - DEBUG - Step 770: mean_loss(20): 0.22882071137428284 mean_loss(200): 0.22840675711631775
