2017-06-12 12:57:13,660 - WARNING - Nodename: titan-lab1
2017-06-12 12:57:13,660 - WARNING - Parameters: BATCH_SIZE: 8, NN_IMAGE_SIZE: 512, BASE_CHANNELS: 32
2017-06-12 12:57:13,660 - WARNING - Augmentation: horizontal and vertical flips
2017-06-12 12:57:13,660 - WARNING - Starting checkpoint file: checkpoints/2017-06-12_08:21.ckpt
2017-06-12 12:57:13,660 - WARNING - Checkpoint file: checkpoints/2017-06-12_10:57.ckpt
2017-06-12 12:57:17,332 - INFO - Start training
2017-06-12 12:57:22,431 - INFO - ====== START OF EPOCH 0 ======
2017-06-12 12:57:25,026 - DEBUG - Step 0: mean_loss(20): 0.13264420628547668 mean_loss(200): 0.13264420628547668
2017-06-12 12:57:30,695 - DEBUG - Step 10: mean_loss(20): 0.33613327145576477 mean_loss(200): 0.33613327145576477
2017-06-12 12:57:36,343 - DEBUG - Step 20: mean_loss(20): 0.3440837264060974 mean_loss(200): 0.3340151607990265
2017-06-12 12:57:41,978 - DEBUG - Step 30: mean_loss(20): 0.33327317237854004 mean_loss(200): 0.3342880308628082
2017-06-12 12:57:47,630 - DEBUG - Step 40: mean_loss(20): 0.3443810045719147 mean_loss(200): 0.339071661233902
2017-06-12 12:57:53,342 - DEBUG - Step 50: mean_loss(20): 0.33821791410446167 mean_loss(200): 0.3358291685581207
2017-06-12 12:57:59,056 - DEBUG - Step 60: mean_loss(20): 0.2890704274177551 mean_loss(200): 0.3226777911186218
2017-06-12 12:58:04,784 - DEBUG - Step 70: mean_loss(20): 0.28931981325149536 mean_loss(200): 0.32272791862487793
2017-06-12 12:58:10,505 - DEBUG - Step 80: mean_loss(20): 0.31166738271713257 mean_loss(200): 0.31995922327041626
2017-06-12 12:58:16,208 - DEBUG - Step 90: mean_loss(20): 0.3041946589946747 mean_loss(200): 0.3186546862125397
2017-06-12 12:58:21,944 - DEBUG - Step 100: mean_loss(20): 0.30327028036117554 mean_loss(200): 0.3166544437408447
2017-06-12 12:58:27,663 - DEBUG - Step 110: mean_loss(20): 0.3406560719013214 mean_loss(200): 0.32261887192726135
2017-06-12 12:58:33,400 - DEBUG - Step 120: mean_loss(20): 0.34650489687919617 mean_loss(200): 0.3215884268283844
2017-06-12 12:58:39,145 - DEBUG - Step 130: mean_loss(20): 0.30325087904930115 mean_loss(200): 0.3196619749069214
2017-06-12 12:58:44,890 - DEBUG - Step 140: mean_loss(20): 0.3137376308441162 mean_loss(200): 0.3204748332500458
2017-06-12 12:58:50,624 - DEBUG - Step 150: mean_loss(20): 0.3111853301525116 mean_loss(200): 0.31853923201560974
2017-06-12 12:58:56,397 - DEBUG - Step 160: mean_loss(20): 0.2943180501461029 mean_loss(200): 0.31722554564476013
2017-06-12 12:59:02,138 - DEBUG - Step 170: mean_loss(20): 0.3241036534309387 mean_loss(200): 0.31919005513191223
2017-06-12 12:59:07,880 - DEBUG - Step 180: mean_loss(20): 0.3853881359100342 mean_loss(200): 0.32475730776786804
2017-06-12 12:59:13,653 - DEBUG - Step 190: mean_loss(20): 0.36467474699020386 mean_loss(200): 0.323952853679657
2017-06-12 12:59:19,409 - DEBUG - Step 200: mean_loss(20): 0.3058455288410187 mean_loss(200): 0.3238266706466675
2017-06-12 12:59:25,186 - DEBUG - Step 210: mean_loss(20): 0.30974388122558594 mean_loss(200): 0.32186204195022583
2017-06-12 12:59:30,947 - DEBUG - Step 220: mean_loss(20): 0.32076841592788696 mean_loss(200): 0.3214951753616333
2017-06-12 12:59:36,699 - DEBUG - Step 230: mean_loss(20): 0.3323483467102051 mean_loss(200): 0.3217695653438568
2017-06-12 12:59:42,463 - DEBUG - Step 240: mean_loss(20): 0.34722456336021423 mean_loss(200): 0.3217795193195343
2017-06-12 12:59:48,249 - DEBUG - Step 250: mean_loss(20): 0.31707972288131714 mean_loss(200): 0.31965571641921997
2017-06-12 12:59:54,013 - DEBUG - Step 260: mean_loss(20): 0.31865373253822327 mean_loss(200): 0.3247378468513489
2017-06-12 12:59:59,789 - DEBUG - Step 270: mean_loss(20): 0.3361826539039612 mean_loss(200): 0.3243420124053955
2017-06-12 13:00:05,556 - DEBUG - Step 280: mean_loss(20): 0.316095769405365 mean_loss(200): 0.32518070936203003
2017-06-12 13:00:11,329 - DEBUG - Step 290: mean_loss(20): 0.3061040937900543 mean_loss(200): 0.3245329260826111
2017-06-12 13:00:17,100 - DEBUG - Step 300: mean_loss(20): 0.3193002939224243 mean_loss(200): 0.326783686876297
2017-06-12 13:00:22,879 - DEBUG - Step 310: mean_loss(20): 0.3530678153038025 mean_loss(200): 0.32577410340309143
2017-06-12 13:00:28,640 - DEBUG - Step 320: mean_loss(20): 0.3542610704898834 mean_loss(200): 0.32755929231643677
2017-06-12 13:00:34,438 - DEBUG - Step 330: mean_loss(20): 0.3490122854709625 mean_loss(200): 0.33035027980804443
2017-06-12 13:00:40,238 - DEBUG - Step 340: mean_loss(20): 0.35867783427238464 mean_loss(200): 0.3320533335208893
2017-06-12 13:00:46,015 - DEBUG - Step 350: mean_loss(20): 0.333244651556015 mean_loss(200): 0.33255621790885925
2017-06-12 13:00:51,785 - DEBUG - Step 360: mean_loss(20): 0.34719914197921753 mean_loss(200): 0.33734145760536194
2017-06-12 13:00:57,556 - DEBUG - Step 370: mean_loss(20): 0.3347562253475189 mean_loss(200): 0.33362144231796265
2017-06-12 13:01:03,331 - DEBUG - Step 380: mean_loss(20): 0.31455573439598083 mean_loss(200): 0.33025819063186646
2017-06-12 13:01:09,072 - DEBUG - Step 390: mean_loss(20): 0.3235584497451782 mean_loss(200): 0.32950982451438904
2017-06-12 13:01:14,844 - DEBUG - Step 400: mean_loss(20): 0.36630016565322876 mean_loss(200): 0.3363036811351776
2017-06-12 13:01:20,627 - DEBUG - Step 410: mean_loss(20): 0.3803520202636719 mean_loss(200): 0.3365706205368042
2017-06-12 13:01:26,406 - DEBUG - Step 420: mean_loss(20): 0.331108033657074 mean_loss(200): 0.3373376429080963
2017-06-12 13:01:32,185 - DEBUG - Step 430: mean_loss(20): 0.30821308493614197 mean_loss(200): 0.3341571092605591
2017-06-12 13:01:37,957 - DEBUG - Step 440: mean_loss(20): 0.2888961434364319 mean_loss(200): 0.33150479197502136
2017-06-12 13:01:43,754 - DEBUG - Step 450: mean_loss(20): 0.30652686953544617 mean_loss(200): 0.3331018090248108
2017-06-12 13:01:49,530 - DEBUG - Step 460: mean_loss(20): 0.3102355897426605 mean_loss(200): 0.3306629955768585
2017-06-12 13:01:55,322 - DEBUG - Step 470: mean_loss(20): 0.34950971603393555 mean_loss(200): 0.33443450927734375
2017-06-12 13:02:01,089 - DEBUG - Step 480: mean_loss(20): 0.3820447325706482 mean_loss(200): 0.33725783228874207
2017-06-12 13:02:06,866 - DEBUG - Step 490: mean_loss(20): 0.3524380028247833 mean_loss(200): 0.33906790614128113
2017-06-12 13:02:12,666 - DEBUG - Step 500: mean_loss(20): 0.3850487768650055 mean_loss(200): 0.34383270144462585
2017-06-12 13:02:18,452 - DEBUG - Step 510: mean_loss(20): 0.39608055353164673 mean_loss(200): 0.34336918592453003
2017-06-12 13:02:24,233 - DEBUG - Step 520: mean_loss(20): 0.3250172436237335 mean_loss(200): 0.34090834856033325
2017-06-12 13:02:29,984 - DEBUG - Step 530: mean_loss(20): 0.2940240502357483 mean_loss(200): 0.337870329618454
2017-06-12 13:02:35,774 - DEBUG - Step 540: mean_loss(20): 0.32406631112098694 mean_loss(200): 0.3374471664428711
2017-06-12 13:02:41,561 - DEBUG - Step 550: mean_loss(20): 0.34834128618240356 mean_loss(200): 0.33938002586364746
2017-06-12 13:02:47,343 - DEBUG - Step 560: mean_loss(20): 0.32417386770248413 mean_loss(200): 0.33514463901519775
2017-06-12 13:02:53,134 - DEBUG - Step 570: mean_loss(20): 0.32149022817611694 mean_loss(200): 0.338053435087204
2017-06-12 13:02:58,905 - DEBUG - Step 580: mean_loss(20): 0.33665865659713745 mean_loss(200): 0.33735495805740356
2017-06-12 13:03:04,680 - DEBUG - Step 590: mean_loss(20): 0.31582218408584595 mean_loss(200): 0.3372798264026642
2017-06-12 13:03:10,464 - DEBUG - Step 600: mean_loss(20): 0.312600314617157 mean_loss(200): 0.3319850265979767
2017-06-12 13:03:16,224 - DEBUG - Step 610: mean_loss(20): 0.31551507115364075 mean_loss(200): 0.33079612255096436
2017-06-12 13:03:22,021 - DEBUG - Step 620: mean_loss(20): 0.3036767840385437 mean_loss(200): 0.3292418420314789
2017-06-12 13:03:27,823 - DEBUG - Step 630: mean_loss(20): 0.3038157820701599 mean_loss(200): 0.3303563594818115
2017-06-12 13:03:33,575 - DEBUG - Step 640: mean_loss(20): 0.2967517077922821 mean_loss(200): 0.33002740144729614
2017-06-12 13:03:39,349 - DEBUG - Step 650: mean_loss(20): 0.328682005405426 mean_loss(200): 0.3325718641281128
2017-06-12 13:03:45,130 - DEBUG - Step 660: mean_loss(20): 0.34915223717689514 mean_loss(200): 0.33391907811164856
2017-06-12 13:03:50,892 - DEBUG - Step 670: mean_loss(20): 0.33476439118385315 mean_loss(200): 0.3310973346233368
2017-06-12 13:03:56,660 - DEBUG - Step 680: mean_loss(20): 0.318015456199646 mean_loss(200): 0.3275161385536194
2017-06-12 13:04:02,447 - DEBUG - Step 690: mean_loss(20): 0.29788362979888916 mean_loss(200): 0.3256419003009796
2017-06-12 13:04:08,230 - DEBUG - Step 700: mean_loss(20): 0.2956935465335846 mean_loss(200): 0.31858062744140625
2017-06-12 13:04:14,009 - DEBUG - Step 710: mean_loss(20): 0.31393247842788696 mean_loss(200): 0.3174270987510681
2017-06-12 13:04:19,795 - DEBUG - Step 720: mean_loss(20): 0.37364286184310913 mean_loss(200): 0.3234431743621826
2017-06-12 13:04:25,585 - DEBUG - Step 730: mean_loss(20): 0.37105482816696167 mean_loss(200): 0.3251301646232605
2017-06-12 13:04:31,365 - DEBUG - Step 740: mean_loss(20): 0.33009064197540283 mean_loss(200): 0.3240456283092499
2017-06-12 13:04:37,129 - DEBUG - Step 750: mean_loss(20): 0.3224218487739563 mean_loss(200): 0.32253822684288025
2017-06-12 13:04:42,889 - DEBUG - Step 760: mean_loss(20): 0.28933823108673096 mean_loss(200): 0.32056206464767456
2017-06-12 13:04:48,690 - DEBUG - Step 770: mean_loss(20): 0.3285243809223175 mean_loss(200): 0.323241651058197
2017-06-12 13:04:54,450 - DEBUG - Step 780: mean_loss(20): 0.3650026023387909 mean_loss(200): 0.3233964443206787
2017-06-12 13:05:00,227 - DEBUG - Step 790: mean_loss(20): 0.35683467984199524 mean_loss(200): 0.3273428976535797
2017-06-12 13:05:06,024 - DEBUG - Step 800: mean_loss(20): 0.3228723406791687 mean_loss(200): 0.3244236409664154
2017-06-12 13:05:11,775 - DEBUG - Step 810: mean_loss(20): 0.288795530796051 mean_loss(200): 0.3246709406375885
2017-06-12 13:05:17,559 - DEBUG - Step 820: mean_loss(20): 0.3048974871635437 mean_loss(200): 0.3245457112789154
2017-06-12 13:05:23,333 - DEBUG - Step 830: mean_loss(20): 0.3339856266975403 mean_loss(200): 0.32768794894218445
2017-06-12 13:05:29,101 - DEBUG - Step 840: mean_loss(20): 0.3586494028568268 mean_loss(200): 0.3307354748249054
2017-06-12 13:05:34,862 - DEBUG - Step 850: mean_loss(20): 0.3373332917690277 mean_loss(200): 0.32855308055877686
2017-06-12 13:05:40,628 - DEBUG - Step 860: mean_loss(20): 0.3327600359916687 mean_loss(200): 0.329096257686615
2017-06-12 13:05:46,407 - DEBUG - Step 870: mean_loss(20): 0.3383743464946747 mean_loss(200): 0.328914076089859
2017-06-12 13:05:52,190 - DEBUG - Step 880: mean_loss(20): 0.34862616658210754 mean_loss(200): 0.33215731382369995
2017-06-12 13:05:57,946 - DEBUG - Step 890: mean_loss(20): 0.3572902977466583 mean_loss(200): 0.33485472202301025
2017-06-12 13:06:03,722 - DEBUG - Step 900: mean_loss(20): 0.35906651616096497 mean_loss(200): 0.3384946584701538
2017-06-12 13:06:09,485 - DEBUG - Step 910: mean_loss(20): 0.36454588174819946 mean_loss(200): 0.33991608023643494
2017-06-12 13:06:15,243 - DEBUG - Step 920: mean_loss(20): 0.31981396675109863 mean_loss(200): 0.3331117630004883
2017-06-12 13:06:21,024 - DEBUG - Step 930: mean_loss(20): 0.295818030834198 mean_loss(200): 0.3323923945426941
2017-06-12 13:06:26,828 - DEBUG - Step 940: mean_loss(20): 0.3128339648246765 mean_loss(200): 0.3313860595226288
2017-06-12 13:06:32,612 - DEBUG - Step 950: mean_loss(20): 0.34274211525917053 mean_loss(200): 0.3344244360923767
2017-06-12 13:06:38,400 - DEBUG - Step 960: mean_loss(20): 0.3559733033180237 mean_loss(200): 0.3380495309829712
2017-06-12 13:06:44,190 - DEBUG - Step 970: mean_loss(20): 0.329069584608078 mean_loss(200): 0.3344789147377014
2017-06-12 13:06:49,981 - DEBUG - Step 980: mean_loss(20): 0.3230770230293274 mean_loss(200): 0.333856999874115
2017-06-12 13:06:55,734 - DEBUG - Step 990: mean_loss(20): 0.3056296706199646 mean_loss(200): 0.32935845851898193
2017-06-12 13:07:01,513 - DEBUG - Step 1000: mean_loss(20): 0.30227476358413696 mean_loss(200): 0.3317972421646118
2017-06-12 13:07:07,266 - DEBUG - Step 1010: mean_loss(20): 0.3164631724357605 mean_loss(200): 0.3321252167224884
2017-06-12 13:07:13,049 - DEBUG - Step 1020: mean_loss(20): 0.33964359760284424 mean_loss(200): 0.3352718651294708
2017-06-12 13:07:18,826 - DEBUG - Step 1030: mean_loss(20): 0.3363186717033386 mean_loss(200): 0.3323585093021393
2017-06-12 13:07:24,610 - DEBUG - Step 1040: mean_loss(20): 0.2956487834453583 mean_loss(200): 0.32897183299064636
2017-06-12 13:07:30,399 - DEBUG - Step 1050: mean_loss(20): 0.2932019829750061 mean_loss(200): 0.32794541120529175
2017-06-12 13:07:36,189 - DEBUG - Step 1060: mean_loss(20): 0.3147313594818115 mean_loss(200): 0.3271689713001251
2017-06-12 13:07:41,971 - DEBUG - Step 1070: mean_loss(20): 0.31915897130966187 mean_loss(200): 0.3260238766670227
2017-06-12 13:07:47,760 - DEBUG - Step 1080: mean_loss(20): 0.2946817874908447 mean_loss(200): 0.32177451252937317
2017-06-12 13:07:53,533 - DEBUG - Step 1090: mean_loss(20): 0.28366145491600037 mean_loss(200): 0.3186609745025635
2017-06-12 13:07:59,313 - DEBUG - Step 1100: mean_loss(20): 0.2970579266548157 mean_loss(200): 0.31557366251945496
2017-06-12 13:08:05,096 - DEBUG - Step 1110: mean_loss(20): 0.32637834548950195 mean_loss(200): 0.3148442208766937
2017-06-12 13:08:10,860 - DEBUG - Step 1120: mean_loss(20): 0.3305065929889679 mean_loss(200): 0.3166429102420807
2017-06-12 13:08:16,621 - DEBUG - Step 1130: mean_loss(20): 0.32929444313049316 mean_loss(200): 0.3181918263435364
2017-06-12 13:08:22,382 - DEBUG - Step 1140: mean_loss(20): 0.342649906873703 mean_loss(200): 0.31962451338768005
2017-06-12 13:08:28,154 - DEBUG - Step 1150: mean_loss(20): 0.31076598167419434 mean_loss(200): 0.3149942457675934
2017-06-12 13:08:33,925 - DEBUG - Step 1160: mean_loss(20): 0.34321457147598267 mean_loss(200): 0.31834861636161804
2017-06-12 13:08:39,698 - DEBUG - Step 1170: mean_loss(20): 0.3679715692996979 mean_loss(200): 0.3188844323158264
2017-06-12 13:08:45,469 - DEBUG - Step 1180: mean_loss(20): 0.3376038074493408 mean_loss(200): 0.31980130076408386
2017-06-12 13:08:51,242 - DEBUG - Step 1190: mean_loss(20): 0.3310766816139221 mean_loss(200): 0.32142913341522217
2017-06-12 13:08:57,008 - DEBUG - Step 1200: mean_loss(20): 0.31693488359451294 mean_loss(200): 0.321267306804657
2017-06-12 13:09:02,780 - DEBUG - Step 1210: mean_loss(20): 0.3322363495826721 mean_loss(200): 0.32300645112991333
2017-06-12 13:09:08,562 - DEBUG - Step 1220: mean_loss(20): 0.34201914072036743 mean_loss(200): 0.3215048909187317
2017-06-12 13:09:14,322 - DEBUG - Step 1230: mean_loss(20): 0.3117108941078186 mean_loss(200): 0.32054564356803894
2017-06-12 13:09:20,091 - DEBUG - Step 1240: mean_loss(20): 0.30322062969207764 mean_loss(200): 0.3222620487213135
2017-06-12 13:09:25,872 - DEBUG - Step 1250: mean_loss(20): 0.3254942297935486 mean_loss(200): 0.32377490401268005
2017-06-12 13:09:31,636 - DEBUG - Step 1260: mean_loss(20): 0.32401350140571594 mean_loss(200): 0.32319027185440063
2017-06-12 13:09:32,211 - INFO - End of epoch, training set loss (whole epoch avg): 0.32791414856910706
2017-06-12 13:09:32,729 - DEBUG - Step 0: mean_loss(20): 0.395626038312912 mean_loss(200): 0.395626038312912
2017-06-12 13:09:36,640 - DEBUG - Step 10: mean_loss(20): 0.3063316345214844 mean_loss(200): 0.3063316345214844
2017-06-12 13:09:40,617 - DEBUG - Step 20: mean_loss(20): 0.2843983769416809 mean_loss(200): 0.2896949350833893
2017-06-12 13:09:44,608 - DEBUG - Step 30: mean_loss(20): 0.28741762042045593 mean_loss(200): 0.29412907361984253
2017-06-12 13:09:48,642 - DEBUG - Step 40: mean_loss(20): 0.2986376881599426 mean_loss(200): 0.2940572500228882
2017-06-12 13:09:52,630 - DEBUG - Step 50: mean_loss(20): 0.2887610197067261 mean_loss(200): 0.2920239269733429
2017-06-12 13:09:56,639 - DEBUG - Step 60: mean_loss(20): 0.28639429807662964 mean_loss(200): 0.2915447950363159
2017-06-12 13:09:58,233 - INFO - Validation set loss: 0.28863954544067383
2017-06-12 13:09:58,233 - INFO - ====== START OF EPOCH 1 ======
2017-06-12 13:09:58,810 - DEBUG - Step 0: mean_loss(20): 0.3529296815395355 mean_loss(200): 0.3529296815395355
2017-06-12 13:10:04,565 - DEBUG - Step 10: mean_loss(20): 0.2695046663284302 mean_loss(200): 0.2695046663284302
2017-06-12 13:10:10,319 - DEBUG - Step 20: mean_loss(20): 0.276526540517807 mean_loss(200): 0.28016477823257446
2017-06-12 13:10:16,067 - DEBUG - Step 30: mean_loss(20): 0.3470470905303955 mean_loss(200): 0.31953200697898865
2017-06-12 13:10:21,854 - DEBUG - Step 40: mean_loss(20): 0.39410400390625 mean_loss(200): 0.3357449173927307
2017-06-12 13:10:27,664 - DEBUG - Step 50: mean_loss(20): 0.37210506200790405 mean_loss(200): 0.34014892578125
2017-06-12 13:10:33,441 - DEBUG - Step 60: mean_loss(20): 0.37067586183547974 mean_loss(200): 0.34719768166542053
2017-06-12 13:10:39,224 - DEBUG - Step 70: mean_loss(20): 0.36950334906578064 mean_loss(200): 0.348417729139328
2017-06-12 13:10:44,992 - DEBUG - Step 80: mean_loss(20): 0.3617473244667053 mean_loss(200): 0.35079020261764526
2017-06-12 13:10:50,802 - DEBUG - Step 90: mean_loss(20): 0.379335880279541 mean_loss(200): 0.3552129566669464
2017-06-12 13:10:56,595 - DEBUG - Step 100: mean_loss(20): 0.362842857837677 mean_loss(200): 0.35317686200141907
2017-06-12 13:11:02,391 - DEBUG - Step 110: mean_loss(20): 0.32383790612220764 mean_loss(200): 0.3495597839355469
2017-06-12 13:11:08,178 - DEBUG - Step 120: mean_loss(20): 0.3244859576225281 mean_loss(200): 0.34843453764915466
2017-06-12 13:11:13,977 - DEBUG - Step 130: mean_loss(20): 0.3664548993110657 mean_loss(200): 0.3521391749382019
2017-06-12 13:11:19,772 - DEBUG - Step 140: mean_loss(20): 0.3710062801837921 mean_loss(200): 0.35163620114326477
2017-06-12 13:11:25,552 - DEBUG - Step 150: mean_loss(20): 0.3324097990989685 mean_loss(200): 0.3495260179042816
2017-06-12 13:11:31,325 - DEBUG - Step 160: mean_loss(20): 0.31598106026649475 mean_loss(200): 0.3472070097923279
2017-06-12 13:11:37,093 - DEBUG - Step 170: mean_loss(20): 0.30226466059684753 mean_loss(200): 0.34399837255477905
2017-06-12 13:11:42,900 - DEBUG - Step 180: mean_loss(20): 0.3357106149196625 mean_loss(200): 0.34593668580055237
2017-06-12 13:11:48,692 - DEBUG - Step 190: mean_loss(20): 0.37047654390335083 mean_loss(200): 0.3467709720134735
2017-06-12 13:11:54,486 - DEBUG - Step 200: mean_loss(20): 0.36956173181533813 mean_loss(200): 0.34826424717903137
2017-06-12 13:12:00,273 - DEBUG - Step 210: mean_loss(20): 0.34787899255752563 mean_loss(200): 0.3511313498020172
2017-06-12 13:12:06,050 - DEBUG - Step 220: mean_loss(20): 0.3366612195968628 mean_loss(200): 0.35427770018577576
2017-06-12 13:12:11,835 - DEBUG - Step 230: mean_loss(20): 0.3270101249217987 mean_loss(200): 0.3491276800632477
2017-06-12 13:12:17,622 - DEBUG - Step 240: mean_loss(20): 0.3078450858592987 mean_loss(200): 0.345651775598526
2017-06-12 13:12:23,408 - DEBUG - Step 250: mean_loss(20): 0.34947288036346436 mean_loss(200): 0.3468644618988037
2017-06-12 13:12:29,187 - DEBUG - Step 260: mean_loss(20): 0.4007188677787781 mean_loss(200): 0.3486560881137848
2017-06-12 13:12:34,966 - DEBUG - Step 270: mean_loss(20): 0.38705840706825256 mean_loss(200): 0.3486199975013733
2017-06-12 13:12:40,742 - DEBUG - Step 280: mean_loss(20): 0.35322970151901245 mean_loss(200): 0.34780433773994446
2017-06-12 13:12:46,534 - DEBUG - Step 290: mean_loss(20): 0.3275105655193329 mean_loss(200): 0.34343746304512024
2017-06-12 13:12:52,289 - DEBUG - Step 300: mean_loss(20): 0.32511162757873535 mean_loss(200): 0.3440312147140503
2017-06-12 13:12:58,078 - DEBUG - Step 310: mean_loss(20): 0.3453102707862854 mean_loss(200): 0.3455847203731537
2017-06-12 13:13:03,859 - DEBUG - Step 320: mean_loss(20): 0.3097301721572876 mean_loss(200): 0.34255561232566833
2017-06-12 13:13:09,594 - DEBUG - Step 330: mean_loss(20): 0.2640133798122406 mean_loss(200): 0.33534058928489685
2017-06-12 13:13:15,369 - DEBUG - Step 340: mean_loss(20): 0.26938316226005554 mean_loss(200): 0.3323933482170105
2017-06-12 13:13:21,125 - DEBUG - Step 350: mean_loss(20): 0.30606672167778015 mean_loss(200): 0.3327062726020813
2017-06-12 13:13:26,904 - DEBUG - Step 360: mean_loss(20): 0.37013450264930725 mean_loss(200): 0.3378086984157562
2017-06-12 13:13:32,681 - DEBUG - Step 370: mean_loss(20): 0.37754833698272705 mean_loss(200): 0.3402346074581146
2017-06-12 13:13:38,452 - DEBUG - Step 380: mean_loss(20): 0.30802619457244873 mean_loss(200): 0.33504021167755127
2017-06-12 13:13:44,249 - DEBUG - Step 390: mean_loss(20): 0.2757260203361511 mean_loss(200): 0.33075958490371704
2017-06-12 13:13:50,034 - DEBUG - Step 400: mean_loss(20): 0.31056341528892517 mean_loss(200): 0.32914039492607117
2017-06-12 13:13:55,809 - DEBUG - Step 410: mean_loss(20): 0.3188095688819885 mean_loss(200): 0.32785263657569885
2017-06-12 13:14:01,588 - DEBUG - Step 420: mean_loss(20): 0.31119614839553833 mean_loss(200): 0.32659390568733215
2017-06-12 13:14:07,365 - DEBUG - Step 430: mean_loss(20): 0.34456056356430054 mean_loss(200): 0.32960769534111023
2017-06-12 13:14:13,115 - DEBUG - Step 440: mean_loss(20): 0.35430559515953064 mean_loss(200): 0.3312399387359619
2017-06-12 13:14:18,895 - DEBUG - Step 450: mean_loss(20): 0.340808242559433 mean_loss(200): 0.3287412226200104
2017-06-12 13:14:24,659 - DEBUG - Step 460: mean_loss(20): 0.32785236835479736 mean_loss(200): 0.3239532709121704
2017-06-12 13:14:30,437 - DEBUG - Step 470: mean_loss(20): 0.3449839949607849 mean_loss(200): 0.32453376054763794
2017-06-12 13:14:36,241 - DEBUG - Step 480: mean_loss(20): 0.34411105513572693 mean_loss(200): 0.3230414092540741
2017-06-12 13:14:42,025 - DEBUG - Step 490: mean_loss(20): 0.31201156973838806 mean_loss(200): 0.32298386096954346
2017-06-12 13:14:47,802 - DEBUG - Step 500: mean_loss(20): 0.30004197359085083 mean_loss(200): 0.32053443789482117
2017-06-12 13:14:53,593 - DEBUG - Step 510: mean_loss(20): 0.2973136305809021 mean_loss(200): 0.3181841969490051
2017-06-12 13:14:59,378 - DEBUG - Step 520: mean_loss(20): 0.31996268033981323 mean_loss(200): 0.3215577006340027
2017-06-12 13:15:05,167 - DEBUG - Step 530: mean_loss(20): 0.3249433636665344 mean_loss(200): 0.32427719235420227
2017-06-12 13:15:10,941 - DEBUG - Step 540: mean_loss(20): 0.32228055596351624 mean_loss(200): 0.32684746384620667
2017-06-12 13:15:16,690 - DEBUG - Step 550: mean_loss(20): 0.3300453722476959 mean_loss(200): 0.32667505741119385
2017-06-12 13:15:22,455 - DEBUG - Step 560: mean_loss(20): 0.30235838890075684 mean_loss(200): 0.320069819688797
2017-06-12 13:15:28,230 - DEBUG - Step 570: mean_loss(20): 0.30427759885787964 mean_loss(200): 0.31934797763824463
2017-06-12 13:15:33,984 - DEBUG - Step 580: mean_loss(20): 0.29437023401260376 mean_loss(200): 0.318704217672348
2017-06-12 13:15:39,736 - DEBUG - Step 590: mean_loss(20): 0.2771071791648865 mean_loss(200): 0.3194861114025116
2017-06-12 13:15:45,528 - DEBUG - Step 600: mean_loss(20): 0.32837772369384766 mean_loss(200): 0.3204856514930725
2017-06-12 13:15:51,316 - DEBUG - Step 610: mean_loss(20): 0.33809107542037964 mean_loss(200): 0.3214142620563507
2017-06-12 13:15:57,115 - DEBUG - Step 620: mean_loss(20): 0.3165455460548401 mean_loss(200): 0.32102057337760925
2017-06-12 13:16:02,909 - DEBUG - Step 630: mean_loss(20): 0.28479093313217163 mean_loss(200): 0.31543728709220886
2017-06-12 13:16:08,695 - DEBUG - Step 640: mean_loss(20): 0.3120015561580658 mean_loss(200): 0.3167901933193207
2017-06-12 13:16:14,492 - DEBUG - Step 650: mean_loss(20): 0.3705882430076599 mean_loss(200): 0.3184152841567993
2017-06-12 13:16:20,284 - DEBUG - Step 660: mean_loss(20): 0.3435225486755371 mean_loss(200): 0.3183572292327881
2017-06-12 13:16:26,059 - DEBUG - Step 670: mean_loss(20): 0.30644774436950684 mean_loss(200): 0.3145616948604584
2017-06-12 13:16:31,837 - DEBUG - Step 680: mean_loss(20): 0.2794446051120758 mean_loss(200): 0.311890572309494
2017-06-12 13:16:37,610 - DEBUG - Step 690: mean_loss(20): 0.289372056722641 mean_loss(200): 0.3122977316379547
2017-06-12 13:16:43,377 - DEBUG - Step 700: mean_loss(20): 0.3095020651817322 mean_loss(200): 0.31283655762672424
2017-06-12 13:16:49,176 - DEBUG - Step 710: mean_loss(20): 0.2936089038848877 mean_loss(200): 0.3119272291660309
2017-06-12 13:16:54,955 - DEBUG - Step 720: mean_loss(20): 0.2883390784263611 mean_loss(200): 0.3096742331981659
2017-06-12 13:17:00,738 - DEBUG - Step 730: mean_loss(20): 0.3325364291667938 mean_loss(200): 0.3126865327358246
2017-06-12 13:17:06,514 - DEBUG - Step 740: mean_loss(20): 0.35844480991363525 mean_loss(200): 0.31329062581062317
2017-06-12 13:17:12,287 - DEBUG - Step 750: mean_loss(20): 0.3523993194103241 mean_loss(200): 0.31492194533348083
2017-06-12 13:17:18,041 - DEBUG - Step 760: mean_loss(20): 0.3189675211906433 mean_loss(200): 0.3149515688419342
2017-06-12 13:17:23,814 - DEBUG - Step 770: mean_loss(20): 0.28655341267585754 mean_loss(200): 0.3131495416164398
2017-06-12 13:17:29,600 - DEBUG - Step 780: mean_loss(20): 0.2993544340133667 mean_loss(200): 0.315449982881546
2017-06-12 13:17:35,395 - DEBUG - Step 790: mean_loss(20): 0.3576619625091553 mean_loss(200): 0.3212050199508667
2017-06-12 13:17:41,185 - DEBUG - Step 800: mean_loss(20): 0.37001127004623413 mean_loss(200): 0.31961333751678467
2017-06-12 13:17:46,964 - DEBUG - Step 810: mean_loss(20): 0.33654171228408813 mean_loss(200): 0.32105007767677307
2017-06-12 13:17:52,726 - DEBUG - Step 820: mean_loss(20): 0.32664692401885986 mean_loss(200): 0.3206234872341156
2017-06-12 13:17:58,518 - DEBUG - Step 830: mean_loss(20): 0.2986298203468323 mean_loss(200): 0.3224339187145233
2017-06-12 13:18:04,306 - DEBUG - Step 840: mean_loss(20): 0.3054259717464447 mean_loss(200): 0.3199659287929535
2017-06-12 13:18:10,099 - DEBUG - Step 850: mean_loss(20): 0.327740877866745 mean_loss(200): 0.318149209022522
2017-06-12 13:18:15,894 - DEBUG - Step 860: mean_loss(20): 0.3231135904788971 mean_loss(200): 0.31792503595352173
2017-06-12 13:18:21,681 - DEBUG - Step 870: mean_loss(20): 0.31443583965301514 mean_loss(200): 0.31894803047180176
2017-06-12 13:18:27,433 - DEBUG - Step 880: mean_loss(20): 0.3110691010951996 mean_loss(200): 0.32108747959136963
2017-06-12 13:18:33,220 - DEBUG - Step 890: mean_loss(20): 0.3500877916812897 mean_loss(200): 0.32501959800720215
2017-06-12 13:18:38,974 - DEBUG - Step 900: mean_loss(20): 0.35665053129196167 mean_loss(200): 0.3258022964000702
2017-06-12 13:18:44,749 - DEBUG - Step 910: mean_loss(20): 0.34541967511177063 mean_loss(200): 0.3302007019519806
2017-06-12 13:18:50,532 - DEBUG - Step 920: mean_loss(20): 0.3683827817440033 mean_loss(200): 0.33380669355392456
2017-06-12 13:18:56,324 - DEBUG - Step 930: mean_loss(20): 0.3430970311164856 mean_loss(200): 0.3312567472457886
2017-06-12 13:19:02,086 - DEBUG - Step 940: mean_loss(20): 0.3104570806026459 mean_loss(200): 0.32900795340538025
2017-06-12 13:19:07,889 - DEBUG - Step 950: mean_loss(20): 0.33681878447532654 mean_loss(200): 0.32969868183135986
2017-06-12 13:19:13,695 - DEBUG - Step 960: mean_loss(20): 0.35316675901412964 mean_loss(200): 0.33242782950401306
2017-06-12 13:19:19,478 - DEBUG - Step 970: mean_loss(20): 0.3357474207878113 mean_loss(200): 0.33461806178092957
2017-06-12 13:19:25,277 - DEBUG - Step 980: mean_loss(20): 0.3240383267402649 mean_loss(200): 0.3348962366580963
2017-06-12 13:19:31,060 - DEBUG - Step 990: mean_loss(20): 0.3132157027721405 mean_loss(200): 0.33017346262931824
2017-06-12 13:19:36,828 - DEBUG - Step 1000: mean_loss(20): 0.30984339118003845 mean_loss(200): 0.3288794457912445
2017-06-12 13:19:42,605 - DEBUG - Step 1010: mean_loss(20): 0.2800266146659851 mean_loss(200): 0.32452192902565
2017-06-12 13:19:48,392 - DEBUG - Step 1020: mean_loss(20): 0.2951740324497223 mean_loss(200): 0.32573214173316956
2017-06-12 13:19:54,186 - DEBUG - Step 1030: mean_loss(20): 0.32005876302719116 mean_loss(200): 0.32666483521461487
2017-06-12 13:19:59,978 - DEBUG - Step 1040: mean_loss(20): 0.33060795068740845 mean_loss(200): 0.32825034856796265
2017-06-12 13:20:05,754 - DEBUG - Step 1050: mean_loss(20): 0.3443291187286377 mean_loss(200): 0.3283236622810364
2017-06-12 13:20:11,532 - DEBUG - Step 1060: mean_loss(20): 0.32472383975982666 mean_loss(200): 0.32841140031814575
2017-06-12 13:20:17,314 - DEBUG - Step 1070: mean_loss(20): 0.32714274525642395 mean_loss(200): 0.32959434390068054
2017-06-12 13:20:23,100 - DEBUG - Step 1080: mean_loss(20): 0.35088613629341125 mean_loss(200): 0.332393079996109
2017-06-12 13:20:28,865 - DEBUG - Step 1090: mean_loss(20): 0.3267451226711273 mean_loss(200): 0.3272601068019867
2017-06-12 13:20:34,635 - DEBUG - Step 1100: mean_loss(20): 0.30072444677352905 mean_loss(200): 0.32680046558380127
2017-06-12 13:20:40,409 - DEBUG - Step 1110: mean_loss(20): 0.32827895879745483 mean_loss(200): 0.3255460262298584
2017-06-12 13:20:46,170 - DEBUG - Step 1120: mean_loss(20): 0.37367013096809387 mean_loss(200): 0.32732921838760376
2017-06-12 13:20:51,942 - DEBUG - Step 1130: mean_loss(20): 0.40134865045547485 mean_loss(200): 0.3313711881637573
2017-06-12 13:20:57,741 - DEBUG - Step 1140: mean_loss(20): 0.3583025336265564 mean_loss(200): 0.33211377263069153
2017-06-12 13:21:03,518 - DEBUG - Step 1150: mean_loss(20): 0.3413480222225189 mean_loss(200): 0.3318241238594055
2017-06-12 13:21:09,288 - DEBUG - Step 1160: mean_loss(20): 0.3339768350124359 mean_loss(200): 0.33019474148750305
2017-06-12 13:21:15,062 - DEBUG - Step 1170: mean_loss(20): 0.30395373702049255 mean_loss(200): 0.3286447525024414
2017-06-12 13:21:20,848 - DEBUG - Step 1180: mean_loss(20): 0.30218952894210815 mean_loss(200): 0.32800987362861633
2017-06-12 13:21:26,625 - DEBUG - Step 1190: mean_loss(20): 0.3120477795600891 mean_loss(200): 0.3285279870033264
2017-06-12 13:21:32,404 - DEBUG - Step 1200: mean_loss(20): 0.3354754149913788 mean_loss(200): 0.33057308197021484
2017-06-12 13:21:38,196 - DEBUG - Step 1210: mean_loss(20): 0.3264666497707367 mean_loss(200): 0.3331719636917114
2017-06-12 13:21:43,984 - DEBUG - Step 1220: mean_loss(20): 0.3178439736366272 mean_loss(200): 0.33284008502960205
2017-06-12 13:21:49,764 - DEBUG - Step 1230: mean_loss(20): 0.34313714504241943 mean_loss(200): 0.33547982573509216
2017-06-12 13:21:55,536 - DEBUG - Step 1240: mean_loss(20): 0.32763907313346863 mean_loss(200): 0.33254319429397583
2017-06-12 13:22:01,309 - DEBUG - Step 1250: mean_loss(20): 0.2903662919998169 mean_loss(200): 0.3300834894180298
2017-06-12 13:22:07,098 - DEBUG - Step 1260: mean_loss(20): 0.2831191420555115 mean_loss(200): 0.3283827304840088
2017-06-12 13:22:07,674 - INFO - End of epoch, training set loss (whole epoch avg): 0.32850438356399536
2017-06-12 13:22:08,070 - DEBUG - Step 0: mean_loss(20): 0.2692924737930298 mean_loss(200): 0.2692924737930298
2017-06-12 13:22:12,012 - DEBUG - Step 10: mean_loss(20): 0.2792891561985016 mean_loss(200): 0.2792891561985016
2017-06-12 13:22:15,926 - DEBUG - Step 20: mean_loss(20): 0.29132017493247986 mean_loss(200): 0.29027125239372253
2017-06-12 13:22:19,913 - DEBUG - Step 30: mean_loss(20): 0.27731767296791077 mean_loss(200): 0.27801722288131714
2017-06-12 13:22:23,928 - DEBUG - Step 40: mean_loss(20): 0.298909068107605 mean_loss(200): 0.29448482394218445
2017-06-12 13:22:27,936 - DEBUG - Step 50: mean_loss(20): 0.3004249632358551 mean_loss(200): 0.28680458664894104
2017-06-12 13:22:31,936 - DEBUG - Step 60: mean_loss(20): 0.2607380449771881 mean_loss(200): 0.2834203243255615
2017-06-12 13:22:33,542 - INFO - Validation set loss: 0.2880660593509674
2017-06-12 13:22:33,542 - INFO - ====== START OF EPOCH 2 ======
2017-06-12 13:22:34,120 - DEBUG - Step 0: mean_loss(20): 0.4155711829662323 mean_loss(200): 0.4155711829662323
2017-06-12 13:22:39,874 - DEBUG - Step 10: mean_loss(20): 0.359809011220932 mean_loss(200): 0.359809011220932
2017-06-12 13:22:45,618 - DEBUG - Step 20: mean_loss(20): 0.34083661437034607 mean_loss(200): 0.34439539909362793
2017-06-12 13:22:51,374 - DEBUG - Step 30: mean_loss(20): 0.32103392481803894 mean_loss(200): 0.3347927927970886
2017-06-12 13:22:57,182 - DEBUG - Step 40: mean_loss(20): 0.32502666115760803 mean_loss(200): 0.33494722843170166
2017-06-12 13:23:02,997 - DEBUG - Step 50: mean_loss(20): 0.3235075771808624 mean_loss(200): 0.33036717772483826
2017-06-12 13:23:08,803 - DEBUG - Step 60: mean_loss(20): 0.3188551366329193 mean_loss(200): 0.32967111468315125
2017-06-12 13:23:14,617 - DEBUG - Step 70: mean_loss(20): 0.29903867840766907 mean_loss(200): 0.32154229283332825
2017-06-12 13:23:20,431 - DEBUG - Step 80: mean_loss(20): 0.2962459623813629 mean_loss(200): 0.32141798734664917
2017-06-12 13:23:26,220 - DEBUG - Step 90: mean_loss(20): 0.3525938093662262 mean_loss(200): 0.32836678624153137
2017-06-12 13:23:32,030 - DEBUG - Step 100: mean_loss(20): 0.3499848246574402 mean_loss(200): 0.3270748257637024
2017-06-12 13:23:37,811 - DEBUG - Step 110: mean_loss(20): 0.3084268271923065 mean_loss(200): 0.32477396726608276
2017-06-12 13:23:43,599 - DEBUG - Step 120: mean_loss(20): 0.29295340180397034 mean_loss(200): 0.32143494486808777
2017-06-12 13:23:49,380 - DEBUG - Step 130: mean_loss(20): 0.30056676268577576 mean_loss(200): 0.32107824087142944
2017-06-12 13:23:55,147 - DEBUG - Step 140: mean_loss(20): 0.31694096326828003 mean_loss(200): 0.32079747319221497
2017-06-12 13:24:00,949 - DEBUG - Step 150: mean_loss(20): 0.31326085329055786 mean_loss(200): 0.32004281878471375
2017-06-12 13:24:06,770 - DEBUG - Step 160: mean_loss(20): 0.30618607997894287 mean_loss(200): 0.31898239254951477
2017-06-12 13:24:12,565 - DEBUG - Step 170: mean_loss(20): 0.3300793766975403 mean_loss(200): 0.3212167024612427
2017-06-12 13:24:18,373 - DEBUG - Step 180: mean_loss(20): 0.33830979466438293 mean_loss(200): 0.321118026971817
2017-06-12 13:24:24,166 - DEBUG - Step 190: mean_loss(20): 0.3014540374279022 mean_loss(200): 0.3191473186016083
2017-06-12 13:24:29,975 - DEBUG - Step 200: mean_loss(20): 0.2870287597179413 mean_loss(200): 0.3172368109226227
2017-06-12 13:24:35,778 - DEBUG - Step 210: mean_loss(20): 0.31813961267471313 mean_loss(200): 0.31681016087532043
2017-06-12 13:24:41,557 - DEBUG - Step 220: mean_loss(20): 0.3527842164039612 mean_loss(200): 0.3184315860271454
2017-06-12 13:24:47,344 - DEBUG - Step 230: mean_loss(20): 0.32235991954803467 mean_loss(200): 0.3169427514076233
2017-06-12 13:24:53,159 - DEBUG - Step 240: mean_loss(20): 0.30386292934417725 mean_loss(200): 0.3163152039051056
2017-06-12 13:24:58,946 - DEBUG - Step 250: mean_loss(20): 0.32081666588783264 mean_loss(200): 0.3166736662387848
2017-06-12 13:25:04,734 - DEBUG - Step 260: mean_loss(20): 0.31228727102279663 mean_loss(200): 0.3156583905220032
2017-06-12 13:25:10,503 - DEBUG - Step 270: mean_loss(20): 0.2842462658882141 mean_loss(200): 0.31519442796707153
2017-06-12 13:25:16,311 - DEBUG - Step 280: mean_loss(20): 0.2810094952583313 mean_loss(200): 0.31413477659225464
2017-06-12 13:25:22,101 - DEBUG - Step 290: mean_loss(20): 0.3466635048389435 mean_loss(200): 0.3146013915538788
2017-06-12 13:25:27,882 - DEBUG - Step 300: mean_loss(20): 0.34623008966445923 mean_loss(200): 0.31375929713249207
2017-06-12 13:25:33,710 - DEBUG - Step 310: mean_loss(20): 0.36396414041519165 mean_loss(200): 0.3201551139354706
2017-06-12 13:25:39,498 - DEBUG - Step 320: mean_loss(20): 0.3774804174900055 mean_loss(200): 0.32221198081970215
2017-06-12 13:25:45,291 - DEBUG - Step 330: mean_loss(20): 0.3340904116630554 mean_loss(200): 0.3235074579715729
2017-06-12 13:25:51,097 - DEBUG - Step 340: mean_loss(20): 0.33337005972862244 mean_loss(200): 0.32385489344596863
2017-06-12 13:25:56,877 - DEBUG - Step 350: mean_loss(20): 0.3365778923034668 mean_loss(200): 0.32583919167518616
2017-06-12 13:26:02,662 - DEBUG - Step 360: mean_loss(20): 0.3567694425582886 mean_loss(200): 0.32891327142715454
2017-06-12 13:26:08,467 - DEBUG - Step 370: mean_loss(20): 0.34008392691612244 mean_loss(200): 0.3268396258354187
2017-06-12 13:26:14,275 - DEBUG - Step 380: mean_loss(20): 0.33575552701950073 mean_loss(200): 0.3286578357219696
2017-06-12 13:26:20,065 - DEBUG - Step 390: mean_loss(20): 0.360843300819397 mean_loss(200): 0.33277857303619385
2017-06-12 13:26:25,860 - DEBUG - Step 400: mean_loss(20): 0.3481951355934143 mean_loss(200): 0.3347744643688202
2017-06-12 13:26:31,664 - DEBUG - Step 410: mean_loss(20): 0.30670684576034546 mean_loss(200): 0.3316352963447571
2017-06-12 13:26:37,448 - DEBUG - Step 420: mean_loss(20): 0.29207199811935425 mean_loss(200): 0.32870322465896606
2017-06-12 13:26:43,213 - DEBUG - Step 430: mean_loss(20): 0.30965715646743774 mean_loss(200): 0.33036500215530396
2017-06-12 13:26:48,992 - DEBUG - Step 440: mean_loss(20): 0.32334327697753906 mean_loss(200): 0.33065128326416016
2017-06-12 13:26:54,789 - DEBUG - Step 450: mean_loss(20): 0.35312509536743164 mean_loss(200): 0.333595871925354
2017-06-12 13:27:00,586 - DEBUG - Step 460: mean_loss(20): 0.367249071598053 mean_loss(200): 0.3361474573612213
2017-06-12 13:27:06,375 - DEBUG - Step 470: mean_loss(20): 0.3493851125240326 mean_loss(200): 0.3401097357273102
2017-06-12 13:27:12,161 - DEBUG - Step 480: mean_loss(20): 0.32616955041885376 mean_loss(200): 0.34066346287727356
2017-06-12 13:27:17,946 - DEBUG - Step 490: mean_loss(20): 0.29570072889328003 mean_loss(200): 0.3350134789943695
2017-06-12 13:27:23,727 - DEBUG - Step 500: mean_loss(20): 0.28704532980918884 mean_loss(200): 0.33474501967430115
2017-06-12 13:27:29,551 - DEBUG - Step 510: mean_loss(20): 0.33306482434272766 mean_loss(200): 0.3319235146045685
2017-06-12 13:27:35,346 - DEBUG - Step 520: mean_loss(20): 0.3606666624546051 mean_loss(200): 0.33306363224983215
2017-06-12 13:27:41,138 - DEBUG - Step 530: mean_loss(20): 0.3325900733470917 mean_loss(200): 0.3317734897136688
2017-06-12 13:27:46,912 - DEBUG - Step 540: mean_loss(20): 0.3573697805404663 mean_loss(200): 0.3354635536670685
2017-06-12 13:27:52,695 - DEBUG - Step 550: mean_loss(20): 0.3752928376197815 mean_loss(200): 0.33564499020576477
2017-06-12 13:27:58,492 - DEBUG - Step 560: mean_loss(20): 0.35336917638778687 mean_loss(200): 0.3351235091686249
2017-06-12 13:28:04,275 - DEBUG - Step 570: mean_loss(20): 0.33070388436317444 mean_loss(200): 0.33470696210861206
2017-06-12 13:28:10,067 - DEBUG - Step 580: mean_loss(20): 0.3201380670070648 mean_loss(200): 0.33356180787086487
2017-06-12 13:28:15,860 - DEBUG - Step 590: mean_loss(20): 0.3600013852119446 mean_loss(200): 0.3346227705478668
2017-06-12 13:28:21,637 - DEBUG - Step 600: mean_loss(20): 0.3485352098941803 mean_loss(200): 0.3335958421230316
2017-06-12 13:28:27,418 - DEBUG - Step 610: mean_loss(20): 0.32359978556632996 mean_loss(200): 0.33631211519241333
2017-06-12 13:28:33,214 - DEBUG - Step 620: mean_loss(20): 0.36007457971572876 mean_loss(200): 0.34039604663848877
2017-06-12 13:28:39,011 - DEBUG - Step 630: mean_loss(20): 0.370828241109848 mean_loss(200): 0.34242919087409973
2017-06-12 13:28:44,786 - DEBUG - Step 640: mean_loss(20): 0.3316667675971985 mean_loss(200): 0.3412283957004547
2017-06-12 13:28:50,561 - DEBUG - Step 650: mean_loss(20): 0.3083088994026184 mean_loss(200): 0.3379475772380829
2017-06-12 13:28:56,342 - DEBUG - Step 660: mean_loss(20): 0.31916624307632446 mean_loss(200): 0.3364201486110687
2017-06-12 13:29:02,124 - DEBUG - Step 670: mean_loss(20): 0.3502230644226074 mean_loss(200): 0.3380313813686371
2017-06-12 13:29:07,907 - DEBUG - Step 680: mean_loss(20): 0.34290391206741333 mean_loss(200): 0.3380935788154602
2017-06-12 13:29:13,674 - DEBUG - Step 690: mean_loss(20): 0.2969008684158325 mean_loss(200): 0.33815139532089233
2017-06-12 13:29:19,454 - DEBUG - Step 700: mean_loss(20): 0.31518009305000305 mean_loss(200): 0.3409070670604706
2017-06-12 13:29:25,243 - DEBUG - Step 710: mean_loss(20): 0.3393017053604126 mean_loss(200): 0.338775098323822
2017-06-12 13:29:31,017 - DEBUG - Step 720: mean_loss(20): 0.3295299708843231 mean_loss(200): 0.33779338002204895
2017-06-12 13:29:36,808 - DEBUG - Step 730: mean_loss(20): 0.3304294943809509 mean_loss(200): 0.33855903148651123
2017-06-12 13:29:42,586 - DEBUG - Step 740: mean_loss(20): 0.33662718534469604 mean_loss(200): 0.33571913838386536
2017-06-12 13:29:48,370 - DEBUG - Step 750: mean_loss(20): 0.3425023555755615 mean_loss(200): 0.33528000116348267
2017-06-12 13:29:54,159 - DEBUG - Step 760: mean_loss(20): 0.32130125164985657 mean_loss(200): 0.3325122892856598
2017-06-12 13:29:59,944 - DEBUG - Step 770: mean_loss(20): 0.3285561203956604 mean_loss(200): 0.33506515622138977
2017-06-12 13:30:05,728 - DEBUG - Step 780: mean_loss(20): 0.3368696868419647 mean_loss(200): 0.33418548107147217
2017-06-12 13:30:11,503 - DEBUG - Step 790: mean_loss(20): 0.33335256576538086 mean_loss(200): 0.3324003219604492
2017-06-12 13:30:17,269 - DEBUG - Step 800: mean_loss(20): 0.3317759037017822 mean_loss(200): 0.3325095474720001
2017-06-12 13:30:23,057 - DEBUG - Step 810: mean_loss(20): 0.29453206062316895 mean_loss(200): 0.32949355244636536
2017-06-12 13:30:28,836 - DEBUG - Step 820: mean_loss(20): 0.2949680685997009 mean_loss(200): 0.3259989023208618
2017-06-12 13:30:34,615 - DEBUG - Step 830: mean_loss(20): 0.28358492255210876 mean_loss(200): 0.32076919078826904
2017-06-12 13:30:40,407 - DEBUG - Step 840: mean_loss(20): 0.30754393339157104 mean_loss(200): 0.3235866129398346
2017-06-12 13:30:46,191 - DEBUG - Step 850: mean_loss(20): 0.34693774580955505 mean_loss(200): 0.32463210821151733
2017-06-12 13:30:51,964 - DEBUG - Step 860: mean_loss(20): 0.32897260785102844 mean_loss(200): 0.3245672583580017
2017-06-12 13:30:57,727 - DEBUG - Step 870: mean_loss(20): 0.33531102538108826 mean_loss(200): 0.32314085960388184
2017-06-12 13:31:03,518 - DEBUG - Step 880: mean_loss(20): 0.33185186982154846 mean_loss(200): 0.3234620690345764
2017-06-12 13:31:09,313 - DEBUG - Step 890: mean_loss(20): 0.2954990267753601 mean_loss(200): 0.3230006694793701
2017-06-12 13:31:15,105 - DEBUG - Step 900: mean_loss(20): 0.3082107901573181 mean_loss(200): 0.3227651119232178
2017-06-12 13:31:20,886 - DEBUG - Step 910: mean_loss(20): 0.3513646721839905 mean_loss(200): 0.32420700788497925
2017-06-12 13:31:26,661 - DEBUG - Step 920: mean_loss(20): 0.3574346601963043 mean_loss(200): 0.32555556297302246
2017-06-12 13:31:32,454 - DEBUG - Step 930: mean_loss(20): 0.35051029920578003 mean_loss(200): 0.32621505856513977
2017-06-12 13:31:38,244 - DEBUG - Step 940: mean_loss(20): 0.34450599551200867 mean_loss(200): 0.32634344696998596
2017-06-12 13:31:44,056 - DEBUG - Step 950: mean_loss(20): 0.30876824259757996 mean_loss(200): 0.3228416442871094
2017-06-12 13:31:49,852 - DEBUG - Step 960: mean_loss(20): 0.2874510586261749 mean_loss(200): 0.32295843958854675
2017-06-12 13:31:55,657 - DEBUG - Step 970: mean_loss(20): 0.2998511791229248 mean_loss(200): 0.3199711740016937
2017-06-12 13:32:01,466 - DEBUG - Step 980: mean_loss(20): 0.3105079233646393 mean_loss(200): 0.32032227516174316
2017-06-12 13:32:07,259 - DEBUG - Step 990: mean_loss(20): 0.33496758341789246 mean_loss(200): 0.32013267278671265
2017-06-12 13:32:13,067 - DEBUG - Step 1000: mean_loss(20): 0.33236247301101685 mean_loss(200): 0.32038092613220215
2017-06-12 13:32:18,857 - DEBUG - Step 1010: mean_loss(20): 0.32563257217407227 mean_loss(200): 0.323242723941803
2017-06-12 13:32:24,639 - DEBUG - Step 1020: mean_loss(20): 0.305203378200531 mean_loss(200): 0.32140445709228516
2017-06-12 13:32:30,400 - DEBUG - Step 1030: mean_loss(20): 0.3162463903427124 mean_loss(200): 0.32650887966156006
2017-06-12 13:32:36,205 - DEBUG - Step 1040: mean_loss(20): 0.30950480699539185 mean_loss(200): 0.3216005563735962
2017-06-12 13:32:41,981 - DEBUG - Step 1050: mean_loss(20): 0.30434173345565796 mean_loss(200): 0.32224926352500916
2017-06-12 13:32:47,785 - DEBUG - Step 1060: mean_loss(20): 0.31221944093704224 mean_loss(200): 0.3199252188205719
2017-06-12 13:32:53,586 - DEBUG - Step 1070: mean_loss(20): 0.2974635660648346 mean_loss(200): 0.3184644877910614
2017-06-12 13:32:59,393 - DEBUG - Step 1080: mean_loss(20): 0.33652952313423157 mean_loss(200): 0.32039299607276917
2017-06-12 13:33:05,173 - DEBUG - Step 1090: mean_loss(20): 0.31017786264419556 mean_loss(200): 0.31993240118026733
2017-06-12 13:33:10,971 - DEBUG - Step 1100: mean_loss(20): 0.2866096496582031 mean_loss(200): 0.3182328939437866
2017-06-12 13:33:16,736 - DEBUG - Step 1110: mean_loss(20): 0.28412240743637085 mean_loss(200): 0.3132081627845764
2017-06-12 13:33:22,538 - DEBUG - Step 1120: mean_loss(20): 0.28212156891822815 mean_loss(200): 0.3107016086578369
2017-06-12 13:33:28,332 - DEBUG - Step 1130: mean_loss(20): 0.3159793019294739 mean_loss(200): 0.3097550868988037
2017-06-12 13:33:34,128 - DEBUG - Step 1140: mean_loss(20): 0.3258456587791443 mean_loss(200): 0.30883553624153137
2017-06-12 13:33:39,936 - DEBUG - Step 1150: mean_loss(20): 0.32088637351989746 mean_loss(200): 0.3109668791294098
2017-06-12 13:33:45,723 - DEBUG - Step 1160: mean_loss(20): 0.3345915973186493 mean_loss(200): 0.31354960799217224
2017-06-12 13:33:51,523 - DEBUG - Step 1170: mean_loss(20): 0.3432477116584778 mean_loss(200): 0.31530654430389404
2017-06-12 13:33:57,330 - DEBUG - Step 1180: mean_loss(20): 0.3503219485282898 mean_loss(200): 0.3175309896469116
2017-06-12 13:34:03,122 - DEBUG - Step 1190: mean_loss(20): 0.3459846079349518 mean_loss(200): 0.3164082467556
2017-06-12 13:34:08,910 - DEBUG - Step 1200: mean_loss(20): 0.3453925848007202 mean_loss(200): 0.31883400678634644
2017-06-12 13:34:14,684 - DEBUG - Step 1210: mean_loss(20): 0.3498314917087555 mean_loss(200): 0.31882813572883606
2017-06-12 13:34:20,480 - DEBUG - Step 1220: mean_loss(20): 0.32219406962394714 mean_loss(200): 0.32053306698799133
2017-06-12 13:34:26,271 - DEBUG - Step 1230: mean_loss(20): 0.27323371171951294 mean_loss(200): 0.31452688574790955
2017-06-12 13:34:32,064 - DEBUG - Step 1240: mean_loss(20): 0.26714271306991577 mean_loss(200): 0.31629687547683716
2017-06-12 13:34:37,843 - DEBUG - Step 1250: mean_loss(20): 0.30306488275527954 mean_loss(200): 0.31439918279647827
2017-06-12 13:34:43,627 - DEBUG - Step 1260: mean_loss(20): 0.31522101163864136 mean_loss(200): 0.316597044467926
2017-06-12 13:34:44,206 - INFO - End of epoch, training set loss (whole epoch avg): 0.3249392807483673
2017-06-12 13:34:44,600 - DEBUG - Step 0: mean_loss(20): 0.16589069366455078 mean_loss(200): 0.16589069366455078
2017-06-12 13:34:48,529 - DEBUG - Step 10: mean_loss(20): 0.2858515977859497 mean_loss(200): 0.2858515977859497
2017-06-12 13:34:52,479 - DEBUG - Step 20: mean_loss(20): 0.2812873423099518 mean_loss(200): 0.27579227089881897
2017-06-12 13:34:56,470 - DEBUG - Step 30: mean_loss(20): 0.2958507537841797 mean_loss(200): 0.292302668094635
2017-06-12 13:35:00,438 - DEBUG - Step 40: mean_loss(20): 0.30208906531333923 mean_loss(200): 0.2886199653148651
2017-06-12 13:35:04,417 - DEBUG - Step 50: mean_loss(20): 0.2739574909210205 mean_loss(200): 0.2851084768772125
2017-06-12 13:35:08,416 - DEBUG - Step 60: mean_loss(20): 0.27863559126853943 mean_loss(200): 0.2853463888168335
2017-06-12 13:35:10,005 - INFO - Validation set loss: 0.29362228512763977
2017-06-12 13:35:10,006 - INFO - ====== START OF EPOCH 3 ======
2017-06-12 13:35:10,591 - DEBUG - Step 0: mean_loss(20): 0.3658667504787445 mean_loss(200): 0.3658667504787445
2017-06-12 13:35:16,353 - DEBUG - Step 10: mean_loss(20): 0.29740580916404724 mean_loss(200): 0.29740580916404724
2017-06-12 13:35:22,103 - DEBUG - Step 20: mean_loss(20): 0.3042541444301605 mean_loss(200): 0.30718809366226196
2017-06-12 13:35:27,868 - DEBUG - Step 30: mean_loss(20): 0.32761064171791077 mean_loss(200): 0.3168927729129791
2017-06-12 13:35:33,664 - DEBUG - Step 40: mean_loss(20): 0.32865244150161743 mean_loss(200): 0.31765851378440857
2017-06-12 13:35:39,472 - DEBUG - Step 50: mean_loss(20): 0.33642858266830444 mean_loss(200): 0.32455387711524963
2017-06-12 13:35:45,244 - DEBUG - Step 60: mean_loss(20): 0.34002619981765747 mean_loss(200): 0.3249921500682831
2017-06-12 13:35:51,013 - DEBUG - Step 70: mean_loss(20): 0.35738861560821533 mean_loss(200): 0.33380308747291565
2017-06-12 13:35:56,787 - DEBUG - Step 80: mean_loss(20): 0.3666732609272003 mean_loss(200): 0.3352837860584259
2017-06-12 13:36:02,567 - DEBUG - Step 90: mean_loss(20): 0.3700368404388428 mean_loss(200): 0.3417665660381317
