2017-06-04 20:47:05,478 - WARNING - Nodename: titan-lab1
2017-06-04 20:47:05,478 - WARNING - Parameters: BATCH_SIZE: 16, NN_IMAGE_SIZE: 384, BASE_CHANNELS: 16
2017-06-04 20:47:05,478 - WARNING - Augmentation: horizontal and vertical flips
2017-06-04 20:47:05,478 - WARNING - Checkpoint file: checkpoints/2017-06-04_18:47.ckpt
2017-06-04 20:47:08,505 - INFO - Start training
2017-06-04 20:47:10,880 - INFO - ====== START OF EPOCH 0 ======
2017-06-04 20:47:13,003 - DEBUG - Step 0: mean_loss(20): 2.6423544883728027 mean_loss(200): 2.6423544883728027
2017-06-04 20:47:18,395 - DEBUG - Step 10: mean_loss(20): 1.6792372465133667 mean_loss(200): 1.6792372465133667
2017-06-04 20:47:23,945 - DEBUG - Step 20: mean_loss(20): 1.2901241779327393 mean_loss(200): 1.3545160293579102
2017-06-04 20:47:29,495 - DEBUG - Step 30: mean_loss(20): 0.8186728358268738 mean_loss(200): 1.1240344047546387
2017-06-04 20:47:35,069 - DEBUG - Step 40: mean_loss(20): 0.5806977152824402 mean_loss(200): 0.9770436882972717
2017-06-04 20:47:40,599 - DEBUG - Step 50: mean_loss(20): 0.4786977767944336 mean_loss(200): 0.8709611892700195
2017-06-04 20:47:46,141 - DEBUG - Step 60: mean_loss(20): 0.424785852432251 mean_loss(200): 0.7959755659103394
2017-06-04 20:47:51,708 - DEBUG - Step 70: mean_loss(20): 0.4087676405906677 mean_loss(200): 0.7407658696174622
2017-06-04 20:47:57,266 - DEBUG - Step 80: mean_loss(20): 0.38042107224464417 mean_loss(200): 0.6933695673942566
2017-06-04 20:48:02,822 - DEBUG - Step 90: mean_loss(20): 0.3541336953639984 mean_loss(200): 0.6557917594909668
2017-06-04 20:48:08,411 - DEBUG - Step 100: mean_loss(20): 0.36900538206100464 mean_loss(200): 0.6291389465332031
2017-06-04 20:48:13,995 - DEBUG - Step 110: mean_loss(20): 0.3580992519855499 mean_loss(200): 0.602153480052948
2017-06-04 20:48:19,539 - DEBUG - Step 120: mean_loss(20): 0.3403312563896179 mean_loss(200): 0.5814021229743958
2017-06-04 20:48:25,088 - DEBUG - Step 130: mean_loss(20): 0.32554078102111816 mean_loss(200): 0.559922456741333
2017-06-04 20:48:30,670 - DEBUG - Step 140: mean_loss(20): 0.3130463659763336 mean_loss(200): 0.5433375239372253
2017-06-04 20:48:36,255 - DEBUG - Step 150: mean_loss(20): 0.3343212306499481 mean_loss(200): 0.530041515827179
2017-06-04 20:48:41,850 - DEBUG - Step 160: mean_loss(20): 0.3402223289012909 mean_loss(200): 0.5181058049201965
2017-06-04 20:48:47,411 - DEBUG - Step 170: mean_loss(20): 0.3241960406303406 mean_loss(200): 0.505966067314148
2017-06-04 20:48:52,992 - DEBUG - Step 180: mean_loss(20): 0.28519636392593384 mean_loss(200): 0.4923699200153351
2017-06-04 20:48:58,552 - DEBUG - Step 190: mean_loss(20): 0.2831989526748657 mean_loss(200): 0.4826396405696869
2017-06-04 20:49:04,107 - DEBUG - Step 200: mean_loss(20): 0.3123990297317505 mean_loss(200): 0.46362295746803284
2017-06-04 20:49:09,675 - DEBUG - Step 210: mean_loss(20): 0.2989354133605957 mean_loss(200): 0.398456335067749
2017-06-04 20:49:15,261 - DEBUG - Step 220: mean_loss(20): 0.27651771903038025 mean_loss(200): 0.3622623085975647
2017-06-04 20:49:20,801 - DEBUG - Step 230: mean_loss(20): 0.29044944047927856 mean_loss(200): 0.34563401341438293
2017-06-04 20:49:26,352 - DEBUG - Step 240: mean_loss(20): 0.3000635504722595 mean_loss(200): 0.334198921918869
2017-06-04 20:49:31,914 - DEBUG - Step 250: mean_loss(20): 0.28835493326187134 mean_loss(200): 0.32659971714019775
2017-06-04 20:49:37,493 - DEBUG - Step 260: mean_loss(20): 0.2900814712047577 mean_loss(200): 0.32072845101356506
2017-06-04 20:49:43,053 - DEBUG - Step 270: mean_loss(20): 0.26456576585769653 mean_loss(200): 0.3121795654296875
2017-06-04 20:49:48,639 - DEBUG - Step 280: mean_loss(20): 0.2642819285392761 mean_loss(200): 0.309114545583725
2017-06-04 20:49:54,197 - DEBUG - Step 290: mean_loss(20): 0.27539581060409546 mean_loss(200): 0.304305762052536
2017-06-04 20:49:59,768 - DEBUG - Step 300: mean_loss(20): 0.2682651877403259 mean_loss(200): 0.2990405261516571
2017-06-04 20:50:05,338 - DEBUG - Step 310: mean_loss(20): 0.26555687189102173 mean_loss(200): 0.2950515151023865
2017-06-04 20:50:10,897 - DEBUG - Step 320: mean_loss(20): 0.25215810537338257 mean_loss(200): 0.29022321105003357
2017-06-04 20:50:16,486 - DEBUG - Step 330: mean_loss(20): 0.2652153968811035 mean_loss(200): 0.28901898860931396
2017-06-04 20:50:22,046 - DEBUG - Step 340: mean_loss(20): 0.2493363618850708 mean_loss(200): 0.2838521897792816
2017-06-04 20:50:27,622 - DEBUG - Step 350: mean_loss(20): 0.2464546412229538 mean_loss(200): 0.28023234009742737
2017-06-04 20:50:33,214 - DEBUG - Step 360: mean_loss(20): 0.281147301197052 mean_loss(200): 0.2779447138309479
2017-06-04 20:50:38,799 - DEBUG - Step 370: mean_loss(20): 0.28255972266197205 mean_loss(200): 0.27606868743896484
2017-06-04 20:50:44,373 - DEBUG - Step 380: mean_loss(20): 0.26951679587364197 mean_loss(200): 0.27637675404548645
2017-06-04 20:50:49,962 - DEBUG - Step 390: mean_loss(20): 0.2584504783153534 mean_loss(200): 0.27359387278556824
2017-06-04 20:50:55,537 - DEBUG - Step 400: mean_loss(20): 0.2593112289905548 mean_loss(200): 0.2710679769515991
2017-06-04 20:51:01,129 - DEBUG - Step 410: mean_loss(20): 0.26157206296920776 mean_loss(200): 0.2698575258255005
2017-06-04 20:51:06,693 - DEBUG - Step 420: mean_loss(20): 0.25558432936668396 mean_loss(200): 0.268974632024765
2017-06-04 20:51:12,299 - DEBUG - Step 430: mean_loss(20): 0.2561267912387848 mean_loss(200): 0.2664252519607544
2017-06-04 20:51:17,879 - DEBUG - Step 440: mean_loss(20): 0.23861917853355408 mean_loss(200): 0.2628301978111267
2017-06-04 20:51:23,484 - DEBUG - Step 450: mean_loss(20): 0.2387339174747467 mean_loss(200): 0.26146313548088074
2017-06-04 20:51:29,081 - DEBUG - Step 460: mean_loss(20): 0.2590934932231903 mean_loss(200): 0.25973138213157654
2017-06-04 20:51:34,672 - DEBUG - Step 470: mean_loss(20): 0.2522199749946594 mean_loss(200): 0.26022857427597046
2017-06-04 20:51:40,288 - DEBUG - Step 480: mean_loss(20): 0.25245943665504456 mean_loss(200): 0.25854915380477905
2017-06-04 20:51:45,889 - DEBUG - Step 490: mean_loss(20): 0.25267288088798523 mean_loss(200): 0.25795626640319824
2017-06-04 20:51:51,468 - DEBUG - Step 500: mean_loss(20): 0.2373356819152832 mean_loss(200): 0.25545620918273926
2017-06-04 20:51:57,052 - DEBUG - Step 510: mean_loss(20): 0.22374701499938965 mean_loss(200): 0.25377529859542847
2017-06-04 20:52:02,628 - DEBUG - Step 520: mean_loss(20): 0.24191856384277344 mean_loss(200): 0.25443223118782043
2017-06-04 20:52:08,245 - DEBUG - Step 530: mean_loss(20): 0.2635309100151062 mean_loss(200): 0.2536068260669708
2017-06-04 20:52:13,821 - DEBUG - Step 540: mean_loss(20): 0.2590709626674652 mean_loss(200): 0.2554056942462921
2017-06-04 20:52:19,387 - DEBUG - Step 550: mean_loss(20): 0.25329557061195374 mean_loss(200): 0.25429093837738037
2017-06-04 20:52:24,977 - DEBUG - Step 560: mean_loss(20): 0.25620847940444946 mean_loss(200): 0.25291183590888977
2017-06-04 20:52:30,542 - DEBUG - Step 570: mean_loss(20): 0.24464921653270721 mean_loss(200): 0.2504998743534088
2017-06-04 20:52:36,094 - DEBUG - Step 580: mean_loss(20): 0.2437475174665451 mean_loss(200): 0.25033488869667053
2017-06-04 20:52:41,671 - DEBUG - Step 590: mean_loss(20): 0.2525527775287628 mean_loss(200): 0.24991010129451752
2017-06-04 20:52:47,219 - DEBUG - Step 600: mean_loss(20): 0.23911762237548828 mean_loss(200): 0.24831552803516388
2017-06-04 20:52:52,774 - DEBUG - Step 610: mean_loss(20): 0.24513772130012512 mean_loss(200): 0.24826668202877045
2017-06-04 20:52:58,319 - DEBUG - Step 620: mean_loss(20): 0.2549844980239868 mean_loss(200): 0.24825555086135864
2017-06-04 20:53:03,310 - INFO - End of epoch, training set loss (whole epoch avg): 0.3275874853134155
2017-06-04 20:53:03,786 - DEBUG - Step 0: mean_loss(20): 0.21302229166030884 mean_loss(200): 0.21302229166030884
2017-06-04 20:53:08,004 - DEBUG - Step 10: mean_loss(20): 0.20848606526851654 mean_loss(200): 0.20848606526851654
2017-06-04 20:53:12,300 - DEBUG - Step 20: mean_loss(20): 0.222377747297287 mean_loss(200): 0.22193224728107452
2017-06-04 20:53:16,597 - DEBUG - Step 30: mean_loss(20): 0.2305355966091156 mean_loss(200): 0.22271159291267395
2017-06-04 20:53:17,894 - INFO - Validation set loss: 0.22204388678073883
2017-06-04 20:53:17,894 - INFO - ====== START OF EPOCH 1 ======
2017-06-04 20:53:18,405 - DEBUG - Step 0: mean_loss(20): 0.25885269045829773 mean_loss(200): 0.25885269045829773
2017-06-04 20:53:23,927 - DEBUG - Step 10: mean_loss(20): 0.25505775213241577 mean_loss(200): 0.25505775213241577
2017-06-04 20:53:29,535 - DEBUG - Step 20: mean_loss(20): 0.2430579960346222 mean_loss(200): 0.24381013214588165
2017-06-04 20:53:35,135 - DEBUG - Step 30: mean_loss(20): 0.23831816017627716 mean_loss(200): 0.24425798654556274
2017-06-04 20:53:40,734 - DEBUG - Step 40: mean_loss(20): 0.24033355712890625 mean_loss(200): 0.24211424589157104
2017-06-04 20:53:46,339 - DEBUG - Step 50: mean_loss(20): 0.23344306647777557 mean_loss(200): 0.24001681804656982
2017-06-04 20:53:51,936 - DEBUG - Step 60: mean_loss(20): 0.23290176689624786 mean_loss(200): 0.23909376561641693
2017-06-04 20:53:57,540 - DEBUG - Step 70: mean_loss(20): 0.2415103167295456 mean_loss(200): 0.2404375523328781
2017-06-04 20:54:03,163 - DEBUG - Step 80: mean_loss(20): 0.23314067721366882 mean_loss(200): 0.23762385547161102
2017-06-04 20:54:08,781 - DEBUG - Step 90: mean_loss(20): 0.220598503947258 mean_loss(200): 0.23607733845710754
2017-06-04 20:54:14,378 - DEBUG - Step 100: mean_loss(20): 0.22386988997459412 mean_loss(200): 0.23490029573440552
2017-06-04 20:54:19,998 - DEBUG - Step 110: mean_loss(20): 0.22690370678901672 mean_loss(200): 0.2344244420528412
2017-06-04 20:54:25,598 - DEBUG - Step 120: mean_loss(20): 0.2199532687664032 mean_loss(200): 0.23242969810962677
2017-06-04 20:54:31,204 - DEBUG - Step 130: mean_loss(20): 0.21125635504722595 mean_loss(200): 0.23088732361793518
2017-06-04 20:54:36,788 - DEBUG - Step 140: mean_loss(20): 0.21426507830619812 mean_loss(200): 0.22985318303108215
2017-06-04 20:54:42,381 - DEBUG - Step 150: mean_loss(20): 0.22756695747375488 mean_loss(200): 0.23044753074645996
2017-06-04 20:54:48,005 - DEBUG - Step 160: mean_loss(20): 0.24681250751018524 mean_loss(200): 0.23195992410182953
2017-06-04 20:54:53,612 - DEBUG - Step 170: mean_loss(20): 0.2438189685344696 mean_loss(200): 0.23201145231723785
2017-06-04 20:54:59,224 - DEBUG - Step 180: mean_loss(20): 0.22585317492485046 mean_loss(200): 0.23128513991832733
2017-06-04 20:55:04,842 - DEBUG - Step 190: mean_loss(20): 0.22285690903663635 mean_loss(200): 0.23105286061763763
2017-06-04 20:55:10,470 - DEBUG - Step 200: mean_loss(20): 0.2267523556947708 mean_loss(200): 0.2306940257549286
2017-06-04 20:55:16,084 - DEBUG - Step 210: mean_loss(20): 0.21833841502666473 mean_loss(200): 0.2284611463546753
2017-06-04 20:55:21,695 - DEBUG - Step 220: mean_loss(20): 0.21349501609802246 mean_loss(200): 0.22773772478103638
2017-06-04 20:55:27,305 - DEBUG - Step 230: mean_loss(20): 0.22261102497577667 mean_loss(200): 0.226890429854393
2017-06-04 20:55:32,915 - DEBUG - Step 240: mean_loss(20): 0.23786561191082 mean_loss(200): 0.22749091684818268
2017-06-04 20:55:38,506 - DEBUG - Step 250: mean_loss(20): 0.22478802502155304 mean_loss(200): 0.22602492570877075
2017-06-04 20:55:44,125 - DEBUG - Step 260: mean_loss(20): 0.2063322365283966 mean_loss(200): 0.22483396530151367
