2017-06-12 00:30:20,203 - WARNING - Nodename: titan-lab1
2017-06-12 00:30:20,203 - WARNING - Parameters: BATCH_SIZE: 8, NN_IMAGE_SIZE: 512, BASE_CHANNELS: 32
2017-06-12 00:30:20,203 - WARNING - Augmentation: horizontal and vertical flips
2017-06-12 00:30:20,203 - WARNING - Checkpoint file: checkpoints/2017-06-11_22:30.ckpt
2017-06-12 00:30:23,321 - INFO - Start training
2017-06-12 00:30:27,132 - INFO - ====== START OF EPOCH 0 ======
2017-06-12 00:30:29,777 - DEBUG - Step 0: mean_loss(20): 15.015914916992188 mean_loss(200): 15.015914916992188
2017-06-12 00:30:35,419 - DEBUG - Step 10: mean_loss(20): 9.981311798095703 mean_loss(200): 9.981311798095703
2017-06-12 00:30:41,075 - DEBUG - Step 20: mean_loss(20): 6.812402248382568 mean_loss(200): 7.203044891357422
2017-06-12 00:30:46,729 - DEBUG - Step 30: mean_loss(20): 3.4061787128448486 mean_loss(200): 5.739290237426758
2017-06-12 00:30:52,385 - DEBUG - Step 40: mean_loss(20): 2.359282970428467 mean_loss(200): 4.840234756469727
2017-06-12 00:30:58,080 - DEBUG - Step 50: mean_loss(20): 1.8351104259490967 mean_loss(200): 4.208239555358887
2017-06-12 00:31:03,806 - DEBUG - Step 60: mean_loss(20): 1.5011307001113892 mean_loss(200): 3.7454469203948975
2017-06-12 00:31:09,529 - DEBUG - Step 70: mean_loss(20): 1.4484950304031372 mean_loss(200): 3.430846929550171
2017-06-12 00:31:15,255 - DEBUG - Step 80: mean_loss(20): 1.416907787322998 mean_loss(200): 3.1704986095428467
2017-06-12 00:31:20,988 - DEBUG - Step 90: mean_loss(20): 1.2448550462722778 mean_loss(200): 2.950409173965454
2017-06-12 00:31:26,740 - DEBUG - Step 100: mean_loss(20): 1.1866719722747803 mean_loss(200): 2.7776618003845215
2017-06-12 00:31:32,469 - DEBUG - Step 110: mean_loss(20): 1.0652375221252441 mean_loss(200): 2.61073899269104
2017-06-12 00:31:38,222 - DEBUG - Step 120: mean_loss(20): 0.8899477124214172 mean_loss(200): 2.4656429290771484
2017-06-12 00:31:43,946 - DEBUG - Step 130: mean_loss(20): 0.940599799156189 mean_loss(200): 2.3557558059692383
2017-06-12 00:31:49,676 - DEBUG - Step 140: mean_loss(20): 0.9437219500541687 mean_loss(200): 2.249767780303955
2017-06-12 00:31:55,418 - DEBUG - Step 150: mean_loss(20): 0.8270951509475708 mean_loss(200): 2.1532838344573975
2017-06-12 00:32:01,150 - DEBUG - Step 160: mean_loss(20): 0.7747833132743835 mean_loss(200): 2.066539764404297
2017-06-12 00:32:06,882 - DEBUG - Step 170: mean_loss(20): 0.7482868432998657 mean_loss(200): 1.9889566898345947
2017-06-12 00:32:12,627 - DEBUG - Step 180: mean_loss(20): 0.7630516290664673 mean_loss(200): 1.9225080013275146
2017-06-12 00:32:18,359 - DEBUG - Step 190: mean_loss(20): 0.745765209197998 mean_loss(200): 1.8587795495986938
2017-06-12 00:32:24,106 - DEBUG - Step 200: mean_loss(20): 0.7234124541282654 mean_loss(200): 1.7371313571929932
2017-06-12 00:32:29,862 - DEBUG - Step 210: mean_loss(20): 0.7210036516189575 mean_loss(200): 1.2982628345489502
2017-06-12 00:32:35,626 - DEBUG - Step 220: mean_loss(20): 0.7132009267807007 mean_loss(200): 1.127211093902588
2017-06-12 00:32:41,379 - DEBUG - Step 230: mean_loss(20): 0.736355185508728 mean_loss(200): 1.0312803983688354
2017-06-12 00:32:47,132 - DEBUG - Step 240: mean_loss(20): 0.6995517015457153 mean_loss(200): 0.9612380266189575
2017-06-12 00:32:52,884 - DEBUG - Step 250: mean_loss(20): 0.6785743236541748 mean_loss(200): 0.9156267642974854
2017-06-12 00:32:58,640 - DEBUG - Step 260: mean_loss(20): 0.6900395750999451 mean_loss(200): 0.8801289200782776
2017-06-12 00:33:04,402 - DEBUG - Step 270: mean_loss(20): 0.7050646543502808 mean_loss(200): 0.8412837386131287
2017-06-12 00:33:10,155 - DEBUG - Step 280: mean_loss(20): 0.7122657895088196 mean_loss(200): 0.8096646666526794
2017-06-12 00:33:15,906 - DEBUG - Step 290: mean_loss(20): 0.6486730575561523 mean_loss(200): 0.781665563583374
2017-06-12 00:33:21,644 - DEBUG - Step 300: mean_loss(20): 0.6006174087524414 mean_loss(200): 0.7510592937469482
2017-06-12 00:33:27,435 - DEBUG - Step 310: mean_loss(20): 0.5651637315750122 mean_loss(200): 0.7316581606864929
2017-06-12 00:33:33,264 - DEBUG - Step 320: mean_loss(20): 0.5835482478141785 mean_loss(200): 0.7204192876815796
2017-06-12 00:33:39,014 - DEBUG - Step 330: mean_loss(20): 0.6476983428001404 mean_loss(200): 0.7023680210113525
2017-06-12 00:33:44,780 - DEBUG - Step 340: mean_loss(20): 0.6667519807815552 mean_loss(200): 0.6927223205566406
2017-06-12 00:33:50,543 - DEBUG - Step 350: mean_loss(20): 0.5864859819412231 mean_loss(200): 0.6783071160316467
2017-06-12 00:33:56,325 - DEBUG - Step 360: mean_loss(20): 0.5421316623687744 mean_loss(200): 0.6694570779800415
2017-06-12 00:34:02,086 - DEBUG - Step 370: mean_loss(20): 0.5815041065216064 mean_loss(200): 0.6616289019584656
2017-06-12 00:34:07,849 - DEBUG - Step 380: mean_loss(20): 0.6047370433807373 mean_loss(200): 0.6536257266998291
2017-06-12 00:34:13,641 - DEBUG - Step 390: mean_loss(20): 0.6062940955162048 mean_loss(200): 0.647681713104248
2017-06-12 00:34:19,390 - DEBUG - Step 400: mean_loss(20): 0.5651503801345825 mean_loss(200): 0.6377995014190674
2017-06-12 00:34:25,153 - DEBUG - Step 410: mean_loss(20): 0.567649245262146 mean_loss(200): 0.6323463320732117
2017-06-12 00:34:30,885 - DEBUG - Step 420: mean_loss(20): 0.5557130575180054 mean_loss(200): 0.6220507025718689
2017-06-12 00:34:36,629 - DEBUG - Step 430: mean_loss(20): 0.5513910055160522 mean_loss(200): 0.6138498783111572
2017-06-12 00:34:42,389 - DEBUG - Step 440: mean_loss(20): 0.5723178386688232 mean_loss(200): 0.6093272566795349
2017-06-12 00:34:48,139 - DEBUG - Step 450: mean_loss(20): 0.5939644575119019 mean_loss(200): 0.605388879776001
2017-06-12 00:34:53,891 - DEBUG - Step 460: mean_loss(20): 0.5810585021972656 mean_loss(200): 0.5984292030334473
2017-06-12 00:34:59,654 - DEBUG - Step 470: mean_loss(20): 0.5487492084503174 mean_loss(200): 0.5897573232650757
2017-06-12 00:35:05,417 - DEBUG - Step 480: mean_loss(20): 0.5407751202583313 mean_loss(200): 0.5812801122665405
2017-06-12 00:35:11,190 - DEBUG - Step 490: mean_loss(20): 0.5482670664787292 mean_loss(200): 0.5797167420387268
2017-06-12 00:35:16,946 - DEBUG - Step 500: mean_loss(20): 0.5580987930297852 mean_loss(200): 0.577028214931488
2017-06-12 00:35:22,721 - DEBUG - Step 510: mean_loss(20): 0.517408549785614 mean_loss(200): 0.5749411582946777
2017-06-12 00:35:28,491 - DEBUG - Step 520: mean_loss(20): 0.533831000328064 mean_loss(200): 0.5720565319061279
2017-06-12 00:35:34,241 - DEBUG - Step 530: mean_loss(20): 0.5641306638717651 mean_loss(200): 0.5665844082832336
2017-06-12 00:35:39,994 - DEBUG - Step 540: mean_loss(20): 0.5704172253608704 mean_loss(200): 0.5624229907989502
2017-06-12 00:35:45,743 - DEBUG - Step 550: mean_loss(20): 0.5353769659996033 mean_loss(200): 0.561473548412323
2017-06-12 00:35:51,499 - DEBUG - Step 560: mean_loss(20): 0.5042170286178589 mean_loss(200): 0.5586315393447876
2017-06-12 00:35:57,265 - DEBUG - Step 570: mean_loss(20): 0.5190484523773193 mean_loss(200): 0.5552279949188232
2017-06-12 00:36:03,033 - DEBUG - Step 580: mean_loss(20): 0.5154513716697693 mean_loss(200): 0.5497030019760132
2017-06-12 00:36:08,783 - DEBUG - Step 590: mean_loss(20): 0.5240017175674438 mean_loss(200): 0.5469987392425537
2017-06-12 00:36:14,561 - DEBUG - Step 600: mean_loss(20): 0.5356699824333191 mean_loss(200): 0.5467550158500671
2017-06-12 00:36:20,333 - DEBUG - Step 610: mean_loss(20): 0.5233772993087769 mean_loss(200): 0.5425715446472168
2017-06-12 00:36:26,103 - DEBUG - Step 620: mean_loss(20): 0.5220046043395996 mean_loss(200): 0.5433841347694397
2017-06-12 00:36:31,856 - DEBUG - Step 630: mean_loss(20): 0.5012917518615723 mean_loss(200): 0.5375615954399109
2017-06-12 00:36:37,599 - DEBUG - Step 640: mean_loss(20): 0.5034736394882202 mean_loss(200): 0.5364997386932373
2017-06-12 00:36:43,354 - DEBUG - Step 650: mean_loss(20): 0.5070779323577881 mean_loss(200): 0.5288729667663574
2017-06-12 00:36:49,109 - DEBUG - Step 660: mean_loss(20): 0.514001727104187 mean_loss(200): 0.5297940373420715
2017-06-12 00:36:54,879 - DEBUG - Step 670: mean_loss(20): 0.5047269463539124 mean_loss(200): 0.5244707465171814
2017-06-12 00:37:00,651 - DEBUG - Step 680: mean_loss(20): 0.46826171875 mean_loss(200): 0.5225427150726318
2017-06-12 00:37:06,413 - DEBUG - Step 690: mean_loss(20): 0.4812198579311371 mean_loss(200): 0.5177660584449768
2017-06-12 00:37:12,188 - DEBUG - Step 700: mean_loss(20): 0.5124066472053528 mean_loss(200): 0.5179734826087952
2017-06-12 00:37:17,943 - DEBUG - Step 710: mean_loss(20): 0.5185249447822571 mean_loss(200): 0.5178776383399963
2017-06-12 00:37:23,724 - DEBUG - Step 720: mean_loss(20): 0.5313969254493713 mean_loss(200): 0.5177301168441772
2017-06-12 00:37:29,501 - DEBUG - Step 730: mean_loss(20): 0.5580457448959351 mean_loss(200): 0.5172691345214844
2017-06-12 00:37:35,251 - DEBUG - Step 740: mean_loss(20): 0.486401230096817 mean_loss(200): 0.5093284845352173
2017-06-12 00:37:41,034 - DEBUG - Step 750: mean_loss(20): 0.4603843688964844 mean_loss(200): 0.5097699165344238
2017-06-12 00:37:46,810 - DEBUG - Step 760: mean_loss(20): 0.5169761776924133 mean_loss(200): 0.5106043815612793
2017-06-12 00:37:52,581 - DEBUG - Step 770: mean_loss(20): 0.5175099968910217 mean_loss(200): 0.5096160769462585
2017-06-12 00:37:58,334 - DEBUG - Step 780: mean_loss(20): 0.4800383448600769 mean_loss(200): 0.507063090801239
2017-06-12 00:38:04,078 - DEBUG - Step 790: mean_loss(20): 0.42135509848594666 mean_loss(200): 0.4993513822555542
2017-06-12 00:38:09,824 - DEBUG - Step 800: mean_loss(20): 0.4110981523990631 mean_loss(200): 0.4946059286594391
2017-06-12 00:38:15,575 - DEBUG - Step 810: mean_loss(20): 0.4622800350189209 mean_loss(200): 0.49324166774749756
2017-06-12 00:38:21,344 - DEBUG - Step 820: mean_loss(20): 0.46236640214920044 mean_loss(200): 0.4886421263217926
2017-06-12 00:38:27,113 - DEBUG - Step 830: mean_loss(20): 0.4603307247161865 mean_loss(200): 0.48914557695388794
2017-06-12 00:38:32,863 - DEBUG - Step 840: mean_loss(20): 0.483145534992218 mean_loss(200): 0.4866092801094055
2017-06-12 00:38:38,617 - DEBUG - Step 850: mean_loss(20): 0.4528822898864746 mean_loss(200): 0.48372596502304077
2017-06-12 00:38:44,385 - DEBUG - Step 860: mean_loss(20): 0.40422487258911133 mean_loss(200): 0.47563156485557556
2017-06-12 00:38:50,117 - DEBUG - Step 870: mean_loss(20): 0.3973938822746277 mean_loss(200): 0.4729927182197571
2017-06-12 00:38:55,885 - DEBUG - Step 880: mean_loss(20): 0.4727649688720703 mean_loss(200): 0.4760819375514984
2017-06-12 00:39:01,678 - DEBUG - Step 890: mean_loss(20): 0.5226680040359497 mean_loss(200): 0.4771375358104706
2017-06-12 00:39:07,445 - DEBUG - Step 900: mean_loss(20): 0.4834308624267578 mean_loss(200): 0.47318434715270996
2017-06-12 00:39:13,202 - DEBUG - Step 910: mean_loss(20): 0.48517417907714844 mean_loss(200): 0.47380244731903076
2017-06-12 00:39:18,960 - DEBUG - Step 920: mean_loss(20): 0.4724079966545105 mean_loss(200): 0.4672854542732239
2017-06-12 00:39:24,720 - DEBUG - Step 930: mean_loss(20): 0.43696603178977966 mean_loss(200): 0.4616944491863251
2017-06-12 00:39:30,491 - DEBUG - Step 940: mean_loss(20): 0.452921062707901 mean_loss(200): 0.4639374613761902
2017-06-12 00:39:36,263 - DEBUG - Step 950: mean_loss(20): 0.4662434458732605 mean_loss(200): 0.46228036284446716
2017-06-12 00:39:42,005 - DEBUG - Step 960: mean_loss(20): 0.4472191333770752 mean_loss(200): 0.4569617509841919
2017-06-12 00:39:47,766 - DEBUG - Step 970: mean_loss(20): 0.46187442541122437 mean_loss(200): 0.4567168056964874
2017-06-12 00:39:53,523 - DEBUG - Step 980: mean_loss(20): 0.49750465154647827 mean_loss(200): 0.45870837569236755
2017-06-12 00:39:59,302 - DEBUG - Step 990: mean_loss(20): 0.4941163957118988 mean_loss(200): 0.4639929234981537
2017-06-12 00:40:05,057 - DEBUG - Step 1000: mean_loss(20): 0.47326311469078064 mean_loss(200): 0.4649248421192169
2017-06-12 00:40:10,787 - DEBUG - Step 1010: mean_loss(20): 0.4364413321018219 mean_loss(200): 0.4614090621471405
2017-06-12 00:40:16,578 - DEBUG - Step 1020: mean_loss(20): 0.44666171073913574 mean_loss(200): 0.4633544087409973
2017-06-12 00:40:22,452 - DEBUG - Step 1030: mean_loss(20): 0.4809359014034271 mean_loss(200): 0.46346962451934814
2017-06-12 00:40:28,197 - DEBUG - Step 1040: mean_loss(20): 0.4723304808139801 mean_loss(200): 0.46227288246154785
2017-06-12 00:40:33,971 - DEBUG - Step 1050: mean_loss(20): 0.4439125061035156 mean_loss(200): 0.4625726342201233
2017-06-12 00:40:39,732 - DEBUG - Step 1060: mean_loss(20): 0.47140178084373474 mean_loss(200): 0.4689905643463135
2017-06-12 00:40:45,501 - DEBUG - Step 1070: mean_loss(20): 0.5242992043495178 mean_loss(200): 0.47526314854621887
2017-06-12 00:40:51,245 - DEBUG - Step 1080: mean_loss(20): 0.49150457978248596 mean_loss(200): 0.47086456418037415
2017-06-12 00:40:57,015 - DEBUG - Step 1090: mean_loss(20): 0.44430869817733765 mean_loss(200): 0.46742716431617737
2017-06-12 00:41:02,786 - DEBUG - Step 1100: mean_loss(20): 0.4464619755744934 mean_loss(200): 0.4671676754951477
2017-06-12 00:41:08,562 - DEBUG - Step 1110: mean_loss(20): 0.4354735016822815 mean_loss(200): 0.4624571204185486
2017-06-12 00:41:14,303 - DEBUG - Step 1120: mean_loss(20): 0.4570844769477844 mean_loss(200): 0.4656352996826172
2017-06-12 00:41:20,075 - DEBUG - Step 1130: mean_loss(20): 0.4685521125793457 mean_loss(200): 0.46561571955680847
2017-06-12 00:41:25,838 - DEBUG - Step 1140: mean_loss(20): 0.43974557518959045 mean_loss(200): 0.4643177390098572
2017-06-12 00:41:31,578 - DEBUG - Step 1150: mean_loss(20): 0.4710494875907898 mean_loss(200): 0.46609634160995483
2017-06-12 00:41:37,319 - DEBUG - Step 1160: mean_loss(20): 0.4892566204071045 mean_loss(200): 0.46852147579193115
2017-06-12 00:41:43,086 - DEBUG - Step 1170: mean_loss(20): 0.4664449095726013 mean_loss(200): 0.46655339002609253
2017-06-12 00:41:48,838 - DEBUG - Step 1180: mean_loss(20): 0.42887014150619507 mean_loss(200): 0.4616580307483673
2017-06-12 00:41:54,596 - DEBUG - Step 1190: mean_loss(20): 0.40120211243629456 mean_loss(200): 0.45726194977760315
2017-06-12 00:42:00,372 - DEBUG - Step 1200: mean_loss(20): 0.39298924803733826 mean_loss(200): 0.4536306858062744
2017-06-12 00:42:06,130 - DEBUG - Step 1210: mean_loss(20): 0.42899927496910095 mean_loss(200): 0.4565177857875824
2017-06-12 00:42:11,891 - DEBUG - Step 1220: mean_loss(20): 0.4653194546699524 mean_loss(200): 0.4554964303970337
2017-06-12 00:42:17,630 - DEBUG - Step 1230: mean_loss(20): 0.45068731904029846 mean_loss(200): 0.4534928798675537
2017-06-12 00:42:23,409 - DEBUG - Step 1240: mean_loss(20): 0.46637898683547974 mean_loss(200): 0.4549012780189514
2017-06-12 00:42:29,174 - DEBUG - Step 1250: mean_loss(20): 0.4650622010231018 mean_loss(200): 0.4556078612804413
2017-06-12 00:42:34,922 - DEBUG - Step 1260: mean_loss(20): 0.4371550679206848 mean_loss(200): 0.4514766335487366
2017-06-12 00:42:35,494 - INFO - End of epoch, training set loss (whole epoch avg): 0.7209349870681763
2017-06-12 00:42:35,995 - DEBUG - Step 0: mean_loss(20): 0.4294781982898712 mean_loss(200): 0.4294781982898712
2017-06-12 00:42:39,902 - DEBUG - Step 10: mean_loss(20): 0.38971683382987976 mean_loss(200): 0.38971683382987976
2017-06-12 00:42:43,836 - DEBUG - Step 20: mean_loss(20): 0.39847466349601746 mean_loss(200): 0.3999509811401367
2017-06-12 00:42:47,802 - DEBUG - Step 30: mean_loss(20): 0.3975076675415039 mean_loss(200): 0.3947431743144989
2017-06-12 00:42:51,791 - DEBUG - Step 40: mean_loss(20): 0.44535571336746216 mean_loss(200): 0.42209964990615845
2017-06-12 00:42:55,768 - DEBUG - Step 50: mean_loss(20): 0.47870737314224243 mean_loss(200): 0.42767027020454407
2017-06-12 00:42:59,840 - DEBUG - Step 60: mean_loss(20): 0.4562591016292572 mean_loss(200): 0.4332994818687439
2017-06-12 00:43:01,423 - INFO - Validation set loss: 0.43802154064178467
2017-06-12 00:43:01,424 - INFO - ====== START OF EPOCH 1 ======
2017-06-12 00:43:01,998 - DEBUG - Step 0: mean_loss(20): 0.46328461170196533 mean_loss(200): 0.46328461170196533
2017-06-12 00:43:07,729 - DEBUG - Step 10: mean_loss(20): 0.49748772382736206 mean_loss(200): 0.49748772382736206
2017-06-12 00:43:13,468 - DEBUG - Step 20: mean_loss(20): 0.4913513660430908 mean_loss(200): 0.4900148808956146
2017-06-12 00:43:19,194 - DEBUG - Step 30: mean_loss(20): 0.4858461916446686 mean_loss(200): 0.48997703194618225
2017-06-12 00:43:24,947 - DEBUG - Step 40: mean_loss(20): 0.47123703360557556 mean_loss(200): 0.4808550179004669
2017-06-12 00:43:30,708 - DEBUG - Step 50: mean_loss(20): 0.4567909240722656 mean_loss(200): 0.4769628942012787
2017-06-12 00:43:36,466 - DEBUG - Step 60: mean_loss(20): 0.46337661147117615 mean_loss(200): 0.4751243591308594
2017-06-12 00:43:42,202 - DEBUG - Step 70: mean_loss(20): 0.4649217128753662 mean_loss(200): 0.4735710322856903
2017-06-12 00:43:47,942 - DEBUG - Step 80: mean_loss(20): 0.4702061116695404 mean_loss(200): 0.47391000390052795
2017-06-12 00:43:53,692 - DEBUG - Step 90: mean_loss(20): 0.4245324730873108 mean_loss(200): 0.4627932906150818
2017-06-12 00:43:59,435 - DEBUG - Step 100: mean_loss(20): 0.3996962308883667 mean_loss(200): 0.45921415090560913
2017-06-12 00:44:05,217 - DEBUG - Step 110: mean_loss(20): 0.4496362805366516 mean_loss(200): 0.46042266488075256
2017-06-12 00:44:10,971 - DEBUG - Step 120: mean_loss(20): 0.4597455859184265 mean_loss(200): 0.45930203795433044
2017-06-12 00:44:16,734 - DEBUG - Step 130: mean_loss(20): 0.44550618529319763 mean_loss(200): 0.4581453204154968
2017-06-12 00:44:22,499 - DEBUG - Step 140: mean_loss(20): 0.4597410559654236 mean_loss(200): 0.45936426520347595
2017-06-12 00:44:28,269 - DEBUG - Step 150: mean_loss(20): 0.4746115207672119 mean_loss(200): 0.46032634377479553
2017-06-12 00:44:34,020 - DEBUG - Step 160: mean_loss(20): 0.473289430141449 mean_loss(200): 0.4610941708087921
2017-06-12 00:44:39,788 - DEBUG - Step 170: mean_loss(20): 0.46457991003990173 mean_loss(200): 0.46082380414009094
2017-06-12 00:44:45,550 - DEBUG - Step 180: mean_loss(20): 0.4606519639492035 mean_loss(200): 0.4610452353954315
2017-06-12 00:44:51,309 - DEBUG - Step 190: mean_loss(20): 0.4538968503475189 mean_loss(200): 0.4600985050201416
2017-06-12 00:44:57,069 - DEBUG - Step 200: mean_loss(20): 0.47149378061294556 mean_loss(200): 0.46207892894744873
2017-06-12 00:45:02,815 - DEBUG - Step 210: mean_loss(20): 0.4974426329135895 mean_loss(200): 0.4617764353752136
2017-06-12 00:45:08,565 - DEBUG - Step 220: mean_loss(20): 0.48405495285987854 mean_loss(200): 0.4613492488861084
2017-06-12 00:45:14,292 - DEBUG - Step 230: mean_loss(20): 0.48441433906555176 mean_loss(200): 0.46163326501846313
2017-06-12 00:45:20,047 - DEBUG - Step 240: mean_loss(20): 0.4738244116306305 mean_loss(200): 0.46160805225372314
2017-06-12 00:45:25,806 - DEBUG - Step 250: mean_loss(20): 0.44223180413246155 mean_loss(200): 0.46017739176750183
2017-06-12 00:45:31,552 - DEBUG - Step 260: mean_loss(20): 0.4241713881492615 mean_loss(200): 0.45768749713897705
2017-06-12 00:45:37,303 - DEBUG - Step 270: mean_loss(20): 0.3894820809364319 mean_loss(200): 0.45263341069221497
2017-06-12 00:45:43,052 - DEBUG - Step 280: mean_loss(20): 0.3898333013057709 mean_loss(200): 0.44965019822120667
2017-06-12 00:45:48,805 - DEBUG - Step 290: mean_loss(20): 0.38662537932395935 mean_loss(200): 0.44884270429611206
2017-06-12 00:45:54,559 - DEBUG - Step 300: mean_loss(20): 0.3991348445415497 mean_loss(200): 0.44959408044815063
2017-06-12 00:46:00,309 - DEBUG - Step 310: mean_loss(20): 0.44005879759788513 mean_loss(200): 0.4478849768638611
2017-06-12 00:46:06,069 - DEBUG - Step 320: mean_loss(20): 0.41114869713783264 mean_loss(200): 0.4447343945503235
2017-06-12 00:46:11,834 - DEBUG - Step 330: mean_loss(20): 0.4135259985923767 mean_loss(200): 0.4446869194507599
2017-06-12 00:46:17,579 - DEBUG - Step 340: mean_loss(20): 0.4154999256134033 mean_loss(200): 0.4403102993965149
2017-06-12 00:46:23,332 - DEBUG - Step 350: mean_loss(20): 0.38340213894844055 mean_loss(200): 0.4355660378932953
2017-06-12 00:46:29,095 - DEBUG - Step 360: mean_loss(20): 0.4327123761177063 mean_loss(200): 0.4362525939941406
2017-06-12 00:46:34,863 - DEBUG - Step 370: mean_loss(20): 0.46180906891822815 mean_loss(200): 0.4352889358997345
2017-06-12 00:46:40,617 - DEBUG - Step 380: mean_loss(20): 0.4388244152069092 mean_loss(200): 0.43406981229782104
2017-06-12 00:46:46,402 - DEBUG - Step 390: mean_loss(20): 0.47711390256881714 mean_loss(200): 0.4376106262207031
2017-06-12 00:46:52,155 - DEBUG - Step 400: mean_loss(20): 0.4821779727935791 mean_loss(200): 0.4351382553577423
2017-06-12 00:46:57,907 - DEBUG - Step 410: mean_loss(20): 0.43583422899246216 mean_loss(200): 0.4314498007297516
2017-06-12 00:47:03,660 - DEBUG - Step 420: mean_loss(20): 0.4259359836578369 mean_loss(200): 0.4293263256549835
2017-06-12 00:47:09,409 - DEBUG - Step 430: mean_loss(20): 0.41431158781051636 mean_loss(200): 0.42443951964378357
2017-06-12 00:47:15,165 - DEBUG - Step 440: mean_loss(20): 0.4099344313144684 mean_loss(200): 0.4229373037815094
2017-06-12 00:47:20,913 - DEBUG - Step 450: mean_loss(20): 0.40914398431777954 mean_loss(200): 0.4211307168006897
2017-06-12 00:47:26,677 - DEBUG - Step 460: mean_loss(20): 0.4072960317134857 mean_loss(200): 0.42124977707862854
2017-06-12 00:47:32,455 - DEBUG - Step 470: mean_loss(20): 0.41054731607437134 mean_loss(200): 0.42323723435401917
2017-06-12 00:47:38,226 - DEBUG - Step 480: mean_loss(20): 0.4148951470851898 mean_loss(200): 0.4237560033798218
2017-06-12 00:47:43,986 - DEBUG - Step 490: mean_loss(20): 0.42973122000694275 mean_loss(200): 0.4275478422641754
2017-06-12 00:47:49,766 - DEBUG - Step 500: mean_loss(20): 0.4501872956752777 mean_loss(200): 0.42886123061180115
2017-06-12 00:47:55,548 - DEBUG - Step 510: mean_loss(20): 0.4470672011375427 mean_loss(200): 0.42824867367744446
2017-06-12 00:48:01,306 - DEBUG - Step 520: mean_loss(20): 0.43289652466773987 mean_loss(200): 0.43103599548339844
2017-06-12 00:48:07,099 - DEBUG - Step 530: mean_loss(20): 0.45525994896888733 mean_loss(200): 0.43242204189300537
2017-06-12 00:48:12,848 - DEBUG - Step 540: mean_loss(20): 0.47320955991744995 mean_loss(200): 0.43680697679519653
2017-06-12 00:48:18,589 - DEBUG - Step 550: mean_loss(20): 0.44830426573753357 mean_loss(200): 0.4389122724533081
2017-06-12 00:48:24,368 - DEBUG - Step 560: mean_loss(20): 0.42130032181739807 mean_loss(200): 0.4356657862663269
2017-06-12 00:48:30,117 - DEBUG - Step 570: mean_loss(20): 0.44439929723739624 mean_loss(200): 0.4371713399887085
2017-06-12 00:48:35,888 - DEBUG - Step 580: mean_loss(20): 0.44128766655921936 mean_loss(200): 0.4359121024608612
2017-06-12 00:48:41,644 - DEBUG - Step 590: mean_loss(20): 0.42648816108703613 mean_loss(200): 0.43210873007774353
2017-06-12 00:48:47,375 - DEBUG - Step 600: mean_loss(20): 0.42443934082984924 mean_loss(200): 0.4301382303237915
2017-06-12 00:48:53,132 - DEBUG - Step 610: mean_loss(20): 0.4195519983768463 mean_loss(200): 0.4304805099964142
2017-06-12 00:48:58,879 - DEBUG - Step 620: mean_loss(20): 0.4209524989128113 mean_loss(200): 0.42963990569114685
2017-06-12 00:49:04,656 - DEBUG - Step 630: mean_loss(20): 0.42997828125953674 mean_loss(200): 0.43204715847969055
2017-06-12 00:49:10,401 - DEBUG - Step 640: mean_loss(20): 0.4478197991847992 mean_loss(200): 0.43342840671539307
2017-06-12 00:49:16,163 - DEBUG - Step 650: mean_loss(20): 0.44662389159202576 mean_loss(200): 0.4357951879501343
2017-06-12 00:49:21,901 - DEBUG - Step 660: mean_loss(20): 0.42395544052124023 mean_loss(200): 0.4350943863391876
2017-06-12 00:49:27,646 - DEBUG - Step 670: mean_loss(20): 0.40132999420166016 mean_loss(200): 0.43487343192100525
2017-06-12 00:49:33,412 - DEBUG - Step 680: mean_loss(20): 0.40229034423828125 mean_loss(200): 0.4338338375091553
2017-06-12 00:49:39,167 - DEBUG - Step 690: mean_loss(20): 0.4152444005012512 mean_loss(200): 0.43342477083206177
2017-06-12 00:49:44,941 - DEBUG - Step 700: mean_loss(20): 0.4148724675178528 mean_loss(200): 0.4303024411201477
2017-06-12 00:49:50,680 - DEBUG - Step 710: mean_loss(20): 0.4211547374725342 mean_loss(200): 0.43083345890045166
2017-06-12 00:49:56,432 - DEBUG - Step 720: mean_loss(20): 0.48363104462623596 mean_loss(200): 0.4353758692741394
2017-06-12 00:50:02,206 - DEBUG - Step 730: mean_loss(20): 0.4814692437648773 mean_loss(200): 0.4334544241428375
2017-06-12 00:50:07,977 - DEBUG - Step 740: mean_loss(20): 0.45432454347610474 mean_loss(200): 0.43348732590675354
2017-06-12 00:50:13,740 - DEBUG - Step 750: mean_loss(20): 0.4803525507450104 mean_loss(200): 0.4366592466831207
2017-06-12 00:50:19,477 - DEBUG - Step 760: mean_loss(20): 0.4509986340999603 mean_loss(200): 0.43645718693733215
2017-06-12 00:50:25,213 - DEBUG - Step 770: mean_loss(20): 0.3888690769672394 mean_loss(200): 0.43110617995262146
2017-06-12 00:50:30,946 - DEBUG - Step 780: mean_loss(20): 0.4045318067073822 mean_loss(200): 0.4327816069126129
2017-06-12 00:50:36,692 - DEBUG - Step 790: mean_loss(20): 0.4139518141746521 mean_loss(200): 0.42985260486602783
2017-06-12 00:50:42,450 - DEBUG - Step 800: mean_loss(20): 0.4270680844783783 mean_loss(200): 0.4330444633960724
2017-06-12 00:50:48,221 - DEBUG - Step 810: mean_loss(20): 0.47488489747047424 mean_loss(200): 0.43538588285446167
2017-06-12 00:50:53,962 - DEBUG - Step 820: mean_loss(20): 0.485664427280426 mean_loss(200): 0.4395156800746918
2017-06-12 00:50:59,720 - DEBUG - Step 830: mean_loss(20): 0.44486966729164124 mean_loss(200): 0.43687498569488525
2017-06-12 00:51:05,474 - DEBUG - Step 840: mean_loss(20): 0.4113641679286957 mean_loss(200): 0.43587008118629456
2017-06-12 00:51:11,240 - DEBUG - Step 850: mean_loss(20): 0.4113086760044098 mean_loss(200): 0.4333434998989105
2017-06-12 00:51:16,991 - DEBUG - Step 860: mean_loss(20): 0.4219314157962799 mean_loss(200): 0.4356676936149597
2017-06-12 00:51:22,749 - DEBUG - Step 870: mean_loss(20): 0.44490471482276917 mean_loss(200): 0.43770095705986023
2017-06-12 00:51:28,485 - DEBUG - Step 880: mean_loss(20): 0.41871657967567444 mean_loss(200): 0.4373103380203247
2017-06-12 00:51:34,263 - DEBUG - Step 890: mean_loss(20): 0.4401082396507263 mean_loss(200): 0.44018733501434326
2017-06-12 00:51:40,015 - DEBUG - Step 900: mean_loss(20): 0.4641326367855072 mean_loss(200): 0.4422363340854645
2017-06-12 00:51:45,759 - DEBUG - Step 910: mean_loss(20): 0.39869406819343567 mean_loss(200): 0.4379412829875946
2017-06-12 00:51:51,522 - DEBUG - Step 920: mean_loss(20): 0.39150241017341614 mean_loss(200): 0.43302345275878906
2017-06-12 00:51:57,290 - DEBUG - Step 930: mean_loss(20): 0.4267336428165436 mean_loss(200): 0.4324677288532257
2017-06-12 00:52:03,039 - DEBUG - Step 940: mean_loss(20): 0.4350597858428955 mean_loss(200): 0.43109700083732605
2017-06-12 00:52:08,801 - DEBUG - Step 950: mean_loss(20): 0.4195042550563812 mean_loss(200): 0.4263828992843628
2017-06-12 00:52:14,582 - DEBUG - Step 960: mean_loss(20): 0.3815441131591797 mean_loss(200): 0.42415153980255127
2017-06-12 00:52:20,325 - DEBUG - Step 970: mean_loss(20): 0.36827000975608826 mean_loss(200): 0.4243229925632477
2017-06-12 00:52:26,084 - DEBUG - Step 980: mean_loss(20): 0.4012230336666107 mean_loss(200): 0.4238206446170807
2017-06-12 00:52:31,826 - DEBUG - Step 990: mean_loss(20): 0.45565420389175415 mean_loss(200): 0.4284932315349579
2017-06-12 00:52:37,569 - DEBUG - Step 1000: mean_loss(20): 0.4642850458621979 mean_loss(200): 0.42754238843917847
2017-06-12 00:52:43,334 - DEBUG - Step 1010: mean_loss(20): 0.44873133301734924 mean_loss(200): 0.4258779287338257
2017-06-12 00:52:49,070 - DEBUG - Step 1020: mean_loss(20): 0.43174800276756287 mean_loss(200): 0.42215073108673096
2017-06-12 00:52:54,835 - DEBUG - Step 1030: mean_loss(20): 0.41091853380203247 mean_loss(200): 0.42248275876045227
2017-06-12 00:53:00,588 - DEBUG - Step 1040: mean_loss(20): 0.38484102487564087 mean_loss(200): 0.41949841380119324
2017-06-12 00:53:06,328 - DEBUG - Step 1050: mean_loss(20): 0.377709299325943 mean_loss(200): 0.4191228449344635
2017-06-12 00:53:12,083 - DEBUG - Step 1060: mean_loss(20): 0.42158421874046326 mean_loss(200): 0.4194636940956116
2017-06-12 00:53:17,832 - DEBUG - Step 1070: mean_loss(20): 0.42885079979896545 mean_loss(200): 0.41751742362976074
2017-06-12 00:53:23,587 - DEBUG - Step 1080: mean_loss(20): 0.3892979025840759 mean_loss(200): 0.4165218472480774
2017-06-12 00:53:29,350 - DEBUG - Step 1090: mean_loss(20): 0.41443127393722534 mean_loss(200): 0.4149497151374817
2017-06-12 00:53:35,123 - DEBUG - Step 1100: mean_loss(20): 0.45957931876182556 mean_loss(200): 0.4160664677619934
2017-06-12 00:53:40,867 - DEBUG - Step 1110: mean_loss(20): 0.43820351362228394 mean_loss(200): 0.41890066862106323
2017-06-12 00:53:46,618 - DEBUG - Step 1120: mean_loss(20): 0.40458354353904724 mean_loss(200): 0.4173746109008789
2017-06-12 00:53:52,374 - DEBUG - Step 1130: mean_loss(20): 0.41444239020347595 mean_loss(200): 0.4176715612411499
2017-06-12 00:53:58,125 - DEBUG - Step 1140: mean_loss(20): 0.41525799036026 mean_loss(200): 0.4153944253921509
2017-06-12 00:54:03,891 - DEBUG - Step 1150: mean_loss(20): 0.4003371596336365 mean_loss(200): 0.41575485467910767
2017-06-12 00:54:09,654 - DEBUG - Step 1160: mean_loss(20): 0.3955131471157074 mean_loss(200): 0.41679131984710693
2017-06-12 00:54:15,405 - DEBUG - Step 1170: mean_loss(20): 0.39217180013656616 mean_loss(200): 0.4181450307369232
2017-06-12 00:54:21,163 - DEBUG - Step 1180: mean_loss(20): 0.41316238045692444 mean_loss(200): 0.4179852306842804
2017-06-12 00:54:26,934 - DEBUG - Step 1190: mean_loss(20): 0.4467288553714752 mean_loss(200): 0.4172525107860565
2017-06-12 00:54:32,714 - DEBUG - Step 1200: mean_loss(20): 0.4672265946865082 mean_loss(200): 0.41827940940856934
2017-06-12 00:54:38,462 - DEBUG - Step 1210: mean_loss(20): 0.451071172952652 mean_loss(200): 0.4174864888191223
2017-06-12 00:54:44,210 - DEBUG - Step 1220: mean_loss(20): 0.4308566153049469 mean_loss(200): 0.41819027066230774
2017-06-12 00:54:49,964 - DEBUG - Step 1230: mean_loss(20): 0.4302094578742981 mean_loss(200): 0.41941559314727783
2017-06-12 00:54:55,727 - DEBUG - Step 1240: mean_loss(20): 0.4158603549003601 mean_loss(200): 0.42129218578338623
2017-06-12 00:55:01,488 - DEBUG - Step 1250: mean_loss(20): 0.38137465715408325 mean_loss(200): 0.4197821021080017
2017-06-12 00:55:07,265 - DEBUG - Step 1260: mean_loss(20): 0.38974687457084656 mean_loss(200): 0.41810843348503113
2017-06-12 00:55:07,839 - INFO - End of epoch, training set loss (whole epoch avg): 0.4332387149333954
2017-06-12 00:55:08,232 - DEBUG - Step 0: mean_loss(20): 0.2975771129131317 mean_loss(200): 0.2975771129131317
2017-06-12 00:55:12,145 - DEBUG - Step 10: mean_loss(20): 0.37811097502708435 mean_loss(200): 0.37811097502708435
2017-06-12 00:55:16,133 - DEBUG - Step 20: mean_loss(20): 0.4119177460670471 mean_loss(200): 0.40647292137145996
2017-06-12 00:55:20,108 - DEBUG - Step 30: mean_loss(20): 0.39749425649642944 mean_loss(200): 0.3906163275241852
2017-06-12 00:55:24,097 - DEBUG - Step 40: mean_loss(20): 0.35864031314849854 mean_loss(200): 0.3831399381160736
2017-06-12 00:55:28,097 - DEBUG - Step 50: mean_loss(20): 0.38919228315353394 mean_loss(200): 0.39005789160728455
2017-06-12 00:55:32,101 - DEBUG - Step 60: mean_loss(20): 0.4326280951499939 mean_loss(200): 0.3993655741214752
2017-06-12 00:55:33,721 - INFO - Validation set loss: 0.3983810245990753
2017-06-12 00:55:33,721 - INFO - ====== START OF EPOCH 2 ======
2017-06-12 00:55:34,304 - DEBUG - Step 0: mean_loss(20): 0.36594635248184204 mean_loss(200): 0.36594635248184204
2017-06-12 00:55:40,046 - DEBUG - Step 10: mean_loss(20): 0.40083548426628113 mean_loss(200): 0.40083548426628113
2017-06-12 00:55:45,776 - DEBUG - Step 20: mean_loss(20): 0.44134265184402466 mean_loss(200): 0.437752366065979
2017-06-12 00:55:51,516 - DEBUG - Step 30: mean_loss(20): 0.4459676146507263 mean_loss(200): 0.4299529492855072
2017-06-12 00:55:57,243 - DEBUG - Step 40: mean_loss(20): 0.42176634073257446 mean_loss(200): 0.42995426058769226
2017-06-12 00:56:02,987 - DEBUG - Step 50: mean_loss(20): 0.4503592550754547 mean_loss(200): 0.43795543909072876
2017-06-12 00:56:08,743 - DEBUG - Step 60: mean_loss(20): 0.41086721420288086 mean_loss(200): 0.42369624972343445
2017-06-12 00:56:14,515 - DEBUG - Step 70: mean_loss(20): 0.3518674969673157 mean_loss(200): 0.41370534896850586
2017-06-12 00:56:20,282 - DEBUG - Step 80: mean_loss(20): 0.3874918222427368 mean_loss(200): 0.4147569239139557
2017-06-12 00:56:26,023 - DEBUG - Step 90: mean_loss(20): 0.39370790123939514 mean_loss(200): 0.40931031107902527
2017-06-12 00:56:31,775 - DEBUG - Step 100: mean_loss(20): 0.3876400589942932 mean_loss(200): 0.4093872308731079
2017-06-12 00:56:37,554 - DEBUG - Step 110: mean_loss(20): 0.42094025015830994 mean_loss(200): 0.4114057719707489
2017-06-12 00:56:43,316 - DEBUG - Step 120: mean_loss(20): 0.40796661376953125 mean_loss(200): 0.40915241837501526
2017-06-12 00:56:49,083 - DEBUG - Step 130: mean_loss(20): 0.3994172215461731 mean_loss(200): 0.409575492143631
2017-06-12 00:56:54,837 - DEBUG - Step 140: mean_loss(20): 0.4107648730278015 mean_loss(200): 0.40938112139701843
2017-06-12 00:57:00,608 - DEBUG - Step 150: mean_loss(20): 0.4053870737552643 mean_loss(200): 0.40902072191238403
2017-06-12 00:57:06,382 - DEBUG - Step 160: mean_loss(20): 0.4448091387748718 mean_loss(200): 0.41378214955329895
2017-06-12 00:57:12,163 - DEBUG - Step 170: mean_loss(20): 0.4264313578605652 mean_loss(200): 0.4110570549964905
2017-06-12 00:57:17,945 - DEBUG - Step 180: mean_loss(20): 0.36401456594467163 mean_loss(200): 0.40828296542167664
2017-06-12 00:57:23,692 - DEBUG - Step 190: mean_loss(20): 0.3655194938182831 mean_loss(200): 0.4062887132167816
2017-06-12 00:57:29,451 - DEBUG - Step 200: mean_loss(20): 0.41584497690200806 mean_loss(200): 0.40925082564353943
2017-06-12 00:57:35,199 - DEBUG - Step 210: mean_loss(20): 0.4469738006591797 mean_loss(200): 0.41065719723701477
2017-06-12 00:57:40,962 - DEBUG - Step 220: mean_loss(20): 0.41406646370887756 mean_loss(200): 0.406523197889328
2017-06-12 00:57:46,701 - DEBUG - Step 230: mean_loss(20): 0.39997684955596924 mean_loss(200): 0.40605807304382324
2017-06-12 00:57:52,465 - DEBUG - Step 240: mean_loss(20): 0.41090860962867737 mean_loss(200): 0.4054374694824219
2017-06-12 00:57:58,214 - DEBUG - Step 250: mean_loss(20): 0.3903663158416748 mean_loss(200): 0.400058776140213
2017-06-12 00:58:03,983 - DEBUG - Step 260: mean_loss(20): 0.3712761402130127 mean_loss(200): 0.4014783501625061
2017-06-12 00:58:09,756 - DEBUG - Step 270: mean_loss(20): 0.4205237329006195 mean_loss(200): 0.40692436695098877
2017-06-12 00:58:15,524 - DEBUG - Step 280: mean_loss(20): 0.4303065240383148 mean_loss(200): 0.4057598114013672
2017-06-12 00:58:21,286 - DEBUG - Step 290: mean_loss(20): 0.41639551520347595 mean_loss(200): 0.4091931879520416
2017-06-12 00:58:27,048 - DEBUG - Step 300: mean_loss(20): 0.4036288857460022 mean_loss(200): 0.40735867619514465
2017-06-12 00:58:32,806 - DEBUG - Step 310: mean_loss(20): 0.36760878562927246 mean_loss(200): 0.4038600027561188
2017-06-12 00:58:38,560 - DEBUG - Step 320: mean_loss(20): 0.4018595814704895 mean_loss(200): 0.4067479968070984
2017-06-12 00:58:44,311 - DEBUG - Step 330: mean_loss(20): 0.4541524350643158 mean_loss(200): 0.4093335270881653
2017-06-12 00:58:50,062 - DEBUG - Step 340: mean_loss(20): 0.39875537157058716 mean_loss(200): 0.40554702281951904
2017-06-12 00:58:55,810 - DEBUG - Step 350: mean_loss(20): 0.3767209053039551 mean_loss(200): 0.40646693110466003
2017-06-12 00:59:01,546 - DEBUG - Step 360: mean_loss(20): 0.38892287015914917 mean_loss(200): 0.39995843172073364
2017-06-12 00:59:07,331 - DEBUG - Step 370: mean_loss(20): 0.39277833700180054 mean_loss(200): 0.4031016230583191
2017-06-12 00:59:13,090 - DEBUG - Step 380: mean_loss(20): 0.4134129583835602 mean_loss(200): 0.4048982262611389
2017-06-12 00:59:18,830 - DEBUG - Step 390: mean_loss(20): 0.4162711203098297 mean_loss(200): 0.40817680954933167
2017-06-12 00:59:24,586 - DEBUG - Step 400: mean_loss(20): 0.42407116293907166 mean_loss(200): 0.40572085976600647
2017-06-12 00:59:30,336 - DEBUG - Step 410: mean_loss(20): 0.38721221685409546 mean_loss(200): 0.4022006094455719
2017-06-12 00:59:36,069 - DEBUG - Step 420: mean_loss(20): 0.34641531109809875 mean_loss(200): 0.398955762386322
2017-06-12 00:59:41,824 - DEBUG - Step 430: mean_loss(20): 0.351388156414032 mean_loss(200): 0.3973417580127716
2017-06-12 00:59:47,592 - DEBUG - Step 440: mean_loss(20): 0.38144880533218384 mean_loss(200): 0.39600980281829834
2017-06-12 00:59:53,343 - DEBUG - Step 450: mean_loss(20): 0.3733882009983063 mean_loss(200): 0.395643949508667
2017-06-12 00:59:59,123 - DEBUG - Step 460: mean_loss(20): 0.3726581931114197 mean_loss(200): 0.3961479961872101
2017-06-12 01:00:04,886 - DEBUG - Step 470: mean_loss(20): 0.3958602547645569 mean_loss(200): 0.3931776285171509
2017-06-12 01:00:10,637 - DEBUG - Step 480: mean_loss(20): 0.42428627610206604 mean_loss(200): 0.39554595947265625
2017-06-12 01:00:16,386 - DEBUG - Step 490: mean_loss(20): 0.4501618444919586 mean_loss(200): 0.396554172039032
2017-06-12 01:00:22,131 - DEBUG - Step 500: mean_loss(20): 0.4512150287628174 mean_loss(200): 0.40030455589294434
2017-06-12 01:00:27,884 - DEBUG - Step 510: mean_loss(20): 0.44595152139663696 mean_loss(200): 0.4043884575366974
2017-06-12 01:00:33,640 - DEBUG - Step 520: mean_loss(20): 0.38965800404548645 mean_loss(200): 0.3990843594074249
2017-06-12 01:00:39,404 - DEBUG - Step 530: mean_loss(20): 0.339626669883728 mean_loss(200): 0.3929359018802643
2017-06-12 01:00:45,165 - DEBUG - Step 540: mean_loss(20): 0.3580426871776581 mean_loss(200): 0.39501312375068665
2017-06-12 01:00:50,895 - DEBUG - Step 550: mean_loss(20): 0.3909907341003418 mean_loss(200): 0.3943629562854767
2017-06-12 01:00:56,663 - DEBUG - Step 560: mean_loss(20): 0.4107568860054016 mean_loss(200): 0.39719653129577637
2017-06-12 01:01:02,414 - DEBUG - Step 570: mean_loss(20): 0.4113955497741699 mean_loss(200): 0.39622458815574646
2017-06-12 01:01:08,190 - DEBUG - Step 580: mean_loss(20): 0.40329352021217346 mean_loss(200): 0.3961845338344574
2017-06-12 01:01:13,956 - DEBUG - Step 590: mean_loss(20): 0.37622347474098206 mean_loss(200): 0.3922198414802551
2017-06-12 01:01:19,715 - DEBUG - Step 600: mean_loss(20): 0.37697356939315796 mean_loss(200): 0.3914748430252075
2017-06-12 01:01:25,466 - DEBUG - Step 610: mean_loss(20): 0.38935551047325134 mean_loss(200): 0.39243414998054504
2017-06-12 01:01:31,225 - DEBUG - Step 620: mean_loss(20): 0.3552396595478058 mean_loss(200): 0.3923572599887848
2017-06-12 01:01:36,966 - DEBUG - Step 630: mean_loss(20): 0.34558674693107605 mean_loss(200): 0.39185404777526855
2017-06-12 01:01:42,711 - DEBUG - Step 640: mean_loss(20): 0.41978105902671814 mean_loss(200): 0.39619049429893494
2017-06-12 01:01:48,464 - DEBUG - Step 650: mean_loss(20): 0.4470054507255554 mean_loss(200): 0.39921578764915466
2017-06-12 01:01:54,210 - DEBUG - Step 660: mean_loss(20): 0.38217872381210327 mean_loss(200): 0.39714252948760986
2017-06-12 01:01:59,936 - DEBUG - Step 670: mean_loss(20): 0.3869500756263733 mean_loss(200): 0.39832472801208496
2017-06-12 01:02:05,712 - DEBUG - Step 680: mean_loss(20): 0.414448082447052 mean_loss(200): 0.39615875482559204
2017-06-12 01:02:11,473 - DEBUG - Step 690: mean_loss(20): 0.41905322670936584 mean_loss(200): 0.39521390199661255
2017-06-12 01:02:17,239 - DEBUG - Step 700: mean_loss(20): 0.41033729910850525 mean_loss(200): 0.3920709490776062
2017-06-12 01:02:22,978 - DEBUG - Step 710: mean_loss(20): 0.3881382942199707 mean_loss(200): 0.38943251967430115
2017-06-12 01:02:28,722 - DEBUG - Step 720: mean_loss(20): 0.4065055251121521 mean_loss(200): 0.3937557339668274
2017-06-12 01:02:34,467 - DEBUG - Step 730: mean_loss(20): 0.4013752043247223 mean_loss(200): 0.3956074118614197
2017-06-12 01:02:40,238 - DEBUG - Step 740: mean_loss(20): 0.38709813356399536 mean_loss(200): 0.39666125178337097
2017-06-12 01:02:46,010 - DEBUG - Step 750: mean_loss(20): 0.36966472864151 mean_loss(200): 0.393474817276001
2017-06-12 01:02:51,780 - DEBUG - Step 760: mean_loss(20): 0.355680376291275 mean_loss(200): 0.39115357398986816
2017-06-12 01:02:57,550 - DEBUG - Step 770: mean_loss(20): 0.39654260873794556 mean_loss(200): 0.391989529132843
2017-06-12 01:03:03,328 - DEBUG - Step 780: mean_loss(20): 0.444967657327652 mean_loss(200): 0.3953210115432739
2017-06-12 01:03:09,113 - DEBUG - Step 790: mean_loss(20): 0.4118623733520508 mean_loss(200): 0.39555343985557556
2017-06-12 01:03:14,875 - DEBUG - Step 800: mean_loss(20): 0.3741436004638672 mean_loss(200): 0.39503800868988037
2017-06-12 01:03:20,638 - DEBUG - Step 810: mean_loss(20): 0.42321696877479553 mean_loss(200): 0.3989395499229431
2017-06-12 01:03:26,407 - DEBUG - Step 820: mean_loss(20): 0.42484933137893677 mean_loss(200): 0.40199896693229675
2017-06-12 01:03:32,174 - DEBUG - Step 830: mean_loss(20): 0.40517640113830566 mean_loss(200): 0.4048985242843628
2017-06-12 01:03:37,929 - DEBUG - Step 840: mean_loss(20): 0.4340783655643463 mean_loss(200): 0.40342873334884644
2017-06-12 01:03:43,682 - DEBUG - Step 850: mean_loss(20): 0.41845017671585083 mean_loss(200): 0.4020429849624634
2017-06-12 01:03:49,451 - DEBUG - Step 860: mean_loss(20): 0.40000852942466736 mean_loss(200): 0.4052117168903351
2017-06-12 01:03:55,215 - DEBUG - Step 870: mean_loss(20): 0.41935449838638306 mean_loss(200): 0.4052834212779999
2017-06-12 01:04:00,984 - DEBUG - Step 880: mean_loss(20): 0.4466753900051117 mean_loss(200): 0.4084344506263733
2017-06-12 01:04:06,753 - DEBUG - Step 890: mean_loss(20): 0.4378374218940735 mean_loss(200): 0.4071618616580963
2017-06-12 01:04:12,513 - DEBUG - Step 900: mean_loss(20): 0.4197477400302887 mean_loss(200): 0.40937548875808716
2017-06-12 01:04:18,263 - DEBUG - Step 910: mean_loss(20): 0.4149206280708313 mean_loss(200): 0.40984007716178894
2017-06-12 01:04:24,003 - DEBUG - Step 920: mean_loss(20): 0.4146498739719391 mean_loss(200): 0.4101898968219757
2017-06-12 01:04:29,773 - DEBUG - Step 930: mean_loss(20): 0.43350380659103394 mean_loss(200): 0.4130529761314392
2017-06-12 01:04:35,533 - DEBUG - Step 940: mean_loss(20): 0.442654550075531 mean_loss(200): 0.4157455563545227
2017-06-12 01:04:41,286 - DEBUG - Step 950: mean_loss(20): 0.4219817519187927 mean_loss(200): 0.41828468441963196
2017-06-12 01:04:47,064 - DEBUG - Step 960: mean_loss(20): 0.3930845856666565 mean_loss(200): 0.4194859564304352
2017-06-12 01:04:52,831 - DEBUG - Step 970: mean_loss(20): 0.3685252070426941 mean_loss(200): 0.41548293828964233
2017-06-12 01:04:58,608 - DEBUG - Step 980: mean_loss(20): 0.38206085562705994 mean_loss(200): 0.41319525241851807
2017-06-12 01:05:04,379 - DEBUG - Step 990: mean_loss(20): 0.4220066964626312 mean_loss(200): 0.4164973795413971
2017-06-12 01:05:10,122 - DEBUG - Step 1000: mean_loss(20): 0.4359816908836365 mean_loss(200): 0.4193791151046753
2017-06-12 01:05:15,870 - DEBUG - Step 1010: mean_loss(20): 0.40810221433639526 mean_loss(200): 0.41498589515686035
2017-06-12 01:05:21,621 - DEBUG - Step 1020: mean_loss(20): 0.4052494168281555 mean_loss(200): 0.41741907596588135
2017-06-12 01:05:27,390 - DEBUG - Step 1030: mean_loss(20): 0.4168773591518402 mean_loss(200): 0.41615599393844604
2017-06-12 01:05:33,160 - DEBUG - Step 1040: mean_loss(20): 0.40383926033973694 mean_loss(200): 0.41439518332481384
2017-06-12 01:05:38,915 - DEBUG - Step 1050: mean_loss(20): 0.41426143050193787 mean_loss(200): 0.415737122297287
2017-06-12 01:05:44,684 - DEBUG - Step 1060: mean_loss(20): 0.3768732249736786 mean_loss(200): 0.41208162903785706
2017-06-12 01:05:50,421 - DEBUG - Step 1070: mean_loss(20): 0.3400610089302063 mean_loss(200): 0.40780776739120483
2017-06-12 01:05:56,173 - DEBUG - Step 1080: mean_loss(20): 0.35640138387680054 mean_loss(200): 0.40305423736572266
2017-06-12 01:06:01,924 - DEBUG - Step 1090: mean_loss(20): 0.3545883595943451 mean_loss(200): 0.3994828760623932
2017-06-12 01:06:07,698 - DEBUG - Step 1100: mean_loss(20): 0.3658837676048279 mean_loss(200): 0.39766785502433777
2017-06-12 01:06:13,472 - DEBUG - Step 1110: mean_loss(20): 0.47631901502609253 mean_loss(200): 0.4056227207183838
2017-06-12 01:06:19,231 - DEBUG - Step 1120: mean_loss(20): 0.5134558081626892 mean_loss(200): 0.4075484573841095
2017-06-12 01:06:25,006 - DEBUG - Step 1130: mean_loss(20): 0.4415264129638672 mean_loss(200): 0.40642493963241577
2017-06-12 01:06:30,922 - DEBUG - Step 1140: mean_loss(20): 0.41999274492263794 mean_loss(200): 0.40528228878974915
2017-06-12 01:06:36,675 - DEBUG - Step 1150: mean_loss(20): 0.45966094732284546 mean_loss(200): 0.4101928770542145
2017-06-12 01:06:42,441 - DEBUG - Step 1160: mean_loss(20): 0.4173457622528076 mean_loss(200): 0.40770840644836426
2017-06-12 01:06:48,204 - DEBUG - Step 1170: mean_loss(20): 0.3948671519756317 mean_loss(200): 0.4128270745277405
2017-06-12 01:06:53,972 - DEBUG - Step 1180: mean_loss(20): 0.41354164481163025 mean_loss(200): 0.4108564853668213
2017-06-12 01:06:59,728 - DEBUG - Step 1190: mean_loss(20): 0.40338239073753357 mean_loss(200): 0.41096460819244385
2017-06-12 01:07:05,512 - DEBUG - Step 1200: mean_loss(20): 0.4337257742881775 mean_loss(200): 0.41063088178634644
2017-06-12 01:07:11,279 - DEBUG - Step 1210: mean_loss(20): 0.46834105253219604 mean_loss(200): 0.4169885218143463
2017-06-12 01:07:17,060 - DEBUG - Step 1220: mean_loss(20): 0.4682014584541321 mean_loss(200): 0.4169261157512665
2017-06-12 01:07:22,844 - DEBUG - Step 1230: mean_loss(20): 0.42079958319664 mean_loss(200): 0.41738075017929077
2017-06-12 01:07:28,608 - DEBUG - Step 1240: mean_loss(20): 0.3838943541049957 mean_loss(200): 0.4149315655231476
2017-06-12 01:07:34,403 - DEBUG - Step 1250: mean_loss(20): 0.38546517491340637 mean_loss(200): 0.4145011007785797
2017-06-12 01:07:40,180 - DEBUG - Step 1260: mean_loss(20): 0.39820706844329834 mean_loss(200): 0.41706496477127075
2017-06-12 01:07:40,753 - INFO - End of epoch, training set loss (whole epoch avg): 0.40573057532310486
2017-06-12 01:07:41,151 - DEBUG - Step 0: mean_loss(20): 0.23625187575817108 mean_loss(200): 0.23625187575817108
2017-06-12 01:07:45,053 - DEBUG - Step 10: mean_loss(20): 0.3534404933452606 mean_loss(200): 0.3534404933452606
2017-06-12 01:07:49,022 - DEBUG - Step 20: mean_loss(20): 0.3607247769832611 mean_loss(200): 0.35479751229286194
2017-06-12 01:07:53,028 - DEBUG - Step 30: mean_loss(20): 0.3890841007232666 mean_loss(200): 0.37643641233444214
2017-06-12 01:07:57,032 - DEBUG - Step 40: mean_loss(20): 0.4073413014411926 mean_loss(200): 0.38042861223220825
2017-06-12 01:08:01,030 - DEBUG - Step 50: mean_loss(20): 0.3576853275299072 mean_loss(200): 0.3690830171108246
2017-06-12 01:08:05,022 - DEBUG - Step 60: mean_loss(20): 0.36974528431892395 mean_loss(200): 0.37692585587501526
2017-06-12 01:08:06,635 - INFO - Validation set loss: 0.37259215116500854
2017-06-12 01:08:06,635 - INFO - ====== START OF EPOCH 3 ======
2017-06-12 01:08:07,212 - DEBUG - Step 0: mean_loss(20): 0.4192846119403839 mean_loss(200): 0.4192846119403839
2017-06-12 01:08:12,957 - DEBUG - Step 10: mean_loss(20): 0.3962312638759613 mean_loss(200): 0.3962312638759613
2017-06-12 01:08:18,683 - DEBUG - Step 20: mean_loss(20): 0.4053247570991516 mean_loss(200): 0.40598946809768677
2017-06-12 01:08:24,418 - DEBUG - Step 30: mean_loss(20): 0.41689425706863403 mean_loss(200): 0.40956220030784607
2017-06-12 01:08:30,178 - DEBUG - Step 40: mean_loss(20): 0.4267652630805969 mean_loss(200): 0.41612401604652405
2017-06-12 01:08:35,926 - DEBUG - Step 50: mean_loss(20): 0.4036784768104553 mean_loss(200): 0.4072548747062683
2017-06-12 01:08:41,671 - DEBUG - Step 60: mean_loss(20): 0.3799331784248352 mean_loss(200): 0.404258131980896
2017-06-12 01:08:47,589 - DEBUG - Step 70: mean_loss(20): 0.4107571244239807 mean_loss(200): 0.4082413911819458
2017-06-12 01:08:53,353 - DEBUG - Step 80: mean_loss(20): 0.4059886336326599 mean_loss(200): 0.40468546748161316
2017-06-12 01:08:59,101 - DEBUG - Step 90: mean_loss(20): 0.39182227849960327 mean_loss(200): 0.4046327769756317
2017-06-12 01:09:04,862 - DEBUG - Step 100: mean_loss(20): 0.4258606433868408 mean_loss(200): 0.4088785648345947
2017-06-12 01:09:10,616 - DEBUG - Step 110: mean_loss(20): 0.40088987350463867 mean_loss(200): 0.40395843982696533
2017-06-12 01:09:16,385 - DEBUG - Step 120: mean_loss(20): 0.38908177614212036 mean_loss(200): 0.40560638904571533
2017-06-12 01:09:22,140 - DEBUG - Step 130: mean_loss(20): 0.4223671555519104 mean_loss(200): 0.40676888823509216
2017-06-12 01:09:27,904 - DEBUG - Step 140: mean_loss(20): 0.4148859977722168 mean_loss(200): 0.4069226384162903
2017-06-12 01:09:33,675 - DEBUG - Step 150: mean_loss(20): 0.37843501567840576 mean_loss(200): 0.4030160903930664
2017-06-12 01:09:39,432 - DEBUG - Step 160: mean_loss(20): 0.35031357407569885 mean_loss(200): 0.3998904526233673
2017-06-12 01:09:45,200 - DEBUG - Step 170: mean_loss(20): 0.3635020852088928 mean_loss(200): 0.3983945846557617
2017-06-12 01:09:50,965 - DEBUG - Step 180: mean_loss(20): 0.3706817030906677 mean_loss(200): 0.3966629207134247
2017-06-12 01:09:56,712 - DEBUG - Step 190: mean_loss(20): 0.36743414402008057 mean_loss(200): 0.39515262842178345
2017-06-12 01:10:02,488 - DEBUG - Step 200: mean_loss(20): 0.33577457070350647 mean_loss(200): 0.3904609978199005
2017-06-12 01:10:08,237 - DEBUG - Step 210: mean_loss(20): 0.36160072684288025 mean_loss(200): 0.3917381167411804
2017-06-12 01:10:14,008 - DEBUG - Step 220: mean_loss(20): 0.4082918167114258 mean_loss(200): 0.3907577395439148
2017-06-12 01:10:19,774 - DEBUG - Step 230: mean_loss(20): 0.4087086617946625 mean_loss(200): 0.39091956615448
2017-06-12 01:10:25,570 - DEBUG - Step 240: mean_loss(20): 0.44479918479919434 mean_loss(200): 0.3925611078739166
2017-06-12 01:10:31,319 - DEBUG - Step 250: mean_loss(20): 0.4328945577144623 mean_loss(200): 0.3938411772251129
2017-06-12 01:10:37,127 - DEBUG - Step 260: mean_loss(20): 0.417631059885025 mean_loss(200): 0.396330863237381
2017-06-12 01:10:42,874 - DEBUG - Step 270: mean_loss(20): 0.4111601710319519 mean_loss(200): 0.3938814401626587
2017-06-12 01:10:48,643 - DEBUG - Step 280: mean_loss(20): 0.37278684973716736 mean_loss(200): 0.3930107057094574
2017-06-12 01:10:54,379 - DEBUG - Step 290: mean_loss(20): 0.3886962831020355 mean_loss(200): 0.39356887340545654
2017-06-12 01:11:00,145 - DEBUG - Step 300: mean_loss(20): 0.4439868927001953 mean_loss(200): 0.3948233425617218
2017-06-12 01:11:05,897 - DEBUG - Step 310: mean_loss(20): 0.4143705368041992 mean_loss(200): 0.39491692185401917
2017-06-12 01:11:11,658 - DEBUG - Step 320: mean_loss(20): 0.39592382311820984 mean_loss(200): 0.3955075442790985
2017-06-12 01:11:17,418 - DEBUG - Step 330: mean_loss(20): 0.4415929317474365 mean_loss(200): 0.39683952927589417
2017-06-12 01:11:23,163 - DEBUG - Step 340: mean_loss(20): 0.4000265598297119 mean_loss(200): 0.394021600484848
2017-06-12 01:11:28,910 - DEBUG - Step 350: mean_loss(20): 0.3828124403953552 mean_loss(200): 0.39727726578712463
2017-06-12 01:11:34,678 - DEBUG - Step 360: mean_loss(20): 0.4347987174987793 mean_loss(200): 0.4024701416492462
2017-06-12 01:11:40,453 - DEBUG - Step 370: mean_loss(20): 0.48233717679977417 mean_loss(200): 0.4091607630252838
2017-06-12 01:11:46,216 - DEBUG - Step 380: mean_loss(20): 0.4951331615447998 mean_loss(200): 0.4149152338504791
2017-06-12 01:11:51,991 - DEBUG - Step 390: mean_loss(20): 0.4744513928890228 mean_loss(200): 0.4198624789714813
2017-06-12 01:11:57,791 - DEBUG - Step 400: mean_loss(20): 0.444091796875 mean_loss(200): 0.42574700713157654
2017-06-12 01:12:03,609 - DEBUG - Step 410: mean_loss(20): 0.45106393098831177 mean_loss(200): 0.4288088083267212
2017-06-12 01:12:09,378 - DEBUG - Step 420: mean_loss(20): 0.5119966268539429 mean_loss(200): 0.4361174702644348
2017-06-12 01:12:15,149 - DEBUG - Step 430: mean_loss(20): 0.5118516683578491 mean_loss(200): 0.4391230642795563
2017-06-12 01:12:20,905 - DEBUG - Step 440: mean_loss(20): 0.4502556324005127 mean_loss(200): 0.43666309118270874
2017-06-12 01:12:26,667 - DEBUG - Step 450: mean_loss(20): 0.41658490896224976 mean_loss(200): 0.43749213218688965
2017-06-12 01:12:32,407 - DEBUG - Step 460: mean_loss(20): 0.4336685240268707 mean_loss(200): 0.4382668733596802
2017-06-12 01:12:38,147 - DEBUG - Step 470: mean_loss(20): 0.4357452392578125 mean_loss(200): 0.4399506449699402
2017-06-12 01:12:43,915 - DEBUG - Step 480: mean_loss(20): 0.39375990629196167 mean_loss(200): 0.44036418199539185
2017-06-12 01:12:49,664 - DEBUG - Step 490: mean_loss(20): 0.4597797989845276 mean_loss(200): 0.4470589756965637
2017-06-12 01:12:55,435 - DEBUG - Step 500: mean_loss(20): 0.5138975977897644 mean_loss(200): 0.4473552703857422
2017-06-12 01:13:01,206 - DEBUG - Step 510: mean_loss(20): 0.4539814591407776 mean_loss(200): 0.45102012157440186
2017-06-12 01:13:06,968 - DEBUG - Step 520: mean_loss(20): 0.4075842499732971 mean_loss(200): 0.4485212564468384
2017-06-12 01:13:12,723 - DEBUG - Step 530: mean_loss(20): 0.38961508870124817 mean_loss(200): 0.4458222985267639
2017-06-12 01:13:18,470 - DEBUG - Step 540: mean_loss(20): 0.3973507285118103 mean_loss(200): 0.44825366139411926
2017-06-12 01:13:24,219 - DEBUG - Step 550: mean_loss(20): 0.4032609462738037 mean_loss(200): 0.44786715507507324
2017-06-12 01:13:29,976 - DEBUG - Step 560: mean_loss(20): 0.4171141982078552 mean_loss(200): 0.4464852213859558
2017-06-12 01:13:35,752 - DEBUG - Step 570: mean_loss(20): 0.4008086621761322 mean_loss(200): 0.43971431255340576
2017-06-12 01:13:41,496 - DEBUG - Step 580: mean_loss(20): 0.4120301306247711 mean_loss(200): 0.4381749629974365
2017-06-12 01:13:47,259 - DEBUG - Step 590: mean_loss(20): 0.48122483491897583 mean_loss(200): 0.4403916597366333
2017-06-12 01:13:53,023 - DEBUG - Step 600: mean_loss(20): 0.45163875818252563 mean_loss(200): 0.43892958760261536
2017-06-12 01:13:58,800 - DEBUG - Step 610: mean_loss(20): 0.40873488783836365 mean_loss(200): 0.4361587464809418
2017-06-12 01:14:04,576 - DEBUG - Step 620: mean_loss(20): 0.40359407663345337 mean_loss(200): 0.4280893802642822
2017-06-12 01:14:10,352 - DEBUG - Step 630: mean_loss(20): 0.3929581940174103 mean_loss(200): 0.4242694079875946
2017-06-12 01:14:16,104 - DEBUG - Step 640: mean_loss(20): 0.4097358286380768 mean_loss(200): 0.4240373969078064
2017-06-12 01:14:21,868 - DEBUG - Step 650: mean_loss(20): 0.41867828369140625 mean_loss(200): 0.4244787096977234
2017-06-12 01:14:27,622 - DEBUG - Step 660: mean_loss(20): 0.4114742875099182 mean_loss(200): 0.42181795835494995
2017-06-12 01:14:33,411 - DEBUG - Step 670: mean_loss(20): 0.43866029381752014 mean_loss(200): 0.4247702360153198
2017-06-12 01:14:39,175 - DEBUG - Step 680: mean_loss(20): 0.42943984270095825 mean_loss(200): 0.425385981798172
2017-06-12 01:14:44,930 - DEBUG - Step 690: mean_loss(20): 0.3816211521625519 mean_loss(200): 0.4169543385505676
2017-06-12 01:14:50,664 - DEBUG - Step 700: mean_loss(20): 0.40772756934165955 mean_loss(200): 0.41476893424987793
2017-06-12 01:14:56,466 - DEBUG - Step 710: mean_loss(20): 0.4564041495323181 mean_loss(200): 0.417196661233902
2017-06-12 01:15:02,259 - DEBUG - Step 720: mean_loss(20): 0.41193270683288574 mean_loss(200): 0.4152037799358368
2017-06-12 01:15:08,017 - DEBUG - Step 730: mean_loss(20): 0.3454117178916931 mean_loss(200): 0.41277629137039185
2017-06-12 01:15:13,780 - DEBUG - Step 740: mean_loss(20): 0.3876188397407532 mean_loss(200): 0.4142305850982666
2017-06-12 01:15:19,541 - DEBUG - Step 750: mean_loss(20): 0.41972360014915466 mean_loss(200): 0.41442257165908813
2017-06-12 01:15:25,288 - DEBUG - Step 760: mean_loss(20): 0.38576453924179077 mean_loss(200): 0.41109564900398254
2017-06-12 01:15:31,076 - DEBUG - Step 770: mean_loss(20): 0.41828322410583496 mean_loss(200): 0.41617003083229065
2017-06-12 01:15:36,844 - DEBUG - Step 780: mean_loss(20): 0.45196038484573364 mean_loss(200): 0.4150886535644531
2017-06-12 01:15:42,604 - DEBUG - Step 790: mean_loss(20): 0.4379575252532959 mean_loss(200): 0.41184332966804504
2017-06-12 01:15:48,360 - DEBUG - Step 800: mean_loss(20): 0.4220207631587982 mean_loss(200): 0.4121268391609192
2017-06-12 01:15:54,108 - DEBUG - Step 810: mean_loss(20): 0.42651277780532837 mean_loss(200): 0.41362106800079346
2017-06-12 01:15:59,865 - DEBUG - Step 820: mean_loss(20): 0.44201382994651794 mean_loss(200): 0.4159688651561737
2017-06-12 01:16:05,625 - DEBUG - Step 830: mean_loss(20): 0.41824331879615784 mean_loss(200): 0.4161495864391327
2017-06-12 01:16:11,387 - DEBUG - Step 840: mean_loss(20): 0.39135441184043884 mean_loss(200): 0.41413071751594543
2017-06-12 01:16:17,153 - DEBUG - Step 850: mean_loss(20): 0.4209146499633789 mean_loss(200): 0.41637325286865234
2017-06-12 01:16:22,916 - DEBUG - Step 860: mean_loss(20): 0.43779483437538147 mean_loss(200): 0.4167627692222595
2017-06-12 01:16:28,678 - DEBUG - Step 870: mean_loss(20): 0.40998658537864685 mean_loss(200): 0.4135058522224426
2017-06-12 01:16:34,444 - DEBUG - Step 880: mean_loss(20): 0.40066519379615784 mean_loss(200): 0.41388529539108276
2017-06-12 01:16:40,200 - DEBUG - Step 890: mean_loss(20): 0.3955836892127991 mean_loss(200): 0.41490212082862854
2017-06-12 01:16:45,984 - DEBUG - Step 900: mean_loss(20): 0.4164043068885803 mean_loss(200): 0.4147529602050781
2017-06-12 01:16:51,728 - DEBUG - Step 910: mean_loss(20): 0.40627211332321167 mean_loss(200): 0.4098889231681824
2017-06-12 01:16:57,470 - DEBUG - Step 920: mean_loss(20): 0.40677696466445923 mean_loss(200): 0.4142374098300934
2017-06-12 01:17:03,264 - DEBUG - Step 930: mean_loss(20): 0.4400932788848877 mean_loss(200): 0.4193570613861084
2017-06-12 01:17:09,042 - DEBUG - Step 940: mean_loss(20): 0.40093427896499634 mean_loss(200): 0.41556891798973083
2017-06-12 01:17:14,789 - DEBUG - Step 950: mean_loss(20): 0.3667452931404114 mean_loss(200): 0.41405922174453735
2017-06-12 01:17:20,548 - DEBUG - Step 960: mean_loss(20): 0.44352489709854126 mean_loss(200): 0.4213449954986572
2017-06-12 01:17:26,323 - DEBUG - Step 970: mean_loss(20): 0.4963495135307312 mean_loss(200): 0.421865850687027
2017-06-12 01:17:32,084 - DEBUG - Step 980: mean_loss(20): 0.44674748182296753 mean_loss(200): 0.4208236634731293
2017-06-12 01:17:37,844 - DEBUG - Step 990: mean_loss(20): 0.41128426790237427 mean_loss(200): 0.41919854283332825
2017-06-12 01:17:43,615 - DEBUG - Step 1000: mean_loss(20): 0.40169018507003784 mean_loss(200): 0.41879066824913025
2017-06-12 01:17:49,391 - DEBUG - Step 1010: mean_loss(20): 0.4394916892051697 mean_loss(200): 0.4204964339733124
2017-06-12 01:17:55,165 - DEBUG - Step 1020: mean_loss(20): 0.4708322584629059 mean_loss(200): 0.4216724634170532
2017-06-12 01:18:00,924 - DEBUG - Step 1030: mean_loss(20): 0.43784648180007935 mean_loss(200): 0.4224567711353302
2017-06-12 01:18:06,691 - DEBUG - Step 1040: mean_loss(20): 0.425198495388031 mean_loss(200): 0.42505690455436707
2017-06-12 01:18:12,483 - DEBUG - Step 1050: mean_loss(20): 0.4012512266635895 mean_loss(200): 0.4204903841018677
2017-06-12 01:18:18,236 - DEBUG - Step 1060: mean_loss(20): 0.3942822813987732 mean_loss(200): 0.420705646276474
2017-06-12 01:18:24,004 - DEBUG - Step 1070: mean_loss(20): 0.401437908411026 mean_loss(200): 0.419635534286499
2017-06-12 01:18:29,766 - DEBUG - Step 1080: mean_loss(20): 0.3922255337238312 mean_loss(200): 0.41986167430877686
2017-06-12 01:18:35,515 - DEBUG - Step 1090: mean_loss(20): 0.39108914136886597 mean_loss(200): 0.4191860854625702
2017-06-12 01:18:41,292 - DEBUG - Step 1100: mean_loss(20): 0.40340572595596313 mean_loss(200): 0.41856181621551514
2017-06-12 01:18:47,081 - DEBUG - Step 1110: mean_loss(20): 0.4577969014644623 mean_loss(200): 0.42433857917785645
2017-06-12 01:18:52,850 - DEBUG - Step 1120: mean_loss(20): 0.4424734115600586 mean_loss(200): 0.4221314489841461
2017-06-12 01:18:58,594 - DEBUG - Step 1130: mean_loss(20): 0.37754055857658386 mean_loss(200): 0.4180832803249359
2017-06-12 01:19:04,350 - DEBUG - Step 1140: mean_loss(20): 0.390647828578949 mean_loss(200): 0.4211027920246124
2017-06-12 01:19:10,114 - DEBUG - Step 1150: mean_loss(20): 0.38647884130477905 mean_loss(200): 0.42005661129951477
2017-06-12 01:19:16,013 - DEBUG - Step 1160: mean_loss(20): 0.37634676694869995 mean_loss(200): 0.41438499093055725
2017-06-12 01:19:21,788 - DEBUG - Step 1170: mean_loss(20): 0.405320405960083 mean_loss(200): 0.4109537601470947
2017-06-12 01:19:27,550 - DEBUG - Step 1180: mean_loss(20): 0.40189045667648315 mean_loss(200): 0.4098992943763733
2017-06-12 01:19:33,294 - DEBUG - Step 1190: mean_loss(20): 0.3940296769142151 mean_loss(200): 0.40922829508781433
2017-06-12 01:19:39,087 - DEBUG - Step 1200: mean_loss(20): 0.4322231709957123 mean_loss(200): 0.41295257210731506
2017-06-12 01:19:44,856 - DEBUG - Step 1210: mean_loss(20): 0.4514615535736084 mean_loss(200): 0.4104252755641937
2017-06-12 01:19:50,617 - DEBUG - Step 1220: mean_loss(20): 0.426896333694458 mean_loss(200): 0.40855902433395386
2017-06-12 01:19:56,383 - DEBUG - Step 1230: mean_loss(20): 0.37898552417755127 mean_loss(200): 0.40453919768333435
2017-06-12 01:20:02,140 - DEBUG - Step 1240: mean_loss(20): 0.36500197649002075 mean_loss(200): 0.40253934264183044
2017-06-12 01:20:07,893 - DEBUG - Step 1250: mean_loss(20): 0.42377281188964844 mean_loss(200): 0.4067912995815277
2017-06-12 01:20:13,642 - DEBUG - Step 1260: mean_loss(20): 0.42036405205726624 mean_loss(200): 0.405147522687912
2017-06-12 01:20:14,216 - INFO - End of epoch, training set loss (whole epoch avg): 0.41585439443588257
2017-06-12 01:20:14,609 - DEBUG - Step 0: mean_loss(20): 0.2545647621154785 mean_loss(200): 0.2545647621154785
2017-06-12 01:20:18,537 - DEBUG - Step 10: mean_loss(20): 0.3262665867805481 mean_loss(200): 0.3262665867805481
2017-06-12 01:20:22,483 - DEBUG - Step 20: mean_loss(20): 0.37452393770217896 mean_loss(200): 0.36881157755851746
2017-06-12 01:20:26,472 - DEBUG - Step 30: mean_loss(20): 0.39078184962272644 mean_loss(200): 0.3678893446922302
2017-06-12 01:20:30,479 - DEBUG - Step 40: mean_loss(20): 0.3789038360118866 mean_loss(200): 0.37373462319374084
2017-06-12 01:20:34,490 - DEBUG - Step 50: mean_loss(20): 0.38214150071144104 mean_loss(200): 0.37347838282585144
2017-06-12 01:20:38,474 - DEBUG - Step 60: mean_loss(20): 0.3379805088043213 mean_loss(200): 0.36201193928718567
2017-06-12 01:20:40,088 - INFO - Validation set loss: 0.3663165867328644
2017-06-12 01:20:40,088 - INFO - ====== START OF EPOCH 4 ======
2017-06-12 01:20:40,664 - DEBUG - Step 0: mean_loss(20): 0.32237544655799866 mean_loss(200): 0.32237544655799866
2017-06-12 01:20:46,401 - DEBUG - Step 10: mean_loss(20): 0.3797990679740906 mean_loss(200): 0.3797990679740906
2017-06-12 01:20:52,138 - DEBUG - Step 20: mean_loss(20): 0.4043152928352356 mean_loss(200): 0.4004134237766266
2017-06-12 01:20:57,861 - DEBUG - Step 30: mean_loss(20): 0.41600102186203003 mean_loss(200): 0.4031551778316498
2017-06-12 01:21:03,608 - DEBUG - Step 40: mean_loss(20): 0.375176340341568 mean_loss(200): 0.388102650642395
2017-06-12 01:21:09,392 - DEBUG - Step 50: mean_loss(20): 0.3619561791419983 mean_loss(200): 0.3869986832141876
2017-06-12 01:21:15,166 - DEBUG - Step 60: mean_loss(20): 0.3566373586654663 mean_loss(200): 0.37778615951538086
2017-06-12 01:21:20,950 - DEBUG - Step 70: mean_loss(20): 0.35103440284729004 mean_loss(200): 0.37686797976493835
2017-06-12 01:21:26,837 - DEBUG - Step 80: mean_loss(20): 0.40831851959228516 mean_loss(200): 0.38532498478889465
2017-06-12 01:21:32,600 - DEBUG - Step 90: mean_loss(20): 0.39788752794265747 mean_loss(200): 0.38148757815361023
2017-06-12 01:21:38,387 - DEBUG - Step 100: mean_loss(20): 0.47643691301345825 mean_loss(200): 0.40336698293685913
2017-06-12 01:21:44,164 - DEBUG - Step 110: mean_loss(20): 0.5542876720428467 mean_loss(200): 0.4126227796077728
2017-06-12 01:21:49,922 - DEBUG - Step 120: mean_loss(20): 0.46672549843788147 mean_loss(200): 0.4138394594192505
2017-06-12 01:21:55,692 - DEBUG - Step 130: mean_loss(20): 0.4146295189857483 mean_loss(200): 0.41292914748191833
2017-06-12 01:22:01,450 - DEBUG - Step 140: mean_loss(20): 0.3974694013595581 mean_loss(200): 0.41151750087738037
2017-06-12 01:22:07,214 - DEBUG - Step 150: mean_loss(20): 0.3999575972557068 mean_loss(200): 0.4112110733985901
2017-06-12 01:22:12,986 - DEBUG - Step 160: mean_loss(20): 0.3940422534942627 mean_loss(200): 0.4093465805053711
2017-06-12 01:22:18,719 - DEBUG - Step 170: mean_loss(20): 0.3712906837463379 mean_loss(200): 0.40654197335243225
2017-06-12 01:22:24,468 - DEBUG - Step 180: mean_loss(20): 0.3742400109767914 mean_loss(200): 0.4054674208164215
2017-06-12 01:22:30,238 - DEBUG - Step 190: mean_loss(20): 0.4048428535461426 mean_loss(200): 0.4063640832901001
2017-06-12 01:22:36,017 - DEBUG - Step 200: mean_loss(20): 0.39731544256210327 mean_loss(200): 0.40506771206855774
2017-06-12 01:22:41,791 - DEBUG - Step 210: mean_loss(20): 0.482086718082428 mean_loss(200): 0.41539740562438965
2017-06-12 01:22:47,572 - DEBUG - Step 220: mean_loss(20): 0.6324834823608398 mean_loss(200): 0.4278845191001892
2017-06-12 01:22:53,347 - DEBUG - Step 230: mean_loss(20): 0.5976860523223877 mean_loss(200): 0.4335659146308899
2017-06-12 01:22:59,112 - DEBUG - Step 240: mean_loss(20): 0.4888356626033783 mean_loss(200): 0.43925049901008606
2017-06-12 01:23:04,868 - DEBUG - Step 250: mean_loss(20): 0.49912938475608826 mean_loss(200): 0.44728323817253113
2017-06-12 01:23:10,634 - DEBUG - Step 260: mean_loss(20): 0.5476858615875244 mean_loss(200): 0.4583553075790405
2017-06-12 01:23:16,392 - DEBUG - Step 270: mean_loss(20): 0.5125006437301636 mean_loss(200): 0.46342986822128296
2017-06-12 01:23:22,170 - DEBUG - Step 280: mean_loss(20): 0.474967896938324 mean_loss(200): 0.4650202691555023
2017-06-12 01:23:27,928 - DEBUG - Step 290: mean_loss(20): 0.44064831733703613 mean_loss(200): 0.4677059054374695
2017-06-12 01:23:33,705 - DEBUG - Step 300: mean_loss(20): 0.41557860374450684 mean_loss(200): 0.45893439650535583
2017-06-12 01:23:39,462 - DEBUG - Step 310: mean_loss(20): 0.5363836288452148 mean_loss(200): 0.4659155309200287
2017-06-12 01:23:45,232 - DEBUG - Step 320: mean_loss(20): 0.5633958578109741 mean_loss(200): 0.4686014652252197
2017-06-12 01:23:51,007 - DEBUG - Step 330: mean_loss(20): 0.4118543267250061 mean_loss(200): 0.46563801169395447
2017-06-12 01:23:56,774 - DEBUG - Step 340: mean_loss(20): 0.35676464438438416 mean_loss(200): 0.46453097462654114
2017-06-12 01:24:02,536 - DEBUG - Step 350: mean_loss(20): 0.34679943323135376 mean_loss(200): 0.46032220125198364
2017-06-12 01:24:08,318 - DEBUG - Step 360: mean_loss(20): 0.3539803624153137 mean_loss(200): 0.4605247378349304
2017-06-12 01:24:14,090 - DEBUG - Step 370: mean_loss(20): 0.3543517291545868 mean_loss(200): 0.4586282968521118
2017-06-12 01:24:19,857 - DEBUG - Step 380: mean_loss(20): 0.3721642792224884 mean_loss(200): 0.4603171944618225
2017-06-12 01:24:25,593 - DEBUG - Step 390: mean_loss(20): 0.4100903570652008 mean_loss(200): 0.45915305614471436
2017-06-12 01:24:31,367 - DEBUG - Step 400: mean_loss(20): 0.4267857074737549 mean_loss(200): 0.46326422691345215
2017-06-12 01:24:37,144 - DEBUG - Step 410: mean_loss(20): 0.4845908284187317 mean_loss(200): 0.45940345525741577
2017-06-12 01:24:42,909 - DEBUG - Step 420: mean_loss(20): 0.49469274282455444 mean_loss(200): 0.449485182762146
2017-06-12 01:24:48,675 - DEBUG - Step 430: mean_loss(20): 0.4531775414943695 mean_loss(200): 0.4449526071548462
2017-06-12 01:24:54,442 - DEBUG - Step 440: mean_loss(20): 0.4750770032405853 mean_loss(200): 0.4481092691421509
2017-06-12 01:25:00,193 - DEBUG - Step 450: mean_loss(20): 0.4682433009147644 mean_loss(200): 0.441864013671875
2017-06-12 01:25:05,955 - DEBUG - Step 460: mean_loss(20): 0.47213998436927795 mean_loss(200): 0.4405547082424164
2017-06-12 01:25:11,721 - DEBUG - Step 470: mean_loss(20): 0.5241305232048035 mean_loss(200): 0.44302698969841003
2017-06-12 01:25:17,486 - DEBUG - Step 480: mean_loss(20): 0.48139700293540955 mean_loss(200): 0.44119763374328613
2017-06-12 01:25:23,263 - DEBUG - Step 490: mean_loss(20): 0.4725624620914459 mean_loss(200): 0.4462184011936188
2017-06-12 01:25:29,169 - DEBUG - Step 500: mean_loss(20): 0.506040096282959 mean_loss(200): 0.4502437710762024
2017-06-12 01:25:34,943 - DEBUG - Step 510: mean_loss(20): 0.4522845149040222 mean_loss(200): 0.4378085434436798
2017-06-12 01:25:40,726 - DEBUG - Step 520: mean_loss(20): 0.3626243472099304 mean_loss(200): 0.430166631937027
2017-06-12 01:25:46,481 - DEBUG - Step 530: mean_loss(20): 0.3559591472148895 mean_loss(200): 0.432218998670578
2017-06-12 01:25:52,256 - DEBUG - Step 540: mean_loss(20): 0.41489464044570923 mean_loss(200): 0.43597960472106934
2017-06-12 01:25:58,025 - DEBUG - Step 550: mean_loss(20): 0.45147451758384705 mean_loss(200): 0.4426864683628082
2017-06-12 01:26:03,794 - DEBUG - Step 560: mean_loss(20): 0.45166999101638794 mean_loss(200): 0.44574859738349915
2017-06-12 01:26:09,537 - DEBUG - Step 570: mean_loss(20): 0.43504443764686584 mean_loss(200): 0.450755774974823
2017-06-12 01:26:15,332 - DEBUG - Step 580: mean_loss(20): 0.47709545493125916 mean_loss(200): 0.4562417268753052
2017-06-12 01:26:21,096 - DEBUG - Step 590: mean_loss(20): 0.4612080454826355 mean_loss(200): 0.4558675289154053
2017-06-12 01:26:26,849 - DEBUG - Step 600: mean_loss(20): 0.3684881925582886 mean_loss(200): 0.45041197538375854
2017-06-12 01:26:32,622 - DEBUG - Step 610: mean_loss(20): 0.3668856620788574 mean_loss(200): 0.44409701228141785
2017-06-12 01:26:38,416 - DEBUG - Step 620: mean_loss(20): 0.41649311780929565 mean_loss(200): 0.4425920248031616
2017-06-12 01:26:44,174 - DEBUG - Step 630: mean_loss(20): 0.3998796343803406 mean_loss(200): 0.4387672543525696
2017-06-12 01:26:49,958 - DEBUG - Step 640: mean_loss(20): 0.41582030057907104 mean_loss(200): 0.436666339635849
2017-06-12 01:26:55,734 - DEBUG - Step 650: mean_loss(20): 0.45948678255081177 mean_loss(200): 0.43789154291152954
2017-06-12 01:27:01,506 - DEBUG - Step 660: mean_loss(20): 0.4145656228065491 mean_loss(200): 0.4309088885784149
2017-06-12 01:27:07,287 - DEBUG - Step 670: mean_loss(20): 0.41098594665527344 mean_loss(200): 0.4265771210193634
2017-06-12 01:27:13,045 - DEBUG - Step 680: mean_loss(20): 0.4149906635284424 mean_loss(200): 0.4242682158946991
2017-06-12 01:27:18,832 - DEBUG - Step 690: mean_loss(20): 0.4043046832084656 mean_loss(200): 0.4197513461112976
2017-06-12 01:27:24,594 - DEBUG - Step 700: mean_loss(20): 0.4263761043548584 mean_loss(200): 0.4163018763065338
2017-06-12 01:27:30,342 - DEBUG - Step 710: mean_loss(20): 0.4106753468513489 mean_loss(200): 0.41559043526649475
2017-06-12 01:27:36,131 - DEBUG - Step 720: mean_loss(20): 0.4008520245552063 mean_loss(200): 0.4201246201992035
2017-06-12 01:27:41,879 - DEBUG - Step 730: mean_loss(20): 0.39200302958488464 mean_loss(200): 0.4191948175430298
2017-06-12 01:27:47,645 - DEBUG - Step 740: mean_loss(20): 0.43779975175857544 mean_loss(200): 0.4224151372909546
2017-06-12 01:27:53,411 - DEBUG - Step 750: mean_loss(20): 0.467352956533432 mean_loss(200): 0.4207826256752014
2017-06-12 01:27:59,192 - DEBUG - Step 760: mean_loss(20): 0.4309714734554291 mean_loss(200): 0.420345276594162
2017-06-12 01:28:04,967 - DEBUG - Step 770: mean_loss(20): 0.41618281602859497 mean_loss(200): 0.4188964366912842
2017-06-12 01:28:10,713 - DEBUG - Step 780: mean_loss(20): 0.4012502133846283 mean_loss(200): 0.41276073455810547
2017-06-12 01:28:16,483 - DEBUG - Step 790: mean_loss(20): 0.415732204914093 mean_loss(200): 0.41434887051582336
2017-06-12 01:28:22,238 - DEBUG - Step 800: mean_loss(20): 0.41785961389541626 mean_loss(200): 0.41769787669181824
2017-06-12 01:28:28,007 - DEBUG - Step 810: mean_loss(20): 0.38687652349472046 mean_loss(200): 0.4163479506969452
2017-06-12 01:28:33,778 - DEBUG - Step 820: mean_loss(20): 0.39289480447769165 mean_loss(200): 0.41533809900283813
2017-06-12 01:28:39,558 - DEBUG - Step 830: mean_loss(20): 0.39815282821655273 mean_loss(200): 0.41617530584335327
2017-06-12 01:28:45,320 - DEBUG - Step 840: mean_loss(20): 0.3558615744113922 mean_loss(200): 0.4093421995639801
2017-06-12 01:28:51,080 - DEBUG - Step 850: mean_loss(20): 0.3890380859375 mean_loss(200): 0.40913039445877075
2017-06-12 01:28:56,843 - DEBUG - Step 860: mean_loss(20): 0.4324886202812195 mean_loss(200): 0.4111344814300537
2017-06-12 01:29:02,598 - DEBUG - Step 870: mean_loss(20): 0.42812928557395935 mean_loss(200): 0.4108447730541229
2017-06-12 01:29:08,374 - DEBUG - Step 880: mean_loss(20): 0.42349711060523987 mean_loss(200): 0.4119850993156433
2017-06-12 01:29:14,152 - DEBUG - Step 890: mean_loss(20): 0.3991183042526245 mean_loss(200): 0.41032615303993225
2017-06-12 01:29:19,945 - DEBUG - Step 900: mean_loss(20): 0.4039868414402008 mean_loss(200): 0.4097461700439453
2017-06-12 01:29:25,694 - DEBUG - Step 910: mean_loss(20): 0.41801244020462036 mean_loss(200): 0.41105982661247253
2017-06-12 01:29:31,451 - DEBUG - Step 920: mean_loss(20): 0.4149226248264313 mean_loss(200): 0.41115325689315796
2017-06-12 01:29:37,194 - DEBUG - Step 930: mean_loss(20): 0.4244358539581299 mean_loss(200): 0.41430312395095825
2017-06-12 01:29:42,969 - DEBUG - Step 940: mean_loss(20): 0.4285622537136078 mean_loss(200): 0.41022950410842896
2017-06-12 01:29:48,749 - DEBUG - Step 950: mean_loss(20): 0.41633954644203186 mean_loss(200): 0.40920180082321167
2017-06-12 01:29:54,505 - DEBUG - Step 960: mean_loss(20): 0.40929025411605835 mean_loss(200): 0.4080614149570465
2017-06-12 01:30:00,269 - DEBUG - Step 970: mean_loss(20): 0.3993845582008362 mean_loss(200): 0.40752196311950684
2017-06-12 01:30:06,034 - DEBUG - Step 980: mean_loss(20): 0.4112091660499573 mean_loss(200): 0.4090573191642761
2017-06-12 01:30:11,800 - DEBUG - Step 990: mean_loss(20): 0.45774179697036743 mean_loss(200): 0.41172289848327637
2017-06-12 01:30:17,567 - DEBUG - Step 1000: mean_loss(20): 0.4359636902809143 mean_loss(200): 0.41086769104003906
2017-06-12 01:30:23,330 - DEBUG - Step 1010: mean_loss(20): 0.39880305528640747 mean_loss(200): 0.41291558742523193
2017-06-12 01:30:29,111 - DEBUG - Step 1020: mean_loss(20): 0.4709898829460144 mean_loss(200): 0.4186772108078003
2017-06-12 01:30:34,888 - DEBUG - Step 1030: mean_loss(20): 0.4454256594181061 mean_loss(200): 0.41764283180236816
2017-06-12 01:30:40,648 - DEBUG - Step 1040: mean_loss(20): 0.3635823130607605 mean_loss(200): 0.4194492995738983
2017-06-12 01:30:46,410 - DEBUG - Step 1050: mean_loss(20): 0.3840019106864929 mean_loss(200): 0.4171392321586609
2017-06-12 01:30:52,185 - DEBUG - Step 1060: mean_loss(20): 0.4091776907444 mean_loss(200): 0.4171181917190552
2017-06-12 01:30:57,947 - DEBUG - Step 1070: mean_loss(20): 0.40477877855300903 mean_loss(200): 0.4148041903972626
2017-06-12 01:31:03,699 - DEBUG - Step 1080: mean_loss(20): 0.4012545049190521 mean_loss(200): 0.4148939251899719
2017-06-12 01:31:09,478 - DEBUG - Step 1090: mean_loss(20): 0.41090697050094604 mean_loss(200): 0.41598305106163025
2017-06-12 01:31:15,251 - DEBUG - Step 1100: mean_loss(20): 0.4117733836174011 mean_loss(200): 0.41567257046699524
2017-06-12 01:31:21,020 - DEBUG - Step 1110: mean_loss(20): 0.4035190939903259 mean_loss(200): 0.41453373432159424
2017-06-12 01:31:26,780 - DEBUG - Step 1120: mean_loss(20): 0.40330639481544495 mean_loss(200): 0.41451096534729004
2017-06-12 01:31:32,541 - DEBUG - Step 1130: mean_loss(20): 0.39000755548477173 mean_loss(200): 0.4110908806324005
2017-06-12 01:31:38,321 - DEBUG - Step 1140: mean_loss(20): 0.433297336101532 mean_loss(200): 0.41498443484306335
2017-06-12 01:31:44,129 - DEBUG - Step 1150: mean_loss(20): 0.47178545594215393 mean_loss(200): 0.4166354835033417
2017-06-12 01:31:49,888 - DEBUG - Step 1160: mean_loss(20): 0.4208816885948181 mean_loss(200): 0.41614359617233276
2017-06-12 01:31:55,635 - DEBUG - Step 1170: mean_loss(20): 0.4185025095939636 mean_loss(200): 0.41854727268218994
2017-06-12 01:32:01,407 - DEBUG - Step 1180: mean_loss(20): 0.4302155077457428 mean_loss(200): 0.41804420948028564
2017-06-12 01:32:07,178 - DEBUG - Step 1190: mean_loss(20): 0.40117335319519043 mean_loss(200): 0.4128904342651367
2017-06-12 01:32:12,962 - DEBUG - Step 1200: mean_loss(20): 0.41108256578445435 mean_loss(200): 0.4155561029911041
2017-06-12 01:32:18,743 - DEBUG - Step 1210: mean_loss(20): 0.42922893166542053 mean_loss(200): 0.4159330129623413
2017-06-12 01:32:24,467 - DEBUG - Step 1220: mean_loss(20): 0.3884105384349823 mean_loss(200): 0.40729817748069763
2017-06-12 01:32:30,231 - DEBUG - Step 1230: mean_loss(20): 0.38871344923973083 mean_loss(200): 0.4102618098258972
2017-06-12 01:32:35,983 - DEBUG - Step 1240: mean_loss(20): 0.38732680678367615 mean_loss(200): 0.4096726179122925
2017-06-12 01:32:41,759 - DEBUG - Step 1250: mean_loss(20): 0.4079832136631012 mean_loss(200): 0.4126599133014679
2017-06-12 01:32:47,532 - DEBUG - Step 1260: mean_loss(20): 0.441708505153656 mean_loss(200): 0.41292572021484375
2017-06-12 01:32:48,109 - INFO - End of epoch, training set loss (whole epoch avg): 0.4260087013244629
2017-06-12 01:32:48,506 - DEBUG - Step 0: mean_loss(20): 0.3631049394607544 mean_loss(200): 0.3631049394607544
2017-06-12 01:32:52,405 - DEBUG - Step 10: mean_loss(20): 0.39573413133621216 mean_loss(200): 0.39573413133621216
2017-06-12 01:32:56,372 - DEBUG - Step 20: mean_loss(20): 0.39636367559432983 mean_loss(200): 0.39477992057800293
2017-06-12 01:33:00,366 - DEBUG - Step 30: mean_loss(20): 0.38579288125038147 mean_loss(200): 0.38932040333747864
2017-06-12 01:33:04,394 - DEBUG - Step 40: mean_loss(20): 0.3688942492008209 mean_loss(200): 0.3821527361869812
2017-06-12 01:33:08,412 - DEBUG - Step 50: mean_loss(20): 0.38832560181617737 mean_loss(200): 0.3889302909374237
2017-06-12 01:33:12,393 - DEBUG - Step 60: mean_loss(20): 0.39037734270095825 mean_loss(200): 0.38484933972358704
2017-06-12 01:33:13,991 - INFO - Validation set loss: 0.387896865606308
2017-06-12 01:33:13,992 - INFO - ====== START OF EPOCH 5 ======
2017-06-12 01:33:14,573 - DEBUG - Step 0: mean_loss(20): 0.4296932518482208 mean_loss(200): 0.4296932518482208
2017-06-12 01:33:20,306 - DEBUG - Step 10: mean_loss(20): 0.35126516222953796 mean_loss(200): 0.35126516222953796
2017-06-12 01:33:26,046 - DEBUG - Step 20: mean_loss(20): 0.3921506702899933 mean_loss(200): 0.3939383924007416
2017-06-12 01:33:31,787 - DEBUG - Step 30: mean_loss(20): 0.41308823227882385 mean_loss(200): 0.3911510109901428
2017-06-12 01:33:37,581 - DEBUG - Step 40: mean_loss(20): 0.43573325872421265 mean_loss(200): 0.41432613134384155
2017-06-12 01:33:43,359 - DEBUG - Step 50: mean_loss(20): 0.4425073564052582 mean_loss(200): 0.4112907946109772
2017-06-12 01:33:49,106 - DEBUG - Step 60: mean_loss(20): 0.44581422209739685 mean_loss(200): 0.424650102853775
2017-06-12 01:33:54,872 - DEBUG - Step 70: mean_loss(20): 0.5048912763595581 mean_loss(200): 0.43765708804130554
2017-06-12 01:34:00,660 - DEBUG - Step 80: mean_loss(20): 0.4938969016075134 mean_loss(200): 0.44174811244010925
2017-06-12 01:34:06,424 - DEBUG - Step 90: mean_loss(20): 0.4258965849876404 mean_loss(200): 0.4350723922252655
2017-06-12 01:34:12,208 - DEBUG - Step 100: mean_loss(20): 0.3588846027851105 mean_loss(200): 0.4253394305706024
2017-06-12 01:34:17,982 - DEBUG - Step 110: mean_loss(20): 0.37330764532089233 mean_loss(200): 0.4239436388015747
2017-06-12 01:34:23,744 - DEBUG - Step 120: mean_loss(20): 0.44352269172668457 mean_loss(200): 0.4283449351787567
2017-06-12 01:34:29,521 - DEBUG - Step 130: mean_loss(20): 0.4839991629123688 mean_loss(200): 0.43311241269111633
2017-06-12 01:34:35,279 - DEBUG - Step 140: mean_loss(20): 0.4241470694541931 mean_loss(200): 0.42774948477745056
2017-06-12 01:34:41,055 - DEBUG - Step 150: mean_loss(20): 0.35829639434814453 mean_loss(200): 0.4232029914855957
2017-06-12 01:34:46,828 - DEBUG - Step 160: mean_loss(20): 0.359031617641449 mean_loss(200): 0.4192131459712982
2017-06-12 01:34:52,604 - DEBUG - Step 170: mean_loss(20): 0.37297603487968445 mean_loss(200): 0.41732850670814514
2017-06-12 01:34:58,397 - DEBUG - Step 180: mean_loss(20): 0.4339357018470764 mean_loss(200): 0.42083993554115295
2017-06-12 01:35:04,200 - DEBUG - Step 190: mean_loss(20): 0.4214605391025543 mean_loss(200): 0.4177611470222473
2017-06-12 01:35:09,983 - DEBUG - Step 200: mean_loss(20): 0.39492008090019226 mean_loss(200): 0.4182036519050598
2017-06-12 01:35:15,746 - DEBUG - Step 210: mean_loss(20): 0.4022365212440491 mean_loss(200): 0.41986599564552307
2017-06-12 01:35:21,520 - DEBUG - Step 220: mean_loss(20): 0.3945370316505432 mean_loss(200): 0.4184423089027405
2017-06-12 01:35:27,289 - DEBUG - Step 230: mean_loss(20): 0.4108600616455078 mean_loss(200): 0.4196431636810303
2017-06-12 01:35:33,082 - DEBUG - Step 240: mean_loss(20): 0.4618303179740906 mean_loss(200): 0.4210520088672638
2017-06-12 01:35:38,852 - DEBUG - Step 250: mean_loss(20): 0.48648691177368164 mean_loss(200): 0.42404115200042725
2017-06-12 01:35:44,606 - DEBUG - Step 260: mean_loss(20): 0.41407066583633423 mean_loss(200): 0.4178776443004608
2017-06-12 01:35:50,367 - DEBUG - Step 270: mean_loss(20): 0.37870118021965027 mean_loss(200): 0.41142213344573975
2017-06-12 01:35:56,126 - DEBUG - Step 280: mean_loss(20): 0.3974476456642151 mean_loss(200): 0.408232718706131
2017-06-12 01:36:01,877 - DEBUG - Step 290: mean_loss(20): 0.4134434163570404 mean_loss(200): 0.4101767838001251
2017-06-12 01:36:07,645 - DEBUG - Step 300: mean_loss(20): 0.4222041666507721 mean_loss(200): 0.41456466913223267
2017-06-12 01:36:13,411 - DEBUG - Step 310: mean_loss(20): 0.43836989998817444 mean_loss(200): 0.41668304800987244
2017-06-12 01:36:19,190 - DEBUG - Step 320: mean_loss(20): 0.4762492775917053 mean_loss(200): 0.41783738136291504
2017-06-12 01:36:24,940 - DEBUG - Step 330: mean_loss(20): 0.4534074664115906 mean_loss(200): 0.4136238396167755
2017-06-12 01:36:30,721 - DEBUG - Step 340: mean_loss(20): 0.3748810887336731 mean_loss(200): 0.4129107594490051
2017-06-12 01:36:36,496 - DEBUG - Step 350: mean_loss(20): 0.3795052766799927 mean_loss(200): 0.41574475169181824
2017-06-12 01:36:42,274 - DEBUG - Step 360: mean_loss(20): 0.4558278024196625 mean_loss(200): 0.42259037494659424
2017-06-12 01:36:48,042 - DEBUG - Step 370: mean_loss(20): 0.5300775766372681 mean_loss(200): 0.4314548373222351
2017-06-12 01:36:53,813 - DEBUG - Step 380: mean_loss(20): 0.5281854867935181 mean_loss(200): 0.43201538920402527
2017-06-12 01:36:59,581 - DEBUG - Step 390: mean_loss(20): 0.4521341919898987 mean_loss(200): 0.43452224135398865
2017-06-12 01:37:05,329 - DEBUG - Step 400: mean_loss(20): 0.436812162399292 mean_loss(200): 0.43620455265045166
2017-06-12 01:37:11,094 - DEBUG - Step 410: mean_loss(20): 0.4067234396934509 mean_loss(200): 0.4349709451198578
2017-06-12 01:37:16,867 - DEBUG - Step 420: mean_loss(20): 0.3635270595550537 mean_loss(200): 0.4331035614013672
2017-06-12 01:37:22,646 - DEBUG - Step 430: mean_loss(20): 0.3654084801673889 mean_loss(200): 0.4304257929325104
2017-06-12 01:37:28,401 - DEBUG - Step 440: mean_loss(20): 0.35009244084358215 mean_loss(200): 0.4219297766685486
2017-06-12 01:37:34,159 - DEBUG - Step 450: mean_loss(20): 0.37545424699783325 mean_loss(200): 0.41932252049446106
2017-06-12 01:37:39,942 - DEBUG - Step 460: mean_loss(20): 0.46147045493125916 mean_loss(200): 0.42666977643966675
2017-06-12 01:37:45,730 - DEBUG - Step 470: mean_loss(20): 0.4617864191532135 mean_loss(200): 0.4276310205459595
2017-06-12 01:37:51,519 - DEBUG - Step 480: mean_loss(20): 0.43635886907577515 mean_loss(200): 0.4305608868598938
2017-06-12 01:37:57,281 - DEBUG - Step 490: mean_loss(20): 0.44181936979293823 mean_loss(200): 0.43046867847442627
2017-06-12 01:38:03,062 - DEBUG - Step 500: mean_loss(20): 0.40696239471435547 mean_loss(200): 0.4290367066860199
2017-06-12 01:38:08,843 - DEBUG - Step 510: mean_loss(20): 0.3759617209434509 mean_loss(200): 0.4242278039455414
2017-06-12 01:38:14,624 - DEBUG - Step 520: mean_loss(20): 0.34464365243911743 mean_loss(200): 0.4158761501312256
2017-06-12 01:38:20,387 - DEBUG - Step 530: mean_loss(20): 0.3632403612136841 mean_loss(200): 0.41521111130714417
2017-06-12 01:38:26,179 - DEBUG - Step 540: mean_loss(20): 0.3958517909049988 mean_loss(200): 0.41797322034835815
2017-06-12 01:38:31,951 - DEBUG - Step 550: mean_loss(20): 0.41051602363586426 mean_loss(200): 0.4183121621608734
2017-06-12 01:38:37,726 - DEBUG - Step 560: mean_loss(20): 0.3862117528915405 mean_loss(200): 0.41101160645484924
2017-06-12 01:38:43,514 - DEBUG - Step 570: mean_loss(20): 0.3389400839805603 mean_loss(200): 0.399198442697525
2017-06-12 01:38:49,269 - DEBUG - Step 580: mean_loss(20): 0.35509103536605835 mean_loss(200): 0.3937021493911743
2017-06-12 01:38:55,050 - DEBUG - Step 590: mean_loss(20): 0.3955402970314026 mean_loss(200): 0.39353904128074646
2017-06-12 01:39:00,806 - DEBUG - Step 600: mean_loss(20): 0.42130160331726074 mean_loss(200): 0.3921511173248291
2017-06-12 01:39:06,571 - DEBUG - Step 610: mean_loss(20): 0.46623367071151733 mean_loss(200): 0.3994900584220886
2017-06-12 01:39:12,337 - DEBUG - Step 620: mean_loss(20): 0.4501109719276428 mean_loss(200): 0.40080946683883667
2017-06-12 01:39:18,138 - DEBUG - Step 630: mean_loss(20): 0.3959972560405731 mean_loss(200): 0.4025489389896393
2017-06-12 01:39:23,928 - DEBUG - Step 640: mean_loss(20): 0.37693777680397034 mean_loss(200): 0.4034940004348755
2017-06-12 01:39:29,694 - DEBUG - Step 650: mean_loss(20): 0.36441248655319214 mean_loss(200): 0.4014447331428528
2017-06-12 01:39:35,469 - DEBUG - Step 660: mean_loss(20): 0.33562758564949036 mean_loss(200): 0.39090973138809204
2017-06-12 01:39:41,243 - DEBUG - Step 670: mean_loss(20): 0.36041268706321716 mean_loss(200): 0.39130741357803345
2017-06-12 01:39:46,997 - DEBUG - Step 680: mean_loss(20): 0.4829685688018799 mean_loss(200): 0.3955707252025604
2017-06-12 01:39:52,763 - DEBUG - Step 690: mean_loss(20): 0.45753344893455505 mean_loss(200): 0.39287883043289185
2017-06-12 01:39:58,504 - DEBUG - Step 700: mean_loss(20): 0.41270408034324646 mean_loss(200): 0.3961448669433594
2017-06-12 01:40:04,285 - DEBUG - Step 710: mean_loss(20): 0.464555561542511 mean_loss(200): 0.4017381966114044
2017-06-12 01:40:10,036 - DEBUG - Step 720: mean_loss(20): 0.43181443214416504 mean_loss(200): 0.4048619568347931
2017-06-12 01:40:15,812 - DEBUG - Step 730: mean_loss(20): 0.4125911593437195 mean_loss(200): 0.4066733121871948
2017-06-12 01:40:21,581 - DEBUG - Step 740: mean_loss(20): 0.4190449118614197 mean_loss(200): 0.4071812331676483
2017-06-12 01:40:27,332 - DEBUG - Step 750: mean_loss(20): 0.3836764395236969 mean_loss(200): 0.40398934483528137
2017-06-12 01:40:33,089 - DEBUG - Step 760: mean_loss(20): 0.36198437213897705 mean_loss(200): 0.4047585427761078
2017-06-12 01:40:38,867 - DEBUG - Step 770: mean_loss(20): 0.37984415888786316 mean_loss(200): 0.40807971358299255
2017-06-12 01:40:44,632 - DEBUG - Step 780: mean_loss(20): 0.4099990427494049 mean_loss(200): 0.4102493226528168
2017-06-12 01:40:50,545 - DEBUG - Step 790: mean_loss(20): 0.4525691568851471 mean_loss(200): 0.41378265619277954
2017-06-12 01:40:56,311 - DEBUG - Step 800: mean_loss(20): 0.4558568596839905 mean_loss(200): 0.41370484232902527
2017-06-12 01:41:02,093 - DEBUG - Step 810: mean_loss(20): 0.4298468232154846 mean_loss(200): 0.4101438820362091
2017-06-12 01:41:07,855 - DEBUG - Step 820: mean_loss(20): 0.4412209987640381 mean_loss(200): 0.4128158688545227
2017-06-12 01:41:13,635 - DEBUG - Step 830: mean_loss(20): 0.4139801859855652 mean_loss(200): 0.4119422137737274
2017-06-12 01:41:19,401 - DEBUG - Step 840: mean_loss(20): 0.3762202858924866 mean_loss(200): 0.4127441346645355
2017-06-12 01:41:25,150 - DEBUG - Step 850: mean_loss(20): 0.422517865896225 mean_loss(200): 0.41775277256965637
2017-06-12 01:41:30,918 - DEBUG - Step 860: mean_loss(20): 0.48549261689186096 mean_loss(200): 0.42773059010505676
2017-06-12 01:41:36,691 - DEBUG - Step 870: mean_loss(20): 0.48106685280799866 mean_loss(200): 0.42981815338134766
2017-06-12 01:41:42,467 - DEBUG - Step 880: mean_loss(20): 0.41641440987586975 mean_loss(200): 0.4210752248764038
2017-06-12 01:41:48,239 - DEBUG - Step 890: mean_loss(20): 0.3950057625770569 mean_loss(200): 0.4235653579235077
2017-06-12 01:41:54,000 - DEBUG - Step 900: mean_loss(20): 0.4073998034000397 mean_loss(200): 0.42054474353790283
2017-06-12 01:41:59,773 - DEBUG - Step 910: mean_loss(20): 0.4103034436702728 mean_loss(200): 0.418140172958374
2017-06-12 01:42:05,535 - DEBUG - Step 920: mean_loss(20): 0.39292991161346436 mean_loss(200): 0.4166563153266907
2017-06-12 01:42:11,316 - DEBUG - Step 930: mean_loss(20): 0.3918209671974182 mean_loss(200): 0.4160631597042084
2017-06-12 01:42:17,096 - DEBUG - Step 940: mean_loss(20): 0.4382970333099365 mean_loss(200): 0.4185815155506134
2017-06-12 01:42:22,916 - DEBUG - Step 950: mean_loss(20): 0.4266435503959656 mean_loss(200): 0.42035987973213196
2017-06-12 01:42:28,676 - DEBUG - Step 960: mean_loss(20): 0.46028023958206177 mean_loss(200): 0.4284111261367798
2017-06-12 01:42:34,444 - DEBUG - Step 970: mean_loss(20): 0.4693523943424225 mean_loss(200): 0.42931067943573
2017-06-12 01:42:40,199 - DEBUG - Step 980: mean_loss(20): 0.40787473320961 mean_loss(200): 0.4281986951828003
2017-06-12 01:42:45,984 - DEBUG - Step 990: mean_loss(20): 0.40387219190597534 mean_loss(200): 0.42444097995758057
2017-06-12 01:42:51,766 - DEBUG - Step 1000: mean_loss(20): 0.41096821427345276 mean_loss(200): 0.42370977997779846
2017-06-12 01:42:57,550 - DEBUG - Step 1010: mean_loss(20): 0.41700276732444763 mean_loss(200): 0.42315658926963806
2017-06-12 01:43:03,318 - DEBUG - Step 1020: mean_loss(20): 0.5182992219924927 mean_loss(200): 0.4314176142215729
2017-06-12 01:43:09,085 - DEBUG - Step 1030: mean_loss(20): 0.5415629148483276 mean_loss(200): 0.4359148442745209
2017-06-12 01:43:14,843 - DEBUG - Step 1040: mean_loss(20): 0.45393818616867065 mean_loss(200): 0.43918946385383606
2017-06-12 01:43:20,619 - DEBUG - Step 1050: mean_loss(20): 0.4426823556423187 mean_loss(200): 0.4379313290119171
2017-06-12 01:43:26,399 - DEBUG - Step 1060: mean_loss(20): 0.41525450348854065 mean_loss(200): 0.43216559290885925
2017-06-12 01:43:32,161 - DEBUG - Step 1070: mean_loss(20): 0.3658818006515503 mean_loss(200): 0.42641282081604004
2017-06-12 01:43:37,913 - DEBUG - Step 1080: mean_loss(20): 0.34575194120407104 mean_loss(200): 0.4250994026660919
2017-06-12 01:43:43,675 - DEBUG - Step 1090: mean_loss(20): 0.36897310614585876 mean_loss(200): 0.42380955815315247
2017-06-12 01:43:49,428 - DEBUG - Step 1100: mean_loss(20): 0.3872837424278259 mean_loss(200): 0.4230877757072449
2017-06-12 01:43:55,187 - DEBUG - Step 1110: mean_loss(20): 0.4546610713005066 mean_loss(200): 0.42824530601501465
2017-06-12 01:44:00,949 - DEBUG - Step 1120: mean_loss(20): 0.4729974865913391 mean_loss(200): 0.43109452724456787
2017-06-12 01:44:06,726 - DEBUG - Step 1130: mean_loss(20): 0.40128880739212036 mean_loss(200): 0.42919212579727173
2017-06-12 01:44:12,498 - DEBUG - Step 1140: mean_loss(20): 0.38310784101486206 mean_loss(200): 0.4255756139755249
2017-06-12 01:44:18,290 - DEBUG - Step 1150: mean_loss(20): 0.36350423097610474 mean_loss(200): 0.4228781759738922
2017-06-12 01:44:24,051 - DEBUG - Step 1160: mean_loss(20): 0.36210402846336365 mean_loss(200): 0.4157579839229584
2017-06-12 01:44:29,837 - DEBUG - Step 1170: mean_loss(20): 0.42550143599510193 mean_loss(200): 0.41849303245544434
2017-06-12 01:44:35,618 - DEBUG - Step 1180: mean_loss(20): 0.46583476662635803 mean_loss(200): 0.42155399918556213
2017-06-12 01:44:41,401 - DEBUG - Step 1190: mean_loss(20): 0.41806960105895996 mean_loss(200): 0.41991278529167175
2017-06-12 01:44:47,175 - DEBUG - Step 1200: mean_loss(20): 0.5446180105209351 mean_loss(200): 0.43491896986961365
2017-06-12 01:44:52,966 - DEBUG - Step 1210: mean_loss(20): 0.8300418853759766 mean_loss(200): 0.4612167477607727
2017-06-12 01:44:58,748 - DEBUG - Step 1220: mean_loss(20): 0.7612979412078857 mean_loss(200): 0.459218829870224
2017-06-12 01:45:04,522 - DEBUG - Step 1230: mean_loss(20): 0.5128799676895142 mean_loss(200): 0.45834845304489136
2017-06-12 01:45:10,281 - DEBUG - Step 1240: mean_loss(20): 0.4100233018398285 mean_loss(200): 0.45482733845710754
2017-06-12 01:45:16,068 - DEBUG - Step 1250: mean_loss(20): 0.4277721345424652 mean_loss(200): 0.4568573832511902
2017-06-12 01:45:21,849 - DEBUG - Step 1260: mean_loss(20): 0.5211246609687805 mean_loss(200): 0.4654144048690796
2017-06-12 01:45:22,419 - INFO - End of epoch, training set loss (whole epoch avg): 0.4267348051071167
2017-06-12 01:45:22,827 - DEBUG - Step 0: mean_loss(20): 0.4326918125152588 mean_loss(200): 0.4326918125152588
2017-06-12 01:45:26,948 - DEBUG - Step 10: mean_loss(20): 0.522435188293457 mean_loss(200): 0.522435188293457
2017-06-12 01:45:30,885 - DEBUG - Step 20: mean_loss(20): 0.5755578279495239 mean_loss(200): 0.5687546730041504
2017-06-12 01:45:34,869 - DEBUG - Step 30: mean_loss(20): 0.6451226472854614 mean_loss(200): 0.6015884876251221
2017-06-12 01:45:38,869 - DEBUG - Step 40: mean_loss(20): 0.6088078022003174 mean_loss(200): 0.5882927775382996
2017-06-12 01:45:42,859 - DEBUG - Step 50: mean_loss(20): 0.6381365060806274 mean_loss(200): 0.6159209609031677
2017-06-12 01:45:46,829 - DEBUG - Step 60: mean_loss(20): 0.6309009790420532 mean_loss(200): 0.6022627353668213
2017-06-12 01:45:48,408 - INFO - Validation set loss: 0.5976625084877014
2017-06-12 01:45:48,408 - INFO - ====== START OF EPOCH 6 ======
2017-06-12 01:45:48,983 - DEBUG - Step 0: mean_loss(20): 0.47542887926101685 mean_loss(200): 0.47542887926101685
2017-06-12 01:45:54,723 - DEBUG - Step 10: mean_loss(20): 0.5386382341384888 mean_loss(200): 0.5386382341384888
2017-06-12 01:46:00,465 - DEBUG - Step 20: mean_loss(20): 0.5941451787948608 mean_loss(200): 0.5884920954704285
2017-06-12 01:46:06,207 - DEBUG - Step 30: mean_loss(20): 0.6204283237457275 mean_loss(200): 0.591405987739563
2017-06-12 01:46:11,953 - DEBUG - Step 40: mean_loss(20): 0.5198619365692139 mean_loss(200): 0.5550139546394348
2017-06-12 01:46:17,741 - DEBUG - Step 50: mean_loss(20): 0.48571667075157166 mean_loss(200): 0.5499592423439026
2017-06-12 01:46:23,513 - DEBUG - Step 60: mean_loss(20): 0.47964078187942505 mean_loss(200): 0.5303013324737549
2017-06-12 01:46:29,286 - DEBUG - Step 70: mean_loss(20): 0.4228347837924957 mean_loss(200): 0.5141494870185852
2017-06-12 01:46:35,083 - DEBUG - Step 80: mean_loss(20): 0.4242916703224182 mean_loss(200): 0.5041261315345764
2017-06-12 01:46:40,840 - DEBUG - Step 90: mean_loss(20): 0.42063936591148376 mean_loss(200): 0.4935978055000305
2017-06-12 01:46:46,614 - DEBUG - Step 100: mean_loss(20): 0.41257986426353455 mean_loss(200): 0.4859981834888458
2017-06-12 01:46:52,391 - DEBUG - Step 110: mean_loss(20): 0.4431059956550598 mean_loss(200): 0.4845002591609955
2017-06-12 01:46:58,163 - DEBUG - Step 120: mean_loss(20): 0.4877597689628601 mean_loss(200): 0.4862893521785736
2017-06-12 01:47:03,927 - DEBUG - Step 130: mean_loss(20): 0.5305977463722229 mean_loss(200): 0.49153801798820496
2017-06-12 01:47:09,698 - DEBUG - Step 140: mean_loss(20): 0.4609224796295166 mean_loss(200): 0.48269122838974
2017-06-12 01:47:15,467 - DEBUG - Step 150: mean_loss(20): 0.35528507828712463 mean_loss(200): 0.47349125146865845
2017-06-12 01:47:21,245 - DEBUG - Step 160: mean_loss(20): 0.368690550327301 mean_loss(200): 0.468529611825943
2017-06-12 01:47:27,020 - DEBUG - Step 170: mean_loss(20): 0.402559757232666 mean_loss(200): 0.4651951491832733
2017-06-12 01:47:32,770 - DEBUG - Step 180: mean_loss(20): 0.42865103483200073 mean_loss(200): 0.4641231298446655
2017-06-12 01:47:38,531 - DEBUG - Step 190: mean_loss(20): 0.40271228551864624 mean_loss(200): 0.45865243673324585
2017-06-12 01:47:44,288 - DEBUG - Step 200: mean_loss(20): 0.3532932698726654 mean_loss(200): 0.4529836177825928
2017-06-12 01:47:50,040 - DEBUG - Step 210: mean_loss(20): 0.35196807980537415 mean_loss(200): 0.4435848295688629
2017-06-12 01:47:55,820 - DEBUG - Step 220: mean_loss(20): 0.3459014296531677 mean_loss(200): 0.42815926671028137
2017-06-12 01:48:01,597 - DEBUG - Step 230: mean_loss(20): 0.366011381149292 mean_loss(200): 0.4181431531906128
2017-06-12 01:48:07,364 - DEBUG - Step 240: mean_loss(20): 0.4076014459133148 mean_loss(200): 0.41693320870399475
2017-06-12 01:48:13,128 - DEBUG - Step 250: mean_loss(20): 0.40960344672203064 mean_loss(200): 0.41053175926208496
2017-06-12 01:48:18,885 - DEBUG - Step 260: mean_loss(20): 0.375766783952713 mean_loss(200): 0.4065457880496979
2017-06-12 01:48:24,660 - DEBUG - Step 270: mean_loss(20): 0.5996173620223999 mean_loss(200): 0.4282100796699524
2017-06-12 01:48:30,415 - DEBUG - Step 280: mean_loss(20): 0.8747054934501648 mean_loss(200): 0.4515872299671173
2017-06-12 01:48:36,180 - DEBUG - Step 290: mean_loss(20): 0.7458440065383911 mean_loss(200): 0.46073052287101746
2017-06-12 01:48:41,959 - DEBUG - Step 300: mean_loss(20): 0.590692400932312 mean_loss(200): 0.4693984091281891
2017-06-12 01:48:47,701 - DEBUG - Step 310: mean_loss(20): 0.5262786149978638 mean_loss(200): 0.46904778480529785
2017-06-12 01:48:53,465 - DEBUG - Step 320: mean_loss(20): 0.4611136317253113 mean_loss(200): 0.46673384308815
