2017-06-12 02:13:18,689 - WARNING - Nodename: titan-lab1
2017-06-12 02:13:18,689 - WARNING - Parameters: BATCH_SIZE: 8, NN_IMAGE_SIZE: 512, BASE_CHANNELS: 32
2017-06-12 02:13:18,689 - WARNING - Augmentation: horizontal and vertical flips
2017-06-12 02:13:18,690 - WARNING - Starting checkpoint file: checkpoints/2017-06-04_23:10.ckpt
2017-06-12 02:13:18,690 - WARNING - Checkpoint file: checkpoints/2017-06-12_00:13.ckpt
2017-06-12 02:13:21,744 - INFO - Start training
2017-06-12 02:13:26,026 - INFO - ====== START OF EPOCH 0 ======
2017-06-12 02:13:28,693 - DEBUG - Step 0: mean_loss(20): 0.34748557209968567 mean_loss(200): 0.34748557209968567
2017-06-12 02:13:34,318 - DEBUG - Step 10: mean_loss(20): 0.22766122221946716 mean_loss(200): 0.22766122221946716
2017-06-12 02:13:39,944 - DEBUG - Step 20: mean_loss(20): 0.2121758759021759 mean_loss(200): 0.2186191827058792
2017-06-12 02:13:45,651 - DEBUG - Step 30: mean_loss(20): 0.2313246726989746 mean_loss(200): 0.23002475500106812
2017-06-12 02:13:51,352 - DEBUG - Step 40: mean_loss(20): 0.24724116921424866 mean_loss(200): 0.23258113861083984
2017-06-12 02:13:57,056 - DEBUG - Step 50: mean_loss(20): 0.2309749871492386 mean_loss(200): 0.23039737343788147
2017-06-12 02:14:02,742 - DEBUG - Step 60: mean_loss(20): 0.23128819465637207 mean_loss(200): 0.23215721547603607
2017-06-12 02:14:08,449 - DEBUG - Step 70: mean_loss(20): 0.22023805975914001 mean_loss(200): 0.22753557562828064
2017-06-12 02:14:14,137 - DEBUG - Step 80: mean_loss(20): 0.203452467918396 mean_loss(200): 0.22506964206695557
2017-06-12 02:14:19,838 - DEBUG - Step 90: mean_loss(20): 0.20201261341571808 mean_loss(200): 0.22192613780498505
2017-06-12 02:14:25,577 - DEBUG - Step 100: mean_loss(20): 0.21950805187225342 mean_loss(200): 0.22396831214427948
2017-06-12 02:14:31,291 - DEBUG - Step 110: mean_loss(20): 0.2169158011674881 mean_loss(200): 0.22102336585521698
2017-06-12 02:14:37,020 - DEBUG - Step 120: mean_loss(20): 0.20535460114479065 mean_loss(200): 0.22089166939258575
2017-06-12 02:14:42,737 - DEBUG - Step 130: mean_loss(20): 0.2165524661540985 mean_loss(200): 0.2203407883644104
2017-06-12 02:14:48,460 - DEBUG - Step 140: mean_loss(20): 0.2109898328781128 mean_loss(200): 0.21948716044425964
2017-06-12 02:14:54,191 - DEBUG - Step 150: mean_loss(20): 0.20666472613811493 mean_loss(200): 0.2185293734073639
2017-06-12 02:14:59,923 - DEBUG - Step 160: mean_loss(20): 0.20175988972187042 mean_loss(200): 0.21728500723838806
2017-06-12 02:15:05,679 - DEBUG - Step 170: mean_loss(20): 0.19840694963932037 mean_loss(200): 0.2161758989095688
2017-06-12 02:15:11,412 - DEBUG - Step 180: mean_loss(20): 0.21203748881816864 mean_loss(200): 0.21670520305633545
2017-06-12 02:15:17,178 - DEBUG - Step 190: mean_loss(20): 0.22322586178779602 mean_loss(200): 0.2169141173362732
2017-06-12 02:15:22,923 - DEBUG - Step 200: mean_loss(20): 0.2285412847995758 mean_loss(200): 0.21723487973213196
2017-06-12 02:15:28,659 - DEBUG - Step 210: mean_loss(20): 0.2381502389907837 mean_loss(200): 0.21844661235809326
2017-06-12 02:15:34,406 - DEBUG - Step 220: mean_loss(20): 0.23000434041023254 mean_loss(200): 0.21901772916316986
2017-06-12 02:15:40,174 - DEBUG - Step 230: mean_loss(20): 0.2299835979938507 mean_loss(200): 0.21831253170967102
2017-06-12 02:15:45,940 - DEBUG - Step 240: mean_loss(20): 0.23769207298755646 mean_loss(200): 0.21806281805038452
2017-06-12 02:15:51,744 - DEBUG - Step 250: mean_loss(20): 0.23180587589740753 mean_loss(200): 0.21839562058448792
2017-06-12 02:15:57,580 - DEBUG - Step 260: mean_loss(20): 0.22745975852012634 mean_loss(200): 0.2176799774169922
2017-06-12 02:16:03,337 - DEBUG - Step 270: mean_loss(20): 0.2314077913761139 mean_loss(200): 0.21951259672641754
2017-06-12 02:16:09,065 - DEBUG - Step 280: mean_loss(20): 0.22706906497478485 mean_loss(200): 0.22004163265228271
2017-06-12 02:16:14,804 - DEBUG - Step 290: mean_loss(20): 0.21092967689037323 mean_loss(200): 0.22040428221225739
2017-06-12 02:16:20,558 - DEBUG - Step 300: mean_loss(20): 0.21014022827148438 mean_loss(200): 0.2191048413515091
2017-06-12 02:16:26,315 - DEBUG - Step 310: mean_loss(20): 0.2247900515794754 mean_loss(200): 0.22119170427322388
2017-06-12 02:16:32,087 - DEBUG - Step 320: mean_loss(20): 0.2493983954191208 mean_loss(200): 0.22350923717021942
2017-06-12 02:16:37,851 - DEBUG - Step 330: mean_loss(20): 0.2644483149051666 mean_loss(200): 0.22598129510879517
2017-06-12 02:16:43,619 - DEBUG - Step 340: mean_loss(20): 0.24908681213855743 mean_loss(200): 0.22731895744800568
2017-06-12 02:16:49,393 - DEBUG - Step 350: mean_loss(20): 0.23126623034477234 mean_loss(200): 0.22844146192073822
2017-06-12 02:16:55,155 - DEBUG - Step 360: mean_loss(20): 0.2556653916835785 mean_loss(200): 0.23270949721336365
2017-06-12 02:17:00,920 - DEBUG - Step 370: mean_loss(20): 0.25315240025520325 mean_loss(200): 0.23391598463058472
2017-06-12 02:17:06,683 - DEBUG - Step 380: mean_loss(20): 0.24543532729148865 mean_loss(200): 0.23604926466941833
2017-06-12 02:17:12,443 - DEBUG - Step 390: mean_loss(20): 0.27877774834632874 mean_loss(200): 0.2394711822271347
2017-06-12 02:17:18,197 - DEBUG - Step 400: mean_loss(20): 0.270372211933136 mean_loss(200): 0.24023234844207764
2017-06-12 02:17:23,976 - DEBUG - Step 410: mean_loss(20): 0.2624981999397278 mean_loss(200): 0.24190597236156464
2017-06-12 02:17:29,741 - DEBUG - Step 420: mean_loss(20): 0.26171979308128357 mean_loss(200): 0.24340392649173737
2017-06-12 02:17:35,495 - DEBUG - Step 430: mean_loss(20): 0.2530612647533417 mean_loss(200): 0.2442137598991394
2017-06-12 02:17:41,276 - DEBUG - Step 440: mean_loss(20): 0.2604423463344574 mean_loss(200): 0.24567894637584686
2017-06-12 02:17:47,044 - DEBUG - Step 450: mean_loss(20): 0.2909833788871765 mean_loss(200): 0.2501314878463745
2017-06-12 02:17:52,828 - DEBUG - Step 460: mean_loss(20): 0.30832043290138245 mean_loss(200): 0.2537649869918823
2017-06-12 02:17:58,606 - DEBUG - Step 470: mean_loss(20): 0.30520060658454895 mean_loss(200): 0.257510781288147
2017-06-12 02:18:04,386 - DEBUG - Step 480: mean_loss(20): 0.32050028443336487 mean_loss(200): 0.26310813426971436
2017-06-12 02:18:10,172 - DEBUG - Step 490: mean_loss(20): 0.3427789807319641 mean_loss(200): 0.2706957161426544
2017-06-12 02:18:15,937 - DEBUG - Step 500: mean_loss(20): 0.32879841327667236 mean_loss(200): 0.27497395873069763
2017-06-12 02:18:21,704 - DEBUG - Step 510: mean_loss(20): 0.30736422538757324 mean_loss(200): 0.2789531350135803
2017-06-12 02:18:27,472 - DEBUG - Step 520: mean_loss(20): 0.3197290301322937 mean_loss(200): 0.28200700879096985
2017-06-12 02:18:33,247 - DEBUG - Step 530: mean_loss(20): 0.3079688549041748 mean_loss(200): 0.28330519795417786
2017-06-12 02:18:39,002 - DEBUG - Step 540: mean_loss(20): 0.28518253564834595 mean_loss(200): 0.28561657667160034
2017-06-12 02:18:44,776 - DEBUG - Step 550: mean_loss(20): 0.2826610505580902 mean_loss(200): 0.2884446680545807
2017-06-12 02:18:50,522 - DEBUG - Step 560: mean_loss(20): 0.29033270478248596 mean_loss(200): 0.289083331823349
2017-06-12 02:18:56,275 - DEBUG - Step 570: mean_loss(20): 0.300009161233902 mean_loss(200): 0.29313036799430847
2017-06-12 02:19:02,064 - DEBUG - Step 580: mean_loss(20): 0.2927934229373932 mean_loss(200): 0.2938191294670105
2017-06-12 02:19:07,819 - DEBUG - Step 590: mean_loss(20): 0.30512160062789917 mean_loss(200): 0.2957647442817688
2017-06-12 02:19:13,582 - DEBUG - Step 600: mean_loss(20): 0.3338821530342102 mean_loss(200): 0.3001701235771179
2017-06-12 02:19:19,379 - DEBUG - Step 610: mean_loss(20): 0.3376089632511139 mean_loss(200): 0.30327579379081726
2017-06-12 02:19:25,152 - DEBUG - Step 620: mean_loss(20): 0.34167733788490295 mean_loss(200): 0.30816584825515747
2017-06-12 02:19:30,931 - DEBUG - Step 630: mean_loss(20): 0.3434365391731262 mean_loss(200): 0.31231334805488586
2017-06-12 02:19:36,703 - DEBUG - Step 640: mean_loss(20): 0.31335046887397766 mean_loss(200): 0.3134566843509674
2017-06-12 02:19:42,481 - DEBUG - Step 650: mean_loss(20): 0.2691744565963745 mean_loss(200): 0.3101324439048767
2017-06-12 02:19:48,254 - DEBUG - Step 660: mean_loss(20): 0.271869957447052 mean_loss(200): 0.30981162190437317
2017-06-12 02:19:54,064 - DEBUG - Step 670: mean_loss(20): 0.35963886976242065 mean_loss(200): 0.3155762553215027
2017-06-12 02:19:59,846 - DEBUG - Step 680: mean_loss(20): 0.3743584156036377 mean_loss(200): 0.3151974380016327
2017-06-12 02:20:05,616 - DEBUG - Step 690: mean_loss(20): 0.38798028230667114 mean_loss(200): 0.3200964033603668
2017-06-12 02:20:11,388 - DEBUG - Step 700: mean_loss(20): 0.4224061965942383 mean_loss(200): 0.32455822825431824
2017-06-12 02:20:17,169 - DEBUG - Step 710: mean_loss(20): 0.3702256977558136 mean_loss(200): 0.32638251781463623
2017-06-12 02:20:23,066 - DEBUG - Step 720: mean_loss(20): 0.3650052845478058 mean_loss(200): 0.3290858566761017
2017-06-12 02:20:28,826 - DEBUG - Step 730: mean_loss(20): 0.3319476842880249 mean_loss(200): 0.3287804424762726
2017-06-12 02:20:34,588 - DEBUG - Step 740: mean_loss(20): 0.3011515140533447 mean_loss(200): 0.33068275451660156
2017-06-12 02:20:40,376 - DEBUG - Step 750: mean_loss(20): 0.33130019903182983 mean_loss(200): 0.3336443305015564
2017-06-12 02:20:46,141 - DEBUG - Step 760: mean_loss(20): 0.30439773201942444 mean_loss(200): 0.33208924531936646
2017-06-12 02:20:51,914 - DEBUG - Step 770: mean_loss(20): 0.2770198881626129 mean_loss(200): 0.33134540915489197
2017-06-12 02:20:57,674 - DEBUG - Step 780: mean_loss(20): 0.32087570428848267 mean_loss(200): 0.3348974585533142
2017-06-12 02:21:03,440 - DEBUG - Step 790: mean_loss(20): 0.35117778182029724 mean_loss(200): 0.3359510004520416
2017-06-12 02:21:09,212 - DEBUG - Step 800: mean_loss(20): 0.3115004897117615 mean_loss(200): 0.3326593041419983
2017-06-12 02:21:14,990 - DEBUG - Step 810: mean_loss(20): 0.2696438133716583 mean_loss(200): 0.32915452122688293
2017-06-12 02:21:20,734 - DEBUG - Step 820: mean_loss(20): 0.27571940422058105 mean_loss(200): 0.32606351375579834
2017-06-12 02:21:26,502 - DEBUG - Step 830: mean_loss(20): 0.29801517724990845 mean_loss(200): 0.3246123790740967
2017-06-12 02:21:32,294 - DEBUG - Step 840: mean_loss(20): 0.3030374050140381 mean_loss(200): 0.32503220438957214
2017-06-12 02:21:38,052 - DEBUG - Step 850: mean_loss(20): 0.3091834783554077 mean_loss(200): 0.32861328125
2017-06-12 02:21:43,820 - DEBUG - Step 860: mean_loss(20): 0.34318679571151733 mean_loss(200): 0.33216384053230286
2017-06-12 02:21:49,594 - DEBUG - Step 870: mean_loss(20): 0.33854740858078003 mean_loss(200): 0.3265041410923004
2017-06-12 02:21:55,380 - DEBUG - Step 880: mean_loss(20): 0.3284761309623718 mean_loss(200): 0.32757568359375
2017-06-12 02:22:01,140 - DEBUG - Step 890: mean_loss(20): 0.3580521047115326 mean_loss(200): 0.3235113024711609
2017-06-12 02:22:06,904 - DEBUG - Step 900: mean_loss(20): 0.3343065679073334 mean_loss(200): 0.31876567006111145
2017-06-12 02:22:12,675 - DEBUG - Step 910: mean_loss(20): 0.318755567073822 mean_loss(200): 0.31836429238319397
2017-06-12 02:22:18,451 - DEBUG - Step 920: mean_loss(20): 0.3374934494495392 mean_loss(200): 0.31601449847221375
2017-06-12 02:22:24,202 - DEBUG - Step 930: mean_loss(20): 0.30425557494163513 mean_loss(200): 0.3155950903892517
2017-06-12 02:22:29,967 - DEBUG - Step 940: mean_loss(20): 0.3103569447994232 mean_loss(200): 0.3169350326061249
2017-06-12 02:22:35,731 - DEBUG - Step 950: mean_loss(20): 0.3860817551612854 mean_loss(200): 0.3210732638835907
2017-06-12 02:22:41,513 - DEBUG - Step 960: mean_loss(20): 0.40122151374816895 mean_loss(200): 0.32661741971969604
2017-06-12 02:22:47,301 - DEBUG - Step 970: mean_loss(20): 0.3818298578262329 mean_loss(200): 0.33155426383018494
2017-06-12 02:22:53,075 - DEBUG - Step 980: mean_loss(20): 0.3604186773300171 mean_loss(200): 0.3305717408657074
2017-06-12 02:22:58,856 - DEBUG - Step 990: mean_loss(20): 0.32638269662857056 mean_loss(200): 0.32907477021217346
2017-06-12 02:23:04,626 - DEBUG - Step 1000: mean_loss(20): 0.3056512475013733 mean_loss(200): 0.3299868106842041
2017-06-12 02:23:10,406 - DEBUG - Step 1010: mean_loss(20): 0.3329167664051056 mean_loss(200): 0.33540207147598267
2017-06-12 02:23:16,178 - DEBUG - Step 1020: mean_loss(20): 0.3520377278327942 mean_loss(200): 0.3376186490058899
2017-06-12 02:23:21,951 - DEBUG - Step 1030: mean_loss(20): 0.3678702712059021 mean_loss(200): 0.3423875570297241
2017-06-12 02:23:27,719 - DEBUG - Step 1040: mean_loss(20): 0.3375834822654724 mean_loss(200): 0.34107327461242676
2017-06-12 02:23:33,496 - DEBUG - Step 1050: mean_loss(20): 0.2776181101799011 mean_loss(200): 0.33923104405403137
2017-06-12 02:23:39,294 - DEBUG - Step 1060: mean_loss(20): 0.30894845724105835 mean_loss(200): 0.3376494348049164
2017-06-12 02:23:45,060 - DEBUG - Step 1070: mean_loss(20): 0.3236915171146393 mean_loss(200): 0.33774539828300476
2017-06-12 02:23:50,824 - DEBUG - Step 1080: mean_loss(20): 0.330109179019928 mean_loss(200): 0.33781272172927856
2017-06-12 02:23:56,593 - DEBUG - Step 1090: mean_loss(20): 0.3407045006752014 mean_loss(200): 0.3360106647014618
2017-06-12 02:24:02,353 - DEBUG - Step 1100: mean_loss(20): 0.3404009938240051 mean_loss(200): 0.33842217922210693
2017-06-12 02:24:08,145 - DEBUG - Step 1110: mean_loss(20): 0.358900249004364 mean_loss(200): 0.3400251269340515
2017-06-12 02:24:13,933 - DEBUG - Step 1120: mean_loss(20): 0.34975892305374146 mean_loss(200): 0.3396487534046173
2017-06-12 02:24:19,715 - DEBUG - Step 1130: mean_loss(20): 0.33533966541290283 mean_loss(200): 0.3431335389614105
2017-06-12 02:24:25,492 - DEBUG - Step 1140: mean_loss(20): 0.34838730096817017 mean_loss(200): 0.34345176815986633
2017-06-12 02:24:31,241 - DEBUG - Step 1150: mean_loss(20): 0.32236146926879883 mean_loss(200): 0.3367615044116974
2017-06-12 02:24:37,128 - DEBUG - Step 1160: mean_loss(20): 0.3196079134941101 mean_loss(200): 0.3352903723716736
2017-06-12 02:24:42,894 - DEBUG - Step 1170: mean_loss(20): 0.33333539962768555 mean_loss(200): 0.3319120705127716
2017-06-12 02:24:48,640 - DEBUG - Step 1180: mean_loss(20): 0.34779295325279236 mean_loss(200): 0.33402782678604126
2017-06-12 02:24:54,404 - DEBUG - Step 1190: mean_loss(20): 0.3589804172515869 mean_loss(200): 0.33517181873321533
2017-06-12 02:25:00,163 - DEBUG - Step 1200: mean_loss(20): 0.29562634229660034 mean_loss(200): 0.33302536606788635
2017-06-12 02:25:05,936 - DEBUG - Step 1210: mean_loss(20): 0.3022271990776062 mean_loss(200): 0.33210289478302
2017-06-12 02:25:11,720 - DEBUG - Step 1220: mean_loss(20): 0.3709452748298645 mean_loss(200): 0.3349160850048065
2017-06-12 02:25:17,492 - DEBUG - Step 1230: mean_loss(20): 0.48214060068130493 mean_loss(200): 0.3435298800468445
2017-06-12 02:25:23,252 - DEBUG - Step 1240: mean_loss(20): 0.5478762984275818 mean_loss(200): 0.355945348739624
2017-06-12 02:25:29,043 - DEBUG - Step 1250: mean_loss(20): 0.4677866995334625 mean_loss(200): 0.36254677176475525
2017-06-12 02:25:34,832 - DEBUG - Step 1260: mean_loss(20): 0.37341731786727905 mean_loss(200): 0.36239227652549744
2017-06-12 02:25:35,414 - INFO - End of epoch, training set loss (whole epoch avg): 0.2988990843296051
2017-06-12 02:25:35,927 - DEBUG - Step 0: mean_loss(20): 0.13563518226146698 mean_loss(200): 0.13563518226146698
2017-06-12 02:25:39,833 - DEBUG - Step 10: mean_loss(20): 0.3005676865577698 mean_loss(200): 0.3005676865577698
2017-06-12 02:25:43,816 - DEBUG - Step 20: mean_loss(20): 0.30035337805747986 mean_loss(200): 0.29250967502593994
2017-06-12 02:25:47,798 - DEBUG - Step 30: mean_loss(20): 0.2770485281944275 mean_loss(200): 0.2853940427303314
2017-06-12 02:25:51,807 - DEBUG - Step 40: mean_loss(20): 0.3001810908317566 mean_loss(200): 0.2962518036365509
2017-06-12 02:25:55,789 - DEBUG - Step 50: mean_loss(20): 0.33044344186782837 mean_loss(200): 0.30306047201156616
2017-06-12 02:25:59,799 - DEBUG - Step 60: mean_loss(20): 0.3349855840206146 mean_loss(200): 0.30895140767097473
2017-06-12 02:26:01,406 - INFO - Validation set loss: 0.30464863777160645
2017-06-12 02:26:01,406 - INFO - ====== START OF EPOCH 1 ======
2017-06-12 02:26:01,989 - DEBUG - Step 0: mean_loss(20): 0.3418252170085907 mean_loss(200): 0.3418252170085907
2017-06-12 02:26:07,769 - DEBUG - Step 10: mean_loss(20): 0.34564876556396484 mean_loss(200): 0.34564876556396484
2017-06-12 02:26:13,512 - DEBUG - Step 20: mean_loss(20): 0.3805508613586426 mean_loss(200): 0.37870678305625916
2017-06-12 02:26:19,317 - DEBUG - Step 30: mean_loss(20): 0.3773197531700134 mean_loss(200): 0.3660816252231598
2017-06-12 02:26:25,125 - DEBUG - Step 40: mean_loss(20): 0.32600852847099304 mean_loss(200): 0.35300031304359436
2017-06-12 02:26:30,931 - DEBUG - Step 50: mean_loss(20): 0.3477594256401062 mean_loss(200): 0.3588964343070984
2017-06-12 02:26:36,706 - DEBUG - Step 60: mean_loss(20): 0.3611639142036438 mean_loss(200): 0.35567688941955566
2017-06-12 02:26:42,491 - DEBUG - Step 70: mean_loss(20): 0.3232160210609436 mean_loss(200): 0.3488456606864929
2017-06-12 02:26:48,296 - DEBUG - Step 80: mean_loss(20): 0.33118873834609985 mean_loss(200): 0.3496304452419281
2017-06-12 02:26:54,072 - DEBUG - Step 90: mean_loss(20): 0.4651743471622467 mean_loss(200): 0.3744124174118042
2017-06-12 02:26:59,866 - DEBUG - Step 100: mean_loss(20): 0.4828554093837738 mean_loss(200): 0.3760116398334503
2017-06-12 02:27:05,665 - DEBUG - Step 110: mean_loss(20): 0.3755565285682678 mean_loss(200): 0.3746185600757599
2017-06-12 02:27:11,463 - DEBUG - Step 120: mean_loss(20): 0.3570338189601898 mean_loss(200): 0.37287479639053345
2017-06-12 02:27:17,262 - DEBUG - Step 130: mean_loss(20): 0.3572232127189636 mean_loss(200): 0.3719627559185028
2017-06-12 02:27:23,059 - DEBUG - Step 140: mean_loss(20): 0.348403662443161 mean_loss(200): 0.3694036900997162
2017-06-12 02:27:28,867 - DEBUG - Step 150: mean_loss(20): 0.3081224858760834 mean_loss(200): 0.36350709199905396
2017-06-12 02:27:34,655 - DEBUG - Step 160: mean_loss(20): 0.28324583172798157 mean_loss(200): 0.35870087146759033
2017-06-12 02:27:40,444 - DEBUG - Step 170: mean_loss(20): 0.3149312734603882 mean_loss(200): 0.35782575607299805
2017-06-12 02:27:46,247 - DEBUG - Step 180: mean_loss(20): 0.34585097432136536 mean_loss(200): 0.35728099942207336
2017-06-12 02:27:52,056 - DEBUG - Step 190: mean_loss(20): 0.40727606415748596 mean_loss(200): 0.36300376057624817
2017-06-12 02:27:57,849 - DEBUG - Step 200: mean_loss(20): 0.4562360644340515 mean_loss(200): 0.3672538101673126
2017-06-12 02:28:03,640 - DEBUG - Step 210: mean_loss(20): 0.4178937077522278 mean_loss(200): 0.369447261095047
2017-06-12 02:28:09,448 - DEBUG - Step 220: mean_loss(20): 0.33810824155807495 mean_loss(200): 0.3630095422267914
2017-06-12 02:28:15,222 - DEBUG - Step 230: mean_loss(20): 0.3472173511981964 mean_loss(200): 0.36643704771995544
2017-06-12 02:28:21,034 - DEBUG - Step 240: mean_loss(20): 0.363387793302536 mean_loss(200): 0.3667474687099457
2017-06-12 02:28:26,829 - DEBUG - Step 250: mean_loss(20): 0.32137277722358704 mean_loss(200): 0.3637983798980713
2017-06-12 02:28:32,620 - DEBUG - Step 260: mean_loss(20): 0.3268584907054901 mean_loss(200): 0.36331692337989807
2017-06-12 02:28:38,417 - DEBUG - Step 270: mean_loss(20): 0.3672296702861786 mean_loss(200): 0.36819976568222046
2017-06-12 02:28:44,200 - DEBUG - Step 280: mean_loss(20): 0.46785932779312134 mean_loss(200): 0.3769839406013489
2017-06-12 02:28:49,987 - DEBUG - Step 290: mean_loss(20): 0.4517141282558441 mean_loss(200): 0.3668537139892578
2017-06-12 02:28:55,766 - DEBUG - Step 300: mean_loss(20): 0.32087528705596924 mean_loss(200): 0.36078593134880066
2017-06-12 02:29:01,545 - DEBUG - Step 310: mean_loss(20): 0.28933197259902954 mean_loss(200): 0.3582312762737274
2017-06-12 02:29:07,327 - DEBUG - Step 320: mean_loss(20): 0.3010205924510956 mean_loss(200): 0.3551846444606781
2017-06-12 02:29:13,121 - DEBUG - Step 330: mean_loss(20): 0.34259018301963806 mean_loss(200): 0.3567679524421692
2017-06-12 02:29:18,911 - DEBUG - Step 340: mean_loss(20): 0.3487284779548645 mean_loss(200): 0.3552171289920807
2017-06-12 02:29:24,699 - DEBUG - Step 350: mean_loss(20): 0.2958884835243225 mean_loss(200): 0.3555445969104767
2017-06-12 02:29:30,480 - DEBUG - Step 360: mean_loss(20): 0.2845640480518341 mean_loss(200): 0.35534894466400146
2017-06-12 02:29:36,278 - DEBUG - Step 370: mean_loss(20): 0.26398757100105286 mean_loss(200): 0.35045021772384644
2017-06-12 02:29:42,072 - DEBUG - Step 380: mean_loss(20): 0.33978134393692017 mean_loss(200): 0.3547419607639313
2017-06-12 02:29:47,862 - DEBUG - Step 390: mean_loss(20): 0.42647045850753784 mean_loss(200): 0.35236960649490356
2017-06-12 02:29:53,659 - DEBUG - Step 400: mean_loss(20): 0.3762710690498352 mean_loss(200): 0.34674546122550964
2017-06-12 02:29:59,442 - DEBUG - Step 410: mean_loss(20): 0.35434582829475403 mean_loss(200): 0.3460148572921753
2017-06-12 02:30:05,248 - DEBUG - Step 420: mean_loss(20): 0.36016038060188293 mean_loss(200): 0.34895068407058716
2017-06-12 02:30:11,027 - DEBUG - Step 430: mean_loss(20): 0.4365561902523041 mean_loss(200): 0.3549487292766571
2017-06-12 02:30:16,821 - DEBUG - Step 440: mean_loss(20): 0.47246307134628296 mean_loss(200): 0.3598581552505493
2017-06-12 02:30:22,626 - DEBUG - Step 450: mean_loss(20): 0.4023016095161438 mean_loss(200): 0.36304160952568054
2017-06-12 02:30:28,407 - DEBUG - Step 460: mean_loss(20): 0.33967867493629456 mean_loss(200): 0.3611402213573456
2017-06-12 02:30:34,177 - DEBUG - Step 470: mean_loss(20): 0.28193986415863037 mean_loss(200): 0.35451263189315796
2017-06-12 02:30:39,960 - DEBUG - Step 480: mean_loss(20): 0.30405768752098083 mean_loss(200): 0.34476006031036377
2017-06-12 02:30:45,754 - DEBUG - Step 490: mean_loss(20): 0.32016313076019287 mean_loss(200): 0.3413574993610382
2017-06-12 02:30:51,541 - DEBUG - Step 500: mean_loss(20): 0.37795454263687134 mean_loss(200): 0.3504679799079895
2017-06-12 02:30:57,347 - DEBUG - Step 510: mean_loss(20): 0.38200125098228455 mean_loss(200): 0.3506244719028473
2017-06-12 02:31:03,147 - DEBUG - Step 520: mean_loss(20): 0.3443489968776703 mean_loss(200): 0.354800820350647
2017-06-12 02:31:08,929 - DEBUG - Step 530: mean_loss(20): 0.3327420651912689 mean_loss(200): 0.3496396541595459
2017-06-12 02:31:14,725 - DEBUG - Step 540: mean_loss(20): 0.29750561714172363 mean_loss(200): 0.34967854619026184
2017-06-12 02:31:20,524 - DEBUG - Step 550: mean_loss(20): 0.29087406396865845 mean_loss(200): 0.34913817048072815
2017-06-12 02:31:26,321 - DEBUG - Step 560: mean_loss(20): 0.3012649416923523 mean_loss(200): 0.3513486385345459
2017-06-12 02:31:32,120 - DEBUG - Step 570: mean_loss(20): 0.3127930164337158 mean_loss(200): 0.3540187478065491
2017-06-12 02:31:37,922 - DEBUG - Step 580: mean_loss(20): 0.3008158504962921 mean_loss(200): 0.3474520742893219
2017-06-12 02:31:43,710 - DEBUG - Step 590: mean_loss(20): 0.31739872694015503 mean_loss(200): 0.3431115448474884
2017-06-12 02:31:49,521 - DEBUG - Step 600: mean_loss(20): 0.3420727849006653 mean_loss(200): 0.34403225779533386
2017-06-12 02:31:55,285 - DEBUG - Step 610: mean_loss(20): 0.33072835206985474 mean_loss(200): 0.3407498300075531
2017-06-12 02:32:01,070 - DEBUG - Step 620: mean_loss(20): 0.31166940927505493 mean_loss(200): 0.3391832113265991
2017-06-12 02:32:06,862 - DEBUG - Step 630: mean_loss(20): 0.33627092838287354 mean_loss(200): 0.33072128891944885
2017-06-12 02:32:12,659 - DEBUG - Step 640: mean_loss(20): 0.3303987681865692 mean_loss(200): 0.32497674226760864
2017-06-12 02:32:18,428 - DEBUG - Step 650: mean_loss(20): 0.3049786686897278 mean_loss(200): 0.3209890127182007
2017-06-12 02:32:24,201 - DEBUG - Step 660: mean_loss(20): 0.3082578480243683 mean_loss(200): 0.32183465361595154
2017-06-12 02:32:29,988 - DEBUG - Step 670: mean_loss(20): 0.3093979060649872 mean_loss(200): 0.3237347900867462
2017-06-12 02:32:35,755 - DEBUG - Step 680: mean_loss(20): 0.32685816287994385 mean_loss(200): 0.32411468029022217
2017-06-12 02:32:41,534 - DEBUG - Step 690: mean_loss(20): 0.31790390610694885 mean_loss(200): 0.3235088586807251
2017-06-12 02:32:47,338 - DEBUG - Step 700: mean_loss(20): 0.3047958314418793 mean_loss(200): 0.3167988061904907
2017-06-12 02:32:53,131 - DEBUG - Step 710: mean_loss(20): 0.29653623700141907 mean_loss(200): 0.31496238708496094
2017-06-12 02:32:58,928 - DEBUG - Step 720: mean_loss(20): 0.2793181538581848 mean_loss(200): 0.3102957308292389
2017-06-12 02:33:04,693 - DEBUG - Step 730: mean_loss(20): 0.2788257598876953 mean_loss(200): 0.3095707595348358
2017-06-12 02:33:10,480 - DEBUG - Step 740: mean_loss(20): 0.3811657726764679 mean_loss(200): 0.31866171956062317
2017-06-12 02:33:16,251 - DEBUG - Step 750: mean_loss(20): 0.4085024297237396 mean_loss(200): 0.3213335871696472
2017-06-12 02:33:22,036 - DEBUG - Step 760: mean_loss(20): 0.3239927887916565 mean_loss(200): 0.320934534072876
2017-06-12 02:33:27,814 - DEBUG - Step 770: mean_loss(20): 0.30990782380104065 mean_loss(200): 0.32104507088661194
2017-06-12 02:33:33,602 - DEBUG - Step 780: mean_loss(20): 0.3049558997154236 mean_loss(200): 0.32134854793548584
2017-06-12 02:33:39,393 - DEBUG - Step 790: mean_loss(20): 0.3184753954410553 mean_loss(200): 0.3211527168750763
2017-06-12 02:33:45,172 - DEBUG - Step 800: mean_loss(20): 0.27998068928718567 mean_loss(200): 0.3151393234729767
2017-06-12 02:33:50,948 - DEBUG - Step 810: mean_loss(20): 0.25661998987197876 mean_loss(200): 0.31374192237854004
2017-06-12 02:33:56,738 - DEBUG - Step 820: mean_loss(20): 0.3071088194847107 mean_loss(200): 0.31468328833580017
2017-06-12 02:34:02,514 - DEBUG - Step 830: mean_loss(20): 0.33145734667778015 mean_loss(200): 0.313260555267334
2017-06-12 02:34:08,295 - DEBUG - Step 840: mean_loss(20): 0.3782675266265869 mean_loss(200): 0.3194701671600342
2017-06-12 02:34:14,089 - DEBUG - Step 850: mean_loss(20): 0.42456546425819397 mean_loss(200): 0.3252192735671997
2017-06-12 02:34:19,870 - DEBUG - Step 860: mean_loss(20): 0.3882621228694916 mean_loss(200): 0.327470600605011
2017-06-12 02:34:25,696 - DEBUG - Step 870: mean_loss(20): 0.33467069268226624 mean_loss(200): 0.32774651050567627
2017-06-12 02:34:31,475 - DEBUG - Step 880: mean_loss(20): 0.29763704538345337 mean_loss(200): 0.32454848289489746
2017-06-12 02:34:37,261 - DEBUG - Step 890: mean_loss(20): 0.3064490258693695 mean_loss(200): 0.3266010284423828
2017-06-12 02:34:43,047 - DEBUG - Step 900: mean_loss(20): 0.36100855469703674 mean_loss(200): 0.33016976714134216
2017-06-12 02:34:48,817 - DEBUG - Step 910: mean_loss(20): 0.363119900226593 mean_loss(200): 0.33325934410095215
2017-06-12 02:34:54,599 - DEBUG - Step 920: mean_loss(20): 0.3326571583747864 mean_loss(200): 0.3355036675930023
2017-06-12 02:35:00,408 - DEBUG - Step 930: mean_loss(20): 0.2981394827365875 mean_loss(200): 0.3351907432079315
2017-06-12 02:35:06,201 - DEBUG - Step 940: mean_loss(20): 0.35553422570228577 mean_loss(200): 0.3329404890537262
2017-06-12 02:35:11,992 - DEBUG - Step 950: mean_loss(20): 0.4074665606021881 mean_loss(200): 0.3350871801376343
2017-06-12 02:35:17,777 - DEBUG - Step 960: mean_loss(20): 0.37301895022392273 mean_loss(200): 0.3378430902957916
2017-06-12 02:35:23,554 - DEBUG - Step 970: mean_loss(20): 0.36813533306121826 mean_loss(200): 0.3409099280834198
2017-06-12 02:35:29,359 - DEBUG - Step 980: mean_loss(20): 0.35799819231033325 mean_loss(200): 0.34314730763435364
2017-06-12 02:35:35,133 - DEBUG - Step 990: mean_loss(20): 0.32695454359054565 mean_loss(200): 0.34175780415534973
2017-06-12 02:35:40,921 - DEBUG - Step 1000: mean_loss(20): 0.32032132148742676 mean_loss(200): 0.34718140959739685
2017-06-12 02:35:46,715 - DEBUG - Step 1010: mean_loss(20): 0.3489777147769928 mean_loss(200): 0.3509935736656189
2017-06-12 02:35:52,499 - DEBUG - Step 1020: mean_loss(20): 0.3303118944168091 mean_loss(200): 0.34950172901153564
2017-06-12 02:35:58,309 - DEBUG - Step 1030: mean_loss(20): 0.32519689202308655 mean_loss(200): 0.35036757588386536
2017-06-12 02:36:04,086 - DEBUG - Step 1040: mean_loss(20): 0.3229740262031555 mean_loss(200): 0.3439723253250122
2017-06-12 02:36:09,886 - DEBUG - Step 1050: mean_loss(20): 0.35814863443374634 mean_loss(200): 0.34372586011886597
2017-06-12 02:36:15,681 - DEBUG - Step 1060: mean_loss(20): 0.3761128783226013 mean_loss(200): 0.3427574038505554
2017-06-12 02:36:21,466 - DEBUG - Step 1070: mean_loss(20): 0.32948851585388184 mean_loss(200): 0.3432076573371887
2017-06-12 02:36:27,249 - DEBUG - Step 1080: mean_loss(20): 0.30900877714157104 mean_loss(200): 0.3438946008682251
2017-06-12 02:36:33,026 - DEBUG - Step 1090: mean_loss(20): 0.33468934893608093 mean_loss(200): 0.34603169560432434
2017-06-12 02:36:38,803 - DEBUG - Step 1100: mean_loss(20): 0.35445261001586914 mean_loss(200): 0.3432389795780182
2017-06-12 02:36:44,584 - DEBUG - Step 1110: mean_loss(20): 0.37467533349990845 mean_loss(200): 0.34718722105026245
2017-06-12 02:36:50,377 - DEBUG - Step 1120: mean_loss(20): 0.36904898285865784 mean_loss(200): 0.34687820076942444
2017-06-12 02:36:56,169 - DEBUG - Step 1130: mean_loss(20): 0.3182080388069153 mean_loss(200): 0.34919410943984985
2017-06-12 02:37:01,955 - DEBUG - Step 1140: mean_loss(20): 0.31728994846343994 mean_loss(200): 0.3430537283420563
2017-06-12 02:37:07,764 - DEBUG - Step 1150: mean_loss(20): 0.31867578625679016 mean_loss(200): 0.3403150141239166
2017-06-12 02:37:13,529 - DEBUG - Step 1160: mean_loss(20): 0.2986815869808197 mean_loss(200): 0.33562004566192627
2017-06-12 02:37:19,330 - DEBUG - Step 1170: mean_loss(20): 0.31808528304100037 mean_loss(200): 0.3353099822998047
2017-06-12 02:37:25,099 - DEBUG - Step 1180: mean_loss(20): 0.34616583585739136 mean_loss(200): 0.3344368040561676
2017-06-12 02:37:30,890 - DEBUG - Step 1190: mean_loss(20): 0.35986775159835815 mean_loss(200): 0.338601291179657
2017-06-12 02:37:36,686 - DEBUG - Step 1200: mean_loss(20): 0.4391387104988098 mean_loss(200): 0.3463185131549835
2017-06-12 02:37:42,482 - DEBUG - Step 1210: mean_loss(20): 0.4136973023414612 mean_loss(200): 0.34507328271865845
2017-06-12 02:37:48,263 - DEBUG - Step 1220: mean_loss(20): 0.34359997510910034 mean_loss(200): 0.3476473093032837
2017-06-12 02:37:54,045 - DEBUG - Step 1230: mean_loss(20): 0.44881948828697205 mean_loss(200): 0.35743552446365356
2017-06-12 02:37:59,842 - DEBUG - Step 1240: mean_loss(20): 0.5422663688659668 mean_loss(200): 0.3695765733718872
2017-06-12 02:38:05,638 - DEBUG - Step 1250: mean_loss(20): 0.4755135476589203 mean_loss(200): 0.36917200684547424
2017-06-12 02:38:11,428 - DEBUG - Step 1260: mean_loss(20): 0.45211338996887207 mean_loss(200): 0.37717658281326294
2017-06-12 02:38:12,001 - INFO - End of epoch, training set loss (whole epoch avg): 0.34946364164352417
2017-06-12 02:38:12,394 - DEBUG - Step 0: mean_loss(20): 0.2403079718351364 mean_loss(200): 0.2403079718351364
2017-06-12 02:38:16,301 - DEBUG - Step 10: mean_loss(20): 0.28184810280799866 mean_loss(200): 0.28184810280799866
2017-06-12 02:38:20,266 - DEBUG - Step 20: mean_loss(20): 0.2864164710044861 mean_loss(200): 0.284220814704895
2017-06-12 02:38:24,235 - DEBUG - Step 30: mean_loss(20): 0.2699560523033142 mean_loss(200): 0.2741757929325104
2017-06-12 02:38:28,240 - DEBUG - Step 40: mean_loss(20): 0.26219993829727173 mean_loss(200): 0.2734788954257965
2017-06-12 02:38:32,225 - DEBUG - Step 50: mean_loss(20): 0.2814030051231384 mean_loss(200): 0.2770100235939026
2017-06-12 02:38:36,203 - DEBUG - Step 60: mean_loss(20): 0.2886146903038025 mean_loss(200): 0.278441458940506
2017-06-12 02:38:37,792 - INFO - Validation set loss: 0.2786295413970947
2017-06-12 02:38:37,792 - INFO - ====== START OF EPOCH 2 ======
2017-06-12 02:38:38,372 - DEBUG - Step 0: mean_loss(20): 0.28626149892807007 mean_loss(200): 0.28626149892807007
2017-06-12 02:38:44,113 - DEBUG - Step 10: mean_loss(20): 0.4316371977329254 mean_loss(200): 0.4316371977329254
2017-06-12 02:38:49,865 - DEBUG - Step 20: mean_loss(20): 0.41731971502304077 mean_loss(200): 0.41107890009880066
2017-06-12 02:38:55,663 - DEBUG - Step 30: mean_loss(20): 0.5468451976776123 mean_loss(200): 0.505964994430542
2017-06-12 02:39:01,473 - DEBUG - Step 40: mean_loss(20): 0.6040053367614746 mean_loss(200): 0.5051893591880798
2017-06-12 02:39:07,266 - DEBUG - Step 50: mean_loss(20): 0.444981187582016 mean_loss(200): 0.48204976320266724
2017-06-12 02:39:13,051 - DEBUG - Step 60: mean_loss(20): 0.42501649260520935 mean_loss(200): 0.478903204202652
2017-06-12 02:39:18,836 - DEBUG - Step 70: mean_loss(20): 0.37850242853164673 mean_loss(200): 0.45288151502609253
2017-06-12 02:39:24,633 - DEBUG - Step 80: mean_loss(20): 0.314134418964386 mean_loss(200): 0.43821951746940613
2017-06-12 02:39:30,407 - DEBUG - Step 90: mean_loss(20): 0.30092865228652954 mean_loss(200): 0.41948527097702026
2017-06-12 02:39:36,197 - DEBUG - Step 100: mean_loss(20): 0.3167267441749573 mean_loss(200): 0.4141615331172943
2017-06-12 02:39:42,020 - DEBUG - Step 110: mean_loss(20): 0.36874404549598694 mean_loss(200): 0.4103426933288574
2017-06-12 02:39:47,798 - DEBUG - Step 120: mean_loss(20): 0.3776318430900574 mean_loss(200): 0.40812355279922485
2017-06-12 02:39:53,574 - DEBUG - Step 130: mean_loss(20): 0.3920383155345917 mean_loss(200): 0.4075481593608856
2017-06-12 02:39:59,385 - DEBUG - Step 140: mean_loss(20): 0.3702176511287689 mean_loss(200): 0.40274685621261597
2017-06-12 02:40:05,158 - DEBUG - Step 150: mean_loss(20): 0.3303787112236023 mean_loss(200): 0.3973270058631897
2017-06-12 02:40:10,930 - DEBUG - Step 160: mean_loss(20): 0.3304286599159241 mean_loss(200): 0.3937632441520691
2017-06-12 02:40:16,724 - DEBUG - Step 170: mean_loss(20): 0.4044507145881653 mean_loss(200): 0.3981602191925049
2017-06-12 02:40:22,518 - DEBUG - Step 180: mean_loss(20): 0.4352203905582428 mean_loss(200): 0.3983441889286041
