2017-06-03 21:31:39,528 - INFO - Start training
2017-06-03 21:31:43,254 - INFO - ====== START OF EPOCH 0 ======
2017-06-03 21:31:45,808 - INFO - Step 0: mean_loss(20): 1.2749909162521362 mean_loss(200): 1.2749909162521362
2017-06-03 21:31:51,106 - INFO - Step 10: mean_loss(20): 0.7090254426002502 mean_loss(200): 0.7090254426002502
2017-06-03 21:31:56,587 - INFO - Step 20: mean_loss(20): 0.5449240803718567 mean_loss(200): 0.5796891450881958
2017-06-03 21:32:02,105 - INFO - Step 30: mean_loss(20): 0.43781477212905884 mean_loss(200): 0.5340507626533508
2017-06-03 21:32:07,598 - INFO - Step 40: mean_loss(20): 0.3914753794670105 mean_loss(200): 0.48787757754325867
2017-06-03 21:32:13,089 - INFO - Step 50: mean_loss(20): 0.3260161280632019 mean_loss(200): 0.452468603849411
2017-06-03 21:32:18,595 - INFO - Step 60: mean_loss(20): 0.32840436697006226 mean_loss(200): 0.43559134006500244
2017-06-03 21:32:24,114 - INFO - Step 70: mean_loss(20): 0.35307005047798157 mean_loss(200): 0.424468994140625
2017-06-03 21:32:29,637 - INFO - Step 80: mean_loss(20): 0.3305683135986328 mean_loss(200): 0.4096596837043762
2017-06-03 21:32:35,160 - INFO - Step 90: mean_loss(20): 0.27245092391967773 mean_loss(200): 0.39105844497680664
2017-06-03 21:32:40,712 - INFO - Step 100: mean_loss(20): 0.2695804536342621 mean_loss(200): 0.3819212317466736
2017-06-03 21:32:46,236 - INFO - Step 110: mean_loss(20): 0.27743178606033325 mean_loss(200): 0.3705851435661316
2017-06-03 21:32:51,747 - INFO - Step 120: mean_loss(20): 0.26735299825668335 mean_loss(200): 0.362984299659729
2017-06-03 21:32:57,268 - INFO - Step 130: mean_loss(20): 0.27691224217414856 mean_loss(200): 0.356283962726593
2017-06-03 21:33:02,838 - INFO - Step 140: mean_loss(20): 0.2807339131832123 mean_loss(200): 0.3513176143169403
2017-06-03 21:33:08,384 - INFO - Step 150: mean_loss(20): 0.27886295318603516 mean_loss(200): 0.34602952003479004
2017-06-03 21:33:13,984 - INFO - Step 160: mean_loss(20): 0.2925609052181244 mean_loss(200): 0.3440186381340027
2017-06-03 21:33:19,547 - INFO - Step 170: mean_loss(20): 0.2991512417793274 mean_loss(200): 0.3405466675758362
2017-06-03 21:33:25,093 - INFO - Step 180: mean_loss(20): 0.26627498865127563 mean_loss(200): 0.3354281783103943
2017-06-03 21:33:30,624 - INFO - Step 190: mean_loss(20): 0.25929683446884155 mean_loss(200): 0.33203884959220886
2017-06-03 21:33:36,236 - INFO - Step 200: mean_loss(20): 0.286060631275177 mean_loss(200): 0.32579362392425537
2017-06-03 21:33:41,785 - INFO - Step 210: mean_loss(20): 0.27956336736679077 mean_loss(200): 0.30605700612068176
2017-06-03 21:33:47,312 - INFO - Step 220: mean_loss(20): 0.2528178095817566 mean_loss(200): 0.29658299684524536
2017-06-03 21:33:52,875 - INFO - Step 230: mean_loss(20): 0.24975287914276123 mean_loss(200): 0.2872508466243744
2017-06-03 21:33:58,433 - INFO - Step 240: mean_loss(20): 0.25422173738479614 mean_loss(200): 0.28285762667655945
2017-06-03 21:34:03,994 - INFO - Step 250: mean_loss(20): 0.24855124950408936 mean_loss(200): 0.27950435876846313
2017-06-03 21:34:09,539 - INFO - Step 260: mean_loss(20): 0.263838529586792 mean_loss(200): 0.27640101313591003
2017-06-03 21:34:15,113 - INFO - Step 270: mean_loss(20): 0.2917290925979614 mean_loss(200): 0.27337023615837097
2017-06-03 21:34:20,704 - INFO - Step 280: mean_loss(20): 0.2790795862674713 mean_loss(200): 0.2712521255016327
2017-06-03 21:34:26,265 - INFO - Step 290: mean_loss(20): 0.26177167892456055 mean_loss(200): 0.2723023295402527
2017-06-03 21:34:31,947 - INFO - Step 300: mean_loss(20): 0.26671940088272095 mean_loss(200): 0.2709660232067108
2017-06-03 21:34:37,498 - INFO - Step 310: mean_loss(20): 0.26435935497283936 mean_loss(200): 0.2709950804710388
2017-06-03 21:34:43,069 - INFO - Step 320: mean_loss(20): 0.25095611810684204 mean_loss(200): 0.2693263292312622
2017-06-03 21:34:48,580 - INFO - Step 330: mean_loss(20): 0.23215830326080322 mean_loss(200): 0.2665196657180786
2017-06-03 21:34:54,120 - INFO - Step 340: mean_loss(20): 0.24892453849315643 mean_loss(200): 0.26614540815353394
2017-06-03 21:34:59,632 - INFO - Step 350: mean_loss(20): 0.24109037220478058 mean_loss(200): 0.26274242997169495
2017-06-03 21:35:05,199 - INFO - Step 360: mean_loss(20): 0.2234380692243576 mean_loss(200): 0.25923311710357666
2017-06-03 21:35:10,777 - INFO - Step 370: mean_loss(20): 0.24257977306842804 mean_loss(200): 0.25708529353141785
2017-06-03 21:35:16,353 - INFO - Step 380: mean_loss(20): 0.24400770664215088 mean_loss(200): 0.2570064067840576
2017-06-03 21:35:21,930 - INFO - Step 390: mean_loss(20): 0.26945072412490845 mean_loss(200): 0.2581006586551666
2017-06-03 21:35:27,511 - INFO - Step 400: mean_loss(20): 0.27662307024002075 mean_loss(200): 0.25606265664100647
2017-06-03 21:35:33,112 - INFO - Step 410: mean_loss(20): 0.2459181249141693 mean_loss(200): 0.25473615527153015
2017-06-03 21:35:38,652 - INFO - Step 420: mean_loss(20): 0.24722054600715637 mean_loss(200): 0.25550293922424316
2017-06-03 21:35:44,235 - INFO - Step 430: mean_loss(20): 0.2387218177318573 mean_loss(200): 0.253633052110672
2017-06-03 21:35:49,831 - INFO - Step 440: mean_loss(20): 0.25324106216430664 mean_loss(200): 0.25540485978126526
2017-06-03 21:35:55,392 - INFO - Step 450: mean_loss(20): 0.2620347738265991 mean_loss(200): 0.2549813985824585
2017-06-03 21:36:00,976 - INFO - Step 460: mean_loss(20): 0.23246614634990692 mean_loss(200): 0.25226762890815735
2017-06-03 21:36:06,590 - INFO - Step 470: mean_loss(20): 0.2572649121284485 mean_loss(200): 0.25153499841690063
2017-06-03 21:36:12,177 - INFO - Step 480: mean_loss(20): 0.26946359872817993 mean_loss(200): 0.25130602717399597
2017-06-03 21:36:17,759 - INFO - Step 490: mean_loss(20): 0.26904433965682983 mean_loss(200): 0.25226226449012756
2017-06-03 21:36:23,345 - INFO - Step 500: mean_loss(20): 0.25875651836395264 mean_loss(200): 0.25050970911979675
2017-06-03 21:36:28,974 - INFO - Step 510: mean_loss(20): 0.23679669201374054 mean_loss(200): 0.24950599670410156
2017-06-03 21:36:34,542 - INFO - Step 520: mean_loss(20): 0.2389250099658966 mean_loss(200): 0.24930663406848907
2017-06-03 21:36:40,109 - INFO - Step 530: mean_loss(20): 0.2152429074048996 mean_loss(200): 0.24781444668769836
2017-06-03 21:36:45,727 - INFO - Step 540: mean_loss(20): 0.20971179008483887 mean_loss(200): 0.24538536369800568
2017-06-03 21:36:51,303 - INFO - Step 550: mean_loss(20): 0.22282905876636505 mean_loss(200): 0.24598830938339233
2017-06-03 21:36:56,872 - INFO - Step 560: mean_loss(20): 0.20902597904205322 mean_loss(200): 0.24394415318965912
2017-06-03 21:37:02,498 - INFO - Step 570: mean_loss(20): 0.21189840137958527 mean_loss(200): 0.2429201453924179
2017-06-03 21:37:08,081 - INFO - Step 580: mean_loss(20): 0.2372361421585083 mean_loss(200): 0.2432669848203659
2017-06-03 21:37:13,653 - INFO - Step 590: mean_loss(20): 0.24041616916656494 mean_loss(200): 0.24001671373844147
2017-06-03 21:37:19,217 - INFO - Step 600: mean_loss(20): 0.23746247589588165 mean_loss(200): 0.23935092985630035
2017-06-03 21:37:24,784 - INFO - Step 610: mean_loss(20): 0.23022189736366272 mean_loss(200): 0.23844711482524872
2017-06-03 21:37:30,369 - INFO - Step 620: mean_loss(20): 0.22939348220825195 mean_loss(200): 0.2375682294368744
2017-06-03 21:37:35,943 - INFO - Step 630: mean_loss(20): 0.22561009228229523 mean_loss(200): 0.23713593184947968
2017-06-03 21:37:41,539 - INFO - Step 640: mean_loss(20): 0.2282637655735016 mean_loss(200): 0.23507048189640045
2017-06-03 21:37:47,099 - INFO - Step 650: mean_loss(20): 0.24359336495399475 mean_loss(200): 0.23529177904129028
2017-06-03 21:37:52,674 - INFO - Step 660: mean_loss(20): 0.23153242468833923 mean_loss(200): 0.2349771112203598
2017-06-03 21:37:58,219 - INFO - Step 670: mean_loss(20): 0.2226468324661255 mean_loss(200): 0.2318299412727356
2017-06-03 21:38:03,806 - INFO - Step 680: mean_loss(20): 0.2337498664855957 mean_loss(200): 0.23140574991703033
2017-06-03 21:38:09,377 - INFO - Step 690: mean_loss(20): 0.2466432750225067 mean_loss(200): 0.22958986461162567
2017-06-03 21:38:14,976 - INFO - Step 700: mean_loss(20): 0.22100785374641418 mean_loss(200): 0.2276308834552765
2017-06-03 21:38:20,578 - INFO - Step 710: mean_loss(20): 0.19803762435913086 mean_loss(200): 0.22571395337581635
2017-06-03 21:38:26,184 - INFO - Step 720: mean_loss(20): 0.21743080019950867 mean_loss(200): 0.22548146545886993
2017-06-03 21:38:31,757 - INFO - Step 730: mean_loss(20): 0.22840790450572968 mean_loss(200): 0.2270304560661316
2017-06-03 21:38:37,309 - INFO - Step 740: mean_loss(20): 0.2142598181962967 mean_loss(200): 0.22593626379966736
2017-06-03 21:38:42,908 - INFO - Step 750: mean_loss(20): 0.22947199642658234 mean_loss(200): 0.22769476473331451
2017-06-03 21:38:48,441 - INFO - Step 760: mean_loss(20): 0.23118264973163605 mean_loss(200): 0.22815193235874176
2017-06-03 21:38:53,988 - INFO - Step 770: mean_loss(20): 0.21275000274181366 mean_loss(200): 0.22777992486953735
2017-06-03 21:38:59,576 - INFO - Step 780: mean_loss(20): 0.21257814764976501 mean_loss(200): 0.22568611800670624
2017-06-03 21:39:05,165 - INFO - Step 790: mean_loss(20): 0.21173587441444397 mean_loss(200): 0.2249118834733963
2017-06-03 21:39:10,751 - INFO - Step 800: mean_loss(20): 0.2042618691921234 mean_loss(200): 0.222366064786911
2017-06-03 21:39:16,337 - INFO - Step 810: mean_loss(20): 0.21416983008384705 mean_loss(200): 0.22330670058727264
2017-06-03 21:39:21,888 - INFO - Step 820: mean_loss(20): 0.22418639063835144 mean_loss(200): 0.2218453586101532
2017-06-03 21:39:27,462 - INFO - Step 830: mean_loss(20): 0.22828605771064758 mean_loss(200): 0.22357428073883057
2017-06-03 21:39:33,159 - INFO - Step 840: mean_loss(20): 0.20785395801067352 mean_loss(200): 0.21980437636375427
2017-06-03 21:39:38,768 - INFO - Step 850: mean_loss(20): 0.1795690506696701 mean_loss(200): 0.21717186272144318
2017-06-03 21:39:44,339 - INFO - Step 860: mean_loss(20): 0.19320645928382874 mean_loss(200): 0.21597176790237427
2017-06-03 21:39:49,946 - INFO - Step 870: mean_loss(20): 0.210440993309021 mean_loss(200): 0.21595126390457153
2017-06-03 21:39:55,511 - INFO - Step 880: mean_loss(20): 0.2174147367477417 mean_loss(200): 0.2143382579088211
2017-06-03 21:40:01,105 - INFO - Step 890: mean_loss(20): 0.21811909973621368 mean_loss(200): 0.21309885382652283
2017-06-03 21:40:06,701 - INFO - Step 900: mean_loss(20): 0.20557346940040588 mean_loss(200): 0.21279484033584595
2017-06-03 21:40:12,293 - INFO - Step 910: mean_loss(20): 0.2215307503938675 mean_loss(200): 0.21544815599918365
2017-06-03 21:40:17,897 - INFO - Step 920: mean_loss(20): 0.23084425926208496 mean_loss(200): 0.21413618326187134
2017-06-03 21:40:23,473 - INFO - Step 930: mean_loss(20): 0.21472367644309998 mean_loss(200): 0.21407972276210785
2017-06-03 21:40:29,026 - INFO - Step 940: mean_loss(20): 0.20255699753761292 mean_loss(200): 0.21296589076519012
2017-06-03 21:40:34,632 - INFO - Step 950: mean_loss(20): 0.1939948946237564 mean_loss(200): 0.21053200960159302
2017-06-03 21:40:40,219 - INFO - Step 960: mean_loss(20): 0.2053605020046234 mean_loss(200): 0.21038368344306946
2017-06-03 21:40:45,830 - INFO - Step 970: mean_loss(20): 0.20544178783893585 mean_loss(200): 0.20980119705200195
2017-06-03 21:40:51,407 - INFO - Step 980: mean_loss(20): 0.2063000500202179 mean_loss(200): 0.20975585281848907
2017-06-03 21:40:56,964 - INFO - Step 990: mean_loss(20): 0.20691046118736267 mean_loss(200): 0.20931865274906158
2017-06-03 21:41:02,543 - INFO - Step 1000: mean_loss(20): 0.20312747359275818 mean_loss(200): 0.2096424251794815
2017-06-03 21:41:08,124 - INFO - Step 1010: mean_loss(20): 0.21346263587474823 mean_loss(200): 0.20924793183803558
2017-06-03 21:41:13,707 - INFO - Step 1020: mean_loss(20): 0.21554620563983917 mean_loss(200): 0.20877839624881744
2017-06-03 21:41:19,339 - INFO - Step 1030: mean_loss(20): 0.21446199715137482 mean_loss(200): 0.20786552131175995
2017-06-03 21:41:24,949 - INFO - Step 1040: mean_loss(20): 0.20011186599731445 mean_loss(200): 0.2080041915178299
2017-06-03 21:41:30,521 - INFO - Step 1050: mean_loss(20): 0.191201850771904 mean_loss(200): 0.20902881026268005
2017-06-03 21:41:36,123 - INFO - Step 1060: mean_loss(20): 0.20633268356323242 mean_loss(200): 0.20931681990623474
2017-06-03 21:41:41,677 - INFO - Step 1070: mean_loss(20): 0.19702953100204468 mean_loss(200): 0.20768767595291138
2017-06-03 21:41:47,275 - INFO - Step 1080: mean_loss(20): 0.19869105517864227 mean_loss(200): 0.2074444591999054
2017-06-03 21:41:52,848 - INFO - Step 1090: mean_loss(20): 0.21368727087974548 mean_loss(200): 0.20724447071552277
2017-06-03 21:41:58,431 - INFO - Step 1100: mean_loss(20): 0.21108201146125793 mean_loss(200): 0.20799529552459717
2017-06-03 21:42:04,008 - INFO - Step 1110: mean_loss(20): 0.2051001340150833 mean_loss(200): 0.20560142397880554
2017-06-03 21:42:09,597 - INFO - Step 1120: mean_loss(20): 0.22563514113426208 mean_loss(200): 0.20747441053390503
2017-06-03 21:42:15,142 - INFO - Step 1130: mean_loss(20): 0.2383681982755661 mean_loss(200): 0.2079658955335617
2017-06-03 21:42:20,737 - INFO - Step 1140: mean_loss(20): 0.20946800708770752 mean_loss(200): 0.2081655114889145
2017-06-03 21:42:26,307 - INFO - Step 1150: mean_loss(20): 0.1994694173336029 mean_loss(200): 0.20851333439350128
2017-06-03 21:42:31,932 - INFO - Step 1160: mean_loss(20): 0.21878281235694885 mean_loss(200): 0.20950773358345032
2017-06-03 21:42:37,506 - INFO - Step 1170: mean_loss(20): 0.20930489897727966 mean_loss(200): 0.20889964699745178
2017-06-03 21:42:43,121 - INFO - Step 1180: mean_loss(20): 0.20864644646644592 mean_loss(200): 0.20974236726760864
2017-06-03 21:42:48,712 - INFO - Step 1190: mean_loss(20): 0.2171449363231659 mean_loss(200): 0.20992308855056763
2017-06-03 21:42:54,276 - INFO - Step 1200: mean_loss(20): 0.22560665011405945 mean_loss(200): 0.21199028193950653
2017-06-03 21:42:59,877 - INFO - Step 1210: mean_loss(20): 0.24004633724689484 mean_loss(200): 0.21258144080638885
2017-06-03 21:43:05,417 - INFO - Step 1220: mean_loss(20): 0.21930965781211853 mean_loss(200): 0.21236664056777954
2017-06-03 21:43:11,015 - INFO - Step 1230: mean_loss(20): 0.22107668220996857 mean_loss(200): 0.21324293315410614
2017-06-03 21:43:16,597 - INFO - Step 1240: mean_loss(20): 0.21977248787879944 mean_loss(200): 0.2143326997756958
2017-06-03 21:43:22,182 - INFO - Step 1250: mean_loss(20): 0.19634120166301727 mean_loss(200): 0.21375685930252075
2017-06-03 21:43:26,684 - INFO - End of epoch, training set loss (whole epoch avg: 0.2438272386789322
2017-06-03 21:43:26,902 - INFO - Step 0: mean_loss(20): 0.42090320587158203 mean_loss(200): 0.42090320587158203
2017-06-03 21:43:28,690 - INFO - Step 10: mean_loss(20): 0.426068514585495 mean_loss(200): 0.426068514585495
2017-06-03 21:43:30,569 - INFO - Step 20: mean_loss(20): 0.4361768364906311 mean_loss(200): 0.4354494512081146
2017-06-03 21:43:32,467 - INFO - Step 30: mean_loss(20): 0.4514176845550537 mean_loss(200): 0.4424228072166443
2017-06-03 21:43:34,294 - INFO - Step 40: mean_loss(20): 0.4575970768928528 mean_loss(200): 0.4462531805038452
2017-06-03 21:43:36,190 - INFO - Step 50: mean_loss(20): 0.43148988485336304 mean_loss(200): 0.4381353259086609
2017-06-03 21:43:38,078 - INFO - Step 60: mean_loss(20): 0.4308084547519684 mean_loss(200): 0.44118934869766235
2017-06-03 21:43:39,381 - INFO - Validation loss: 0.44694772362709045
2017-06-03 21:43:39,382 - INFO - ====== START OF EPOCH 1 ======
2017-06-03 21:43:39,971 - INFO - Step 0: mean_loss(20): 0.21625442802906036 mean_loss(200): 0.21625442802906036
2017-06-03 21:43:45,577 - INFO - Step 10: mean_loss(20): 0.2016439437866211 mean_loss(200): 0.2016439437866211
2017-06-03 21:43:51,210 - INFO - Step 20: mean_loss(20): 0.19767016172409058 mean_loss(200): 0.19855515658855438
2017-06-03 21:43:56,787 - INFO - Step 30: mean_loss(20): 0.19972267746925354 mean_loss(200): 0.20040442049503326
2017-06-03 21:44:02,459 - INFO - Step 40: mean_loss(20): 0.2156679630279541 mean_loss(200): 0.20690284669399261
2017-06-03 21:44:08,064 - INFO - Step 50: mean_loss(20): 0.23705363273620605 mean_loss(200): 0.2147766500711441
2017-06-03 21:44:13,630 - INFO - Step 60: mean_loss(20): 0.22556538879871368 mean_loss(200): 0.21302172541618347
2017-06-03 21:44:19,215 - INFO - Step 70: mean_loss(20): 0.1988590806722641 mean_loss(200): 0.21029283106327057
2017-06-03 21:44:24,833 - INFO - Step 80: mean_loss(20): 0.2007085084915161 mean_loss(200): 0.20998144149780273
2017-06-03 21:44:30,408 - INFO - Step 90: mean_loss(20): 0.1995304375886917 mean_loss(200): 0.20792748034000397
2017-06-03 21:44:36,024 - INFO - Step 100: mean_loss(20): 0.20264525711536407 mean_loss(200): 0.20852872729301453
2017-06-03 21:44:41,610 - INFO - Step 110: mean_loss(20): 0.2253226935863495 mean_loss(200): 0.2110617458820343
2017-06-03 21:44:47,196 - INFO - Step 120: mean_loss(20): 0.20645856857299805 mean_loss(200): 0.2081865519285202
2017-06-03 21:44:52,751 - INFO - Step 130: mean_loss(20): 0.17512783408164978 mean_loss(200): 0.20557564496994019
2017-06-03 21:44:58,338 - INFO - Step 140: mean_loss(20): 0.1712569147348404 mean_loss(200): 0.20294830203056335
2017-06-03 21:45:03,936 - INFO - Step 150: mean_loss(20): 0.18891867995262146 mean_loss(200): 0.20336943864822388
2017-06-03 21:45:09,495 - INFO - Step 160: mean_loss(20): 0.2089453935623169 mean_loss(200): 0.20369330048561096
2017-06-03 21:45:15,041 - INFO - Step 170: mean_loss(20): 0.19424965977668762 mean_loss(200): 0.20230278372764587
2017-06-03 21:45:20,610 - INFO - Step 180: mean_loss(20): 0.20024614036083221 mean_loss(200): 0.20331236720085144
2017-06-03 21:45:26,217 - INFO - Step 190: mean_loss(20): 0.2025761604309082 mean_loss(200): 0.20233142375946045
2017-06-03 21:45:31,810 - INFO - Step 200: mean_loss(20): 0.1879919320344925 mean_loss(200): 0.2017156183719635
2017-06-03 21:45:37,413 - INFO - Step 210: mean_loss(20): 0.1979944407939911 mean_loss(200): 0.2019355446100235
2017-06-03 21:45:43,045 - INFO - Step 220: mean_loss(20): 0.1954236775636673 mean_loss(200): 0.20149096846580505
2017-06-03 21:45:48,648 - INFO - Step 230: mean_loss(20): 0.20439091324806213 mean_loss(200): 0.20240238308906555
2017-06-03 21:45:54,244 - INFO - Step 240: mean_loss(20): 0.2246764898300171 mean_loss(200): 0.2023918181657791
2017-06-03 21:45:59,850 - INFO - Step 250: mean_loss(20): 0.21283841133117676 mean_loss(200): 0.19998085498809814
2017-06-03 21:46:05,410 - INFO - Step 260: mean_loss(20): 0.1867324560880661 mean_loss(200): 0.19850854575634003
2017-06-03 21:46:10,976 - INFO - Step 270: mean_loss(20): 0.19045856595039368 mean_loss(200): 0.1991407722234726
2017-06-03 21:46:16,563 - INFO - Step 280: mean_loss(20): 0.20250758528709412 mean_loss(200): 0.19868844747543335
2017-06-03 21:46:22,158 - INFO - Step 290: mean_loss(20): 0.18487057089805603 mean_loss(200): 0.19767479598522186
2017-06-03 21:46:27,743 - INFO - Step 300: mean_loss(20): 0.1851692497730255 mean_loss(200): 0.1969408392906189
2017-06-03 21:46:33,308 - INFO - Step 310: mean_loss(20): 0.18428798019886017 mean_loss(200): 0.1935713142156601
2017-06-03 21:46:38,900 - INFO - Step 320: mean_loss(20): 0.18825308978557587 mean_loss(200): 0.19512031972408295
2017-06-03 21:46:44,514 - INFO - Step 330: mean_loss(20): 0.2101522982120514 mean_loss(200): 0.1970737874507904
2017-06-03 21:46:50,112 - INFO - Step 340: mean_loss(20): 0.19677285850048065 mean_loss(200): 0.19767189025878906
2017-06-03 21:46:55,683 - INFO - Step 350: mean_loss(20): 0.18529506027698517 mean_loss(200): 0.19671139121055603
2017-06-03 21:47:01,268 - INFO - Step 360: mean_loss(20): 0.1944311261177063 mean_loss(200): 0.19622047245502472
2017-06-03 21:47:06,828 - INFO - Step 370: mean_loss(20): 0.19959932565689087 mean_loss(200): 0.19724637269973755
2017-06-03 21:47:12,421 - INFO - Step 380: mean_loss(20): 0.20344717800617218 mean_loss(200): 0.19654056429862976
2017-06-03 21:47:17,999 - INFO - Step 390: mean_loss(20): 0.20009562373161316 mean_loss(200): 0.19699831306934357
2017-06-03 21:47:23,583 - INFO - Step 400: mean_loss(20): 0.19336137175559998 mean_loss(200): 0.19707749783992767
2017-06-03 21:47:29,191 - INFO - Step 410: mean_loss(20): 0.18916510045528412 mean_loss(200): 0.1961154043674469
2017-06-03 21:47:34,733 - INFO - Step 420: mean_loss(20): 0.18800847232341766 mean_loss(200): 0.19633598625659943
2017-06-03 21:47:40,318 - INFO - Step 430: mean_loss(20): 0.1832624226808548 mean_loss(200): 0.19400253891944885
2017-06-03 21:47:45,939 - INFO - Step 440: mean_loss(20): 0.20788328349590302 mean_loss(200): 0.19465665519237518
2017-06-03 21:47:51,555 - INFO - Step 450: mean_loss(20): 0.22204403579235077 mean_loss(200): 0.19492310285568237
2017-06-03 21:47:57,114 - INFO - Step 460: mean_loss(20): 0.20080164074897766 mean_loss(200): 0.1960635781288147
2017-06-03 21:48:02,711 - INFO - Step 470: mean_loss(20): 0.1870957911014557 mean_loss(200): 0.1945868283510208
2017-06-03 21:48:08,263 - INFO - Step 480: mean_loss(20): 0.19643059372901917 mean_loss(200): 0.1954558938741684
2017-06-03 21:48:13,846 - INFO - Step 490: mean_loss(20): 0.20266041159629822 mean_loss(200): 0.1963658183813095
2017-06-03 21:48:19,359 - INFO - Step 500: mean_loss(20): 0.20694980025291443 mean_loss(200): 0.19763393700122833
2017-06-03 21:48:24,965 - INFO - Step 510: mean_loss(20): 0.20511922240257263 mean_loss(200): 0.19844894111156464
2017-06-03 21:48:30,553 - INFO - Step 520: mean_loss(20): 0.17648543417453766 mean_loss(200): 0.196457177400589
2017-06-03 21:48:36,151 - INFO - Step 530: mean_loss(20): 0.19476951658725739 mean_loss(200): 0.19691064953804016
2017-06-03 21:48:41,728 - INFO - Step 540: mean_loss(20): 0.20180031657218933 mean_loss(200): 0.19695991277694702
2017-06-03 21:48:47,319 - INFO - Step 550: mean_loss(20): 0.17618218064308167 mean_loss(200): 0.1959993541240692
2017-06-03 21:48:52,905 - INFO - Step 560: mean_loss(20): 0.17636843025684357 mean_loss(200): 0.19515365362167358
2017-06-03 21:48:58,487 - INFO - Step 570: mean_loss(20): 0.20009005069732666 mean_loss(200): 0.19604843854904175
2017-06-03 21:49:04,059 - INFO - Step 580: mean_loss(20): 0.20707210898399353 mean_loss(200): 0.19551612436771393
2017-06-03 21:49:09,654 - INFO - Step 590: mean_loss(20): 0.19980302453041077 mean_loss(200): 0.19601917266845703
2017-06-03 21:49:15,231 - INFO - Step 600: mean_loss(20): 0.19472172856330872 mean_loss(200): 0.19565218687057495
2017-06-03 21:49:20,850 - INFO - Step 610: mean_loss(20): 0.19187679886817932 mean_loss(200): 0.19629035890102386
2017-06-03 21:49:26,410 - INFO - Step 620: mean_loss(20): 0.18463779985904694 mean_loss(200): 0.1953151375055313
2017-06-03 21:49:32,007 - INFO - Step 630: mean_loss(20): 0.16884857416152954 mean_loss(200): 0.19484896957874298
2017-06-03 21:49:37,577 - INFO - Step 640: mean_loss(20): 0.16825136542320251 mean_loss(200): 0.19135193526744843
2017-06-03 21:49:43,144 - INFO - Step 650: mean_loss(20): 0.19091661274433136 mean_loss(200): 0.19173622131347656
2017-06-03 21:49:48,755 - INFO - Step 660: mean_loss(20): 0.20237302780151367 mean_loss(200): 0.19150905311107635
2017-06-03 21:49:54,327 - INFO - Step 670: mean_loss(20): 0.1933669000864029 mean_loss(200): 0.19236332178115845
2017-06-03 21:49:59,916 - INFO - Step 680: mean_loss(20): 0.2013060599565506 mean_loss(200): 0.19199661910533905
2017-06-03 21:50:05,502 - INFO - Step 690: mean_loss(20): 0.18133309483528137 mean_loss(200): 0.190230593085289
2017-06-03 21:50:11,090 - INFO - Step 700: mean_loss(20): 0.17379046976566315 mean_loss(200): 0.18868069350719452
2017-06-03 21:50:16,689 - INFO - Step 710: mean_loss(20): 0.19451791048049927 mean_loss(200): 0.1891704499721527
2017-06-03 21:50:22,234 - INFO - Step 720: mean_loss(20): 0.18255993723869324 mean_loss(200): 0.18928812444210052
2017-06-03 21:50:27,825 - INFO - Step 730: mean_loss(20): 0.1926017850637436 mean_loss(200): 0.1889536827802658
2017-06-03 21:50:33,412 - INFO - Step 740: mean_loss(20): 0.1988762617111206 mean_loss(200): 0.18899570405483246
2017-06-03 21:50:39,034 - INFO - Step 750: mean_loss(20): 0.18183234333992004 mean_loss(200): 0.18951870501041412
2017-06-03 21:50:44,618 - INFO - Step 760: mean_loss(20): 0.18837985396385193 mean_loss(200): 0.19019685685634613
2017-06-03 21:50:50,221 - INFO - Step 770: mean_loss(20): 0.19617663323879242 mean_loss(200): 0.1891273707151413
2017-06-03 21:50:55,807 - INFO - Step 780: mean_loss(20): 0.18779349327087402 mean_loss(200): 0.1882690042257309
2017-06-03 21:51:01,391 - INFO - Step 790: mean_loss(20): 0.1695709228515625 mean_loss(200): 0.1861041635274887
2017-06-03 21:51:06,939 - INFO - Step 800: mean_loss(20): 0.16853922605514526 mean_loss(200): 0.1856507509946823
2017-06-03 21:51:12,541 - INFO - Step 810: mean_loss(20): 0.19753478467464447 mean_loss(200): 0.1866699606180191
2017-06-03 21:51:18,102 - INFO - Step 820: mean_loss(20): 0.20065942406654358 mean_loss(200): 0.1872529238462448
2017-06-03 21:51:23,686 - INFO - Step 830: mean_loss(20): 0.1872667521238327 mean_loss(200): 0.18851177394390106
2017-06-03 21:51:29,276 - INFO - Step 840: mean_loss(20): 0.2017466127872467 mean_loss(200): 0.19060242176055908
2017-06-03 21:51:34,875 - INFO - Step 850: mean_loss(20): 0.21056433022022247 mean_loss(200): 0.19047653675079346
2017-06-03 21:51:40,454 - INFO - Step 860: mean_loss(20): 0.20954790711402893 mean_loss(200): 0.19131992757320404
2017-06-03 21:51:46,031 - INFO - Step 870: mean_loss(20): 0.2050684690475464 mean_loss(200): 0.19164671003818512
2017-06-03 21:51:51,626 - INFO - Step 880: mean_loss(20): 0.18084874749183655 mean_loss(200): 0.18927417695522308
2017-06-03 21:51:57,215 - INFO - Step 890: mean_loss(20): 0.18859738111495972 mean_loss(200): 0.192373126745224
2017-06-03 21:52:02,822 - INFO - Step 900: mean_loss(20): 0.19427618384361267 mean_loss(200): 0.19132275879383087
2017-06-03 21:52:08,468 - INFO - Step 910: mean_loss(20): 0.19479387998580933 mean_loss(200): 0.1924007385969162
2017-06-03 21:52:14,086 - INFO - Step 920: mean_loss(20): 0.20002064108848572 mean_loss(200): 0.19306884706020355
2017-06-03 21:52:19,671 - INFO - Step 930: mean_loss(20): 0.18204365670681 mean_loss(200): 0.19134491682052612
2017-06-03 21:52:25,277 - INFO - Step 940: mean_loss(20): 0.18183282017707825 mean_loss(200): 0.19136448204517365
2017-06-03 21:52:30,901 - INFO - Step 950: mean_loss(20): 0.1757092922925949 mean_loss(200): 0.19073261320590973
2017-06-03 21:52:36,481 - INFO - Step 960: mean_loss(20): 0.17460641264915466 mean_loss(200): 0.18998713791370392
2017-06-03 21:52:42,076 - INFO - Step 970: mean_loss(20): 0.19736801087856293 mean_loss(200): 0.19085174798965454
2017-06-03 21:52:47,661 - INFO - Step 980: mean_loss(20): 0.20415937900543213 mean_loss(200): 0.1916237324476242
2017-06-03 21:52:53,241 - INFO - Step 990: mean_loss(20): 0.1913500279188156 mean_loss(200): 0.19302967190742493
2017-06-03 21:52:58,801 - INFO - Step 1000: mean_loss(20): 0.18705743551254272 mean_loss(200): 0.19347554445266724
2017-06-03 21:53:04,392 - INFO - Step 1010: mean_loss(20): 0.1924287974834442 mean_loss(200): 0.19251905381679535
2017-06-03 21:53:09,945 - INFO - Step 1020: mean_loss(20): 0.19305972754955292 mean_loss(200): 0.192715585231781
2017-06-03 21:53:15,523 - INFO - Step 1030: mean_loss(20): 0.17734310030937195 mean_loss(200): 0.19152668118476868
2017-06-03 21:53:21,128 - INFO - Step 1040: mean_loss(20): 0.16809828579425812 mean_loss(200): 0.18935073912143707
2017-06-03 21:53:26,727 - INFO - Step 1050: mean_loss(20): 0.17788396775722504 mean_loss(200): 0.18825866281986237
2017-06-03 21:53:32,336 - INFO - Step 1060: mean_loss(20): 0.18968670070171356 mean_loss(200): 0.1873646229505539
2017-06-03 21:53:37,922 - INFO - Step 1070: mean_loss(20): 0.18156811594963074 mean_loss(200): 0.18590861558914185
2017-06-03 21:53:43,508 - INFO - Step 1080: mean_loss(20): 0.18317459523677826 mean_loss(200): 0.18759721517562866
2017-06-03 21:53:49,105 - INFO - Step 1090: mean_loss(20): 0.20018844306468964 mean_loss(200): 0.18706773221492767
2017-06-03 21:53:54,695 - INFO - Step 1100: mean_loss(20): 0.21180307865142822 mean_loss(200): 0.18934990465641022
2017-06-03 21:54:00,300 - INFO - Step 1110: mean_loss(20): 0.20512492954730988 mean_loss(200): 0.18810082972049713
2017-06-03 21:54:05,905 - INFO - Step 1120: mean_loss(20): 0.20741891860961914 mean_loss(200): 0.19008971750736237
2017-06-03 21:54:11,487 - INFO - Step 1130: mean_loss(20): 0.20698091387748718 mean_loss(200): 0.19059455394744873
2017-06-03 21:54:17,075 - INFO - Step 1140: mean_loss(20): 0.18958988785743713 mean_loss(200): 0.1908654421567917
2017-06-03 21:54:22,670 - INFO - Step 1150: mean_loss(20): 0.19173839688301086 mean_loss(200): 0.19219747185707092
2017-06-03 21:54:28,214 - INFO - Step 1160: mean_loss(20): 0.1842310130596161 mean_loss(200): 0.1918278932571411
2017-06-03 21:54:33,826 - INFO - Step 1170: mean_loss(20): 0.17469540238380432 mean_loss(200): 0.18993021547794342
2017-06-03 21:54:39,447 - INFO - Step 1180: mean_loss(20): 0.16882626712322235 mean_loss(200): 0.18829460442066193
2017-06-03 21:54:45,049 - INFO - Step 1190: mean_loss(20): 0.17576350271701813 mean_loss(200): 0.18837156891822815
2017-06-03 21:54:50,623 - INFO - Step 1200: mean_loss(20): 0.1896740049123764 mean_loss(200): 0.1885562390089035
2017-06-03 21:54:56,208 - INFO - Step 1210: mean_loss(20): 0.18425190448760986 mean_loss(200): 0.18755386769771576
2017-06-03 21:55:01,835 - INFO - Step 1220: mean_loss(20): 0.17749013006687164 mean_loss(200): 0.18699927628040314
2017-06-03 21:55:07,466 - INFO - Step 1230: mean_loss(20): 0.16176657378673553 mean_loss(200): 0.1859961897134781
2017-06-03 21:55:13,070 - INFO - Step 1240: mean_loss(20): 0.17903585731983185 mean_loss(200): 0.18809303641319275
2017-06-03 21:55:18,632 - INFO - Step 1250: mean_loss(20): 0.2042122334241867 mean_loss(200): 0.18862903118133545
2017-06-03 21:55:23,132 - INFO - End of epoch, training set loss (whole epoch avg: 0.19306059181690216
2017-06-03 21:55:23,305 - INFO - Step 0: mean_loss(20): 0.40119999647140503 mean_loss(200): 0.40119999647140503
2017-06-03 21:55:25,182 - INFO - Step 10: mean_loss(20): 0.4372170567512512 mean_loss(200): 0.4372170567512512
2017-06-03 21:55:27,100 - INFO - Step 20: mean_loss(20): 0.4373841881752014 mean_loss(200): 0.4356611371040344
2017-06-03 21:55:28,967 - INFO - Step 30: mean_loss(20): 0.41872280836105347 mean_loss(200): 0.42528530955314636
2017-06-03 21:55:30,892 - INFO - Step 40: mean_loss(20): 0.407026469707489 mean_loss(200): 0.42169299721717834
2017-06-03 21:55:32,762 - INFO - Step 50: mean_loss(20): 0.42385202646255493 mean_loss(200): 0.42472323775291443
2017-06-03 21:55:34,626 - INFO - Step 60: mean_loss(20): 0.44565749168395996 mean_loss(200): 0.4295502305030823
2017-06-03 21:55:35,920 - INFO - Validation loss: 0.4324687421321869
2017-06-03 21:55:35,921 - INFO - ====== START OF EPOCH 2 ======
2017-06-03 21:55:36,509 - INFO - Step 0: mean_loss(20): 0.17351990938186646 mean_loss(200): 0.17351990938186646
2017-06-03 21:55:42,094 - INFO - Step 10: mean_loss(20): 0.20835576951503754 mean_loss(200): 0.20835576951503754
2017-06-03 21:55:47,672 - INFO - Step 20: mean_loss(20): 0.19715511798858643 mean_loss(200): 0.1960296332836151
2017-06-03 21:55:53,310 - INFO - Step 30: mean_loss(20): 0.18980905413627625 mean_loss(200): 0.19639018177986145
2017-06-03 21:55:58,910 - INFO - Step 40: mean_loss(20): 0.19903817772865295 mean_loss(200): 0.1974972039461136
2017-06-03 21:56:04,488 - INFO - Step 50: mean_loss(20): 0.18831995129585266 mean_loss(200): 0.19322536885738373
2017-06-03 21:56:10,097 - INFO - Step 60: mean_loss(20): 0.18682584166526794 mean_loss(200): 0.19399841129779816
2017-06-03 21:56:15,691 - INFO - Step 70: mean_loss(20): 0.19196903705596924 mean_loss(200): 0.19287146627902985
2017-06-03 21:56:21,279 - INFO - Step 80: mean_loss(20): 0.18024788796901703 mean_loss(200): 0.19060322642326355
2017-06-03 21:56:26,909 - INFO - Step 90: mean_loss(20): 0.17598125338554382 mean_loss(200): 0.1891593486070633
2017-06-03 21:56:32,510 - INFO - Step 100: mean_loss(20): 0.1783542037010193 mean_loss(200): 0.188177689909935
2017-06-03 21:56:38,116 - INFO - Step 110: mean_loss(20): 0.18178007006645203 mean_loss(200): 0.18782973289489746
2017-06-03 21:56:43,685 - INFO - Step 120: mean_loss(20): 0.17013385891914368 mean_loss(200): 0.1851952075958252
2017-06-03 21:56:49,312 - INFO - Step 130: mean_loss(20): 0.16280217468738556 mean_loss(200): 0.18400873243808746
2017-06-03 21:56:54,909 - INFO - Step 140: mean_loss(20): 0.1720445305109024 mean_loss(200): 0.18332988023757935
2017-06-03 21:57:00,514 - INFO - Step 150: mean_loss(20): 0.16826537251472473 mean_loss(200): 0.1819235235452652
2017-06-03 21:57:06,123 - INFO - Step 160: mean_loss(20): 0.19856718182563782 mean_loss(200): 0.18522271513938904
2017-06-03 21:57:11,747 - INFO - Step 170: mean_loss(20): 0.22677476704120636 mean_loss(200): 0.18716928362846375
2017-06-03 21:57:17,329 - INFO - Step 180: mean_loss(20): 0.19484272599220276 mean_loss(200): 0.18628570437431335
2017-06-03 21:57:22,945 - INFO - Step 190: mean_loss(20): 0.17457130551338196 mean_loss(200): 0.185850128531456
2017-06-03 21:57:28,570 - INFO - Step 200: mean_loss(20): 0.1858949363231659 mean_loss(200): 0.18631042540073395
2017-06-03 21:57:34,193 - INFO - Step 210: mean_loss(20): 0.1901455670595169 mean_loss(200): 0.18504184484481812
2017-06-03 21:57:39,793 - INFO - Step 220: mean_loss(20): 0.1793401837348938 mean_loss(200): 0.18452896177768707
2017-06-03 21:57:45,353 - INFO - Step 230: mean_loss(20): 0.1722918450832367 mean_loss(200): 0.18329013884067535
2017-06-03 21:57:50,949 - INFO - Step 240: mean_loss(20): 0.19166287779808044 mean_loss(200): 0.18379142880439758
2017-06-03 21:57:56,508 - INFO - Step 250: mean_loss(20): 0.19012096524238586 mean_loss(200): 0.1834702342748642
2017-06-03 21:58:02,104 - INFO - Step 260: mean_loss(20): 0.18815167248249054 mean_loss(200): 0.18392400443553925
2017-06-03 21:58:07,669 - INFO - Step 270: mean_loss(20): 0.18394885957241058 mean_loss(200): 0.18266822397708893
2017-06-03 21:58:13,266 - INFO - Step 280: mean_loss(20): 0.16881580650806427 mean_loss(200): 0.18278080224990845
2017-06-03 21:58:18,879 - INFO - Step 290: mean_loss(20): 0.1616830676794052 mean_loss(200): 0.18123839795589447
2017-06-03 21:58:24,508 - INFO - Step 300: mean_loss(20): 0.1625595986843109 mean_loss(200): 0.18120132386684418
2017-06-03 21:58:30,125 - INFO - Step 310: mean_loss(20): 0.19303971529006958 mean_loss(200): 0.18236437439918518
2017-06-03 21:58:35,726 - INFO - Step 320: mean_loss(20): 0.17886225879192352 mean_loss(200): 0.1820741593837738
2017-06-03 21:58:41,324 - INFO - Step 330: mean_loss(20): 0.16912385821342468 mean_loss(200): 0.18299652636051178
2017-06-03 21:58:46,935 - INFO - Step 340: mean_loss(20): 0.1827235370874405 mean_loss(200): 0.18314209580421448
2017-06-03 21:58:52,513 - INFO - Step 350: mean_loss(20): 0.1789882481098175 mean_loss(200): 0.18406881392002106
2017-06-03 21:58:58,084 - INFO - Step 360: mean_loss(20): 0.1605529487133026 mean_loss(200): 0.1793406456708908
2017-06-03 21:59:03,685 - INFO - Step 370: mean_loss(20): 0.15215525031089783 mean_loss(200): 0.17660686373710632
2017-06-03 21:59:09,315 - INFO - Step 380: mean_loss(20): 0.1614018976688385 mean_loss(200): 0.1759965717792511
2017-06-03 21:59:14,920 - INFO - Step 390: mean_loss(20): 0.15460342168807983 mean_loss(200): 0.17461007833480835
2017-06-03 21:59:20,587 - INFO - Step 400: mean_loss(20): 0.1633029580116272 mean_loss(200): 0.17373737692832947
2017-06-03 21:59:26,199 - INFO - Step 410: mean_loss(20): 0.1611759066581726 mean_loss(200): 0.17171309888362885
2017-06-03 21:59:31,815 - INFO - Step 420: mean_loss(20): 0.17576149106025696 mean_loss(200): 0.17337949573993683
2017-06-03 21:59:37,434 - INFO - Step 430: mean_loss(20): 0.1931932419538498 mean_loss(200): 0.17380325496196747
2017-06-03 21:59:43,040 - INFO - Step 440: mean_loss(20): 0.17142078280448914 mean_loss(200): 0.17135529220104218
2017-06-03 21:59:48,650 - INFO - Step 450: mean_loss(20): 0.1628722995519638 mean_loss(200): 0.1710783839225769
2017-06-03 21:59:54,247 - INFO - Step 460: mean_loss(20): 0.19350525736808777 mean_loss(200): 0.17189064621925354
2017-06-03 21:59:59,870 - INFO - Step 470: mean_loss(20): 0.19587549567222595 mean_loss(200): 0.17227104306221008
2017-06-03 22:00:05,468 - INFO - Step 480: mean_loss(20): 0.17889292538166046 mean_loss(200): 0.17289836704730988
2017-06-03 22:00:11,114 - INFO - Step 490: mean_loss(20): 0.1740218698978424 mean_loss(200): 0.17350494861602783
2017-06-03 22:00:16,693 - INFO - Step 500: mean_loss(20): 0.16588851809501648 mean_loss(200): 0.17323125898838043
2017-06-03 22:00:22,277 - INFO - Step 510: mean_loss(20): 0.16922904551029205 mean_loss(200): 0.17112389206886292
2017-06-03 22:00:27,881 - INFO - Step 520: mean_loss(20): 0.17512822151184082 mean_loss(200): 0.1728578507900238
2017-06-03 22:00:33,486 - INFO - Step 530: mean_loss(20): 0.17807206511497498 mean_loss(200): 0.17201867699623108
2017-06-03 22:00:39,114 - INFO - Step 540: mean_loss(20): 0.18591240048408508 mean_loss(200): 0.17317672073841095
2017-06-03 22:00:44,709 - INFO - Step 550: mean_loss(20): 0.18245568871498108 mean_loss(200): 0.17236541211605072
2017-06-03 22:00:50,338 - INFO - Step 560: mean_loss(20): 0.1838606894016266 mean_loss(200): 0.1755075305700302
2017-06-03 22:00:55,978 - INFO - Step 570: mean_loss(20): 0.18864960968494415 mean_loss(200): 0.17601485550403595
2017-06-03 22:01:01,618 - INFO - Step 580: mean_loss(20): 0.16673603653907776 mean_loss(200): 0.17604093253612518
2017-06-03 22:01:07,259 - INFO - Step 590: mean_loss(20): 0.19039490818977356 mean_loss(200): 0.179594025015831
2017-06-03 22:01:12,915 - INFO - Step 600: mean_loss(20): 0.1962880939245224 mean_loss(200): 0.1793394535779953
2017-06-03 22:01:18,496 - INFO - Step 610: mean_loss(20): 0.18926574289798737 mean_loss(200): 0.18240299820899963
2017-06-03 22:01:24,094 - INFO - Step 620: mean_loss(20): 0.19514891505241394 mean_loss(200): 0.18127818405628204
2017-06-03 22:01:29,683 - INFO - Step 630: mean_loss(20): 0.1830943375825882 mean_loss(200): 0.181393101811409
2017-06-03 22:01:35,319 - INFO - Step 640: mean_loss(20): 0.1909300535917282 mean_loss(200): 0.18322910368442535
2017-06-03 22:01:40,940 - INFO - Step 650: mean_loss(20): 0.18454179167747498 mean_loss(200): 0.1835600733757019
2017-06-03 22:01:46,567 - INFO - Step 660: mean_loss(20): 0.18251386284828186 mean_loss(200): 0.18212997913360596
2017-06-03 22:01:52,181 - INFO - Step 670: mean_loss(20): 0.20118224620819092 mean_loss(200): 0.1840907335281372
2017-06-03 22:01:57,784 - INFO - Step 680: mean_loss(20): 0.2056276500225067 mean_loss(200): 0.18480344116687775
2017-06-03 22:02:03,375 - INFO - Step 690: mean_loss(20): 0.18940691649913788 mean_loss(200): 0.1856292337179184
2017-06-03 22:02:08,995 - INFO - Step 700: mean_loss(20): 0.18843744695186615 mean_loss(200): 0.18705832958221436
2017-06-03 22:02:14,601 - INFO - Step 710: mean_loss(20): 0.19231539964675903 mean_loss(200): 0.1879378706216812
2017-06-03 22:02:20,242 - INFO - Step 720: mean_loss(20): 0.2054838240146637 mean_loss(200): 0.19009390473365784
2017-06-03 22:02:25,804 - INFO - Step 730: mean_loss(20): 0.2021745890378952 mean_loss(200): 0.19034813344478607
2017-06-03 22:02:31,421 - INFO - Step 740: mean_loss(20): 0.1660766303539276 mean_loss(200): 0.1881103366613388
2017-06-03 22:02:37,046 - INFO - Step 750: mean_loss(20): 0.16482718288898468 mean_loss(200): 0.1885852813720703
2017-06-03 22:02:42,652 - INFO - Step 760: mean_loss(20): 0.17659355700016022 mean_loss(200): 0.18738360702991486
2017-06-03 22:02:48,310 - INFO - Step 770: mean_loss(20): 0.16585659980773926 mean_loss(200): 0.1863059550523758
2017-06-03 22:02:53,950 - INFO - Step 780: mean_loss(20): 0.16212508082389832 mean_loss(200): 0.18692250549793243
2017-06-03 22:02:59,617 - INFO - Step 790: mean_loss(20): 0.17947305738925934 mean_loss(200): 0.18521377444267273
2017-06-03 22:03:05,192 - INFO - Step 800: mean_loss(20): 0.17866837978363037 mean_loss(200): 0.1851605623960495
2017-06-03 22:03:10,827 - INFO - Step 810: mean_loss(20): 0.17443153262138367 mean_loss(200): 0.1837303787469864
2017-06-03 22:03:16,432 - INFO - Step 820: mean_loss(20): 0.1663225293159485 mean_loss(200): 0.18227790296077728
2017-06-03 22:03:22,021 - INFO - Step 830: mean_loss(20): 0.15907783806324005 mean_loss(200): 0.1813286989927292
2017-06-03 22:03:27,684 - INFO - Step 840: mean_loss(20): 0.16743360459804535 mean_loss(200): 0.179928258061409
2017-06-03 22:03:33,294 - INFO - Step 850: mean_loss(20): 0.1890309602022171 mean_loss(200): 0.18177765607833862
2017-06-03 22:03:38,936 - INFO - Step 860: mean_loss(20): 0.19107027351856232 mean_loss(200): 0.1807839274406433
2017-06-03 22:03:44,563 - INFO - Step 870: mean_loss(20): 0.17549721896648407 mean_loss(200): 0.1792091429233551
2017-06-03 22:03:50,216 - INFO - Step 880: mean_loss(20): 0.17265908420085907 mean_loss(200): 0.17748703062534332
2017-06-03 22:03:55,804 - INFO - Step 890: mean_loss(20): 0.16804715991020203 mean_loss(200): 0.177073135972023
2017-06-03 22:04:01,383 - INFO - Step 900: mean_loss(20): 0.18062958121299744 mean_loss(200): 0.1767062544822693
2017-06-03 22:04:06,967 - INFO - Step 910: mean_loss(20): 0.17925496399402618 mean_loss(200): 0.17576709389686584
2017-06-03 22:04:12,567 - INFO - Step 920: mean_loss(20): 0.16427849233150482 mean_loss(200): 0.17258574068546295
2017-06-03 22:04:18,134 - INFO - Step 930: mean_loss(20): 0.15877529978752136 mean_loss(200): 0.1714271903038025
2017-06-03 22:04:23,761 - INFO - Step 940: mean_loss(20): 0.16504278779029846 mean_loss(200): 0.17248234152793884
2017-06-03 22:04:29,402 - INFO - Step 950: mean_loss(20): 0.18089796602725983 mean_loss(200): 0.17303425073623657
2017-06-03 22:04:34,988 - INFO - Step 960: mean_loss(20): 0.17916879057884216 mean_loss(200): 0.17273986339569092
2017-06-03 22:04:40,565 - INFO - Step 970: mean_loss(20): 0.16916446387767792 mean_loss(200): 0.1733650416135788
2017-06-03 22:04:46,187 - INFO - Step 980: mean_loss(20): 0.1655019372701645 mean_loss(200): 0.1730775386095047
2017-06-03 22:04:51,794 - INFO - Step 990: mean_loss(20): 0.17404186725616455 mean_loss(200): 0.17282192409038544
2017-06-03 22:04:57,393 - INFO - Step 1000: mean_loss(20): 0.17353776097297668 mean_loss(200): 0.17256446182727814
2017-06-03 22:05:02,996 - INFO - Step 1010: mean_loss(20): 0.1656792312860489 mean_loss(200): 0.1719467043876648
2017-06-03 22:05:08,625 - INFO - Step 1020: mean_loss(20): 0.15207405388355255 mean_loss(200): 0.1711396425962448
2017-06-03 22:05:14,227 - INFO - Step 1030: mean_loss(20): 0.15657243132591248 mean_loss(200): 0.17169617116451263
2017-06-03 22:05:19,841 - INFO - Step 1040: mean_loss(20): 0.18243692815303802 mean_loss(200): 0.17263996601104736
2017-06-03 22:05:25,476 - INFO - Step 1050: mean_loss(20): 0.1765931248664856 mean_loss(200): 0.17045237123966217
2017-06-03 22:05:31,110 - INFO - Step 1060: mean_loss(20): 0.17242690920829773 mean_loss(200): 0.1707756370306015
2017-06-03 22:05:36,747 - INFO - Step 1070: mean_loss(20): 0.17718617618083954 mean_loss(200): 0.17062126100063324
2017-06-03 22:05:42,324 - INFO - Step 1080: mean_loss(20): 0.1773054301738739 mean_loss(200): 0.17124027013778687
2017-06-03 22:05:47,937 - INFO - Step 1090: mean_loss(20): 0.16951768100261688 mean_loss(200): 0.17076832056045532
2017-06-03 22:05:53,539 - INFO - Step 1100: mean_loss(20): 0.17407433688640594 mean_loss(200): 0.17058473825454712
2017-06-03 22:05:59,172 - INFO - Step 1110: mean_loss(20): 0.17888560891151428 mean_loss(200): 0.17073139548301697
2017-06-03 22:06:04,785 - INFO - Step 1120: mean_loss(20): 0.16797640919685364 mean_loss(200): 0.17095452547073364
2017-06-03 22:06:10,411 - INFO - Step 1130: mean_loss(20): 0.1828538328409195 mean_loss(200): 0.17313924431800842
2017-06-03 22:06:16,024 - INFO - Step 1140: mean_loss(20): 0.173492893576622 mean_loss(200): 0.17179954051971436
2017-06-03 22:06:21,636 - INFO - Step 1150: mean_loss(20): 0.15061381459236145 mean_loss(200): 0.17011083662509918
2017-06-03 22:06:27,245 - INFO - Step 1160: mean_loss(20): 0.16520269215106964 mean_loss(200): 0.17040294408798218
2017-06-03 22:06:32,878 - INFO - Step 1170: mean_loss(20): 0.18571722507476807 mean_loss(200): 0.17176608741283417
2017-06-03 22:06:38,507 - INFO - Step 1180: mean_loss(20): 0.1883491575717926 mean_loss(200): 0.17268764972686768
2017-06-03 22:06:44,175 - INFO - Step 1190: mean_loss(20): 0.18924693763256073 mean_loss(200): 0.1732865869998932
2017-06-03 22:06:49,763 - INFO - Step 1200: mean_loss(20): 0.1790013164281845 mean_loss(200): 0.1732340306043625
2017-06-03 22:06:55,399 - INFO - Step 1210: mean_loss(20): 0.17410452663898468 mean_loss(200): 0.17412914335727692
2017-06-03 22:07:01,008 - INFO - Step 1220: mean_loss(20): 0.19659292697906494 mean_loss(200): 0.17768588662147522
2017-06-03 22:07:06,587 - INFO - Step 1230: mean_loss(20): 0.17997649312019348 mean_loss(200): 0.17646953463554382
2017-06-03 22:07:12,185 - INFO - Step 1240: mean_loss(20): 0.15407882630825043 mean_loss(200): 0.17485007643699646
2017-06-03 22:07:17,793 - INFO - Step 1250: mean_loss(20): 0.18256019055843353 mean_loss(200): 0.17706625163555145
2017-06-03 22:07:22,246 - INFO - End of epoch, training set loss (whole epoch avg: 0.17850261926651
2017-06-03 22:07:22,424 - INFO - Step 0: mean_loss(20): 0.4014814794063568 mean_loss(200): 0.4014814794063568
2017-06-03 22:07:24,292 - INFO - Step 10: mean_loss(20): 0.4441186785697937 mean_loss(200): 0.4441186785697937
2017-06-03 22:07:26,149 - INFO - Step 20: mean_loss(20): 0.42651334404945374 mean_loss(200): 0.42532140016555786
2017-06-03 22:07:28,059 - INFO - Step 30: mean_loss(20): 0.45338788628578186 mean_loss(200): 0.45009881258010864
2017-06-03 22:07:29,935 - INFO - Step 40: mean_loss(20): 0.4843080937862396 mean_loss(200): 0.45409542322158813
2017-06-03 22:07:31,782 - INFO - Step 50: mean_loss(20): 0.4508451521396637 mean_loss(200): 0.4503915011882782
2017-06-03 22:07:33,686 - INFO - Step 60: mean_loss(20): 0.44591841101646423 mean_loss(200): 0.4514143764972687
2017-06-03 22:07:34,994 - INFO - Validation loss: 0.45046404004096985
2017-06-03 22:07:34,995 - INFO - ====== START OF EPOCH 3 ======
2017-06-03 22:07:35,586 - INFO - Step 0: mean_loss(20): 0.12508143484592438 mean_loss(200): 0.12508143484592438
2017-06-03 22:07:41,199 - INFO - Step 10: mean_loss(20): 0.1635562777519226 mean_loss(200): 0.1635562777519226
2017-06-03 22:07:46,808 - INFO - Step 20: mean_loss(20): 0.17505526542663574 mean_loss(200): 0.17267554998397827
2017-06-03 22:07:52,424 - INFO - Step 30: mean_loss(20): 0.1605249047279358 mean_loss(200): 0.16160054504871368
2017-06-03 22:07:58,002 - INFO - Step 40: mean_loss(20): 0.15413078665733337 mean_loss(200): 0.16362933814525604
2017-06-03 22:08:03,580 - INFO - Step 50: mean_loss(20): 0.15565848350524902 mean_loss(200): 0.15927033126354218
2017-06-03 22:08:09,184 - INFO - Step 60: mean_loss(20): 0.170242577791214 mean_loss(200): 0.16579759120941162
2017-06-03 22:08:14,799 - INFO - Step 70: mean_loss(20): 0.19252072274684906 mean_loss(200): 0.16863659024238586
2017-06-03 22:08:20,416 - INFO - Step 80: mean_loss(20): 0.1665448248386383 mean_loss(200): 0.16598211228847504
2017-06-03 22:08:26,033 - INFO - Step 90: mean_loss(20): 0.162727490067482 mean_loss(200): 0.16733792424201965
2017-06-03 22:08:31,612 - INFO - Step 100: mean_loss(20): 0.16256123781204224 mean_loss(200): 0.16530470550060272
2017-06-03 22:08:37,232 - INFO - Step 110: mean_loss(20): 0.16241879761219025 mean_loss(200): 0.1664516031742096
2017-06-03 22:08:42,819 - INFO - Step 120: mean_loss(20): 0.1877019852399826 mean_loss(200): 0.16900673508644104
2017-06-03 22:08:48,419 - INFO - Step 130: mean_loss(20): 0.18041619658470154 mean_loss(200): 0.16858358681201935
2017-06-03 22:08:54,000 - INFO - Step 140: mean_loss(20): 0.1608668714761734 mean_loss(200): 0.16785214841365814
2017-06-03 22:08:59,625 - INFO - Step 150: mean_loss(20): 0.17206361889839172 mean_loss(200): 0.16904452443122864
2017-06-03 22:09:05,220 - INFO - Step 160: mean_loss(20): 0.18503502011299133 mean_loss(200): 0.16998666524887085
2017-06-03 22:09:10,794 - INFO - Step 170: mean_loss(20): 0.1653246283531189 mean_loss(200): 0.16860944032669067
2017-06-03 22:09:16,416 - INFO - Step 180: mean_loss(20): 0.15045565366744995 mean_loss(200): 0.1678285300731659
2017-06-03 22:09:22,044 - INFO - Step 190: mean_loss(20): 0.16016706824302673 mean_loss(200): 0.16772541403770447
2017-06-03 22:09:27,636 - INFO - Step 200: mean_loss(20): 0.16203631460666656 mean_loss(200): 0.1674630492925644
2017-06-03 22:09:33,285 - INFO - Step 210: mean_loss(20): 0.1711808443069458 mean_loss(200): 0.16830028593540192
2017-06-03 22:09:38,884 - INFO - Step 220: mean_loss(20): 0.19221481680870056 mean_loss(200): 0.1691790074110031
2017-06-03 22:09:44,494 - INFO - Step 230: mean_loss(20): 0.20561525225639343 mean_loss(200): 0.17280930280685425
2017-06-03 22:09:50,067 - INFO - Step 240: mean_loss(20): 0.19128063321113586 mean_loss(200): 0.17289398610591888
2017-06-03 22:09:55,709 - INFO - Step 250: mean_loss(20): 0.1860470473766327 mean_loss(200): 0.17584815621376038
2017-06-03 22:10:01,325 - INFO - Step 260: mean_loss(20): 0.18955817818641663 mean_loss(200): 0.1748255491256714
2017-06-03 22:10:06,897 - INFO - Step 270: mean_loss(20): 0.17643073201179504 mean_loss(200): 0.1742391586303711
2017-06-03 22:10:12,455 - INFO - Step 280: mean_loss(20): 0.1715603768825531 mean_loss(200): 0.1753271073102951
2017-06-03 22:10:18,071 - INFO - Step 290: mean_loss(20): 0.15637004375457764 mean_loss(200): 0.17360341548919678
2017-06-03 22:10:23,702 - INFO - Step 300: mean_loss(20): 0.1598474681377411 mean_loss(200): 0.17505572736263275
2017-06-03 22:10:29,297 - INFO - Step 310: mean_loss(20): 0.1791703701019287 mean_loss(200): 0.17527858912944794
2017-06-03 22:10:34,871 - INFO - Step 320: mean_loss(20): 0.18201299011707306 mean_loss(200): 0.17448683083057404
2017-06-03 22:10:40,441 - INFO - Step 330: mean_loss(20): 0.1814066618680954 mean_loss(200): 0.17537762224674225
2017-06-03 22:10:46,077 - INFO - Step 340: mean_loss(20): 0.17643919587135315 mean_loss(200): 0.1760440468788147
2017-06-03 22:10:51,702 - INFO - Step 350: mean_loss(20): 0.15704336762428284 mean_loss(200): 0.1738756150007248
2017-06-03 22:10:57,345 - INFO - Step 360: mean_loss(20): 0.1576649248600006 mean_loss(200): 0.17330706119537354
2017-06-03 22:11:02,969 - INFO - Step 370: mean_loss(20): 0.1682116985321045 mean_loss(200): 0.1741643100976944
2017-06-03 22:11:08,556 - INFO - Step 380: mean_loss(20): 0.15722520649433136 mean_loss(200): 0.17398399114608765
2017-06-03 22:11:14,180 - INFO - Step 390: mean_loss(20): 0.161286398768425 mean_loss(200): 0.1742762327194214
2017-06-03 22:11:19,745 - INFO - Step 400: mean_loss(20): 0.16586217284202576 mean_loss(200): 0.17436660826206207
2017-06-03 22:11:25,349 - INFO - Step 410: mean_loss(20): 0.16320869326591492 mean_loss(200): 0.17347903549671173
2017-06-03 22:11:30,942 - INFO - Step 420: mean_loss(20): 0.16082963347434998 mean_loss(200): 0.1712280660867691
2017-06-03 22:11:36,560 - INFO - Step 430: mean_loss(20): 0.17064636945724487 mean_loss(200): 0.1699821501970291
2017-06-03 22:11:42,170 - INFO - Step 440: mean_loss(20): 0.19056139886379242 mean_loss(200): 0.1711561530828476
2017-06-03 22:11:47,794 - INFO - Step 450: mean_loss(20): 0.18470492959022522 mean_loss(200): 0.16984795033931732
2017-06-03 22:11:53,396 - INFO - Step 460: mean_loss(20): 0.17296692728996277 mean_loss(200): 0.1694970279932022
2017-06-03 22:11:59,030 - INFO - Step 470: mean_loss(20): 0.17985334992408752 mean_loss(200): 0.17019020020961761
2017-06-03 22:12:04,640 - INFO - Step 480: mean_loss(20): 0.17520707845687866 mean_loss(200): 0.16986170411109924
2017-06-03 22:12:10,229 - INFO - Step 490: mean_loss(20): 0.16286854445934296 mean_loss(200): 0.1708400398492813
2017-06-03 22:12:15,842 - INFO - Step 500: mean_loss(20): 0.15896683931350708 mean_loss(200): 0.1697736382484436
2017-06-03 22:12:21,521 - INFO - Step 510: mean_loss(20): 0.16142871975898743 mean_loss(200): 0.16906587779521942
2017-06-03 22:12:27,144 - INFO - Step 520: mean_loss(20): 0.163615882396698 mean_loss(200): 0.16793392598628998
2017-06-03 22:12:32,732 - INFO - Step 530: mean_loss(20): 0.14417430758476257 mean_loss(200): 0.16534262895584106
2017-06-03 22:12:38,354 - INFO - Step 540: mean_loss(20): 0.14661870896816254 mean_loss(200): 0.1649518609046936
2017-06-03 22:12:43,980 - INFO - Step 550: mean_loss(20): 0.1639387458562851 mean_loss(200): 0.16603218019008636
2017-06-03 22:12:49,622 - INFO - Step 560: mean_loss(20): 0.18156848847866058 mean_loss(200): 0.16734223067760468
2017-06-03 22:12:55,217 - INFO - Step 570: mean_loss(20): 0.1743595451116562 mean_loss(200): 0.16664695739746094
2017-06-03 22:13:00,820 - INFO - Step 580: mean_loss(20): 0.14750340580940247 mean_loss(200): 0.16637004911899567
2017-06-03 22:13:06,432 - INFO - Step 590: mean_loss(20): 0.14749687910079956 mean_loss(200): 0.16526800394058228
2017-06-03 22:13:12,061 - INFO - Step 600: mean_loss(20): 0.16871215403079987 mean_loss(200): 0.1666550487279892
2017-06-03 22:13:17,682 - INFO - Step 610: mean_loss(20): 0.1686277538537979 mean_loss(200): 0.16580989956855774
2017-06-03 22:13:23,310 - INFO - Step 620: mean_loss(20): 0.14022347331047058 mean_loss(200): 0.16459444165229797
2017-06-03 22:13:28,934 - INFO - Step 630: mean_loss(20): 0.1412801444530487 mean_loss(200): 0.1628732830286026
2017-06-03 22:13:34,598 - INFO - Step 640: mean_loss(20): 0.15770511329174042 mean_loss(200): 0.16130881011486053
2017-06-03 22:13:40,235 - INFO - Step 650: mean_loss(20): 0.16139976680278778 mean_loss(200): 0.16054277122020721
2017-06-03 22:13:45,853 - INFO - Step 660: mean_loss(20): 0.16964253783226013 mean_loss(200): 0.1609763652086258
2017-06-03 22:13:51,460 - INFO - Step 670: mean_loss(20): 0.1808381825685501 mean_loss(200): 0.16064125299453735
2017-06-03 22:13:57,095 - INFO - Step 680: mean_loss(20): 0.18473652005195618 mean_loss(200): 0.16192932426929474
2017-06-03 22:14:02,683 - INFO - Step 690: mean_loss(20): 0.1716984212398529 mean_loss(200): 0.16152423620224
2017-06-03 22:14:08,289 - INFO - Step 700: mean_loss(20): 0.14776381850242615 mean_loss(200): 0.1608089953660965
2017-06-03 22:14:13,919 - INFO - Step 710: mean_loss(20): 0.16563253104686737 mean_loss(200): 0.16194461286067963
2017-06-03 22:14:19,570 - INFO - Step 720: mean_loss(20): 0.1775931715965271 mean_loss(200): 0.1622067391872406
2017-06-03 22:14:25,197 - INFO - Step 730: mean_loss(20): 0.16815468668937683 mean_loss(200): 0.16434265673160553
2017-06-03 22:14:30,786 - INFO - Step 740: mean_loss(20): 0.16158191859722137 mean_loss(200): 0.163703054189682
2017-06-03 22:14:36,395 - INFO - Step 750: mean_loss(20): 0.15196147561073303 mean_loss(200): 0.16314493119716644
2017-06-03 22:14:42,024 - INFO - Step 760: mean_loss(20): 0.14876911044120789 mean_loss(200): 0.1604231297969818
2017-06-03 22:14:47,620 - INFO - Step 770: mean_loss(20): 0.16548897325992584 mean_loss(200): 0.16225787997245789
2017-06-03 22:14:53,236 - INFO - Step 780: mean_loss(20): 0.18063268065452576 mean_loss(200): 0.16373604536056519
2017-06-03 22:14:58,866 - INFO - Step 790: mean_loss(20): 0.16779357194900513 mean_loss(200): 0.16428755223751068
2017-06-03 22:15:04,480 - INFO - Step 800: mean_loss(20): 0.1802269071340561 mean_loss(200): 0.16488754749298096
2017-06-03 22:15:10,074 - INFO - Step 810: mean_loss(20): 0.1871432662010193 mean_loss(200): 0.16613911092281342
2017-06-03 22:15:15,695 - INFO - Step 820: mean_loss(20): 0.16123241186141968 mean_loss(200): 0.16698843240737915
2017-06-03 22:15:21,331 - INFO - Step 830: mean_loss(20): 0.1669485718011856 mean_loss(200): 0.16870594024658203
2017-06-03 22:15:26,959 - INFO - Step 840: mean_loss(20): 0.17845869064331055 mean_loss(200): 0.1690637767314911
2017-06-03 22:15:32,593 - INFO - Step 850: mean_loss(20): 0.17484459280967712 mean_loss(200): 0.17005042731761932
2017-06-03 22:15:38,165 - INFO - Step 860: mean_loss(20): 0.1588924378156662 mean_loss(200): 0.16798877716064453
2017-06-03 22:15:43,739 - INFO - Step 870: mean_loss(20): 0.1553778052330017 mean_loss(200): 0.16750438511371613
2017-06-03 22:15:49,368 - INFO - Step 880: mean_loss(20): 0.16840730607509613 mean_loss(200): 0.16635586321353912
2017-06-03 22:15:54,996 - INFO - Step 890: mean_loss(20): 0.16423727571964264 mean_loss(200): 0.16675826907157898
2017-06-03 22:16:00,571 - INFO - Step 900: mean_loss(20): 0.15273386240005493 mean_loss(200): 0.16685286164283752
2017-06-03 22:16:06,155 - INFO - Step 910: mean_loss(20): 0.1523725390434265 mean_loss(200): 0.16543225944042206
2017-06-03 22:16:11,759 - INFO - Step 920: mean_loss(20): 0.16755543649196625 mean_loss(200): 0.16584907472133636
2017-06-03 22:16:17,385 - INFO - Step 930: mean_loss(20): 0.16565737128257751 mean_loss(200): 0.16518253087997437
2017-06-03 22:16:22,984 - INFO - Step 940: mean_loss(20): 0.15620405972003937 mean_loss(200): 0.1653112769126892
2017-06-03 22:16:28,605 - INFO - Step 950: mean_loss(20): 0.1565808206796646 mean_loss(200): 0.16564446687698364
2017-06-03 22:16:34,219 - INFO - Step 960: mean_loss(20): 0.16878090798854828 mean_loss(200): 0.16731247305870056
2017-06-03 22:16:39,844 - INFO - Step 970: mean_loss(20): 0.1751829981803894 mean_loss(200): 0.1666138768196106
2017-06-03 22:16:45,431 - INFO - Step 980: mean_loss(20): 0.17718037962913513 mean_loss(200): 0.1669672429561615
2017-06-03 22:16:51,019 - INFO - Step 990: mean_loss(20): 0.17434556782245636 mean_loss(200): 0.16726908087730408
2017-06-03 22:16:56,559 - INFO - Step 1000: mean_loss(20): 0.1767600029706955 mean_loss(200): 0.16662055253982544
2017-06-03 22:17:02,197 - INFO - Step 1010: mean_loss(20): 0.17230728268623352 mean_loss(200): 0.16578549146652222
2017-06-03 22:17:07,828 - INFO - Step 1020: mean_loss(20): 0.1557515263557434 mean_loss(200): 0.16607245802879333
2017-06-03 22:17:13,424 - INFO - Step 1030: mean_loss(20): 0.16190588474273682 mean_loss(200): 0.16528122127056122
2017-06-03 22:17:19,010 - INFO - Step 1040: mean_loss(20): 0.16403940320014954 mean_loss(200): 0.16463054716587067
2017-06-03 22:17:24,656 - INFO - Step 1050: mean_loss(20): 0.16748671233654022 mean_loss(200): 0.1645454466342926
2017-06-03 22:17:30,245 - INFO - Step 1060: mean_loss(20): 0.16192570328712463 mean_loss(200): 0.16493386030197144
2017-06-03 22:17:35,924 - INFO - Step 1070: mean_loss(20): 0.15577417612075806 mean_loss(200): 0.16458506882190704
2017-06-03 22:17:41,576 - INFO - Step 1080: mean_loss(20): 0.16995027661323547 mean_loss(200): 0.16508816182613373
2017-06-03 22:17:47,197 - INFO - Step 1090: mean_loss(20): 0.17428326606750488 mean_loss(200): 0.16558967530727386
2017-06-03 22:17:52,809 - INFO - Step 1100: mean_loss(20): 0.1597725749015808 mean_loss(200): 0.1657920479774475
2017-06-03 22:17:58,457 - INFO - Step 1110: mean_loss(20): 0.1633893847465515 mean_loss(200): 0.1666913628578186
2017-06-03 22:18:04,055 - INFO - Step 1120: mean_loss(20): 0.17404761910438538 mean_loss(200): 0.16644123196601868
2017-06-03 22:18:09,685 - INFO - Step 1130: mean_loss(20): 0.16004431247711182 mean_loss(200): 0.16613005101680756
2017-06-03 22:18:15,272 - INFO - Step 1140: mean_loss(20): 0.17146919667720795 mean_loss(200): 0.1679677516222
2017-06-03 22:18:20,904 - INFO - Step 1150: mean_loss(20): 0.1737051159143448 mean_loss(200): 0.16784247756004333
2017-06-03 22:18:26,500 - INFO - Step 1160: mean_loss(20): 0.16499313712120056 mean_loss(200): 0.1675889790058136
2017-06-03 22:18:32,115 - INFO - Step 1170: mean_loss(20): 0.16904115676879883 mean_loss(200): 0.16722828149795532
2017-06-03 22:18:37,779 - INFO - Step 1180: mean_loss(20): 0.15280941128730774 mean_loss(200): 0.16515187919139862
2017-06-03 22:18:43,357 - INFO - Step 1190: mean_loss(20): 0.15514573454856873 mean_loss(200): 0.16530829668045044
2017-06-03 22:18:48,962 - INFO - Step 1200: mean_loss(20): 0.17494140565395355 mean_loss(200): 0.1649700403213501
2017-06-03 22:18:54,554 - INFO - Step 1210: mean_loss(20): 0.16888269782066345 mean_loss(200): 0.16496582329273224
2017-06-03 22:19:00,163 - INFO - Step 1220: mean_loss(20): 0.1644931137561798 mean_loss(200): 0.16584418714046478
2017-06-03 22:19:05,787 - INFO - Step 1230: mean_loss(20): 0.16231831908226013 mean_loss(200): 0.1650070995092392
2017-06-03 22:19:11,397 - INFO - Step 1240: mean_loss(20): 0.15488757193088531 mean_loss(200): 0.16492900252342224
2017-06-03 22:19:16,971 - INFO - Step 1250: mean_loss(20): 0.16423293948173523 mean_loss(200): 0.16468170285224915
2017-06-03 22:19:21,485 - INFO - End of epoch, training set loss (whole epoch avg: 0.16733339428901672
2017-06-03 22:19:21,667 - INFO - Step 0: mean_loss(20): 0.42291879653930664 mean_loss(200): 0.42291879653930664
2017-06-03 22:19:23,653 - INFO - Step 10: mean_loss(20): 0.523444414138794 mean_loss(200): 0.523444414138794
2017-06-03 22:19:25,585 - INFO - Step 20: mean_loss(20): 0.4985734820365906 mean_loss(200): 0.4949709475040436
2017-06-03 22:19:27,560 - INFO - Step 30: mean_loss(20): 0.4842698574066162 mean_loss(200): 0.49817049503326416
2017-06-03 22:19:29,514 - INFO - Step 40: mean_loss(20): 0.47033780813217163 mean_loss(200): 0.48295482993125916
2017-06-03 22:19:31,442 - INFO - Step 50: mean_loss(20): 0.43970972299575806 mean_loss(200): 0.4752447009086609
2017-06-03 22:19:33,353 - INFO - Step 60: mean_loss(20): 0.4493657052516937 mean_loss(200): 0.47194191813468933
2017-06-03 22:19:34,720 - INFO - Validation loss: 0.4731665849685669
2017-06-03 22:19:34,720 - INFO - ====== START OF EPOCH 4 ======
2017-06-03 22:19:35,330 - INFO - Step 0: mean_loss(20): 0.14935943484306335 mean_loss(200): 0.14935943484306335
2017-06-03 22:19:40,981 - INFO - Step 10: mean_loss(20): 0.1657124161720276 mean_loss(200): 0.1657124161720276
2017-06-03 22:19:46,571 - INFO - Step 20: mean_loss(20): 0.15734140574932098 mean_loss(200): 0.15696130692958832
2017-06-03 22:19:52,162 - INFO - Step 30: mean_loss(20): 0.15049484372138977 mean_loss(200): 0.15589463710784912
2017-06-03 22:19:57,791 - INFO - Step 40: mean_loss(20): 0.1744721382856369 mean_loss(200): 0.16550317406654358
2017-06-03 22:20:03,365 - INFO - Step 50: mean_loss(20): 0.17153680324554443 mean_loss(200): 0.16202880442142487
2017-06-03 22:20:08,992 - INFO - Step 60: mean_loss(20): 0.15287497639656067 mean_loss(200): 0.16136275231838226
2017-06-03 22:20:14,607 - INFO - Step 70: mean_loss(20): 0.157773956656456 mean_loss(200): 0.16083025932312012
2017-06-03 22:20:20,206 - INFO - Step 80: mean_loss(20): 0.1849139928817749 mean_loss(200): 0.16717790067195892
2017-06-03 22:20:25,836 - INFO - Step 90: mean_loss(20): 0.18826979398727417 mean_loss(200): 0.1668609231710434
2017-06-03 22:20:31,490 - INFO - Step 100: mean_loss(20): 0.16841772198677063 mean_loss(200): 0.16742341220378876
2017-06-03 22:20:37,061 - INFO - Step 110: mean_loss(20): 0.1675950288772583 mean_loss(200): 0.1669931858778
2017-06-03 22:20:42,710 - INFO - Step 120: mean_loss(20): 0.1641974151134491 mean_loss(200): 0.1668901890516281
2017-06-03 22:20:48,327 - INFO - Step 130: mean_loss(20): 0.16045348346233368 mean_loss(200): 0.1659947782754898
2017-06-03 22:20:54,008 - INFO - Step 140: mean_loss(20): 0.16713422536849976 mean_loss(200): 0.16692481935024261
2017-06-03 22:20:59,582 - INFO - Step 150: mean_loss(20): 0.17902830243110657 mean_loss(200): 0.16772106289863586
2017-06-03 22:21:05,168 - INFO - Step 160: mean_loss(20): 0.1687060296535492 mean_loss(200): 0.16714607179164886
2017-06-03 22:21:10,740 - INFO - Step 170: mean_loss(20): 0.16711798310279846 mean_loss(200): 0.16765053570270538
2017-06-03 22:21:16,365 - INFO - Step 180: mean_loss(20): 0.18184885382652283 mean_loss(200): 0.1687706857919693
2017-06-03 22:21:21,952 - INFO - Step 190: mean_loss(20): 0.17360754311084747 mean_loss(200): 0.16827429831027985
2017-06-03 22:21:27,538 - INFO - Step 200: mean_loss(20): 0.15059897303581238 mean_loss(200): 0.1670505702495575
2017-06-03 22:21:33,158 - INFO - Step 210: mean_loss(20): 0.15859870612621307 mean_loss(200): 0.16744764149188995
2017-06-03 22:21:38,727 - INFO - Step 220: mean_loss(20): 0.17467166483402252 mean_loss(200): 0.16878360509872437
2017-06-03 22:21:44,337 - INFO - Step 230: mean_loss(20): 0.1790635585784912 mean_loss(200): 0.17030450701713562
2017-06-03 22:21:49,947 - INFO - Step 240: mean_loss(20): 0.16313354671001434 mean_loss(200): 0.16764973104000092
2017-06-03 22:21:55,579 - INFO - Step 250: mean_loss(20): 0.13903841376304626 mean_loss(200): 0.1670546680688858
2017-06-03 22:22:01,201 - INFO - Step 260: mean_loss(20): 0.1367844045162201 mean_loss(200): 0.16604068875312805
2017-06-03 22:22:06,802 - INFO - Step 270: mean_loss(20): 0.1416974663734436 mean_loss(200): 0.16544704139232635
2017-06-03 22:22:12,397 - INFO - Step 280: mean_loss(20): 0.16967740654945374 mean_loss(200): 0.16451701521873474
2017-06-03 22:22:17,998 - INFO - Step 290: mean_loss(20): 0.16743561625480652 mean_loss(200): 0.16336360573768616
2017-06-03 22:22:23,590 - INFO - Step 300: mean_loss(20): 0.14020982384681702 mean_loss(200): 0.16169624030590057
2017-06-03 22:22:29,216 - INFO - Step 310: mean_loss(20): 0.14573772251605988 mean_loss(200): 0.1611778885126114
2017-06-03 22:22:34,822 - INFO - Step 320: mean_loss(20): 0.14738133549690247 mean_loss(200): 0.16001462936401367
2017-06-03 22:22:40,472 - INFO - Step 330: mean_loss(20): 0.15007340908050537 mean_loss(200): 0.16013985872268677
2017-06-03 22:22:46,094 - INFO - Step 340: mean_loss(20): 0.1677120476961136 mean_loss(200): 0.1600724160671234
2017-06-03 22:22:51,635 - INFO - Step 350: mean_loss(20): 0.15547551214694977 mean_loss(200): 0.1577845960855484
2017-06-03 22:22:57,205 - INFO - Step 360: mean_loss(20): 0.143485888838768 mean_loss(200): 0.1575503945350647
2017-06-03 22:23:02,816 - INFO - Step 370: mean_loss(20): 0.1671699732542038 mean_loss(200): 0.15778978168964386
2017-06-03 22:23:08,417 - INFO - Step 380: mean_loss(20): 0.1693194955587387 mean_loss(200): 0.1562974601984024
2017-06-03 22:23:14,031 - INFO - Step 390: mean_loss(20): 0.1542045623064041 mean_loss(200): 0.15584948658943176
2017-06-03 22:23:19,623 - INFO - Step 400: mean_loss(20): 0.150412917137146 mean_loss(200): 0.15627886354923248
2017-06-03 22:23:25,190 - INFO - Step 410: mean_loss(20): 0.14150545001029968 mean_loss(200): 0.1541401743888855
2017-06-03 22:23:30,813 - INFO - Step 420: mean_loss(20): 0.16213029623031616 mean_loss(200): 0.1550247222185135
2017-06-03 22:23:36,487 - INFO - Step 430: mean_loss(20): 0.1820080578327179 mean_loss(200): 0.15443462133407593
2017-06-03 22:23:42,100 - INFO - Step 440: mean_loss(20): 0.1553272306919098 mean_loss(200): 0.1542440950870514
2017-06-03 22:23:47,706 - INFO - Step 450: mean_loss(20): 0.1539565622806549 mean_loss(200): 0.1559264212846756
2017-06-03 22:23:53,347 - INFO - Step 460: mean_loss(20): 0.1611650288105011 mean_loss(200): 0.15668214857578278
2017-06-03 22:23:58,957 - INFO - Step 470: mean_loss(20): 0.15722417831420898 mean_loss(200): 0.15747909247875214
2017-06-03 22:24:04,587 - INFO - Step 480: mean_loss(20): 0.1582050621509552 mean_loss(200): 0.15553492307662964
2017-06-03 22:24:10,214 - INFO - Step 490: mean_loss(20): 0.15437641739845276 mean_loss(200): 0.15617318451404572
2017-06-03 22:24:15,814 - INFO - Step 500: mean_loss(20): 0.1631399691104889 mean_loss(200): 0.1578279286623001
2017-06-03 22:24:21,415 - INFO - Step 510: mean_loss(20): 0.18017986416816711 mean_loss(200): 0.15961739420890808
2017-06-03 22:24:27,032 - INFO - Step 520: mean_loss(20): 0.17114999890327454 mean_loss(200): 0.16020479798316956
2017-06-03 22:24:32,664 - INFO - Step 530: mean_loss(20): 0.15785574913024902 mean_loss(200): 0.16039562225341797
2017-06-03 22:24:38,294 - INFO - Step 540: mean_loss(20): 0.16166163980960846 mean_loss(200): 0.15959973633289337
2017-06-03 22:24:43,915 - INFO - Step 550: mean_loss(20): 0.14867332577705383 mean_loss(200): 0.15971539914608002
2017-06-03 22:24:49,521 - INFO - Step 560: mean_loss(20): 0.14985892176628113 mean_loss(200): 0.16023704409599304
2017-06-03 22:24:55,118 - INFO - Step 570: mean_loss(20): 0.14984704554080963 mean_loss(200): 0.15798310935497284
2017-06-03 22:25:00,734 - INFO - Step 580: mean_loss(20): 0.13768154382705688 mean_loss(200): 0.1570732593536377
2017-06-03 22:25:06,348 - INFO - Step 590: mean_loss(20): 0.13601456582546234 mean_loss(200): 0.15616410970687866
2017-06-03 22:25:11,964 - INFO - Step 600: mean_loss(20): 0.14755146205425262 mean_loss(200): 0.15678711235523224
2017-06-03 22:25:17,571 - INFO - Step 610: mean_loss(20): 0.14901986718177795 mean_loss(200): 0.156915545463562
2017-06-03 22:25:23,105 - INFO - Step 620: mean_loss(20): 0.13590334355831146 mean_loss(200): 0.1541644036769867
2017-06-03 22:25:28,687 - INFO - Step 630: mean_loss(20): 0.13164611160755157 mean_loss(200): 0.15187935531139374
2017-06-03 22:25:34,260 - INFO - Step 640: mean_loss(20): 0.14527320861816406 mean_loss(200): 0.1531590223312378
2017-06-03 22:25:39,835 - INFO - Step 650: mean_loss(20): 0.1676710695028305 mean_loss(200): 0.1532508134841919
2017-06-03 22:25:45,413 - INFO - Step 660: mean_loss(20): 0.1678624004125595 mean_loss(200): 0.15382875502109528
2017-06-03 22:25:51,032 - INFO - Step 670: mean_loss(20): 0.1592361330986023 mean_loss(200): 0.15345200896263123
2017-06-03 22:25:56,640 - INFO - Step 680: mean_loss(20): 0.14907002449035645 mean_loss(200): 0.15291525423526764
2017-06-03 22:26:02,226 - INFO - Step 690: mean_loss(20): 0.15048405528068542 mean_loss(200): 0.15306277573108673
2017-06-03 22:26:07,822 - INFO - Step 700: mean_loss(20): 0.1569666862487793 mean_loss(200): 0.15229792892932892
2017-06-03 22:26:13,428 - INFO - Step 710: mean_loss(20): 0.15887102484703064 mean_loss(200): 0.15093189477920532
2017-06-03 22:26:19,087 - INFO - Step 720: mean_loss(20): 0.1615801751613617 mean_loss(200): 0.15134094655513763
2017-06-03 22:26:24,640 - INFO - Step 730: mean_loss(20): 0.15566331148147583 mean_loss(200): 0.15071266889572144
2017-06-03 22:26:30,261 - INFO - Step 740: mean_loss(20): 0.1693914830684662 mean_loss(200): 0.1521139293909073
2017-06-03 22:26:35,864 - INFO - Step 750: mean_loss(20): 0.17954514920711517 mean_loss(200): 0.15379983186721802
2017-06-03 22:26:41,488 - INFO - Step 760: mean_loss(20): 0.15698659420013428 mean_loss(200): 0.1528266966342926
2017-06-03 22:26:47,077 - INFO - Step 770: mean_loss(20): 0.16200138628482819 mean_loss(200): 0.1550152748823166
2017-06-03 22:26:52,690 - INFO - Step 780: mean_loss(20): 0.1603379249572754 mean_loss(200): 0.15509232878684998
2017-06-03 22:26:58,316 - INFO - Step 790: mean_loss(20): 0.1503092348575592 mean_loss(200): 0.1564447432756424
2017-06-03 22:27:03,955 - INFO - Step 800: mean_loss(20): 0.15956614911556244 mean_loss(200): 0.15629379451274872
2017-06-03 22:27:09,612 - INFO - Step 810: mean_loss(20): 0.15804238617420197 mean_loss(200): 0.15734697878360748
2017-06-03 22:27:15,215 - INFO - Step 820: mean_loss(20): 0.15342874825000763 mean_loss(200): 0.15804633498191833
2017-06-03 22:27:20,851 - INFO - Step 830: mean_loss(20): 0.14445891976356506 mean_loss(200): 0.15862827003002167
2017-06-03 22:27:26,473 - INFO - Step 840: mean_loss(20): 0.14882659912109375 mean_loss(200): 0.15840168297290802
2017-06-03 22:27:32,103 - INFO - Step 850: mean_loss(20): 0.15206991136074066 mean_loss(200): 0.1570681482553482
2017-06-03 22:27:37,711 - INFO - Step 860: mean_loss(20): 0.15366581082344055 mean_loss(200): 0.15698203444480896
2017-06-03 22:27:43,334 - INFO - Step 870: mean_loss(20): 0.1691744029521942 mean_loss(200): 0.15806198120117188
2017-06-03 22:27:48,951 - INFO - Step 880: mean_loss(20): 0.15876701474189758 mean_loss(200): 0.1579517275094986
2017-06-03 22:27:54,548 - INFO - Step 890: mean_loss(20): 0.15082237124443054 mean_loss(200): 0.1580958068370819
2017-06-03 22:28:00,184 - INFO - Step 900: mean_loss(20): 0.15842311084270477 mean_loss(200): 0.15809735655784607
2017-06-03 22:28:05,827 - INFO - Step 910: mean_loss(20): 0.1545359343290329 mean_loss(200): 0.1576623171567917
2017-06-03 22:28:11,449 - INFO - Step 920: mean_loss(20): 0.1539447009563446 mean_loss(200): 0.15733382105827332
2017-06-03 22:28:17,080 - INFO - Step 930: mean_loss(20): 0.15349739789962769 mean_loss(200): 0.15744571387767792
2017-06-03 22:28:22,669 - INFO - Step 940: mean_loss(20): 0.14709623157978058 mean_loss(200): 0.15510429441928864
2017-06-03 22:28:28,343 - INFO - Step 950: mean_loss(20): 0.14887464046478271 mean_loss(200): 0.15437866747379303
2017-06-03 22:28:33,956 - INFO - Step 960: mean_loss(20): 0.16253957152366638 mean_loss(200): 0.15565960109233856
2017-06-03 22:28:39,559 - INFO - Step 970: mean_loss(20): 0.15576910972595215 mean_loss(200): 0.15375544130802155
2017-06-03 22:28:45,165 - INFO - Step 980: mean_loss(20): 0.16257143020629883 mean_loss(200): 0.15588295459747314
2017-06-03 22:28:50,780 - INFO - Step 990: mean_loss(20): 0.16731496155261993 mean_loss(200): 0.15545600652694702
2017-06-03 22:28:56,419 - INFO - Step 1000: mean_loss(20): 0.15901604294776917 mean_loss(200): 0.15582793951034546
2017-06-03 22:29:02,020 - INFO - Step 1010: mean_loss(20): 0.15835966169834137 mean_loss(200): 0.15548773109912872
2017-06-03 22:29:07,645 - INFO - Step 1020: mean_loss(20): 0.15613852441310883 mean_loss(200): 0.15609890222549438
2017-06-03 22:29:13,303 - INFO - Step 1030: mean_loss(20): 0.16273531317710876 mean_loss(200): 0.15731537342071533
2017-06-03 22:29:18,891 - INFO - Step 1040: mean_loss(20): 0.16379693150520325 mean_loss(200): 0.1575959473848343
2017-06-03 22:29:24,508 - INFO - Step 1050: mean_loss(20): 0.16837218403816223 mean_loss(200): 0.15894560515880585
2017-06-03 22:29:30,119 - INFO - Step 1060: mean_loss(20): 0.1771320253610611 mean_loss(200): 0.15994256734848022
2017-06-03 22:29:35,743 - INFO - Step 1070: mean_loss(20): 0.15979555249214172 mean_loss(200): 0.15800771117210388
