2017-06-13 11:23:21,783 - WARNING - Nodename: t888
2017-06-13 11:23:21,783 - WARNING - Checkpoint file: checkpoints/2017-06-13_09:23.ckpt
2017-06-13 11:23:24,488 - INFO - Start training
2017-06-13 11:23:41,979 - DEBUG - Batch 100: mean_loss 0.40889081358909607
2017-06-13 11:23:50,164 - DEBUG - Batch 200: mean_loss 0.3674463629722595
2017-06-13 11:23:58,366 - DEBUG - Batch 300: mean_loss 0.3259541392326355
2017-06-13 11:24:06,536 - DEBUG - Batch 400: mean_loss 0.32562094926834106
2017-06-13 11:24:14,735 - DEBUG - Batch 500: mean_loss 0.3250717222690582
2017-06-13 11:24:22,924 - DEBUG - Batch 600: mean_loss 0.322043776512146
2017-06-13 11:24:31,106 - DEBUG - Batch 700: mean_loss 0.31195664405822754
2017-06-13 11:24:39,316 - DEBUG - Batch 800: mean_loss 0.29648667573928833
2017-06-13 11:24:47,561 - DEBUG - Batch 900: mean_loss 0.27800679206848145
2017-06-13 11:24:55,761 - DEBUG - Batch 1000: mean_loss 0.25988760590553284
2017-06-13 11:24:58,736 - DEBUG - Test results (after batch 1000): loss: 0.24406370520591736, acc: 0.42219987511634827
2017-06-13 11:25:06,945 - DEBUG - Batch 1100: mean_loss 0.2460140585899353
2017-06-13 11:25:15,159 - DEBUG - Batch 1200: mean_loss 0.23439712822437286
2017-06-13 11:25:23,386 - DEBUG - Batch 1300: mean_loss 0.22392763197422028
2017-06-13 11:25:31,603 - DEBUG - Batch 1400: mean_loss 0.21621491014957428
2017-06-13 11:25:39,843 - DEBUG - Batch 1500: mean_loss 0.2088283896446228
2017-06-13 11:25:48,060 - DEBUG - Batch 1600: mean_loss 0.20248043537139893
2017-06-13 11:25:56,288 - DEBUG - Batch 1700: mean_loss 0.19801704585552216
2017-06-13 11:26:04,569 - DEBUG - Batch 1800: mean_loss 0.19196341931819916
2017-06-13 11:26:12,802 - DEBUG - Batch 1900: mean_loss 0.18880164623260498
2017-06-13 11:26:21,027 - DEBUG - Batch 2000: mean_loss 0.18608173727989197
2017-06-13 11:26:24,003 - DEBUG - Test results (after batch 2000): loss: 0.17921525239944458, acc: 0.5915998816490173
2017-06-13 11:26:32,202 - DEBUG - Batch 2100: mean_loss 0.18164649605751038
2017-06-13 11:26:40,444 - DEBUG - Batch 2200: mean_loss 0.17662325501441956
2017-06-13 11:26:48,668 - DEBUG - Batch 2300: mean_loss 0.17082862555980682
2017-06-13 11:26:56,899 - DEBUG - Batch 2400: mean_loss 0.16796676814556122
2017-06-13 11:27:05,102 - DEBUG - Batch 2500: mean_loss 0.16326361894607544
2017-06-13 11:27:13,349 - DEBUG - Batch 2600: mean_loss 0.158103346824646
2017-06-13 11:27:21,569 - DEBUG - Batch 2700: mean_loss 0.15797153115272522
2017-06-13 11:27:29,773 - DEBUG - Batch 2800: mean_loss 0.1548619419336319
2017-06-13 11:27:38,045 - DEBUG - Batch 2900: mean_loss 0.14734770357608795
2017-06-13 11:27:46,286 - DEBUG - Batch 3000: mean_loss 0.14341257512569427
2017-06-13 11:27:49,259 - DEBUG - Test results (after batch 3000): loss: 0.14053761959075928, acc: 0.710800051689148
2017-06-13 11:27:57,469 - DEBUG - Batch 3100: mean_loss 0.1386871486902237
2017-06-13 11:28:05,699 - DEBUG - Batch 3200: mean_loss 0.1330195814371109
2017-06-13 11:28:13,905 - DEBUG - Batch 3300: mean_loss 0.12827223539352417
2017-06-13 11:28:22,119 - DEBUG - Batch 3400: mean_loss 0.12456624209880829
2017-06-13 11:28:30,374 - DEBUG - Batch 3500: mean_loss 0.12202195823192596
2017-06-13 11:28:38,613 - DEBUG - Batch 3600: mean_loss 0.11749744415283203
2017-06-13 11:28:46,851 - DEBUG - Batch 3700: mean_loss 0.11258316040039062
2017-06-13 11:28:55,085 - DEBUG - Batch 3800: mean_loss 0.1110846996307373
2017-06-13 11:29:03,329 - DEBUG - Batch 3900: mean_loss 0.10846615582704544
2017-06-13 11:29:11,530 - DEBUG - Batch 4000: mean_loss 0.10328134894371033
2017-06-13 11:29:14,502 - DEBUG - Test results (after batch 4000): loss: 0.09909743070602417, acc: 0.8223999738693237
2017-06-13 11:29:22,734 - DEBUG - Batch 4100: mean_loss 0.09969422966241837
2017-06-13 11:29:30,934 - DEBUG - Batch 4200: mean_loss 0.09893587976694107
2017-06-13 11:29:39,196 - DEBUG - Batch 4300: mean_loss 0.09950444102287292
2017-06-13 11:29:47,409 - DEBUG - Batch 4400: mean_loss 0.09608343243598938
2017-06-13 11:29:55,640 - DEBUG - Batch 4500: mean_loss 0.09224756062030792
2017-06-13 11:30:03,873 - DEBUG - Batch 4600: mean_loss 0.09090515971183777
2017-06-13 11:30:12,102 - DEBUG - Batch 4700: mean_loss 0.0883297324180603
2017-06-13 11:30:20,350 - DEBUG - Batch 4800: mean_loss 0.0879734680056572
2017-06-13 11:30:28,593 - DEBUG - Batch 4900: mean_loss 0.08505794405937195
2017-06-13 11:30:36,840 - DEBUG - Batch 5000: mean_loss 0.08276605606079102
2017-06-13 11:30:39,787 - DEBUG - Test results (after batch 5000): loss: 0.07863479852676392, acc: 0.8671000003814697
2017-06-13 11:30:48,021 - DEBUG - Batch 5100: mean_loss 0.08366888761520386
2017-06-13 11:30:56,291 - DEBUG - Batch 5200: mean_loss 0.08036687970161438
2017-06-13 11:31:04,518 - DEBUG - Batch 5300: mean_loss 0.07949590682983398
2017-06-13 11:31:12,765 - DEBUG - Batch 5400: mean_loss 0.07780966907739639
2017-06-13 11:31:20,994 - DEBUG - Batch 5500: mean_loss 0.07538947463035583
2017-06-13 11:31:29,247 - DEBUG - Batch 5600: mean_loss 0.07165645807981491
2017-06-13 11:31:37,469 - DEBUG - Batch 5700: mean_loss 0.06745168566703796
2017-06-13 11:31:45,715 - DEBUG - Batch 5800: mean_loss 0.06702470779418945
2017-06-13 11:31:53,961 - DEBUG - Batch 5900: mean_loss 0.0681103840470314
2017-06-13 11:32:02,190 - DEBUG - Batch 6000: mean_loss 0.06631454825401306
2017-06-13 11:32:05,171 - DEBUG - Test results (after batch 6000): loss: 0.0628969743847847, acc: 0.8923000693321228
2017-06-13 11:32:13,414 - DEBUG - Batch 6100: mean_loss 0.06319717317819595
2017-06-13 11:32:21,641 - DEBUG - Batch 6200: mean_loss 0.06231999024748802
2017-06-13 11:32:29,868 - DEBUG - Batch 6300: mean_loss 0.0637354925274849
2017-06-13 11:32:38,089 - DEBUG - Batch 6400: mean_loss 0.06176156923174858
2017-06-13 11:32:46,275 - DEBUG - Batch 6500: mean_loss 0.05835329368710518
2017-06-13 11:32:54,465 - DEBUG - Batch 6600: mean_loss 0.0584774911403656
2017-06-13 11:33:02,675 - DEBUG - Batch 6700: mean_loss 0.0575224831700325
2017-06-13 11:33:10,891 - DEBUG - Batch 6800: mean_loss 0.05674959719181061
2017-06-13 11:33:19,141 - DEBUG - Batch 6900: mean_loss 0.05643157660961151
2017-06-13 11:33:27,330 - DEBUG - Batch 7000: mean_loss 0.0560038797557354
2017-06-13 11:33:30,272 - DEBUG - Test results (after batch 7000): loss: 0.051042184233665466, acc: 0.916900098323822
2017-06-13 11:33:38,516 - DEBUG - Batch 7100: mean_loss 0.05544107034802437
2017-06-13 11:33:46,743 - DEBUG - Batch 7200: mean_loss 0.05419183894991875
2017-06-13 11:33:54,965 - DEBUG - Batch 7300: mean_loss 0.05253589525818825
2017-06-13 11:34:03,199 - DEBUG - Batch 7400: mean_loss 0.05075183883309364
2017-06-13 11:34:11,421 - DEBUG - Batch 7500: mean_loss 0.05073289945721626
2017-06-13 11:34:19,635 - DEBUG - Batch 7600: mean_loss 0.050584930926561356
2017-06-13 11:34:27,869 - DEBUG - Batch 7700: mean_loss 0.048040445894002914
2017-06-13 11:34:36,104 - DEBUG - Batch 7800: mean_loss 0.047696374356746674
2017-06-13 11:34:44,336 - DEBUG - Batch 7900: mean_loss 0.04733389988541603
2017-06-13 11:34:52,558 - DEBUG - Batch 8000: mean_loss 0.044780220836400986
2017-06-13 11:34:55,507 - DEBUG - Test results (after batch 8000): loss: 0.046212274581193924, acc: 0.9269001483917236
2017-06-13 11:35:03,725 - DEBUG - Batch 8100: mean_loss 0.04670306295156479
2017-06-13 11:35:11,926 - DEBUG - Batch 8200: mean_loss 0.04734090715646744
2017-06-13 11:35:20,129 - DEBUG - Batch 8300: mean_loss 0.04558729752898216
2017-06-13 11:35:28,335 - DEBUG - Batch 8400: mean_loss 0.04500584304332733
2017-06-13 11:35:36,575 - DEBUG - Batch 8500: mean_loss 0.04457806423306465
2017-06-13 11:35:44,839 - DEBUG - Batch 8600: mean_loss 0.0450865738093853
2017-06-13 11:35:53,038 - DEBUG - Batch 8700: mean_loss 0.044149693101644516
2017-06-13 11:36:01,237 - DEBUG - Batch 8800: mean_loss 0.0422767736017704
2017-06-13 11:36:09,455 - DEBUG - Batch 8900: mean_loss 0.04226120561361313
2017-06-13 11:36:17,666 - DEBUG - Batch 9000: mean_loss 0.04261059686541557
2017-06-13 11:36:20,640 - DEBUG - Test results (after batch 9000): loss: 0.04007835313677788, acc: 0.935400128364563
2017-06-13 11:36:28,860 - DEBUG - Batch 9100: mean_loss 0.04203350841999054
2017-06-13 11:36:37,074 - DEBUG - Batch 9200: mean_loss 0.04166250303387642
2017-06-13 11:36:45,284 - DEBUG - Batch 9300: mean_loss 0.04065733402967453
2017-06-13 11:36:53,516 - DEBUG - Batch 9400: mean_loss 0.04035751521587372
2017-06-13 11:37:01,728 - DEBUG - Batch 9500: mean_loss 0.039887744933366776
2017-06-13 11:37:09,941 - DEBUG - Batch 9600: mean_loss 0.0402681939303875
2017-06-13 11:37:18,144 - DEBUG - Batch 9700: mean_loss 0.03948710113763809
2017-06-13 11:37:26,368 - DEBUG - Batch 9800: mean_loss 0.03787790611386299
2017-06-13 11:37:34,598 - DEBUG - Batch 9900: mean_loss 0.039105311036109924
2017-06-13 11:37:42,860 - DEBUG - Batch 10000: mean_loss 0.03949010372161865
2017-06-13 11:37:45,816 - DEBUG - Test results (after batch 10000): loss: 0.036331165581941605, acc: 0.9433001279830933
2017-06-13 11:37:54,021 - DEBUG - Batch 10100: mean_loss 0.03867072984576225
2017-06-13 11:38:02,241 - DEBUG - Batch 10200: mean_loss 0.03707273304462433
2017-06-13 11:38:10,448 - DEBUG - Batch 10300: mean_loss 0.035466939210891724
2017-06-13 11:38:18,686 - DEBUG - Batch 10400: mean_loss 0.03673529997467995
2017-06-13 11:38:26,906 - DEBUG - Batch 10500: mean_loss 0.03756588324904442
2017-06-13 11:38:35,139 - DEBUG - Batch 10600: mean_loss 0.036795929074287415
2017-06-13 11:38:43,481 - DEBUG - Batch 10700: mean_loss 0.03551671653985977
2017-06-13 11:38:51,747 - DEBUG - Batch 10800: mean_loss 0.03552597388625145
2017-06-13 11:39:00,003 - DEBUG - Batch 10900: mean_loss 0.035420116037130356
2017-06-13 11:39:08,407 - DEBUG - Batch 11000: mean_loss 0.03426675871014595
2017-06-13 11:39:11,457 - DEBUG - Test results (after batch 11000): loss: 0.034165579825639725, acc: 0.9445000886917114
2017-06-13 11:39:20,373 - DEBUG - Batch 11100: mean_loss 0.03532271459698677
2017-06-13 11:39:30,025 - DEBUG - Batch 11200: mean_loss 0.03479648754000664
2017-06-13 11:39:39,568 - DEBUG - Batch 11300: mean_loss 0.03271101787686348
2017-06-13 11:39:48,244 - DEBUG - Batch 11400: mean_loss 0.03246152773499489
2017-06-13 11:39:56,800 - DEBUG - Batch 11500: mean_loss 0.032804783433675766
2017-06-13 11:40:05,445 - DEBUG - Batch 11600: mean_loss 0.033645085990428925
2017-06-13 11:40:13,711 - DEBUG - Batch 11700: mean_loss 0.03433205559849739
2017-06-13 11:40:22,248 - DEBUG - Batch 11800: mean_loss 0.03401946648955345
2017-06-13 11:40:30,741 - DEBUG - Batch 11900: mean_loss 0.03299547731876373
2017-06-13 11:40:39,052 - DEBUG - Batch 12000: mean_loss 0.03243819624185562
2017-06-13 11:40:42,024 - DEBUG - Test results (after batch 12000): loss: 0.034341223537921906, acc: 0.9449000954627991
2017-06-13 11:40:50,337 - DEBUG - Batch 12100: mean_loss 0.031371138989925385
2017-06-13 11:40:59,149 - DEBUG - Batch 12200: mean_loss 0.03128715977072716
2017-06-13 11:41:07,622 - DEBUG - Batch 12300: mean_loss 0.031078312546014786
2017-06-13 11:41:15,959 - DEBUG - Batch 12400: mean_loss 0.031164441257715225
2017-06-13 11:41:24,909 - DEBUG - Batch 12500: mean_loss 0.031498294323682785
2017-06-13 11:41:33,197 - DEBUG - Batch 12600: mean_loss 0.031125688925385475
2017-06-13 11:41:41,857 - DEBUG - Batch 12700: mean_loss 0.03180992975831032
2017-06-13 11:41:50,319 - DEBUG - Batch 12800: mean_loss 0.030739394947886467
2017-06-13 11:41:58,859 - DEBUG - Batch 12900: mean_loss 0.028960661962628365
2017-06-13 11:42:07,218 - DEBUG - Batch 13000: mean_loss 0.029174208641052246
2017-06-13 11:42:10,198 - DEBUG - Test results (after batch 13000): loss: 0.03195962309837341, acc: 0.94840008020401
2017-06-13 11:42:18,411 - DEBUG - Batch 13100: mean_loss 0.02982722781598568
2017-06-13 11:42:26,647 - DEBUG - Batch 13200: mean_loss 0.029772568494081497
2017-06-13 11:42:35,091 - DEBUG - Batch 13300: mean_loss 0.029752185568213463
2017-06-13 11:42:43,630 - DEBUG - Batch 13400: mean_loss 0.02908209338784218
2017-06-13 11:42:51,864 - DEBUG - Batch 13500: mean_loss 0.029163582250475883
2017-06-13 11:43:00,199 - DEBUG - Batch 13600: mean_loss 0.029148772358894348
2017-06-13 11:43:08,462 - DEBUG - Batch 13700: mean_loss 0.028942221775650978
2017-06-13 11:43:16,760 - DEBUG - Batch 13800: mean_loss 0.02894187904894352
2017-06-13 11:43:25,023 - DEBUG - Batch 13900: mean_loss 0.027748413383960724
2017-06-13 11:43:33,296 - DEBUG - Batch 14000: mean_loss 0.026809191331267357
2017-06-13 11:43:36,271 - DEBUG - Test results (after batch 14000): loss: 0.029538489878177643, acc: 0.9515001177787781
2017-06-13 11:43:44,547 - DEBUG - Batch 14100: mean_loss 0.027723126113414764
2017-06-13 11:43:52,761 - DEBUG - Batch 14200: mean_loss 0.028104746714234352
2017-06-13 11:44:00,984 - DEBUG - Batch 14300: mean_loss 0.028239136561751366
2017-06-13 11:44:09,197 - DEBUG - Batch 14400: mean_loss 0.0284894872456789
2017-06-13 11:44:17,460 - DEBUG - Batch 14500: mean_loss 0.027267899364233017
2017-06-13 11:44:26,109 - DEBUG - Batch 14600: mean_loss 0.0266265869140625
2017-06-13 11:44:34,633 - DEBUG - Batch 14700: mean_loss 0.02667645923793316
2017-06-13 11:44:42,985 - DEBUG - Batch 14800: mean_loss 0.02615729346871376
2017-06-13 11:44:51,233 - DEBUG - Batch 14900: mean_loss 0.0262049101293087
2017-06-13 11:44:59,732 - DEBUG - Batch 15000: mean_loss 0.02601568214595318
2017-06-13 11:45:02,763 - DEBUG - Test results (after batch 15000): loss: 0.027528034523129463, acc: 0.9529001116752625
2017-06-13 11:45:11,222 - DEBUG - Batch 15100: mean_loss 0.02659180946648121
2017-06-13 11:45:19,563 - DEBUG - Batch 15200: mean_loss 0.027445781975984573
2017-06-13 11:45:27,969 - DEBUG - Batch 15300: mean_loss 0.027211932465434074
2017-06-13 11:45:36,252 - DEBUG - Batch 15400: mean_loss 0.027608683332800865
2017-06-13 11:45:44,601 - DEBUG - Batch 15500: mean_loss 0.027663717046380043
2017-06-13 11:45:52,921 - DEBUG - Batch 15600: mean_loss 0.02708510123193264
2017-06-13 11:46:01,309 - DEBUG - Batch 15700: mean_loss 0.02748125046491623
2017-06-13 11:46:09,711 - DEBUG - Batch 15800: mean_loss 0.02706979587674141
2017-06-13 11:46:18,112 - DEBUG - Batch 15900: mean_loss 0.023746134713292122
2017-06-13 11:46:26,380 - DEBUG - Batch 16000: mean_loss 0.023119749501347542
2017-06-13 11:46:29,347 - DEBUG - Test results (after batch 16000): loss: 0.023641956970095634, acc: 0.9633001089096069
2017-06-13 11:46:37,586 - DEBUG - Batch 16100: mean_loss 0.02467256225645542
2017-06-13 11:46:46,310 - DEBUG - Batch 16200: mean_loss 0.02501205913722515
2017-06-13 11:46:54,728 - DEBUG - Batch 16300: mean_loss 0.025622660294175148
2017-06-13 11:47:03,079 - DEBUG - Batch 16400: mean_loss 0.02544737420976162
2017-06-13 11:47:11,403 - DEBUG - Batch 16500: mean_loss 0.025244051590561867
2017-06-13 11:47:19,748 - DEBUG - Batch 16600: mean_loss 0.024461884051561356
2017-06-13 11:47:28,121 - DEBUG - Batch 16700: mean_loss 0.02398058958351612
2017-06-13 11:47:36,502 - DEBUG - Batch 16800: mean_loss 0.02491522766649723
2017-06-13 11:47:44,773 - DEBUG - Batch 16900: mean_loss 0.02400466427206993
2017-06-13 11:47:53,045 - DEBUG - Batch 17000: mean_loss 0.024577395990490913
2017-06-13 11:47:56,018 - DEBUG - Test results (after batch 17000): loss: 0.023766735568642616, acc: 0.9610001444816589
2017-06-13 11:48:04,259 - DEBUG - Batch 17100: mean_loss 0.02526385337114334
2017-06-13 11:48:12,512 - DEBUG - Batch 17200: mean_loss 0.024325670674443245
2017-06-13 11:48:20,745 - DEBUG - Batch 17300: mean_loss 0.02402222901582718
2017-06-13 11:48:28,957 - DEBUG - Batch 17400: mean_loss 0.02309347130358219
2017-06-13 11:48:37,190 - DEBUG - Batch 17500: mean_loss 0.02397235482931137
2017-06-13 11:48:45,414 - DEBUG - Batch 17600: mean_loss 0.02409600280225277
2017-06-13 11:48:53,642 - DEBUG - Batch 17700: mean_loss 0.023143557831645012
2017-06-13 11:49:01,891 - DEBUG - Batch 17800: mean_loss 0.023716183379292488
2017-06-13 11:49:10,105 - DEBUG - Batch 17900: mean_loss 0.022523898631334305
2017-06-13 11:49:18,327 - DEBUG - Batch 18000: mean_loss 0.022341288626194
2017-06-13 11:49:21,269 - DEBUG - Test results (after batch 18000): loss: 0.023728135973215103, acc: 0.9623001217842102
2017-06-13 11:49:29,522 - DEBUG - Batch 18100: mean_loss 0.023541154339909554
2017-06-13 11:49:37,872 - DEBUG - Batch 18200: mean_loss 0.024239432066679
2017-06-13 11:49:46,257 - DEBUG - Batch 18300: mean_loss 0.024194709956645966
2017-06-13 11:49:54,506 - DEBUG - Batch 18400: mean_loss 0.023707499727606773
2017-06-13 11:50:02,805 - DEBUG - Batch 18500: mean_loss 0.02343977615237236
2017-06-13 11:50:11,182 - DEBUG - Batch 18600: mean_loss 0.023008136078715324
2017-06-13 11:50:19,489 - DEBUG - Batch 18700: mean_loss 0.022841988131403923
2017-06-13 11:50:27,846 - DEBUG - Batch 18800: mean_loss 0.02174917235970497
2017-06-13 11:50:36,198 - DEBUG - Batch 18900: mean_loss 0.021933600306510925
2017-06-13 11:50:44,531 - DEBUG - Batch 19000: mean_loss 0.023721743375062943
2017-06-13 11:50:47,581 - DEBUG - Test results (after batch 19000): loss: 0.021768352016806602, acc: 0.9671001434326172
2017-06-13 11:50:55,926 - DEBUG - Batch 19100: mean_loss 0.022525319829583168
2017-06-13 11:51:04,269 - DEBUG - Batch 19200: mean_loss 0.02112925611436367
2017-06-13 11:51:12,624 - DEBUG - Batch 19300: mean_loss 0.021782822906970978
2017-06-13 11:51:20,880 - DEBUG - Batch 19400: mean_loss 0.021100034937262535
2017-06-13 11:51:29,135 - DEBUG - Batch 19500: mean_loss 0.02203945629298687
2017-06-13 11:51:37,395 - DEBUG - Batch 19600: mean_loss 0.02334076352417469
2017-06-13 11:51:45,668 - DEBUG - Batch 19700: mean_loss 0.02268376387655735
2017-06-13 11:51:53,968 - DEBUG - Batch 19800: mean_loss 0.021044189110398293
2017-06-13 11:52:02,231 - DEBUG - Batch 19900: mean_loss 0.020962247624993324
2017-06-13 11:52:10,487 - DEBUG - Batch 20000: mean_loss 0.020704472437500954
2017-06-13 11:52:13,440 - DEBUG - Test results (after batch 20000): loss: 0.023455725982785225, acc: 0.9626001119613647
2017-06-13 11:52:21,690 - DEBUG - Batch 20100: mean_loss 0.02099740505218506
2017-06-13 11:52:29,958 - DEBUG - Batch 20200: mean_loss 0.02142827957868576
2017-06-13 11:52:38,216 - DEBUG - Batch 20300: mean_loss 0.020779956132173538
2017-06-13 11:52:46,481 - DEBUG - Batch 20400: mean_loss 0.021100245416164398
2017-06-13 11:52:54,714 - DEBUG - Batch 20500: mean_loss 0.02204877696931362
2017-06-13 11:53:02,957 - DEBUG - Batch 20600: mean_loss 0.021605100482702255
2017-06-13 11:53:11,232 - DEBUG - Batch 20700: mean_loss 0.020524870604276657
2017-06-13 11:53:19,486 - DEBUG - Batch 20800: mean_loss 0.021074259653687477
2017-06-13 11:53:27,735 - DEBUG - Batch 20900: mean_loss 0.02129967138171196
2017-06-13 11:53:35,965 - DEBUG - Batch 21000: mean_loss 0.022730469703674316
2017-06-13 11:53:38,921 - DEBUG - Test results (after batch 21000): loss: 0.01983155868947506, acc: 0.9688000679016113
2017-06-13 11:53:47,160 - DEBUG - Batch 21100: mean_loss 0.021902117878198624
2017-06-13 11:53:55,392 - DEBUG - Batch 21200: mean_loss 0.019257791340351105
2017-06-13 11:54:03,635 - DEBUG - Batch 21300: mean_loss 0.01913849264383316
2017-06-13 11:54:11,874 - DEBUG - Batch 21400: mean_loss 0.020384030416607857
2017-06-13 11:54:20,155 - DEBUG - Batch 21500: mean_loss 0.02022462897002697
2017-06-13 11:54:28,402 - DEBUG - Batch 21600: mean_loss 0.021034911274909973
2017-06-13 11:54:36,650 - DEBUG - Batch 21700: mean_loss 0.022010579705238342
2017-06-13 11:54:44,912 - DEBUG - Batch 21800: mean_loss 0.021239925175905228
2017-06-13 11:54:53,135 - DEBUG - Batch 21900: mean_loss 0.02113771252334118
2017-06-13 11:55:01,367 - DEBUG - Batch 22000: mean_loss 0.02027786523103714
2017-06-13 11:55:04,359 - DEBUG - Test results (after batch 22000): loss: 0.020418088883161545, acc: 0.9680001735687256
2017-06-13 11:55:12,589 - DEBUG - Batch 22100: mean_loss 0.01938425377011299
2017-06-13 11:55:20,874 - DEBUG - Batch 22200: mean_loss 0.019162924960255623
2017-06-13 11:55:29,152 - DEBUG - Batch 22300: mean_loss 0.01926298998296261
2017-06-13 11:55:37,419 - DEBUG - Batch 22400: mean_loss 0.019660307094454765
2017-06-13 11:55:45,565 - DEBUG - Batch 22500: mean_loss 0.019179854542016983
2017-06-13 11:55:53,669 - DEBUG - Batch 22600: mean_loss 0.018814608454704285
2017-06-13 11:56:01,820 - DEBUG - Batch 22700: mean_loss 0.01917516626417637
2017-06-13 11:56:09,883 - DEBUG - Batch 22800: mean_loss 0.019589580595493317
2017-06-13 11:56:17,953 - DEBUG - Batch 22900: mean_loss 0.019059114158153534
2017-06-13 11:56:26,014 - DEBUG - Batch 23000: mean_loss 0.019374879077076912
2017-06-13 11:56:28,983 - DEBUG - Test results (after batch 23000): loss: 0.018244529142975807, acc: 0.9701001644134521
2017-06-13 11:56:37,046 - DEBUG - Batch 23100: mean_loss 0.019391320645809174
2017-06-13 11:56:45,102 - DEBUG - Batch 23200: mean_loss 0.01925518549978733
2017-06-13 11:56:53,193 - DEBUG - Batch 23300: mean_loss 0.01934831030666828
2017-06-13 11:57:01,251 - DEBUG - Batch 23400: mean_loss 0.01924189366400242
2017-06-13 11:57:09,314 - DEBUG - Batch 23500: mean_loss 0.019182147458195686
2017-06-13 11:57:17,369 - DEBUG - Batch 23600: mean_loss 0.018089700490236282
2017-06-13 11:57:25,423 - DEBUG - Batch 23700: mean_loss 0.019399654120206833
2017-06-13 11:57:33,438 - DEBUG - Batch 23800: mean_loss 0.019177205860614777
2017-06-13 11:57:41,462 - DEBUG - Batch 23900: mean_loss 0.01784483529627323
2017-06-13 11:57:49,458 - DEBUG - Batch 24000: mean_loss 0.01910644769668579
2017-06-13 11:57:52,390 - DEBUG - Test results (after batch 24000): loss: 0.01986515522003174, acc: 0.9681001901626587
2017-06-13 11:58:00,424 - DEBUG - Batch 24100: mean_loss 0.01878035068511963
2017-06-13 11:58:08,432 - DEBUG - Batch 24200: mean_loss 0.017016911879181862
2017-06-13 11:58:16,421 - DEBUG - Batch 24300: mean_loss 0.0177941732108593
2017-06-13 11:58:24,430 - DEBUG - Batch 24400: mean_loss 0.01839689165353775
2017-06-13 11:58:32,447 - DEBUG - Batch 24500: mean_loss 0.018062731251120567
2017-06-13 11:58:40,473 - DEBUG - Batch 24600: mean_loss 0.01972450688481331
2017-06-13 11:58:48,492 - DEBUG - Batch 24700: mean_loss 0.01884852536022663
2017-06-13 11:58:56,499 - DEBUG - Batch 24800: mean_loss 0.018021609634160995
2017-06-13 11:59:04,510 - DEBUG - Batch 24900: mean_loss 0.01944027468562126
2017-06-13 11:59:12,560 - DEBUG - Batch 25000: mean_loss 0.018055705353617668
2017-06-13 11:59:15,492 - DEBUG - Test results (after batch 25000): loss: 0.01754404418170452, acc: 0.9728001952171326
2017-06-13 11:59:23,488 - DEBUG - Batch 25100: mean_loss 0.01756034418940544
2017-06-13 11:59:31,477 - DEBUG - Batch 25200: mean_loss 0.01833506114780903
2017-06-13 11:59:39,484 - DEBUG - Batch 25300: mean_loss 0.01844722405076027
2017-06-13 11:59:47,486 - DEBUG - Batch 25400: mean_loss 0.018454642966389656
2017-06-13 11:59:55,499 - DEBUG - Batch 25500: mean_loss 0.018733490258455276
2017-06-13 12:00:03,495 - DEBUG - Batch 25600: mean_loss 0.018549755215644836
2017-06-13 12:00:11,484 - DEBUG - Batch 25700: mean_loss 0.01822812855243683
2017-06-13 12:00:19,503 - DEBUG - Batch 25800: mean_loss 0.017400069162249565
2017-06-13 12:00:27,508 - DEBUG - Batch 25900: mean_loss 0.017282743006944656
2017-06-13 12:00:35,509 - DEBUG - Batch 26000: mean_loss 0.018070034682750702
2017-06-13 12:00:38,496 - DEBUG - Test results (after batch 26000): loss: 0.019785460084676743, acc: 0.9677001237869263
2017-06-13 12:00:46,499 - DEBUG - Batch 26100: mean_loss 0.01729053072631359
2017-06-13 12:00:54,514 - DEBUG - Batch 26200: mean_loss 0.01703023537993431
2017-06-13 12:01:02,494 - DEBUG - Batch 26300: mean_loss 0.01772681623697281
2017-06-13 12:01:10,487 - DEBUG - Batch 26400: mean_loss 0.017772335559129715
2017-06-13 12:01:18,494 - DEBUG - Batch 26500: mean_loss 0.01687132567167282
2017-06-13 12:01:26,503 - DEBUG - Batch 26600: mean_loss 0.016818923875689507
2017-06-13 12:01:34,542 - DEBUG - Batch 26700: mean_loss 0.017204955220222473
2017-06-13 12:01:42,571 - DEBUG - Batch 26800: mean_loss 0.018071386963129044
2017-06-13 12:01:50,568 - DEBUG - Batch 26900: mean_loss 0.01862827129662037
2017-06-13 12:01:58,548 - DEBUG - Batch 27000: mean_loss 0.018834738060832024
2017-06-13 12:02:01,478 - DEBUG - Test results (after batch 27000): loss: 0.017611442133784294, acc: 0.9706001877784729
2017-06-13 12:02:09,463 - DEBUG - Batch 27100: mean_loss 0.01855088584125042
2017-06-13 12:02:17,462 - DEBUG - Batch 27200: mean_loss 0.016836538910865784
2017-06-13 12:02:25,463 - DEBUG - Batch 27300: mean_loss 0.01604263111948967
2017-06-13 12:02:33,464 - DEBUG - Batch 27400: mean_loss 0.016477590426802635
2017-06-13 12:02:41,471 - DEBUG - Batch 27500: mean_loss 0.01723756641149521
2017-06-13 12:02:49,523 - DEBUG - Batch 27600: mean_loss 0.016803961247205734
2017-06-13 12:02:57,538 - DEBUG - Batch 27700: mean_loss 0.015940800309181213
2017-06-13 12:03:05,555 - DEBUG - Batch 27800: mean_loss 0.01572885364294052
2017-06-13 12:03:13,555 - DEBUG - Batch 27900: mean_loss 0.015956996008753777
2017-06-13 12:03:21,540 - DEBUG - Batch 28000: mean_loss 0.017183130607008934
2017-06-13 12:03:24,473 - DEBUG - Test results (after batch 28000): loss: 0.01826481893658638, acc: 0.9712001085281372
2017-06-13 12:03:32,473 - DEBUG - Batch 28100: mean_loss 0.017396986484527588
2017-06-13 12:03:40,501 - DEBUG - Batch 28200: mean_loss 0.016696417704224586
2017-06-13 12:03:48,503 - DEBUG - Batch 28300: mean_loss 0.016582461073994637
2017-06-13 12:03:56,518 - DEBUG - Batch 28400: mean_loss 0.017117738723754883
2017-06-13 12:04:04,523 - DEBUG - Batch 28500: mean_loss 0.01698678731918335
2017-06-13 12:04:12,506 - DEBUG - Batch 28600: mean_loss 0.015730269253253937
2017-06-13 12:04:20,519 - DEBUG - Batch 28700: mean_loss 0.01588008925318718
2017-06-13 12:04:28,530 - DEBUG - Batch 28800: mean_loss 0.01631019078195095
2017-06-13 12:04:36,531 - DEBUG - Batch 28900: mean_loss 0.01714794896543026
2017-06-13 12:04:44,531 - DEBUG - Batch 29000: mean_loss 0.01667015068233013
2017-06-13 12:04:47,536 - DEBUG - Test results (after batch 29000): loss: 0.018186280503869057, acc: 0.9713001251220703
2017-06-13 12:04:55,553 - DEBUG - Batch 29100: mean_loss 0.01548024546355009
2017-06-13 12:05:03,545 - DEBUG - Batch 29200: mean_loss 0.016024252399802208
2017-06-13 12:05:11,575 - DEBUG - Batch 29300: mean_loss 0.01560081448405981
2017-06-13 12:05:19,577 - DEBUG - Batch 29400: mean_loss 0.01418287307024002
2017-06-13 12:05:27,570 - DEBUG - Batch 29500: mean_loss 0.01424548588693142
2017-06-13 12:05:35,568 - DEBUG - Batch 29600: mean_loss 0.015776552259922028
2017-06-13 12:05:43,575 - DEBUG - Batch 29700: mean_loss 0.016267545521259308
2017-06-13 12:05:51,594 - DEBUG - Batch 29800: mean_loss 0.016365278512239456
2017-06-13 12:05:59,581 - DEBUG - Batch 29900: mean_loss 0.016375809907913208
2017-06-13 12:06:07,603 - DEBUG - Batch 30000: mean_loss 0.01718706078827381
2017-06-13 12:06:10,629 - DEBUG - Test results (after batch 30000): loss: 0.018591105937957764, acc: 0.9719001650810242
2017-06-13 12:06:13,658 - DEBUG - Test results (after batch 30001): loss: 0.017918817698955536, acc: 0.9720001816749573
