2017-06-13 01:15:27,872 - WARNING - Nodename: t888
2017-06-13 01:15:27,872 - WARNING - Checkpoint file: checkpoints/2017-06-12_23:15.ckpt
2017-06-13 01:15:30,545 - INFO - Start training
2017-06-13 01:15:46,417 - DEBUG - Batch 100: mean_loss 0.4073013663291931
2017-06-13 01:15:54,320 - DEBUG - Batch 200: mean_loss 0.3664831817150116
2017-06-13 01:16:02,254 - DEBUG - Batch 300: mean_loss 0.3251858055591583
2017-06-13 01:16:10,185 - DEBUG - Batch 400: mean_loss 0.3230074346065521
2017-06-13 01:16:18,181 - DEBUG - Batch 500: mean_loss 0.317033588886261
2017-06-13 01:16:26,086 - DEBUG - Batch 600: mean_loss 0.3045082092285156
2017-06-13 01:16:34,329 - DEBUG - Batch 700: mean_loss 0.2895173728466034
2017-06-13 01:16:42,414 - DEBUG - Batch 800: mean_loss 0.27526214718818665
2017-06-13 01:16:50,732 - DEBUG - Batch 900: mean_loss 0.2617967128753662
2017-06-13 01:16:58,958 - DEBUG - Batch 1000: mean_loss 0.25158822536468506
2017-06-13 01:17:02,201 - DEBUG - Test results (after batch 1000): loss: 0.24175699055194855, acc: 0.3441999554634094
2017-06-13 01:17:10,335 - DEBUG - Batch 1100: mean_loss 0.24360255897045135
2017-06-13 01:17:18,390 - DEBUG - Batch 1200: mean_loss 0.23433691263198853
2017-06-13 01:17:26,362 - DEBUG - Batch 1300: mean_loss 0.22258949279785156
2017-06-13 01:17:34,309 - DEBUG - Batch 1400: mean_loss 0.21057334542274475
2017-06-13 01:17:42,853 - DEBUG - Batch 1500: mean_loss 0.20092350244522095
2017-06-13 01:17:51,257 - DEBUG - Batch 1600: mean_loss 0.19168007373809814
2017-06-13 01:17:59,301 - DEBUG - Batch 1700: mean_loss 0.18247050046920776
2017-06-13 01:18:07,278 - DEBUG - Batch 1800: mean_loss 0.17335830628871918
2017-06-13 01:18:15,209 - DEBUG - Batch 1900: mean_loss 0.16510838270187378
2017-06-13 01:18:23,159 - DEBUG - Batch 2000: mean_loss 0.15737901628017426
2017-06-13 01:18:26,238 - DEBUG - Test results (after batch 2000): loss: 0.1489250510931015, acc: 0.6911999583244324
2017-06-13 01:18:34,324 - DEBUG - Batch 2100: mean_loss 0.14901867508888245
2017-06-13 01:18:42,602 - DEBUG - Batch 2200: mean_loss 0.1418297290802002
2017-06-13 01:18:50,697 - DEBUG - Batch 2300: mean_loss 0.13595658540725708
2017-06-13 01:18:58,680 - DEBUG - Batch 2400: mean_loss 0.13295525312423706
2017-06-13 01:19:06,612 - DEBUG - Batch 2500: mean_loss 0.13126486539840698
2017-06-13 01:19:14,577 - DEBUG - Batch 2600: mean_loss 0.12589281797409058
2017-06-13 01:19:22,502 - DEBUG - Batch 2700: mean_loss 0.1223316416144371
2017-06-13 01:19:30,449 - DEBUG - Batch 2800: mean_loss 0.11924785375595093
2017-06-13 01:19:38,385 - DEBUG - Batch 2900: mean_loss 0.11464783549308777
2017-06-13 01:19:46,330 - DEBUG - Batch 3000: mean_loss 0.11209579557180405
2017-06-13 01:19:49,412 - DEBUG - Test results (after batch 3000): loss: 0.1045960858464241, acc: 0.7905000448226929
2017-06-13 01:19:57,334 - DEBUG - Batch 3100: mean_loss 0.10565850883722305
2017-06-13 01:20:05,288 - DEBUG - Batch 3200: mean_loss 0.10198644548654556
2017-06-13 01:20:13,203 - DEBUG - Batch 3300: mean_loss 0.10269662737846375
2017-06-13 01:20:21,115 - DEBUG - Batch 3400: mean_loss 0.10110916942358017
2017-06-13 01:20:29,092 - DEBUG - Batch 3500: mean_loss 0.09679797291755676
2017-06-13 01:20:37,010 - DEBUG - Batch 3600: mean_loss 0.09335453063249588
2017-06-13 01:20:44,952 - DEBUG - Batch 3700: mean_loss 0.09313085675239563
2017-06-13 01:20:52,886 - DEBUG - Batch 3800: mean_loss 0.0920754224061966
2017-06-13 01:21:00,819 - DEBUG - Batch 3900: mean_loss 0.08913081139326096
2017-06-13 01:21:08,746 - DEBUG - Batch 4000: mean_loss 0.08640490472316742
2017-06-13 01:21:11,817 - DEBUG - Test results (after batch 4000): loss: 0.08274474740028381, acc: 0.8510000705718994
2017-06-13 01:21:19,773 - DEBUG - Batch 4100: mean_loss 0.083844393491745
2017-06-13 01:21:27,745 - DEBUG - Batch 4200: mean_loss 0.08320985734462738
2017-06-13 01:21:35,722 - DEBUG - Batch 4300: mean_loss 0.08242393285036087
2017-06-13 01:21:43,704 - DEBUG - Batch 4400: mean_loss 0.08002421259880066
2017-06-13 01:21:51,792 - DEBUG - Batch 4500: mean_loss 0.07775110006332397
2017-06-13 01:21:59,593 - DEBUG - Batch 4600: mean_loss 0.07578182220458984
2017-06-13 01:22:07,411 - DEBUG - Batch 4700: mean_loss 0.07541632652282715
2017-06-13 01:22:15,192 - DEBUG - Batch 4800: mean_loss 0.07524139434099197
2017-06-13 01:22:23,004 - DEBUG - Batch 4900: mean_loss 0.07290777564048767
2017-06-13 01:22:30,810 - DEBUG - Batch 5000: mean_loss 0.07023497670888901
2017-06-13 01:22:33,755 - DEBUG - Test results (after batch 5000): loss: 0.06853222101926804, acc: 0.8779000639915466
2017-06-13 01:22:41,644 - DEBUG - Batch 5100: mean_loss 0.06826739013195038
2017-06-13 01:22:49,919 - DEBUG - Batch 5200: mean_loss 0.06724914908409119
2017-06-13 01:22:58,029 - DEBUG - Batch 5300: mean_loss 0.06662450730800629
2017-06-13 01:23:05,911 - DEBUG - Batch 5400: mean_loss 0.06324392557144165
2017-06-13 01:23:13,881 - DEBUG - Batch 5500: mean_loss 0.06182147189974785
2017-06-13 01:23:21,847 - DEBUG - Batch 5600: mean_loss 0.062307167798280716
2017-06-13 01:23:29,770 - DEBUG - Batch 5700: mean_loss 0.05891355499625206
2017-06-13 01:23:37,850 - DEBUG - Batch 5800: mean_loss 0.05679651349782944
2017-06-13 01:23:45,802 - DEBUG - Batch 5900: mean_loss 0.05718880519270897
2017-06-13 01:23:53,742 - DEBUG - Batch 6000: mean_loss 0.05670542269945145
2017-06-13 01:23:56,825 - DEBUG - Test results (after batch 6000): loss: 0.05465523526072502, acc: 0.906700074672699
2017-06-13 01:24:04,785 - DEBUG - Batch 6100: mean_loss 0.05490507930517197
2017-06-13 01:24:12,707 - DEBUG - Batch 6200: mean_loss 0.05289201810956001
2017-06-13 01:24:20,646 - DEBUG - Batch 6300: mean_loss 0.05168011039495468
2017-06-13 01:24:28,618 - DEBUG - Batch 6400: mean_loss 0.05138891562819481
2017-06-13 01:24:36,554 - DEBUG - Batch 6500: mean_loss 0.04940061643719673
2017-06-13 01:24:44,530 - DEBUG - Batch 6600: mean_loss 0.04747987911105156
2017-06-13 01:24:52,464 - DEBUG - Batch 6700: mean_loss 0.0491577573120594
2017-06-13 01:25:00,402 - DEBUG - Batch 6800: mean_loss 0.049710359424352646
2017-06-13 01:25:08,384 - DEBUG - Batch 6900: mean_loss 0.04694376140832901
2017-06-13 01:25:16,303 - DEBUG - Batch 7000: mean_loss 0.04539898782968521
2017-06-13 01:25:19,370 - DEBUG - Test results (after batch 7000): loss: 0.044643186032772064, acc: 0.9254001379013062
2017-06-13 01:25:27,312 - DEBUG - Batch 7100: mean_loss 0.04670705646276474
2017-06-13 01:25:35,225 - DEBUG - Batch 7200: mean_loss 0.04581255093216896
2017-06-13 01:25:43,160 - DEBUG - Batch 7300: mean_loss 0.04539761692285538
2017-06-13 01:25:51,104 - DEBUG - Batch 7400: mean_loss 0.04464471712708473
2017-06-13 01:25:59,038 - DEBUG - Batch 7500: mean_loss 0.04295117035508156
2017-06-13 01:26:06,983 - DEBUG - Batch 7600: mean_loss 0.043491244316101074
2017-06-13 01:26:14,936 - DEBUG - Batch 7700: mean_loss 0.04274918884038925
2017-06-13 01:26:22,905 - DEBUG - Batch 7800: mean_loss 0.04106390103697777
2017-06-13 01:26:31,100 - DEBUG - Batch 7900: mean_loss 0.041243962943553925
2017-06-13 01:26:39,224 - DEBUG - Batch 8000: mean_loss 0.04238877817988396
2017-06-13 01:26:42,359 - DEBUG - Test results (after batch 8000): loss: 0.0408206507563591, acc: 0.9334001541137695
2017-06-13 01:26:50,426 - DEBUG - Batch 8100: mean_loss 0.04267377033829689
2017-06-13 01:26:58,442 - DEBUG - Batch 8200: mean_loss 0.04083184152841568
2017-06-13 01:27:06,398 - DEBUG - Batch 8300: mean_loss 0.037865303456783295
2017-06-13 01:27:14,339 - DEBUG - Batch 8400: mean_loss 0.03700806200504303
2017-06-13 01:27:22,278 - DEBUG - Batch 8500: mean_loss 0.03830156475305557
2017-06-13 01:27:30,248 - DEBUG - Batch 8600: mean_loss 0.0382724367082119
2017-06-13 01:27:38,211 - DEBUG - Batch 8700: mean_loss 0.03663819283246994
2017-06-13 01:27:46,148 - DEBUG - Batch 8800: mean_loss 0.03688115254044533
2017-06-13 01:27:54,096 - DEBUG - Batch 8900: mean_loss 0.038338519632816315
2017-06-13 01:28:02,041 - DEBUG - Batch 9000: mean_loss 0.03861640766263008
2017-06-13 01:28:05,105 - DEBUG - Test results (after batch 9000): loss: 0.034861546009778976, acc: 0.9416001439094543
2017-06-13 01:28:13,026 - DEBUG - Batch 9100: mean_loss 0.03699956461787224
2017-06-13 01:28:20,976 - DEBUG - Batch 9200: mean_loss 0.03776002302765846
2017-06-13 01:28:28,929 - DEBUG - Batch 9300: mean_loss 0.03912452980875969
2017-06-13 01:28:36,858 - DEBUG - Batch 9400: mean_loss 0.03577512875199318
2017-06-13 01:28:44,855 - DEBUG - Batch 9500: mean_loss 0.034900963306427
2017-06-13 01:28:52,786 - DEBUG - Batch 9600: mean_loss 0.0348394438624382
2017-06-13 01:29:00,721 - DEBUG - Batch 9700: mean_loss 0.032873984426259995
2017-06-13 01:29:08,684 - DEBUG - Batch 9800: mean_loss 0.03427673503756523
2017-06-13 01:29:16,751 - DEBUG - Batch 9900: mean_loss 0.03392711654305458
2017-06-13 01:29:24,718 - DEBUG - Batch 10000: mean_loss 0.033834733068943024
2017-06-13 01:29:27,785 - DEBUG - Test results (after batch 10000): loss: 0.032403696328401566, acc: 0.9479000568389893
2017-06-13 01:29:35,727 - DEBUG - Batch 10100: mean_loss 0.035912055522203445
2017-06-13 01:29:43,701 - DEBUG - Batch 10200: mean_loss 0.0339607372879982
2017-06-13 01:29:51,622 - DEBUG - Batch 10300: mean_loss 0.032325342297554016
2017-06-13 01:29:59,600 - DEBUG - Batch 10400: mean_loss 0.03243766352534294
2017-06-13 01:30:07,520 - DEBUG - Batch 10500: mean_loss 0.03280557319521904
2017-06-13 01:30:15,473 - DEBUG - Batch 10600: mean_loss 0.03342032432556152
2017-06-13 01:30:23,451 - DEBUG - Batch 10700: mean_loss 0.03325719013810158
2017-06-13 01:30:31,422 - DEBUG - Batch 10800: mean_loss 0.032590385526418686
2017-06-13 01:30:39,351 - DEBUG - Batch 10900: mean_loss 0.03189639747142792
2017-06-13 01:30:47,270 - DEBUG - Batch 11000: mean_loss 0.03237698972225189
2017-06-13 01:30:50,335 - DEBUG - Test results (after batch 11000): loss: 0.028947003185749054, acc: 0.9526001214981079
2017-06-13 01:30:58,269 - DEBUG - Batch 11100: mean_loss 0.03230799734592438
2017-06-13 01:31:06,552 - DEBUG - Batch 11200: mean_loss 0.03149401769042015
2017-06-13 01:31:14,576 - DEBUG - Batch 11300: mean_loss 0.030817074701189995
2017-06-13 01:31:22,666 - DEBUG - Batch 11400: mean_loss 0.03179490566253662
2017-06-13 01:31:30,608 - DEBUG - Batch 11500: mean_loss 0.03107159584760666
2017-06-13 01:31:38,576 - DEBUG - Batch 11600: mean_loss 0.028765417635440826
2017-06-13 01:31:46,513 - DEBUG - Batch 11700: mean_loss 0.028952263295650482
2017-06-13 01:31:54,455 - DEBUG - Batch 11800: mean_loss 0.02948763780295849
2017-06-13 01:32:02,380 - DEBUG - Batch 11900: mean_loss 0.030229205265641212
2017-06-13 01:32:10,336 - DEBUG - Batch 12000: mean_loss 0.029638871550559998
2017-06-13 01:32:13,439 - DEBUG - Test results (after batch 12000): loss: 0.02810073271393776, acc: 0.9540001153945923
2017-06-13 01:32:21,396 - DEBUG - Batch 12100: mean_loss 0.028672466054558754
2017-06-13 01:32:29,344 - DEBUG - Batch 12200: mean_loss 0.028447680175304413
2017-06-13 01:32:37,289 - DEBUG - Batch 12300: mean_loss 0.029179111123085022
2017-06-13 01:32:45,213 - DEBUG - Batch 12400: mean_loss 0.028773879632353783
2017-06-13 01:32:53,153 - DEBUG - Batch 12500: mean_loss 0.028836430981755257
2017-06-13 01:33:01,079 - DEBUG - Batch 12600: mean_loss 0.03074984811246395
2017-06-13 01:33:09,035 - DEBUG - Batch 12700: mean_loss 0.030467867851257324
2017-06-13 01:33:16,998 - DEBUG - Batch 12800: mean_loss 0.02855779603123665
2017-06-13 01:33:25,004 - DEBUG - Batch 12900: mean_loss 0.028090542182326317
2017-06-13 01:33:32,952 - DEBUG - Batch 13000: mean_loss 0.028497781604528427
2017-06-13 01:33:36,063 - DEBUG - Test results (after batch 13000): loss: 0.027660954743623734, acc: 0.9551001787185669
2017-06-13 01:33:44,009 - DEBUG - Batch 13100: mean_loss 0.02707122080028057
2017-06-13 01:33:51,958 - DEBUG - Batch 13200: mean_loss 0.027011383324861526
2017-06-13 01:33:59,909 - DEBUG - Batch 13300: mean_loss 0.02802996151149273
2017-06-13 01:34:07,874 - DEBUG - Batch 13400: mean_loss 0.02849424071609974
2017-06-13 01:34:15,818 - DEBUG - Batch 13500: mean_loss 0.028096599504351616
2017-06-13 01:34:23,789 - DEBUG - Batch 13600: mean_loss 0.02695222571492195
2017-06-13 01:34:31,931 - DEBUG - Batch 13700: mean_loss 0.026760492473840714
2017-06-13 01:34:39,895 - DEBUG - Batch 13800: mean_loss 0.028129296377301216
2017-06-13 01:34:47,838 - DEBUG - Batch 13900: mean_loss 0.028453698381781578
2017-06-13 01:34:55,765 - DEBUG - Batch 14000: mean_loss 0.026717834174633026
2017-06-13 01:34:58,835 - DEBUG - Test results (after batch 14000): loss: 0.02563464641571045, acc: 0.9555001258850098
2017-06-13 01:35:06,739 - DEBUG - Batch 14100: mean_loss 0.026173759251832962
2017-06-13 01:35:14,691 - DEBUG - Batch 14200: mean_loss 0.02694607339799404
2017-06-13 01:35:22,631 - DEBUG - Batch 14300: mean_loss 0.02583627961575985
2017-06-13 01:35:30,564 - DEBUG - Batch 14400: mean_loss 0.024990390986204147
2017-06-13 01:35:38,508 - DEBUG - Batch 14500: mean_loss 0.0259847529232502
2017-06-13 01:35:46,425 - DEBUG - Batch 14600: mean_loss 0.027137842029333115
2017-06-13 01:35:54,391 - DEBUG - Batch 14700: mean_loss 0.026477910578250885
2017-06-13 01:36:02,320 - DEBUG - Batch 14800: mean_loss 0.024028809741139412
2017-06-13 01:36:10,251 - DEBUG - Batch 14900: mean_loss 0.02516554668545723
2017-06-13 01:36:18,182 - DEBUG - Batch 15000: mean_loss 0.026346055790781975
2017-06-13 01:36:21,275 - DEBUG - Test results (after batch 15000): loss: 0.026057755574584007, acc: 0.9580001831054688
2017-06-13 01:36:29,225 - DEBUG - Batch 15100: mean_loss 0.02472786232829094
2017-06-13 01:36:37,143 - DEBUG - Batch 15200: mean_loss 0.023974301293492317
2017-06-13 01:36:45,077 - DEBUG - Batch 15300: mean_loss 0.024616574868559837
2017-06-13 01:36:53,044 - DEBUG - Batch 15400: mean_loss 0.0251334086060524
2017-06-13 01:37:01,003 - DEBUG - Batch 15500: mean_loss 0.02368978038430214
2017-06-13 01:37:08,929 - DEBUG - Batch 15600: mean_loss 0.023949578404426575
2017-06-13 01:37:16,869 - DEBUG - Batch 15700: mean_loss 0.024782979860901833
2017-06-13 01:37:24,792 - DEBUG - Batch 15800: mean_loss 0.025081872940063477
2017-06-13 01:37:32,713 - DEBUG - Batch 15900: mean_loss 0.024939121678471565
2017-06-13 01:37:40,699 - DEBUG - Batch 16000: mean_loss 0.023349402472376823
2017-06-13 01:37:43,769 - DEBUG - Test results (after batch 16000): loss: 0.0231468603014946, acc: 0.9617000818252563
2017-06-13 01:37:51,863 - DEBUG - Batch 16100: mean_loss 0.023219065740704536
2017-06-13 01:37:59,746 - DEBUG - Batch 16200: mean_loss 0.02381923235952854
2017-06-13 01:38:07,558 - DEBUG - Batch 16300: mean_loss 0.024448003619909286
2017-06-13 01:38:15,390 - DEBUG - Batch 16400: mean_loss 0.023501258343458176
2017-06-13 01:38:23,200 - DEBUG - Batch 16500: mean_loss 0.022259898483753204
2017-06-13 01:38:31,674 - DEBUG - Batch 16600: mean_loss 0.022479522973299026
2017-06-13 01:38:40,123 - DEBUG - Batch 16700: mean_loss 0.02342883124947548
2017-06-13 01:38:48,045 - DEBUG - Batch 16800: mean_loss 0.024221276864409447
2017-06-13 01:38:56,190 - DEBUG - Batch 16900: mean_loss 0.023272676393389702
2017-06-13 01:39:04,106 - DEBUG - Batch 17000: mean_loss 0.02341938577592373
2017-06-13 01:39:07,085 - DEBUG - Test results (after batch 17000): loss: 0.024616869166493416, acc: 0.9572001099586487
2017-06-13 01:39:14,918 - DEBUG - Batch 17100: mean_loss 0.023855192586779594
2017-06-13 01:39:22,833 - DEBUG - Batch 17200: mean_loss 0.02387065440416336
2017-06-13 01:39:31,028 - DEBUG - Batch 17300: mean_loss 0.023458216339349747
2017-06-13 01:39:38,865 - DEBUG - Batch 17400: mean_loss 0.02293134294450283
2017-06-13 01:39:46,819 - DEBUG - Batch 17500: mean_loss 0.022615628316998482
2017-06-13 01:39:54,723 - DEBUG - Batch 17600: mean_loss 0.023255525156855583
2017-06-13 01:40:02,532 - DEBUG - Batch 17700: mean_loss 0.02352081798017025
2017-06-13 01:40:10,360 - DEBUG - Batch 17800: mean_loss 0.021932048723101616
2017-06-13 01:40:18,420 - DEBUG - Batch 17900: mean_loss 0.022580059245228767
2017-06-13 01:40:26,250 - DEBUG - Batch 18000: mean_loss 0.022737503051757812
2017-06-13 01:40:29,200 - DEBUG - Test results (after batch 18000): loss: 0.026610802859067917, acc: 0.9553001523017883
2017-06-13 01:40:37,091 - DEBUG - Batch 18100: mean_loss 0.021945366635918617
2017-06-13 01:40:44,951 - DEBUG - Batch 18200: mean_loss 0.021138666197657585
2017-06-13 01:40:53,041 - DEBUG - Batch 18300: mean_loss 0.020929133519530296
2017-06-13 01:41:01,006 - DEBUG - Batch 18400: mean_loss 0.02170366235077381
2017-06-13 01:41:08,947 - DEBUG - Batch 18500: mean_loss 0.022622710093855858
2017-06-13 01:41:16,864 - DEBUG - Batch 18600: mean_loss 0.02190525457262993
2017-06-13 01:41:24,741 - DEBUG - Batch 18700: mean_loss 0.021430296823382378
2017-06-13 01:41:32,600 - DEBUG - Batch 18800: mean_loss 0.022137008607387543
2017-06-13 01:41:40,535 - DEBUG - Batch 18900: mean_loss 0.021889518946409225
2017-06-13 01:41:48,629 - DEBUG - Batch 19000: mean_loss 0.021015053614974022
2017-06-13 01:41:51,565 - DEBUG - Test results (after batch 19000): loss: 0.02337322011590004, acc: 0.9595001339912415
2017-06-13 01:41:59,792 - DEBUG - Batch 19100: mean_loss 0.020885314792394638
2017-06-13 01:42:07,744 - DEBUG - Batch 19200: mean_loss 0.021929346024990082
2017-06-13 01:42:15,588 - DEBUG - Batch 19300: mean_loss 0.022250313311815262
2017-06-13 01:42:23,424 - DEBUG - Batch 19400: mean_loss 0.021578989923000336
2017-06-13 01:42:31,241 - DEBUG - Batch 19500: mean_loss 0.020571693778038025
2017-06-13 01:42:39,062 - DEBUG - Batch 19600: mean_loss 0.020162247121334076
2017-06-13 01:42:46,875 - DEBUG - Batch 19700: mean_loss 0.020874807611107826
2017-06-13 01:42:54,717 - DEBUG - Batch 19800: mean_loss 0.022093364968895912
2017-06-13 01:43:02,532 - DEBUG - Batch 19900: mean_loss 0.023145336657762527
2017-06-13 01:43:10,360 - DEBUG - Batch 20000: mean_loss 0.021717771887779236
2017-06-13 01:43:13,307 - DEBUG - Test results (after batch 20000): loss: 0.02203238010406494, acc: 0.9621001482009888
2017-06-13 01:43:21,111 - DEBUG - Batch 20100: mean_loss 0.019936326891183853
2017-06-13 01:43:28,901 - DEBUG - Batch 20200: mean_loss 0.020713958889245987
2017-06-13 01:43:36,695 - DEBUG - Batch 20300: mean_loss 0.020132550969719887
2017-06-13 01:43:44,480 - DEBUG - Batch 20400: mean_loss 0.019238246604800224
2017-06-13 01:43:52,288 - DEBUG - Batch 20500: mean_loss 0.019880637526512146
2017-06-13 01:44:00,527 - DEBUG - Batch 20600: mean_loss 0.021131999790668488
2017-06-13 01:44:08,842 - DEBUG - Batch 20700: mean_loss 0.020626042038202286
2017-06-13 01:44:16,667 - DEBUG - Batch 20800: mean_loss 0.020192837342619896
2017-06-13 01:44:24,690 - DEBUG - Batch 20900: mean_loss 0.020381011068820953
2017-06-13 01:44:32,513 - DEBUG - Batch 21000: mean_loss 0.020457692444324493
2017-06-13 01:44:35,519 - DEBUG - Test results (after batch 21000): loss: 0.020863646641373634, acc: 0.9651001691818237
2017-06-13 01:44:43,643 - DEBUG - Batch 21100: mean_loss 0.020282015204429626
2017-06-13 01:44:51,736 - DEBUG - Batch 21200: mean_loss 0.01989036239683628
2017-06-13 01:44:59,544 - DEBUG - Batch 21300: mean_loss 0.019631288945674896
2017-06-13 01:45:07,344 - DEBUG - Batch 21400: mean_loss 0.01909356378018856
2017-06-13 01:45:15,180 - DEBUG - Batch 21500: mean_loss 0.019621174782514572
2017-06-13 01:45:22,987 - DEBUG - Batch 21600: mean_loss 0.019625596702098846
2017-06-13 01:45:30,758 - DEBUG - Batch 21700: mean_loss 0.019345957785844803
2017-06-13 01:45:38,595 - DEBUG - Batch 21800: mean_loss 0.019166385754942894
2017-06-13 01:45:46,382 - DEBUG - Batch 21900: mean_loss 0.019343340769410133
2017-06-13 01:45:54,334 - DEBUG - Batch 22000: mean_loss 0.01996646821498871
2017-06-13 01:45:57,413 - DEBUG - Test results (after batch 22000): loss: 0.021543733775615692, acc: 0.9641001224517822
2017-06-13 01:46:05,404 - DEBUG - Batch 22100: mean_loss 0.020393403246998787
2017-06-13 01:46:13,199 - DEBUG - Batch 22200: mean_loss 0.0202956423163414
2017-06-13 01:46:20,995 - DEBUG - Batch 22300: mean_loss 0.019440049305558205
2017-06-13 01:46:28,829 - DEBUG - Batch 22400: mean_loss 0.018713204190135002
2017-06-13 01:46:36,633 - DEBUG - Batch 22500: mean_loss 0.02001757174730301
2017-06-13 01:46:44,712 - DEBUG - Batch 22600: mean_loss 0.020608657971024513
2017-06-13 01:46:52,693 - DEBUG - Batch 22700: mean_loss 0.020108910277485847
2017-06-13 01:47:00,688 - DEBUG - Batch 22800: mean_loss 0.01945391111075878
2017-06-13 01:47:08,691 - DEBUG - Batch 22900: mean_loss 0.018285691738128662
2017-06-13 01:47:16,644 - DEBUG - Batch 23000: mean_loss 0.017847949638962746
2017-06-13 01:47:19,723 - DEBUG - Test results (after batch 23000): loss: 0.02124626748263836, acc: 0.9650002121925354
2017-06-13 01:47:27,686 - DEBUG - Batch 23100: mean_loss 0.01909237913787365
2017-06-13 01:47:35,648 - DEBUG - Batch 23200: mean_loss 0.019825873896479607
2017-06-13 01:47:43,634 - DEBUG - Batch 23300: mean_loss 0.018511658534407616
2017-06-13 01:47:51,566 - DEBUG - Batch 23400: mean_loss 0.018350617960095406
2017-06-13 01:47:59,498 - DEBUG - Batch 23500: mean_loss 0.018267586827278137
2017-06-13 01:48:07,443 - DEBUG - Batch 23600: mean_loss 0.017396681010723114
2017-06-13 01:48:15,674 - DEBUG - Batch 23700: mean_loss 0.018299564719200134
2017-06-13 01:48:23,831 - DEBUG - Batch 23800: mean_loss 0.019278457388281822
2017-06-13 01:48:32,024 - DEBUG - Batch 23900: mean_loss 0.01863696612417698
2017-06-13 01:48:39,986 - DEBUG - Batch 24000: mean_loss 0.01897837221622467
2017-06-13 01:48:43,064 - DEBUG - Test results (after batch 24000): loss: 0.019041642546653748, acc: 0.9678001403808594
2017-06-13 01:48:51,280 - DEBUG - Batch 24100: mean_loss 0.01859552599489689
2017-06-13 01:48:59,734 - DEBUG - Batch 24200: mean_loss 0.018796097487211227
2017-06-13 01:49:07,973 - DEBUG - Batch 24300: mean_loss 0.01897377520799637
2017-06-13 01:49:15,811 - DEBUG - Batch 24400: mean_loss 0.017679007723927498
2017-06-13 01:49:24,117 - DEBUG - Batch 24500: mean_loss 0.017680054530501366
2017-06-13 01:49:32,520 - DEBUG - Batch 24600: mean_loss 0.018811054527759552
2017-06-13 01:49:40,712 - DEBUG - Batch 24700: mean_loss 0.018524153158068657
2017-06-13 01:49:48,908 - DEBUG - Batch 24800: mean_loss 0.018040088936686516
2017-06-13 01:49:57,103 - DEBUG - Batch 24900: mean_loss 0.0185093954205513
2017-06-13 01:50:05,278 - DEBUG - Batch 25000: mean_loss 0.01878446526825428
2017-06-13 01:50:08,375 - DEBUG - Test results (after batch 25000): loss: 0.01855321042239666, acc: 0.9689001441001892
2017-06-13 01:50:16,573 - DEBUG - Batch 25100: mean_loss 0.019453760236501694
2017-06-13 01:50:24,545 - DEBUG - Batch 25200: mean_loss 0.017849158495664597
2017-06-13 01:50:32,533 - DEBUG - Batch 25300: mean_loss 0.016566677019000053
2017-06-13 01:50:40,516 - DEBUG - Batch 25400: mean_loss 0.018148088827729225
2017-06-13 01:50:48,479 - DEBUG - Batch 25500: mean_loss 0.016910333186388016
2017-06-13 01:50:56,448 - DEBUG - Batch 25600: mean_loss 0.016252823173999786
2017-06-13 01:51:04,436 - DEBUG - Batch 25700: mean_loss 0.01846233382821083
2017-06-13 01:51:12,411 - DEBUG - Batch 25800: mean_loss 0.01771550439298153
2017-06-13 01:51:20,386 - DEBUG - Batch 25900: mean_loss 0.017600879073143005
2017-06-13 01:51:28,343 - DEBUG - Batch 26000: mean_loss 0.01799643225967884
2017-06-13 01:51:31,426 - DEBUG - Test results (after batch 26000): loss: 0.020885879173874855, acc: 0.9649001359939575
2017-06-13 01:51:39,406 - DEBUG - Batch 26100: mean_loss 0.017733432352542877
2017-06-13 01:51:47,335 - DEBUG - Batch 26200: mean_loss 0.017278805375099182
2017-06-13 01:51:55,310 - DEBUG - Batch 26300: mean_loss 0.017187193036079407
2017-06-13 01:52:03,260 - DEBUG - Batch 26400: mean_loss 0.017427895218133926
2017-06-13 01:52:11,205 - DEBUG - Batch 26500: mean_loss 0.01746084727346897
2017-06-13 01:52:19,169 - DEBUG - Batch 26600: mean_loss 0.018400082364678383
2017-06-13 01:52:27,156 - DEBUG - Batch 26700: mean_loss 0.018585776910185814
2017-06-13 01:52:35,112 - DEBUG - Batch 26800: mean_loss 0.01848895289003849
2017-06-13 01:52:43,071 - DEBUG - Batch 26900: mean_loss 0.01699107699096203
2017-06-13 01:52:51,022 - DEBUG - Batch 27000: mean_loss 0.016299987211823463
2017-06-13 01:52:54,111 - DEBUG - Test results (after batch 27000): loss: 0.01762581802904606, acc: 0.9703000783920288
2017-06-13 01:53:02,062 - DEBUG - Batch 27100: mean_loss 0.017505435273051262
2017-06-13 01:53:10,362 - DEBUG - Batch 27200: mean_loss 0.01793675124645233
2017-06-13 01:53:18,348 - DEBUG - Batch 27300: mean_loss 0.01700114645063877
2017-06-13 01:53:26,289 - DEBUG - Batch 27400: mean_loss 0.01698315143585205
2017-06-13 01:53:34,371 - DEBUG - Batch 27500: mean_loss 0.017584998160600662
2017-06-13 01:53:42,447 - DEBUG - Batch 27600: mean_loss 0.016495775431394577
2017-06-13 01:53:50,371 - DEBUG - Batch 27700: mean_loss 0.01593713089823723
2017-06-13 01:53:58,354 - DEBUG - Batch 27800: mean_loss 0.015626603737473488
2017-06-13 01:54:06,320 - DEBUG - Batch 27900: mean_loss 0.016657056286931038
2017-06-13 01:54:14,261 - DEBUG - Batch 28000: mean_loss 0.018391549587249756
2017-06-13 01:54:17,334 - DEBUG - Test results (after batch 28000): loss: 0.019169753417372704, acc: 0.9701000452041626
2017-06-13 01:54:25,314 - DEBUG - Batch 28100: mean_loss 0.017171461135149002
2017-06-13 01:54:33,248 - DEBUG - Batch 28200: mean_loss 0.015935560688376427
2017-06-13 01:54:41,182 - DEBUG - Batch 28300: mean_loss 0.01684620790183544
2017-06-13 01:54:49,155 - DEBUG - Batch 28400: mean_loss 0.017491351813077927
2017-06-13 01:54:57,118 - DEBUG - Batch 28500: mean_loss 0.017411425709724426
2017-06-13 01:55:05,075 - DEBUG - Batch 28600: mean_loss 0.01581437699496746
2017-06-13 01:55:13,037 - DEBUG - Batch 28700: mean_loss 0.015014362521469593
2017-06-13 01:55:21,133 - DEBUG - Batch 28800: mean_loss 0.016311125829815865
2017-06-13 01:55:29,530 - DEBUG - Batch 28900: mean_loss 0.016387267038226128
2017-06-13 01:55:37,437 - DEBUG - Batch 29000: mean_loss 0.016726350411772728
2017-06-13 01:55:40,380 - DEBUG - Test results (after batch 29000): loss: 0.016433389857411385, acc: 0.9730000495910645
2017-06-13 01:55:48,227 - DEBUG - Batch 29100: mean_loss 0.01651986874639988
2017-06-13 01:55:49,800 - INFO - Stopping training!
