2017-06-12 23:45:04,340 - WARNING - Nodename: t888
2017-06-12 23:45:04,340 - WARNING - Checkpoint file: checkpoints/2017-06-12_21:45.ckpt
2017-06-12 23:45:05,921 - INFO - Start training
2017-06-12 23:45:15,566 - DEBUG - Batch 100: mean_loss 0.4187370240688324
2017-06-12 23:45:20,344 - DEBUG - Batch 200: mean_loss 0.3718847930431366
2017-06-12 23:45:25,227 - DEBUG - Batch 300: mean_loss 0.3251097798347473
2017-06-12 23:45:30,338 - DEBUG - Batch 400: mean_loss 0.325204461812973
2017-06-12 23:45:35,086 - DEBUG - Batch 500: mean_loss 0.32511940598487854
2017-06-12 23:45:39,671 - DEBUG - Batch 600: mean_loss 0.3251246213912964
2017-06-12 23:45:44,262 - DEBUG - Batch 700: mean_loss 0.325257271528244
2017-06-12 23:45:49,197 - DEBUG - Batch 800: mean_loss 0.32522013783454895
2017-06-12 23:45:54,018 - DEBUG - Batch 900: mean_loss 0.32518184185028076
2017-06-12 23:45:58,861 - DEBUG - Batch 1000: mean_loss 0.32520824670791626
2017-06-12 23:46:01,892 - DEBUG - Test results (after batch 1000): loss: 0.3250460624694824, acc: 0.11349999159574509
2017-06-12 23:46:06,680 - DEBUG - Batch 1100: mean_loss 0.32512161135673523
2017-06-12 23:46:11,309 - DEBUG - Batch 1200: mean_loss 0.32509738206863403
2017-06-12 23:46:15,869 - DEBUG - Batch 1300: mean_loss 0.3250986933708191
2017-06-12 23:46:20,421 - DEBUG - Batch 1400: mean_loss 0.32512927055358887
2017-06-12 23:46:24,978 - DEBUG - Batch 1500: mean_loss 0.3251829445362091
2017-06-12 23:46:29,557 - DEBUG - Batch 1600: mean_loss 0.32522469758987427
2017-06-12 23:46:34,106 - DEBUG - Batch 1700: mean_loss 0.3252689242362976
2017-06-12 23:46:38,887 - DEBUG - Batch 1800: mean_loss 0.3252376317977905
2017-06-12 23:46:43,448 - DEBUG - Batch 1900: mean_loss 0.32517102360725403
2017-06-12 23:46:48,018 - DEBUG - Batch 2000: mean_loss 0.32497280836105347
2017-06-12 23:46:50,922 - DEBUG - Test results (after batch 2000): loss: 0.3246772587299347, acc: 0.1864999681711197
2017-06-12 23:46:55,783 - DEBUG - Batch 2100: mean_loss 0.3240615725517273
2017-06-12 23:47:00,589 - DEBUG - Batch 2200: mean_loss 0.31990161538124084
2017-06-12 23:47:05,360 - DEBUG - Batch 2300: mean_loss 0.3117247521877289
2017-06-12 23:47:10,038 - DEBUG - Batch 2400: mean_loss 0.2981919050216675
2017-06-12 23:47:14,650 - DEBUG - Batch 2500: mean_loss 0.28299087285995483
2017-06-12 23:47:19,266 - DEBUG - Batch 2600: mean_loss 0.2700165808200836
2017-06-12 23:47:23,893 - DEBUG - Batch 2700: mean_loss 0.2597775161266327
2017-06-12 23:47:28,475 - DEBUG - Batch 2800: mean_loss 0.25204771757125854
2017-06-12 23:47:33,075 - DEBUG - Batch 2900: mean_loss 0.24460934102535248
2017-06-12 23:47:37,734 - DEBUG - Batch 3000: mean_loss 0.23816843330860138
2017-06-12 23:47:40,646 - DEBUG - Test results (after batch 3000): loss: 0.23032471537590027, acc: 0.41089993715286255
2017-06-12 23:47:45,223 - DEBUG - Batch 3100: mean_loss 0.23147468268871307
2017-06-12 23:47:49,828 - DEBUG - Batch 3200: mean_loss 0.22448334097862244
2017-06-12 23:47:54,441 - DEBUG - Batch 3300: mean_loss 0.2171606421470642
2017-06-12 23:47:59,052 - DEBUG - Batch 3400: mean_loss 0.21279899775981903
2017-06-12 23:48:03,674 - DEBUG - Batch 3500: mean_loss 0.20695118606090546
2017-06-12 23:48:08,299 - DEBUG - Batch 3600: mean_loss 0.19782987236976624
2017-06-12 23:48:12,887 - DEBUG - Batch 3700: mean_loss 0.1891457587480545
2017-06-12 23:48:17,503 - DEBUG - Batch 3800: mean_loss 0.1802941858768463
2017-06-12 23:48:22,105 - DEBUG - Batch 3900: mean_loss 0.1732555329799652
2017-06-12 23:48:26,775 - DEBUG - Batch 4000: mean_loss 0.16632862389087677
2017-06-12 23:48:29,678 - DEBUG - Test results (after batch 4000): loss: 0.15923380851745605, acc: 0.7153000235557556
2017-06-12 23:48:34,281 - DEBUG - Batch 4100: mean_loss 0.15992003679275513
2017-06-12 23:48:38,882 - DEBUG - Batch 4200: mean_loss 0.15246117115020752
2017-06-12 23:48:43,517 - DEBUG - Batch 4300: mean_loss 0.1451951265335083
2017-06-12 23:48:48,103 - DEBUG - Batch 4400: mean_loss 0.1393645703792572
2017-06-12 23:48:52,751 - DEBUG - Batch 4500: mean_loss 0.13441608846187592
2017-06-12 23:48:57,353 - DEBUG - Batch 4600: mean_loss 0.1306699514389038
2017-06-12 23:49:01,963 - DEBUG - Batch 4700: mean_loss 0.12747228145599365
2017-06-12 23:49:06,619 - DEBUG - Batch 4800: mean_loss 0.12362930178642273
2017-06-12 23:49:11,230 - DEBUG - Batch 4900: mean_loss 0.12098352611064911
2017-06-12 23:49:15,880 - DEBUG - Batch 5000: mean_loss 0.12101046741008759
2017-06-12 23:49:18,816 - DEBUG - Test results (after batch 5000): loss: 0.11207752674818039, acc: 0.8014999628067017
2017-06-12 23:49:23,398 - DEBUG - Batch 5100: mean_loss 0.11634509265422821
2017-06-12 23:49:28,032 - DEBUG - Batch 5200: mean_loss 0.11201415210962296
2017-06-12 23:49:32,688 - DEBUG - Batch 5300: mean_loss 0.11122675985097885
2017-06-12 23:49:37,331 - DEBUG - Batch 5400: mean_loss 0.1099267303943634
2017-06-12 23:49:41,931 - DEBUG - Batch 5500: mean_loss 0.10700502246618271
2017-06-12 23:49:46,564 - DEBUG - Batch 5600: mean_loss 0.10427240282297134
2017-06-12 23:49:51,176 - DEBUG - Batch 5700: mean_loss 0.10295108705759048
2017-06-12 23:49:55,784 - DEBUG - Batch 5800: mean_loss 0.10181242227554321
2017-06-12 23:50:00,379 - DEBUG - Batch 5900: mean_loss 0.09899746626615524
2017-06-12 23:50:05,299 - DEBUG - Batch 6000: mean_loss 0.09756700694561005
2017-06-12 23:50:08,332 - DEBUG - Test results (after batch 6000): loss: 0.09463343024253845, acc: 0.8294000625610352
2017-06-12 23:50:13,008 - DEBUG - Batch 6100: mean_loss 0.09754610806703568
2017-06-12 23:50:17,798 - DEBUG - Batch 6200: mean_loss 0.09473607689142227
2017-06-12 23:50:22,723 - DEBUG - Batch 6300: mean_loss 0.09302421659231186
2017-06-12 23:50:27,745 - DEBUG - Batch 6400: mean_loss 0.09291872382164001
2017-06-12 23:50:32,365 - DEBUG - Batch 6500: mean_loss 0.09069137275218964
2017-06-12 23:50:36,956 - DEBUG - Batch 6600: mean_loss 0.08968255668878555
2017-06-12 23:50:41,555 - DEBUG - Batch 6700: mean_loss 0.09108198434114456
2017-06-12 23:50:46,182 - DEBUG - Batch 6800: mean_loss 0.08945652842521667
2017-06-12 23:50:50,811 - DEBUG - Batch 6900: mean_loss 0.08778613805770874
2017-06-12 23:50:55,418 - DEBUG - Batch 7000: mean_loss 0.0875948891043663
2017-06-12 23:50:58,313 - DEBUG - Test results (after batch 7000): loss: 0.08344577252864838, acc: 0.853600025177002
2017-06-12 23:51:02,919 - DEBUG - Batch 7100: mean_loss 0.08518905937671661
2017-06-12 23:51:07,521 - DEBUG - Batch 7200: mean_loss 0.08450102061033249
2017-06-12 23:51:12,116 - DEBUG - Batch 7300: mean_loss 0.08302110433578491
2017-06-12 23:51:16,729 - DEBUG - Batch 7400: mean_loss 0.08155281841754913
2017-06-12 23:51:21,364 - DEBUG - Batch 7500: mean_loss 0.08385126292705536
2017-06-12 23:51:26,106 - DEBUG - Batch 7600: mean_loss 0.08373699337244034
2017-06-12 23:51:30,712 - DEBUG - Batch 7700: mean_loss 0.08265909552574158
2017-06-12 23:51:35,352 - DEBUG - Batch 7800: mean_loss 0.080381840467453
2017-06-12 23:51:39,961 - DEBUG - Batch 7900: mean_loss 0.0801982656121254
2017-06-12 23:51:44,555 - DEBUG - Batch 8000: mean_loss 0.08059165626764297
2017-06-12 23:51:47,449 - DEBUG - Test results (after batch 8000): loss: 0.07439897954463959, acc: 0.8708000183105469
2017-06-12 23:51:52,063 - DEBUG - Batch 8100: mean_loss 0.07718436419963837
2017-06-12 23:51:56,662 - DEBUG - Batch 8200: mean_loss 0.0751098096370697
2017-06-12 23:52:01,276 - DEBUG - Batch 8300: mean_loss 0.07539217919111252
2017-06-12 23:52:05,881 - DEBUG - Batch 8400: mean_loss 0.0750930905342102
2017-06-12 23:52:10,594 - DEBUG - Batch 8500: mean_loss 0.07595851272344589
2017-06-12 23:52:15,317 - DEBUG - Batch 8600: mean_loss 0.0753740668296814
2017-06-12 23:52:19,905 - DEBUG - Batch 8700: mean_loss 0.07385660707950592
2017-06-12 23:52:24,533 - DEBUG - Batch 8800: mean_loss 0.073823481798172
2017-06-12 23:52:29,160 - DEBUG - Batch 8900: mean_loss 0.07181136310100555
2017-06-12 23:52:33,797 - DEBUG - Batch 9000: mean_loss 0.06996967643499374
2017-06-12 23:52:36,747 - DEBUG - Test results (after batch 9000): loss: 0.06954646855592728, acc: 0.880000114440918
2017-06-12 23:52:41,366 - DEBUG - Batch 9100: mean_loss 0.07049454748630524
2017-06-12 23:52:45,975 - DEBUG - Batch 9200: mean_loss 0.07211842387914658
2017-06-12 23:52:50,926 - DEBUG - Batch 9300: mean_loss 0.0707113966345787
2017-06-12 23:52:55,741 - DEBUG - Batch 9400: mean_loss 0.067766472697258
2017-06-12 23:53:00,386 - DEBUG - Batch 9500: mean_loss 0.06557413190603256
2017-06-12 23:53:05,022 - DEBUG - Batch 9600: mean_loss 0.06594597548246384
2017-06-12 23:53:09,699 - DEBUG - Batch 9700: mean_loss 0.0672113448381424
2017-06-12 23:53:14,552 - DEBUG - Batch 9800: mean_loss 0.06576894968748093
2017-06-12 23:53:19,211 - DEBUG - Batch 9900: mean_loss 0.06370027363300323
2017-06-12 23:53:23,896 - DEBUG - Batch 10000: mean_loss 0.06255869567394257
2017-06-12 23:53:26,892 - DEBUG - Test results (after batch 10000): loss: 0.06436147540807724, acc: 0.8916000127792358
2017-06-12 23:53:31,581 - DEBUG - Batch 10100: mean_loss 0.06312748789787292
2017-06-12 23:53:36,544 - DEBUG - Batch 10200: mean_loss 0.06355046480894089
2017-06-12 23:53:41,357 - DEBUG - Batch 10300: mean_loss 0.06254875659942627
2017-06-12 23:53:46,021 - DEBUG - Batch 10400: mean_loss 0.06171281635761261
2017-06-12 23:53:50,777 - DEBUG - Batch 10500: mean_loss 0.06056414544582367
2017-06-12 23:53:55,752 - DEBUG - Batch 10600: mean_loss 0.05986429378390312
2017-06-12 23:54:00,690 - DEBUG - Batch 10700: mean_loss 0.05956543982028961
2017-06-12 23:54:05,794 - DEBUG - Batch 10800: mean_loss 0.058257028460502625
2017-06-12 23:54:10,824 - DEBUG - Batch 10900: mean_loss 0.05770255997776985
2017-06-12 23:54:15,822 - DEBUG - Batch 11000: mean_loss 0.05604492500424385
2017-06-12 23:54:19,042 - DEBUG - Test results (after batch 11000): loss: 0.05530150234699249, acc: 0.9102000594139099
2017-06-12 23:54:23,781 - DEBUG - Batch 11100: mean_loss 0.05613581836223602
2017-06-12 23:54:28,666 - DEBUG - Batch 11200: mean_loss 0.05526142939925194
2017-06-12 23:54:33,451 - DEBUG - Batch 11300: mean_loss 0.055610742419958115
2017-06-12 23:54:38,155 - DEBUG - Batch 11400: mean_loss 0.05778081715106964
2017-06-12 23:54:42,836 - DEBUG - Batch 11500: mean_loss 0.05657386779785156
2017-06-12 23:54:47,532 - DEBUG - Batch 11600: mean_loss 0.05339977145195007
2017-06-12 23:54:52,198 - DEBUG - Batch 11700: mean_loss 0.05150459706783295
2017-06-12 23:54:56,894 - DEBUG - Batch 11800: mean_loss 0.051115069538354874
2017-06-12 23:55:01,573 - DEBUG - Batch 11900: mean_loss 0.04890918731689453
2017-06-12 23:55:06,283 - DEBUG - Batch 12000: mean_loss 0.049383651465177536
2017-06-12 23:55:09,318 - DEBUG - Test results (after batch 12000): loss: 0.048138078302145004, acc: 0.9196001291275024
2017-06-12 23:55:14,045 - DEBUG - Batch 12100: mean_loss 0.04988035187125206
2017-06-12 23:55:18,733 - DEBUG - Batch 12200: mean_loss 0.049543801695108414
2017-06-12 23:55:23,422 - DEBUG - Batch 12300: mean_loss 0.04902077093720436
2017-06-12 23:55:28,109 - DEBUG - Batch 12400: mean_loss 0.04690637066960335
2017-06-12 23:55:32,792 - DEBUG - Batch 12500: mean_loss 0.046032797545194626
2017-06-12 23:55:37,472 - DEBUG - Batch 12600: mean_loss 0.04689807817339897
2017-06-12 23:55:42,178 - DEBUG - Batch 12700: mean_loss 0.04759839177131653
2017-06-12 23:55:46,857 - DEBUG - Batch 12800: mean_loss 0.048106443136930466
2017-06-12 23:55:51,563 - DEBUG - Batch 12900: mean_loss 0.04668213054537773
2017-06-12 23:55:56,245 - DEBUG - Batch 13000: mean_loss 0.04670765995979309
2017-06-12 23:55:59,273 - DEBUG - Test results (after batch 13000): loss: 0.04446650296449661, acc: 0.9274001121520996
2017-06-12 23:56:03,946 - DEBUG - Batch 13100: mean_loss 0.04691575840115547
2017-06-12 23:56:08,631 - DEBUG - Batch 13200: mean_loss 0.04533226042985916
2017-06-12 23:56:13,325 - DEBUG - Batch 13300: mean_loss 0.044974613934755325
2017-06-12 23:56:18,027 - DEBUG - Batch 13400: mean_loss 0.044136255979537964
2017-06-12 23:56:22,713 - DEBUG - Batch 13500: mean_loss 0.042948950082063675
2017-06-12 23:56:27,400 - DEBUG - Batch 13600: mean_loss 0.04344400763511658
2017-06-12 23:56:32,107 - DEBUG - Batch 13700: mean_loss 0.04411179572343826
2017-06-12 23:56:36,808 - DEBUG - Batch 13800: mean_loss 0.04250630363821983
2017-06-12 23:56:41,491 - DEBUG - Batch 13900: mean_loss 0.042398981750011444
2017-06-12 23:56:46,156 - DEBUG - Batch 14000: mean_loss 0.043831512331962585
2017-06-12 23:56:49,223 - DEBUG - Test results (after batch 14000): loss: 0.041281141340732574, acc: 0.9315001368522644
2017-06-12 23:56:53,904 - DEBUG - Batch 14100: mean_loss 0.04218272119760513
2017-06-12 23:56:58,582 - DEBUG - Batch 14200: mean_loss 0.04031543806195259
2017-06-12 23:57:03,269 - DEBUG - Batch 14300: mean_loss 0.04103799909353256
2017-06-12 23:57:08,195 - DEBUG - Batch 14400: mean_loss 0.039944302290678024
2017-06-12 23:57:13,234 - DEBUG - Batch 14500: mean_loss 0.03950616717338562
2017-06-12 23:57:18,367 - DEBUG - Batch 14600: mean_loss 0.040001701563596725
2017-06-12 23:57:23,254 - DEBUG - Batch 14700: mean_loss 0.03918318822979927
2017-06-12 23:57:28,328 - DEBUG - Batch 14800: mean_loss 0.03875510394573212
2017-06-12 23:57:33,548 - DEBUG - Batch 14900: mean_loss 0.03887993469834328
2017-06-12 23:57:38,735 - DEBUG - Batch 15000: mean_loss 0.039486490190029144
2017-06-12 23:57:42,112 - DEBUG - Test results (after batch 15000): loss: 0.03740071877837181, acc: 0.9402000904083252
2017-06-12 23:57:47,006 - DEBUG - Batch 15100: mean_loss 0.037892889231443405
2017-06-12 23:57:51,834 - DEBUG - Batch 15200: mean_loss 0.036616671830415726
2017-06-12 23:57:56,684 - DEBUG - Batch 15300: mean_loss 0.03794842213392258
2017-06-12 23:58:01,368 - DEBUG - Batch 15400: mean_loss 0.038283392786979675
2017-06-12 23:58:06,063 - DEBUG - Batch 15500: mean_loss 0.03820649906992912
2017-06-12 23:58:10,729 - DEBUG - Batch 15600: mean_loss 0.03993769735097885
2017-06-12 23:58:15,437 - DEBUG - Batch 15700: mean_loss 0.039124708622694016
2017-06-12 23:58:20,165 - DEBUG - Batch 15800: mean_loss 0.03654707595705986
2017-06-12 23:58:24,831 - DEBUG - Batch 15900: mean_loss 0.03721321001648903
2017-06-12 23:58:29,528 - DEBUG - Batch 16000: mean_loss 0.036982398480176926
2017-06-12 23:58:32,552 - DEBUG - Test results (after batch 16000): loss: 0.03502942994236946, acc: 0.9422001838684082
2017-06-12 23:58:37,220 - DEBUG - Batch 16100: mean_loss 0.03562338277697563
2017-06-12 23:58:41,951 - DEBUG - Batch 16200: mean_loss 0.035629644989967346
2017-06-12 23:58:46,651 - DEBUG - Batch 16300: mean_loss 0.035470228642225266
2017-06-12 23:58:51,354 - DEBUG - Batch 16400: mean_loss 0.03418077528476715
2017-06-12 23:58:56,044 - DEBUG - Batch 16500: mean_loss 0.035462670028209686
2017-06-12 23:59:00,720 - DEBUG - Batch 16600: mean_loss 0.03660845756530762
2017-06-12 23:59:05,396 - DEBUG - Batch 16700: mean_loss 0.03571734577417374
2017-06-12 23:59:10,113 - DEBUG - Batch 16800: mean_loss 0.036033716052770615
2017-06-12 23:59:14,819 - DEBUG - Batch 16900: mean_loss 0.03496311604976654
2017-06-12 23:59:19,475 - DEBUG - Batch 17000: mean_loss 0.03521157428622246
2017-06-12 23:59:22,506 - DEBUG - Test results (after batch 17000): loss: 0.0324934683740139, acc: 0.9468001127243042
2017-06-12 23:59:27,199 - DEBUG - Batch 17100: mean_loss 0.03433878347277641
2017-06-12 23:59:31,919 - DEBUG - Batch 17200: mean_loss 0.03328932821750641
2017-06-12 23:59:36,601 - DEBUG - Batch 17300: mean_loss 0.034160010516643524
2017-06-12 23:59:41,291 - DEBUG - Batch 17400: mean_loss 0.033240947872400284
2017-06-12 23:59:45,999 - DEBUG - Batch 17500: mean_loss 0.03332015872001648
2017-06-12 23:59:50,679 - DEBUG - Batch 17600: mean_loss 0.03252442181110382
2017-06-12 23:59:55,372 - DEBUG - Batch 17700: mean_loss 0.033577121794223785
2017-06-13 00:00:00,040 - DEBUG - Batch 17800: mean_loss 0.03408759459853172
2017-06-13 00:00:04,723 - DEBUG - Batch 17900: mean_loss 0.03364510089159012
2017-06-13 00:00:09,409 - DEBUG - Batch 18000: mean_loss 0.033364228904247284
2017-06-13 00:00:12,448 - DEBUG - Test results (after batch 18000): loss: 0.0345102995634079, acc: 0.9446001052856445
2017-06-13 00:00:17,148 - DEBUG - Batch 18100: mean_loss 0.03235989063978195
2017-06-13 00:00:21,833 - DEBUG - Batch 18200: mean_loss 0.03310543671250343
2017-06-13 00:00:26,703 - DEBUG - Batch 18300: mean_loss 0.032688528299331665
2017-06-13 00:00:31,382 - DEBUG - Batch 18400: mean_loss 0.03237174078822136
2017-06-13 00:00:36,128 - DEBUG - Batch 18500: mean_loss 0.032310377806425095
2017-06-13 00:00:40,850 - DEBUG - Batch 18600: mean_loss 0.03204527497291565
2017-06-13 00:00:45,552 - DEBUG - Batch 18700: mean_loss 0.031781554222106934
2017-06-13 00:00:50,342 - DEBUG - Batch 18800: mean_loss 0.032424796372652054
2017-06-13 00:00:55,139 - DEBUG - Batch 18900: mean_loss 0.03177841007709503
2017-06-13 00:00:59,847 - DEBUG - Batch 19000: mean_loss 0.03179891034960747
2017-06-13 00:01:03,082 - DEBUG - Test results (after batch 19000): loss: 0.030371803790330887, acc: 0.9501000642776489
2017-06-13 00:01:07,860 - DEBUG - Batch 19100: mean_loss 0.031885143369436264
2017-06-13 00:01:12,534 - DEBUG - Batch 19200: mean_loss 0.02937387488782406
2017-06-13 00:01:17,221 - DEBUG - Batch 19300: mean_loss 0.028149060904979706
2017-06-13 00:01:21,888 - DEBUG - Batch 19400: mean_loss 0.03094741515815258
2017-06-13 00:01:26,581 - DEBUG - Batch 19500: mean_loss 0.03168804198503494
2017-06-13 00:01:31,265 - DEBUG - Batch 19600: mean_loss 0.029586462303996086
2017-06-13 00:01:35,940 - DEBUG - Batch 19700: mean_loss 0.029691986739635468
2017-06-13 00:01:40,696 - DEBUG - Batch 19800: mean_loss 0.029759187251329422
2017-06-13 00:01:45,367 - DEBUG - Batch 19900: mean_loss 0.03007802926003933
2017-06-13 00:01:50,042 - DEBUG - Batch 20000: mean_loss 0.029567312449216843
2017-06-13 00:01:53,090 - DEBUG - Test results (after batch 20000): loss: 0.02944113127887249, acc: 0.952700138092041
2017-06-13 00:01:57,770 - DEBUG - Batch 20100: mean_loss 0.029126014560461044
2017-06-13 00:02:02,450 - DEBUG - Batch 20200: mean_loss 0.02953062765300274
2017-06-13 00:02:07,138 - DEBUG - Batch 20300: mean_loss 0.03064879961311817
2017-06-13 00:02:11,840 - DEBUG - Batch 20400: mean_loss 0.03071901760995388
2017-06-13 00:02:16,535 - DEBUG - Batch 20500: mean_loss 0.0292813777923584
2017-06-13 00:02:21,212 - DEBUG - Batch 20600: mean_loss 0.029646899551153183
2017-06-13 00:02:25,922 - DEBUG - Batch 20700: mean_loss 0.030287843197584152
2017-06-13 00:02:30,832 - DEBUG - Batch 20800: mean_loss 0.028249137103557587
2017-06-13 00:02:35,633 - DEBUG - Batch 20900: mean_loss 0.027399232611060143
2017-06-13 00:02:40,448 - DEBUG - Batch 21000: mean_loss 0.029296593740582466
2017-06-13 00:02:43,562 - DEBUG - Test results (after batch 21000): loss: 0.027638835832476616, acc: 0.9561001658439636
2017-06-13 00:02:48,235 - DEBUG - Batch 21100: mean_loss 0.029671883210539818
2017-06-13 00:02:52,897 - DEBUG - Batch 21200: mean_loss 0.029209164902567863
2017-06-13 00:02:57,552 - DEBUG - Batch 21300: mean_loss 0.029920049011707306
2017-06-13 00:03:02,233 - DEBUG - Batch 21400: mean_loss 0.02939334325492382
2017-06-13 00:03:06,949 - DEBUG - Batch 21500: mean_loss 0.02755226194858551
2017-06-13 00:03:11,634 - DEBUG - Batch 21600: mean_loss 0.02806035429239273
2017-06-13 00:03:16,318 - DEBUG - Batch 21700: mean_loss 0.028812402859330177
2017-06-13 00:03:21,005 - DEBUG - Batch 21800: mean_loss 0.028103027492761612
2017-06-13 00:03:25,680 - DEBUG - Batch 21900: mean_loss 0.028024327009916306
2017-06-13 00:03:30,355 - DEBUG - Batch 22000: mean_loss 0.027398979291319847
2017-06-13 00:03:33,406 - DEBUG - Test results (after batch 22000): loss: 0.02677624300122261, acc: 0.9565001130104065
2017-06-13 00:03:38,078 - DEBUG - Batch 22100: mean_loss 0.026765579357743263
2017-06-13 00:03:42,750 - DEBUG - Batch 22200: mean_loss 0.027449894696474075
2017-06-13 00:03:47,444 - DEBUG - Batch 22300: mean_loss 0.028817012906074524
2017-06-13 00:03:52,143 - DEBUG - Batch 22400: mean_loss 0.027187341824173927
2017-06-13 00:03:56,811 - DEBUG - Batch 22500: mean_loss 0.02592582441866398
2017-06-13 00:04:01,476 - DEBUG - Batch 22600: mean_loss 0.027533845975995064
2017-06-13 00:04:06,146 - DEBUG - Batch 22700: mean_loss 0.028133487328886986
2017-06-13 00:04:10,851 - DEBUG - Batch 22800: mean_loss 0.028431568294763565
2017-06-13 00:04:15,540 - DEBUG - Batch 22900: mean_loss 0.02806772291660309
2017-06-13 00:04:20,203 - DEBUG - Batch 23000: mean_loss 0.026786915957927704
2017-06-13 00:04:23,207 - DEBUG - Test results (after batch 23000): loss: 0.028440551832318306, acc: 0.9541000723838806
2017-06-13 00:04:27,880 - DEBUG - Batch 23100: mean_loss 0.026379790157079697
2017-06-13 00:04:32,551 - DEBUG - Batch 23200: mean_loss 0.02711380459368229
2017-06-13 00:04:37,257 - DEBUG - Batch 23300: mean_loss 0.027589159086346626
2017-06-13 00:04:41,941 - DEBUG - Batch 23400: mean_loss 0.0273592472076416
2017-06-13 00:04:46,600 - DEBUG - Batch 23500: mean_loss 0.026395125314593315
2017-06-13 00:04:51,259 - DEBUG - Batch 23600: mean_loss 0.025787683203816414
2017-06-13 00:04:55,936 - DEBUG - Batch 23700: mean_loss 0.026465244591236115
2017-06-13 00:05:00,589 - DEBUG - Batch 23800: mean_loss 0.027045346796512604
2017-06-13 00:05:05,250 - DEBUG - Batch 23900: mean_loss 0.026044966652989388
2017-06-13 00:05:09,910 - DEBUG - Batch 24000: mean_loss 0.0249195359647274
2017-06-13 00:05:12,936 - DEBUG - Test results (after batch 24000): loss: 0.025679633021354675, acc: 0.9586001038551331
2017-06-13 00:05:17,624 - DEBUG - Batch 24100: mean_loss 0.026189420372247696
2017-06-13 00:05:22,296 - DEBUG - Batch 24200: mean_loss 0.027073144912719727
2017-06-13 00:05:26,974 - DEBUG - Batch 24300: mean_loss 0.025965619832277298
2017-06-13 00:05:31,610 - DEBUG - Batch 24400: mean_loss 0.026503844186663628
2017-06-13 00:05:36,504 - DEBUG - Batch 24500: mean_loss 0.02647162601351738
2017-06-13 00:05:41,325 - DEBUG - Batch 24600: mean_loss 0.025632796809077263
2017-06-13 00:05:46,409 - DEBUG - Batch 24700: mean_loss 0.025620965287089348
2017-06-13 00:05:51,326 - DEBUG - Batch 24800: mean_loss 0.02590562403202057
2017-06-13 00:05:56,099 - DEBUG - Batch 24900: mean_loss 0.02551647275686264
2017-06-13 00:06:00,723 - DEBUG - Batch 25000: mean_loss 0.025016117841005325
2017-06-13 00:06:03,712 - DEBUG - Test results (after batch 25000): loss: 0.025956979021430016, acc: 0.9575001001358032
2017-06-13 00:06:08,283 - DEBUG - Batch 25100: mean_loss 0.025751585140824318
2017-06-13 00:06:12,823 - DEBUG - Batch 25200: mean_loss 0.025272883474826813
2017-06-13 00:06:17,391 - DEBUG - Batch 25300: mean_loss 0.024879658594727516
2017-06-13 00:06:21,963 - DEBUG - Batch 25400: mean_loss 0.025632884353399277
2017-06-13 00:06:26,540 - DEBUG - Batch 25500: mean_loss 0.026249391958117485
2017-06-13 00:06:31,094 - DEBUG - Batch 25600: mean_loss 0.025679800659418106
2017-06-13 00:06:35,742 - DEBUG - Batch 25700: mean_loss 0.02483173832297325
2017-06-13 00:06:40,495 - DEBUG - Batch 25800: mean_loss 0.025373004376888275
2017-06-13 00:06:45,371 - DEBUG - Batch 25900: mean_loss 0.025869056582450867
2017-06-13 00:06:50,045 - DEBUG - Batch 26000: mean_loss 0.02588958665728569
2017-06-13 00:06:53,094 - DEBUG - Test results (after batch 26000): loss: 0.028022605925798416, acc: 0.9555001258850098
2017-06-13 00:06:57,760 - DEBUG - Batch 26100: mean_loss 0.02543717436492443
2017-06-13 00:07:02,438 - DEBUG - Batch 26200: mean_loss 0.025664616376161575
2017-06-13 00:07:07,119 - DEBUG - Batch 26300: mean_loss 0.024710465222597122
2017-06-13 00:07:11,777 - DEBUG - Batch 26400: mean_loss 0.024231525138020515
2017-06-13 00:07:16,440 - DEBUG - Batch 26500: mean_loss 0.02471877634525299
2017-06-13 00:07:21,198 - DEBUG - Batch 26600: mean_loss 0.024949684739112854
2017-06-13 00:07:26,073 - DEBUG - Batch 26700: mean_loss 0.024384982883930206
2017-06-13 00:07:30,732 - DEBUG - Batch 26800: mean_loss 0.02350667491555214
2017-06-13 00:07:35,409 - DEBUG - Batch 26900: mean_loss 0.024330725893378258
2017-06-13 00:07:40,128 - DEBUG - Batch 27000: mean_loss 0.024907531216740608
2017-06-13 00:07:43,175 - DEBUG - Test results (after batch 27000): loss: 0.024775713682174683, acc: 0.9611001014709473
2017-06-13 00:07:47,841 - DEBUG - Batch 27100: mean_loss 0.0246347114443779
2017-06-13 00:07:52,595 - DEBUG - Batch 27200: mean_loss 0.024464473128318787
2017-06-13 00:07:57,253 - DEBUG - Batch 27300: mean_loss 0.023814735934138298
2017-06-13 00:08:01,927 - DEBUG - Batch 27400: mean_loss 0.02368801087141037
2017-06-13 00:08:06,590 - DEBUG - Batch 27500: mean_loss 0.023397617042064667
2017-06-13 00:08:11,304 - DEBUG - Batch 27600: mean_loss 0.022868674248456955
2017-06-13 00:08:15,968 - DEBUG - Batch 27700: mean_loss 0.022954531013965607
2017-06-13 00:08:20,633 - DEBUG - Batch 27800: mean_loss 0.02298903465270996
2017-06-13 00:08:25,332 - DEBUG - Batch 27900: mean_loss 0.022494545206427574
2017-06-13 00:08:29,998 - DEBUG - Batch 28000: mean_loss 0.02302171289920807
2017-06-13 00:08:33,022 - DEBUG - Test results (after batch 28000): loss: 0.024114102125167847, acc: 0.9626001715660095
2017-06-13 00:08:37,680 - DEBUG - Batch 28100: mean_loss 0.023813121020793915
2017-06-13 00:08:42,340 - DEBUG - Batch 28200: mean_loss 0.023550597950816154
2017-06-13 00:08:47,030 - DEBUG - Batch 28300: mean_loss 0.024081729352474213
2017-06-13 00:08:51,716 - DEBUG - Batch 28400: mean_loss 0.02521408535540104
2017-06-13 00:08:56,389 - DEBUG - Batch 28500: mean_loss 0.025345453992486
2017-06-13 00:09:01,068 - DEBUG - Batch 28600: mean_loss 0.02352398820221424
2017-06-13 00:09:05,750 - DEBUG - Batch 28700: mean_loss 0.023130767047405243
2017-06-13 00:09:10,416 - DEBUG - Batch 28800: mean_loss 0.02310885675251484
2017-06-13 00:09:15,106 - DEBUG - Batch 28900: mean_loss 0.022405531257390976
2017-06-13 00:09:19,779 - DEBUG - Batch 29000: mean_loss 0.022099247202277184
2017-06-13 00:09:22,821 - DEBUG - Test results (after batch 29000): loss: 0.023474011570215225, acc: 0.96340012550354
2017-06-13 00:09:27,500 - DEBUG - Batch 29100: mean_loss 0.022933391854166985
2017-06-13 00:09:32,173 - DEBUG - Batch 29200: mean_loss 0.022591784596443176
2017-06-13 00:09:36,887 - DEBUG - Batch 29300: mean_loss 0.023024462163448334
2017-06-13 00:09:41,577 - DEBUG - Batch 29400: mean_loss 0.022729139775037766
2017-06-13 00:09:46,252 - DEBUG - Batch 29500: mean_loss 0.021870942786335945
2017-06-13 00:09:50,925 - DEBUG - Batch 29600: mean_loss 0.02296331897377968
2017-06-13 00:09:55,611 - DEBUG - Batch 29700: mean_loss 0.023693226277828217
2017-06-13 00:10:00,281 - DEBUG - Batch 29800: mean_loss 0.022820044308900833
2017-06-13 00:10:04,949 - DEBUG - Batch 29900: mean_loss 0.020846974104642868
2017-06-13 00:10:09,613 - DEBUG - Batch 30000: mean_loss 0.02070317231118679
2017-06-13 00:10:12,623 - DEBUG - Test results (after batch 30000): loss: 0.023717477917671204, acc: 0.9598001837730408
2017-06-13 00:10:17,316 - DEBUG - Batch 30100: mean_loss 0.022426342591643333
2017-06-13 00:10:21,985 - DEBUG - Batch 30200: mean_loss 0.02287682145833969
2017-06-13 00:10:26,641 - DEBUG - Batch 30300: mean_loss 0.021230416372418404
2017-06-13 00:10:31,334 - DEBUG - Batch 30400: mean_loss 0.02020561508834362
2017-06-13 00:10:36,013 - DEBUG - Batch 30500: mean_loss 0.02111736126244068
2017-06-13 00:10:40,679 - DEBUG - Batch 30600: mean_loss 0.022730212658643723
2017-06-13 00:10:45,352 - DEBUG - Batch 30700: mean_loss 0.022943902760744095
2017-06-13 00:10:50,010 - DEBUG - Batch 30800: mean_loss 0.022342806681990623
2017-06-13 00:10:54,684 - DEBUG - Batch 30900: mean_loss 0.021899735555052757
2017-06-13 00:10:59,397 - DEBUG - Batch 31000: mean_loss 0.02208782732486725
2017-06-13 00:11:02,432 - DEBUG - Test results (after batch 31000): loss: 0.021249869838356972, acc: 0.9645001292228699
2017-06-13 00:11:07,111 - DEBUG - Batch 31100: mean_loss 0.021435445174574852
2017-06-13 00:11:11,776 - DEBUG - Batch 31200: mean_loss 0.019958371296525
2017-06-13 00:11:16,485 - DEBUG - Batch 31300: mean_loss 0.020712731406092644
2017-06-13 00:11:21,311 - DEBUG - Batch 31400: mean_loss 0.0217459537088871
2017-06-13 00:11:26,052 - DEBUG - Batch 31500: mean_loss 0.020457498729228973
2017-06-13 00:11:30,868 - DEBUG - Batch 31600: mean_loss 0.020639153197407722
2017-06-13 00:11:35,672 - DEBUG - Batch 31700: mean_loss 0.021954521536827087
2017-06-13 00:11:40,401 - DEBUG - Batch 31800: mean_loss 0.022081909701228142
2017-06-13 00:11:45,061 - DEBUG - Batch 31900: mean_loss 0.02128593437373638
2017-06-13 00:11:49,743 - DEBUG - Batch 32000: mean_loss 0.02087419107556343
2017-06-13 00:11:52,794 - DEBUG - Test results (after batch 32000): loss: 0.021614454686641693, acc: 0.9661000370979309
2017-06-13 00:11:57,456 - DEBUG - Batch 32100: mean_loss 0.02035009302198887
2017-06-13 00:12:02,129 - DEBUG - Batch 32200: mean_loss 0.019878096878528595
2017-06-13 00:12:06,807 - DEBUG - Batch 32300: mean_loss 0.021246613934636116
2017-06-13 00:12:11,478 - DEBUG - Batch 32400: mean_loss 0.021320229396224022
2017-06-13 00:12:16,174 - DEBUG - Batch 32500: mean_loss 0.020938467234373093
2017-06-13 00:12:20,853 - DEBUG - Batch 32600: mean_loss 0.02194090373814106
2017-06-13 00:12:25,594 - DEBUG - Batch 32700: mean_loss 0.021360402926802635
2017-06-13 00:12:30,248 - DEBUG - Batch 32800: mean_loss 0.02050044573843479
2017-06-13 00:12:34,942 - DEBUG - Batch 32900: mean_loss 0.022768659517169
2017-06-13 00:12:39,609 - DEBUG - Batch 33000: mean_loss 0.02280670590698719
2017-06-13 00:12:42,629 - DEBUG - Test results (after batch 33000): loss: 0.02346254326403141, acc: 0.9619001746177673
2017-06-13 00:12:47,274 - DEBUG - Batch 33100: mean_loss 0.020590776577591896
2017-06-13 00:12:51,937 - DEBUG - Batch 33200: mean_loss 0.020757488906383514
2017-06-13 00:12:56,602 - DEBUG - Batch 33300: mean_loss 0.02047462947666645
2017-06-13 00:13:01,273 - DEBUG - Batch 33400: mean_loss 0.02074359729886055
2017-06-13 00:13:05,943 - DEBUG - Batch 33500: mean_loss 0.022288264706730843
2017-06-13 00:13:10,644 - DEBUG - Batch 33600: mean_loss 0.02206975221633911
2017-06-13 00:13:15,319 - DEBUG - Batch 33700: mean_loss 0.020603809505701065
2017-06-13 00:13:19,975 - DEBUG - Batch 33800: mean_loss 0.019409701228141785
2017-06-13 00:13:24,624 - DEBUG - Batch 33900: mean_loss 0.0201770830899477
2017-06-13 00:13:29,287 - DEBUG - Batch 34000: mean_loss 0.02122388780117035
2017-06-13 00:13:32,290 - DEBUG - Test results (after batch 34000): loss: 0.021889764815568924, acc: 0.9638001322746277
2017-06-13 00:13:36,963 - DEBUG - Batch 34100: mean_loss 0.020568309351801872
2017-06-13 00:13:41,625 - DEBUG - Batch 34200: mean_loss 0.021908430382609367
2017-06-13 00:13:46,286 - DEBUG - Batch 34300: mean_loss 0.021691955626010895
2017-06-13 00:13:50,990 - DEBUG - Batch 34400: mean_loss 0.020064858719706535
2017-06-13 00:13:55,655 - DEBUG - Batch 34500: mean_loss 0.019698629155755043
2017-06-13 00:14:00,334 - DEBUG - Batch 34600: mean_loss 0.0187816359102726
2017-06-13 00:14:04,993 - DEBUG - Batch 34700: mean_loss 0.019481465220451355
2017-06-13 00:14:09,666 - DEBUG - Batch 34800: mean_loss 0.019677739590406418
2017-06-13 00:14:14,336 - DEBUG - Batch 34900: mean_loss 0.019525950774550438
2017-06-13 00:14:19,108 - DEBUG - Batch 35000: mean_loss 0.021147361025214195
2017-06-13 00:14:22,250 - DEBUG - Test results (after batch 35000): loss: 0.021016836166381836, acc: 0.9671001434326172
2017-06-13 00:14:27,234 - DEBUG - Batch 35100: mean_loss 0.02100137248635292
2017-06-13 00:14:32,024 - DEBUG - Batch 35200: mean_loss 0.02008701115846634
2017-06-13 00:14:36,868 - DEBUG - Batch 35300: mean_loss 0.02063136361539364
2017-06-13 00:14:41,536 - DEBUG - Batch 35400: mean_loss 0.019163912162184715
2017-06-13 00:14:46,209 - DEBUG - Batch 35500: mean_loss 0.017944473773241043
2017-06-13 00:14:50,878 - DEBUG - Batch 35600: mean_loss 0.01975485309958458
2017-06-13 00:14:55,534 - DEBUG - Batch 35700: mean_loss 0.02084536850452423
2017-06-13 00:15:00,172 - DEBUG - Batch 35800: mean_loss 0.019551582634449005
2017-06-13 00:15:04,841 - DEBUG - Batch 35900: mean_loss 0.020219974219799042
2017-06-13 00:15:09,488 - DEBUG - Batch 36000: mean_loss 0.020651401951909065
2017-06-13 00:15:12,516 - DEBUG - Test results (after batch 36000): loss: 0.020105883479118347, acc: 0.9673001170158386
2017-06-13 00:15:17,191 - DEBUG - Batch 36100: mean_loss 0.020293697714805603
2017-06-13 00:15:21,988 - DEBUG - Batch 36200: mean_loss 0.02025515027344227
2017-06-13 00:15:26,940 - DEBUG - Batch 36300: mean_loss 0.01911154016852379
2017-06-13 00:15:31,693 - DEBUG - Batch 36400: mean_loss 0.01897960714995861
2017-06-13 00:15:36,367 - DEBUG - Batch 36500: mean_loss 0.018544500693678856
2017-06-13 00:15:41,652 - DEBUG - Batch 36600: mean_loss 0.01927168294787407
2017-06-13 00:15:46,493 - DEBUG - Batch 36700: mean_loss 0.01923118159174919
2017-06-13 00:15:51,086 - DEBUG - Batch 36800: mean_loss 0.019304988905787468
2017-06-13 00:15:55,743 - DEBUG - Batch 36900: mean_loss 0.019769376143813133
2017-06-13 00:16:00,282 - DEBUG - Batch 37000: mean_loss 0.018636560067534447
2017-06-13 00:16:03,141 - DEBUG - Test results (after batch 37000): loss: 0.02020993083715439, acc: 0.9668000936508179
2017-06-13 00:16:07,612 - DEBUG - Batch 37100: mean_loss 0.019627688452601433
2017-06-13 00:16:12,070 - DEBUG - Batch 37200: mean_loss 0.01914735697209835
2017-06-13 00:16:16,528 - DEBUG - Batch 37300: mean_loss 0.018648291006684303
2017-06-13 00:16:20,996 - DEBUG - Batch 37400: mean_loss 0.018649466335773468
2017-06-13 00:16:25,672 - DEBUG - Batch 37500: mean_loss 0.018480196595191956
2017-06-13 00:16:30,146 - DEBUG - Batch 37600: mean_loss 0.01976584456861019
2017-06-13 00:16:34,602 - DEBUG - Batch 37700: mean_loss 0.020327012985944748
2017-06-13 00:16:39,051 - DEBUG - Batch 37800: mean_loss 0.01934272237122059
2017-06-13 00:16:43,597 - DEBUG - Batch 37900: mean_loss 0.018429238349199295
2017-06-13 00:16:48,171 - DEBUG - Batch 38000: mean_loss 0.019402548670768738
2017-06-13 00:16:51,071 - DEBUG - Test results (after batch 38000): loss: 0.019771592691540718, acc: 0.9680001735687256
2017-06-13 00:16:55,593 - DEBUG - Batch 38100: mean_loss 0.02072002924978733
2017-06-13 00:17:00,160 - DEBUG - Batch 38200: mean_loss 0.02048471011221409
2017-06-13 00:17:04,864 - DEBUG - Batch 38300: mean_loss 0.018668197095394135
2017-06-13 00:17:09,298 - DEBUG - Batch 38400: mean_loss 0.016902821138501167
2017-06-13 00:17:13,731 - DEBUG - Batch 38500: mean_loss 0.01678457111120224
2017-06-13 00:17:18,174 - DEBUG - Batch 38600: mean_loss 0.01829053834080696
2017-06-13 00:17:22,637 - DEBUG - Batch 38700: mean_loss 0.019442547112703323
2017-06-13 00:17:27,070 - DEBUG - Batch 38800: mean_loss 0.019123850390315056
2017-06-13 00:17:31,514 - DEBUG - Batch 38900: mean_loss 0.01766086369752884
2017-06-13 00:17:35,963 - DEBUG - Batch 39000: mean_loss 0.01768081821501255
2017-06-13 00:17:38,861 - DEBUG - Test results (after batch 39000): loss: 0.020012205466628075, acc: 0.9675000905990601
2017-06-13 00:17:43,272 - DEBUG - Batch 39100: mean_loss 0.018863575533032417
2017-06-13 00:17:47,707 - DEBUG - Batch 39200: mean_loss 0.020096439868211746
2017-06-13 00:17:52,121 - DEBUG - Batch 39300: mean_loss 0.019131533801555634
2017-06-13 00:17:56,558 - DEBUG - Batch 39400: mean_loss 0.018062906339764595
2017-06-13 00:18:00,985 - DEBUG - Batch 39500: mean_loss 0.018909065052866936
2017-06-13 00:18:05,443 - DEBUG - Batch 39600: mean_loss 0.018818002194166183
2017-06-13 00:18:09,876 - DEBUG - Batch 39700: mean_loss 0.019346214830875397
2017-06-13 00:18:14,270 - DEBUG - Batch 39800: mean_loss 0.019751857966184616
2017-06-13 00:18:18,684 - DEBUG - Batch 39900: mean_loss 0.018127234652638435
2017-06-13 00:18:23,365 - DEBUG - Batch 40000: mean_loss 0.0178900808095932
2017-06-13 00:18:26,276 - DEBUG - Test results (after batch 40000): loss: 0.018487393856048584, acc: 0.9705001711845398
2017-06-13 00:18:30,656 - DEBUG - Batch 40100: mean_loss 0.0175760667771101
2017-06-13 00:18:35,265 - DEBUG - Batch 40200: mean_loss 0.01701994612812996
2017-06-13 00:18:40,066 - DEBUG - Batch 40300: mean_loss 0.01879260689020157
2017-06-13 00:18:44,524 - DEBUG - Batch 40400: mean_loss 0.018619215115904808
2017-06-13 00:18:48,914 - DEBUG - Batch 40500: mean_loss 0.018333327025175095
2017-06-13 00:18:53,309 - DEBUG - Batch 40600: mean_loss 0.018945274874567986
2017-06-13 00:18:57,703 - DEBUG - Batch 40700: mean_loss 0.018599532544612885
2017-06-13 00:19:02,106 - DEBUG - Batch 40800: mean_loss 0.019011275842785835
2017-06-13 00:19:06,488 - DEBUG - Batch 40900: mean_loss 0.017972009256482124
2017-06-13 00:19:10,885 - DEBUG - Batch 41000: mean_loss 0.017292900010943413
2017-06-13 00:19:13,735 - DEBUG - Test results (after batch 41000): loss: 0.02187304012477398, acc: 0.9644001126289368
2017-06-13 00:19:18,121 - DEBUG - Batch 41100: mean_loss 0.019184794276952744
2017-06-13 00:19:22,505 - DEBUG - Batch 41200: mean_loss 0.018440090119838715
2017-06-13 00:19:26,933 - DEBUG - Batch 41300: mean_loss 0.016688775271177292
2017-06-13 00:19:31,320 - DEBUG - Batch 41400: mean_loss 0.01875559240579605
2017-06-13 00:19:35,722 - DEBUG - Batch 41500: mean_loss 0.018734408542513847
2017-06-13 00:19:40,110 - DEBUG - Batch 41600: mean_loss 0.01746228151023388
2017-06-13 00:19:44,513 - DEBUG - Batch 41700: mean_loss 0.01709798164665699
2017-06-13 00:19:48,906 - DEBUG - Batch 41800: mean_loss 0.016488084569573402
2017-06-13 00:19:53,319 - DEBUG - Batch 41900: mean_loss 0.017604058608412743
2017-06-13 00:19:57,690 - DEBUG - Batch 42000: mean_loss 0.01784300059080124
2017-06-13 00:20:00,570 - DEBUG - Test results (after batch 42000): loss: 0.018719203770160675, acc: 0.9708001613616943
2017-06-13 00:20:04,947 - DEBUG - Batch 42100: mean_loss 0.017569687217473984
2017-06-13 00:20:09,507 - DEBUG - Batch 42200: mean_loss 0.017654523253440857
2017-06-13 00:20:14,036 - DEBUG - Batch 42300: mean_loss 0.017141150310635567
2017-06-13 00:20:18,433 - DEBUG - Batch 42400: mean_loss 0.016876690089702606
2017-06-13 00:20:22,812 - DEBUG - Batch 42500: mean_loss 0.016403231769800186
2017-06-13 00:20:27,204 - DEBUG - Batch 42600: mean_loss 0.017673665657639503
2017-06-13 00:20:31,604 - DEBUG - Batch 42700: mean_loss 0.01761823706328869
2017-06-13 00:20:35,993 - DEBUG - Batch 42800: mean_loss 0.01607123203575611
2017-06-13 00:20:40,420 - DEBUG - Batch 42900: mean_loss 0.016940919682383537
2017-06-13 00:20:44,844 - DEBUG - Batch 43000: mean_loss 0.017752159386873245
2017-06-13 00:20:47,693 - DEBUG - Test results (after batch 43000): loss: 0.018849115818738937, acc: 0.9715001583099365
2017-06-13 00:20:52,068 - DEBUG - Batch 43100: mean_loss 0.017983784899115562
2017-06-13 00:20:56,452 - DEBUG - Batch 43200: mean_loss 0.018254920840263367
2017-06-13 00:21:00,831 - DEBUG - Batch 43300: mean_loss 0.017556864768266678
2017-06-13 00:21:05,220 - DEBUG - Batch 43400: mean_loss 0.017060909420251846
2017-06-13 00:21:09,607 - DEBUG - Batch 43500: mean_loss 0.016961107030510902
2017-06-13 00:21:13,992 - DEBUG - Batch 43600: mean_loss 0.01671944186091423
2017-06-13 00:21:18,388 - DEBUG - Batch 43700: mean_loss 0.01670406013727188
2017-06-13 00:21:22,802 - DEBUG - Batch 43800: mean_loss 0.017346614971756935
2017-06-13 00:21:27,221 - DEBUG - Batch 43900: mean_loss 0.01727048121392727
2017-06-13 00:21:31,605 - DEBUG - Batch 44000: mean_loss 0.016885099932551384
2017-06-13 00:21:34,496 - DEBUG - Test results (after batch 44000): loss: 0.01813260279595852, acc: 0.971700131893158
2017-06-13 00:21:38,897 - DEBUG - Batch 44100: mean_loss 0.01711493358016014
2017-06-13 00:21:43,270 - DEBUG - Batch 44200: mean_loss 0.017440825700759888
2017-06-13 00:21:47,660 - DEBUG - Batch 44300: mean_loss 0.018120018765330315
2017-06-13 00:21:52,042 - DEBUG - Batch 44400: mean_loss 0.01800551824271679
2017-06-13 00:21:56,432 - DEBUG - Batch 44500: mean_loss 0.017832431942224503
2017-06-13 00:22:00,830 - DEBUG - Batch 44600: mean_loss 0.01743193343281746
2017-06-13 00:22:05,250 - DEBUG - Batch 44700: mean_loss 0.01744787208735943
2017-06-13 00:22:09,632 - DEBUG - Batch 44800: mean_loss 0.017548123374581337
2017-06-13 00:22:14,017 - DEBUG - Batch 44900: mean_loss 0.01651849038898945
2017-06-13 00:22:18,411 - DEBUG - Batch 45000: mean_loss 0.017041945829987526
2017-06-13 00:22:21,272 - DEBUG - Test results (after batch 45000): loss: 0.019141806289553642, acc: 0.9690001010894775
2017-06-13 00:22:25,665 - DEBUG - Batch 45100: mean_loss 0.01786300539970398
2017-06-13 00:22:30,053 - DEBUG - Batch 45200: mean_loss 0.016836699098348618
2017-06-13 00:22:34,436 - DEBUG - Batch 45300: mean_loss 0.016137951985001564
2017-06-13 00:22:38,815 - DEBUG - Batch 45400: mean_loss 0.01702735386788845
2017-06-13 00:22:43,211 - DEBUG - Batch 45500: mean_loss 0.016287464648485184
2017-06-13 00:22:47,621 - DEBUG - Batch 45600: mean_loss 0.01493602991104126
2017-06-13 00:22:52,032 - DEBUG - Batch 45700: mean_loss 0.01583675667643547
2017-06-13 00:22:56,426 - DEBUG - Batch 45800: mean_loss 0.016021819785237312
2017-06-13 00:23:00,818 - DEBUG - Batch 45900: mean_loss 0.01598040759563446
2017-06-13 00:23:05,235 - DEBUG - Batch 46000: mean_loss 0.01601487398147583
2017-06-13 00:23:08,107 - DEBUG - Test results (after batch 46000): loss: 0.01708708517253399, acc: 0.9738001823425293
2017-06-13 00:23:12,485 - DEBUG - Batch 46100: mean_loss 0.01640322245657444
2017-06-13 00:23:16,879 - DEBUG - Batch 46200: mean_loss 0.01705377735197544
2017-06-13 00:23:21,263 - DEBUG - Batch 46300: mean_loss 0.01746363565325737
2017-06-13 00:23:25,668 - DEBUG - Batch 46400: mean_loss 0.017461473122239113
2017-06-13 00:23:30,091 - DEBUG - Batch 46500: mean_loss 0.016297824680805206
2017-06-13 00:23:34,577 - DEBUG - Batch 46600: mean_loss 0.0162727739661932
2017-06-13 00:23:38,993 - DEBUG - Batch 46700: mean_loss 0.01647471822798252
2017-06-13 00:23:43,401 - DEBUG - Batch 46800: mean_loss 0.01699606515467167
2017-06-13 00:23:47,783 - DEBUG - Batch 46900: mean_loss 0.017158962786197662
2017-06-13 00:23:52,170 - DEBUG - Batch 47000: mean_loss 0.015728747472167015
2017-06-13 00:23:55,118 - DEBUG - Test results (after batch 47000): loss: 0.0187799371778965, acc: 0.9706001281738281
2017-06-13 00:23:59,488 - DEBUG - Batch 47100: mean_loss 0.01575237698853016
2017-06-13 00:24:03,890 - DEBUG - Batch 47200: mean_loss 0.015339510515332222
2017-06-13 00:24:08,311 - DEBUG - Batch 47300: mean_loss 0.015041830949485302
2017-06-13 00:24:12,701 - DEBUG - Batch 47400: mean_loss 0.01581735908985138
2017-06-13 00:24:17,106 - DEBUG - Batch 47500: mean_loss 0.016344724223017693
2017-06-13 00:24:21,514 - DEBUG - Batch 47600: mean_loss 0.015781262889504433
2017-06-13 00:24:26,081 - DEBUG - Batch 47700: mean_loss 0.01591668277978897
2017-06-13 00:24:30,638 - DEBUG - Batch 47800: mean_loss 0.017158053815364838
2017-06-13 00:24:35,242 - DEBUG - Batch 47900: mean_loss 0.016925539821386337
2017-06-13 00:24:39,645 - DEBUG - Batch 48000: mean_loss 0.01598185859620571
2017-06-13 00:24:42,515 - DEBUG - Test results (after batch 48000): loss: 0.01605154387652874, acc: 0.9754000902175903
2017-06-13 00:24:46,962 - DEBUG - Batch 48100: mean_loss 0.01589183881878853
2017-06-13 00:24:51,417 - DEBUG - Batch 48200: mean_loss 0.016694730147719383
2017-06-13 00:24:55,803 - DEBUG - Batch 48300: mean_loss 0.01714826375246048
2017-06-13 00:25:00,186 - DEBUG - Batch 48400: mean_loss 0.01613878458738327
2017-06-13 00:25:04,573 - DEBUG - Batch 48500: mean_loss 0.015553000383079052
2017-06-13 00:25:08,969 - DEBUG - Batch 48600: mean_loss 0.015169059857726097
2017-06-13 00:25:13,596 - DEBUG - Batch 48700: mean_loss 0.015660619363188744
2017-06-13 00:25:18,215 - DEBUG - Batch 48800: mean_loss 0.016606368124485016
2017-06-13 00:25:22,611 - DEBUG - Batch 48900: mean_loss 0.015304544009268284
2017-06-13 00:25:27,058 - DEBUG - Batch 49000: mean_loss 0.01533198356628418
2017-06-13 00:25:29,903 - DEBUG - Test results (after batch 49000): loss: 0.017173342406749725, acc: 0.9732000827789307
2017-06-13 00:25:34,285 - DEBUG - Batch 49100: mean_loss 0.016169996932148933
2017-06-13 00:25:38,697 - DEBUG - Batch 49200: mean_loss 0.01573745161294937
2017-06-13 00:25:43,092 - DEBUG - Batch 49300: mean_loss 0.015297872014343739
2017-06-13 00:25:47,486 - DEBUG - Batch 49400: mean_loss 0.015399076975882053
2017-06-13 00:25:51,880 - DEBUG - Batch 49500: mean_loss 0.01616692543029785
2017-06-13 00:25:56,267 - DEBUG - Batch 49600: mean_loss 0.0162663534283638
2017-06-13 00:26:00,652 - DEBUG - Batch 49700: mean_loss 0.014916086569428444
2017-06-13 00:26:05,046 - DEBUG - Batch 49800: mean_loss 0.015168104320764542
2017-06-13 00:26:09,470 - DEBUG - Batch 49900: mean_loss 0.015480075031518936
2017-06-13 00:26:13,870 - DEBUG - Batch 50000: mean_loss 0.014662596397101879
2017-06-13 00:26:16,713 - DEBUG - Test results (after batch 50000): loss: 0.01692325435578823, acc: 0.9727001786231995
2017-06-13 00:26:19,584 - DEBUG - Test results (after batch 50001): loss: 0.01603792980313301, acc: 0.9749001264572144
