2017-06-13 02:33:41,478 - WARNING - Nodename: t888
2017-06-13 02:33:41,478 - WARNING - Checkpoint file: checkpoints/2017-06-13_00:33.ckpt
2017-06-13 02:33:45,099 - INFO - Start training
2017-06-13 02:33:54,834 - DEBUG - Batch 100: mean_loss 0.43363165855407715
2017-06-13 02:33:56,088 - DEBUG - Batch 200: mean_loss 0.3791685104370117
2017-06-13 02:33:57,240 - DEBUG - Batch 300: mean_loss 0.3229276239871979
2017-06-13 02:33:58,398 - DEBUG - Batch 400: mean_loss 0.31877467036247253
2017-06-13 02:33:59,738 - DEBUG - Batch 500: mean_loss 0.31262868642807007
2017-06-13 02:34:00,930 - DEBUG - Batch 600: mean_loss 0.30428174138069153
2017-06-13 02:34:02,176 - DEBUG - Batch 700: mean_loss 0.29430580139160156
2017-06-13 02:34:03,375 - DEBUG - Batch 800: mean_loss 0.2833903729915619
2017-06-13 02:34:04,527 - DEBUG - Batch 900: mean_loss 0.27184775471687317
2017-06-13 02:34:05,696 - DEBUG - Batch 1000: mean_loss 0.25992393493652344
2017-06-13 02:34:05,752 - DEBUG - Test results (after batch 1000): loss: 0.24905037879943848, acc: 0.36799994111061096
2017-06-13 02:34:06,946 - DEBUG - Batch 1100: mean_loss 0.24983562529087067
2017-06-13 02:34:08,146 - DEBUG - Batch 1200: mean_loss 0.24202387034893036
2017-06-13 02:34:09,391 - DEBUG - Batch 1300: mean_loss 0.2335674911737442
2017-06-13 02:34:10,578 - DEBUG - Batch 1400: mean_loss 0.22508838772773743
2017-06-13 02:34:11,783 - DEBUG - Batch 1500: mean_loss 0.2181452363729477
2017-06-13 02:34:12,941 - DEBUG - Batch 1600: mean_loss 0.21076950430870056
2017-06-13 02:34:14,047 - DEBUG - Batch 1700: mean_loss 0.2037816196680069
2017-06-13 02:34:15,186 - DEBUG - Batch 1800: mean_loss 0.19661173224449158
2017-06-13 02:34:16,320 - DEBUG - Batch 1900: mean_loss 0.18937450647354126
2017-06-13 02:34:17,429 - DEBUG - Batch 2000: mean_loss 0.18522509932518005
2017-06-13 02:34:17,454 - DEBUG - Test results (after batch 2000): loss: 0.17905515432357788, acc: 0.6217999458312988
2017-06-13 02:34:18,563 - DEBUG - Batch 2100: mean_loss 0.18096254765987396
2017-06-13 02:34:19,722 - DEBUG - Batch 2200: mean_loss 0.17298096418380737
2017-06-13 02:34:20,828 - DEBUG - Batch 2300: mean_loss 0.16222377121448517
2017-06-13 02:34:21,963 - DEBUG - Batch 2400: mean_loss 0.1499212682247162
2017-06-13 02:34:23,114 - DEBUG - Batch 2500: mean_loss 0.13823822140693665
2017-06-13 02:34:24,326 - DEBUG - Batch 2600: mean_loss 0.12910890579223633
2017-06-13 02:34:25,465 - DEBUG - Batch 2700: mean_loss 0.12050879746675491
2017-06-13 02:34:26,611 - DEBUG - Batch 2800: mean_loss 0.11481473594903946
2017-06-13 02:34:27,718 - DEBUG - Batch 2900: mean_loss 0.11225932091474533
2017-06-13 02:34:28,838 - DEBUG - Batch 3000: mean_loss 0.10909658670425415
2017-06-13 02:34:28,866 - DEBUG - Test results (after batch 3000): loss: 0.10657402127981186, acc: 0.7908999919891357
2017-06-13 02:34:30,019 - DEBUG - Batch 3100: mean_loss 0.10460683703422546
2017-06-13 02:34:31,122 - DEBUG - Batch 3200: mean_loss 0.10151641070842743
2017-06-13 02:34:32,376 - DEBUG - Batch 3300: mean_loss 0.09908121079206467
2017-06-13 02:34:33,584 - DEBUG - Batch 3400: mean_loss 0.09530769288539886
2017-06-13 02:34:34,832 - DEBUG - Batch 3500: mean_loss 0.09207334369421005
2017-06-13 02:34:35,968 - DEBUG - Batch 3600: mean_loss 0.0899789109826088
2017-06-13 02:34:37,165 - DEBUG - Batch 3700: mean_loss 0.08642086386680603
2017-06-13 02:34:38,326 - DEBUG - Batch 3800: mean_loss 0.08220217376947403
2017-06-13 02:34:39,547 - DEBUG - Batch 3900: mean_loss 0.07857488840818405
2017-06-13 02:34:40,661 - DEBUG - Batch 4000: mean_loss 0.07416494935750961
2017-06-13 02:34:40,687 - DEBUG - Test results (after batch 4000): loss: 0.07176929712295532, acc: 0.8994001746177673
2017-06-13 02:34:41,805 - DEBUG - Batch 4100: mean_loss 0.07041562348604202
2017-06-13 02:34:42,913 - DEBUG - Batch 4200: mean_loss 0.06798016279935837
2017-06-13 02:34:44,060 - DEBUG - Batch 4300: mean_loss 0.06551048159599304
2017-06-13 02:34:45,161 - DEBUG - Batch 4400: mean_loss 0.062056731432676315
2017-06-13 02:34:46,263 - DEBUG - Batch 4500: mean_loss 0.05968620255589485
2017-06-13 02:34:47,389 - DEBUG - Batch 4600: mean_loss 0.05764268711209297
2017-06-13 02:34:48,498 - DEBUG - Batch 4700: mean_loss 0.055276058614254
2017-06-13 02:34:49,668 - DEBUG - Batch 4800: mean_loss 0.053806573152542114
2017-06-13 02:34:50,770 - DEBUG - Batch 4900: mean_loss 0.053027067333459854
2017-06-13 02:34:51,872 - DEBUG - Batch 5000: mean_loss 0.051516760140657425
2017-06-13 02:34:51,897 - DEBUG - Test results (after batch 5000): loss: 0.05281734839081764, acc: 0.9220001101493835
2017-06-13 02:34:53,003 - DEBUG - Batch 5100: mean_loss 0.050654008984565735
2017-06-13 02:34:54,142 - DEBUG - Batch 5200: mean_loss 0.04978999122977257
2017-06-13 02:34:55,242 - DEBUG - Batch 5300: mean_loss 0.047806188464164734
2017-06-13 02:34:56,344 - DEBUG - Batch 5400: mean_loss 0.04628259316086769
2017-06-13 02:34:57,487 - DEBUG - Batch 5500: mean_loss 0.04428551346063614
2017-06-13 02:34:58,653 - DEBUG - Batch 5600: mean_loss 0.043949175626039505
2017-06-13 02:34:59,810 - DEBUG - Batch 5700: mean_loss 0.044724103063344955
2017-06-13 02:35:00,990 - DEBUG - Batch 5800: mean_loss 0.04319195821881294
2017-06-13 02:35:02,201 - DEBUG - Batch 5900: mean_loss 0.04138018563389778
2017-06-13 02:35:03,468 - DEBUG - Batch 6000: mean_loss 0.04077073186635971
2017-06-13 02:35:03,496 - DEBUG - Test results (after batch 6000): loss: 0.04475068300962448, acc: 0.9333000779151917
2017-06-13 02:35:04,806 - DEBUG - Batch 6100: mean_loss 0.03966547176241875
2017-06-13 02:35:06,075 - DEBUG - Batch 6200: mean_loss 0.039606139063835144
2017-06-13 02:35:07,196 - DEBUG - Batch 6300: mean_loss 0.03954901173710823
2017-06-13 02:35:08,309 - DEBUG - Batch 6400: mean_loss 0.037543922662734985
2017-06-13 02:35:09,459 - DEBUG - Batch 6500: mean_loss 0.03758971020579338
2017-06-13 02:35:10,646 - DEBUG - Batch 6600: mean_loss 0.03683179244399071
2017-06-13 02:35:11,876 - DEBUG - Batch 6700: mean_loss 0.03571925684809685
2017-06-13 02:35:13,098 - DEBUG - Batch 6800: mean_loss 0.036636628210544586
2017-06-13 02:35:14,350 - DEBUG - Batch 6900: mean_loss 0.036629173904657364
2017-06-13 02:35:15,519 - DEBUG - Batch 7000: mean_loss 0.03514544665813446
2017-06-13 02:35:15,544 - DEBUG - Test results (after batch 7000): loss: 0.037125807255506516, acc: 0.9446001052856445
2017-06-13 02:35:16,712 - DEBUG - Batch 7100: mean_loss 0.034298673272132874
2017-06-13 02:35:17,876 - DEBUG - Batch 7200: mean_loss 0.03394431248307228
2017-06-13 02:35:19,042 - DEBUG - Batch 7300: mean_loss 0.032823652029037476
2017-06-13 02:35:20,238 - DEBUG - Batch 7400: mean_loss 0.03282909095287323
2017-06-13 02:35:21,399 - DEBUG - Batch 7500: mean_loss 0.032503534108400345
2017-06-13 02:35:22,560 - DEBUG - Batch 7600: mean_loss 0.03192538768053055
2017-06-13 02:35:23,739 - DEBUG - Batch 7700: mean_loss 0.031420089304447174
2017-06-13 02:35:24,935 - DEBUG - Batch 7800: mean_loss 0.03042188659310341
2017-06-13 02:35:26,105 - DEBUG - Batch 7900: mean_loss 0.03000742383301258
2017-06-13 02:35:27,264 - DEBUG - Batch 8000: mean_loss 0.03052079863846302
2017-06-13 02:35:27,290 - DEBUG - Test results (after batch 8000): loss: 0.03130706772208214, acc: 0.9523001313209534
2017-06-13 02:35:28,460 - DEBUG - Batch 8100: mean_loss 0.030277028679847717
2017-06-13 02:35:29,657 - DEBUG - Batch 8200: mean_loss 0.028993213549256325
2017-06-13 02:35:30,821 - DEBUG - Batch 8300: mean_loss 0.02832062542438507
2017-06-13 02:35:31,985 - DEBUG - Batch 8400: mean_loss 0.028135115280747414
2017-06-13 02:35:33,151 - DEBUG - Batch 8500: mean_loss 0.02835383452475071
2017-06-13 02:35:34,351 - DEBUG - Batch 8600: mean_loss 0.028336601331830025
2017-06-13 02:35:35,512 - DEBUG - Batch 8700: mean_loss 0.027982072904706
2017-06-13 02:35:36,691 - DEBUG - Batch 8800: mean_loss 0.027848824858665466
2017-06-13 02:35:37,863 - DEBUG - Batch 8900: mean_loss 0.02724631316959858
2017-06-13 02:35:39,032 - DEBUG - Batch 9000: mean_loss 0.02722076326608658
2017-06-13 02:35:39,058 - DEBUG - Test results (after batch 9000): loss: 0.02779397740960121, acc: 0.9590001702308655
2017-06-13 02:35:40,253 - DEBUG - Batch 9100: mean_loss 0.027300627902150154
2017-06-13 02:35:41,416 - DEBUG - Batch 9200: mean_loss 0.026511363685131073
2017-06-13 02:35:42,578 - DEBUG - Batch 9300: mean_loss 0.026014190167188644
2017-06-13 02:35:43,746 - DEBUG - Batch 9400: mean_loss 0.02518768049776554
2017-06-13 02:35:44,944 - DEBUG - Batch 9500: mean_loss 0.024949848651885986
2017-06-13 02:35:46,107 - DEBUG - Batch 9600: mean_loss 0.024731243029236794
2017-06-13 02:35:47,278 - DEBUG - Batch 9700: mean_loss 0.024590685963630676
2017-06-13 02:35:48,448 - DEBUG - Batch 9800: mean_loss 0.025623684749007225
2017-06-13 02:35:49,648 - DEBUG - Batch 9900: mean_loss 0.025569802150130272
2017-06-13 02:35:50,814 - DEBUG - Batch 10000: mean_loss 0.025149499997496605
2017-06-13 02:35:50,839 - DEBUG - Test results (after batch 10000): loss: 0.029116276651620865, acc: 0.9577001333236694
2017-06-13 02:35:52,011 - DEBUG - Batch 10100: mean_loss 0.024457139894366264
2017-06-13 02:35:53,178 - DEBUG - Batch 10200: mean_loss 0.023563509806990623
2017-06-13 02:35:54,346 - DEBUG - Batch 10300: mean_loss 0.02318509668111801
2017-06-13 02:35:55,551 - DEBUG - Batch 10400: mean_loss 0.022866103798151016
2017-06-13 02:35:56,714 - DEBUG - Batch 10500: mean_loss 0.02253200113773346
2017-06-13 02:35:57,880 - DEBUG - Batch 10600: mean_loss 0.02258504368364811
2017-06-13 02:35:59,050 - DEBUG - Batch 10700: mean_loss 0.023581044748425484
2017-06-13 02:36:00,246 - DEBUG - Batch 10800: mean_loss 0.023253975436091423
2017-06-13 02:36:01,415 - DEBUG - Batch 10900: mean_loss 0.022042710334062576
2017-06-13 02:36:02,582 - DEBUG - Batch 11000: mean_loss 0.022096557542681694
2017-06-13 02:36:02,608 - DEBUG - Test results (after batch 11000): loss: 0.02286496013402939, acc: 0.9656000733375549
2017-06-13 02:36:03,778 - DEBUG - Batch 11100: mean_loss 0.02208010107278824
2017-06-13 02:36:04,982 - DEBUG - Batch 11200: mean_loss 0.021439867094159126
2017-06-13 02:36:06,148 - DEBUG - Batch 11300: mean_loss 0.02138584665954113
2017-06-13 02:36:07,311 - DEBUG - Batch 11400: mean_loss 0.021268310025334358
2017-06-13 02:36:08,474 - DEBUG - Batch 11500: mean_loss 0.02137085422873497
2017-06-13 02:36:09,647 - DEBUG - Batch 11600: mean_loss 0.02132607437670231
2017-06-13 02:36:10,862 - DEBUG - Batch 11700: mean_loss 0.02076331153512001
2017-06-13 02:36:12,037 - DEBUG - Batch 11800: mean_loss 0.01987917348742485
2017-06-13 02:36:13,200 - DEBUG - Batch 11900: mean_loss 0.01985165849328041
2017-06-13 02:36:14,369 - DEBUG - Batch 12000: mean_loss 0.020386841148138046
2017-06-13 02:36:14,394 - DEBUG - Test results (after batch 12000): loss: 0.02171855978667736, acc: 0.9676001667976379
2017-06-13 02:36:15,590 - DEBUG - Batch 12100: mean_loss 0.020964693278074265
2017-06-13 02:36:16,758 - DEBUG - Batch 12200: mean_loss 0.020627129822969437
2017-06-13 02:36:17,926 - DEBUG - Batch 12300: mean_loss 0.02004307508468628
2017-06-13 02:36:19,092 - DEBUG - Batch 12400: mean_loss 0.019941965118050575
2017-06-13 02:36:20,292 - DEBUG - Batch 12500: mean_loss 0.018617572262883186
2017-06-13 02:36:21,454 - DEBUG - Batch 12600: mean_loss 0.018371570855379105
2017-06-13 02:36:22,615 - DEBUG - Batch 12700: mean_loss 0.019524993374943733
2017-06-13 02:36:23,776 - DEBUG - Batch 12800: mean_loss 0.019859589636325836
2017-06-13 02:36:24,978 - DEBUG - Batch 12900: mean_loss 0.01954583451151848
2017-06-13 02:36:26,148 - DEBUG - Batch 13000: mean_loss 0.018558895215392113
2017-06-13 02:36:26,173 - DEBUG - Test results (after batch 13000): loss: 0.01987258531153202, acc: 0.9688001275062561
2017-06-13 02:36:27,336 - DEBUG - Batch 13100: mean_loss 0.0178036168217659
2017-06-13 02:36:28,498 - DEBUG - Batch 13200: mean_loss 0.018168384209275246
2017-06-13 02:36:29,664 - DEBUG - Batch 13300: mean_loss 0.01843349076807499
2017-06-13 02:36:30,861 - DEBUG - Batch 13400: mean_loss 0.017582308501005173
2017-06-13 02:36:32,034 - DEBUG - Batch 13500: mean_loss 0.01700478233397007
2017-06-13 02:36:33,197 - DEBUG - Batch 13600: mean_loss 0.018340403214097023
2017-06-13 02:36:34,371 - DEBUG - Batch 13700: mean_loss 0.018127944320440292
2017-06-13 02:36:35,571 - DEBUG - Batch 13800: mean_loss 0.01730913482606411
2017-06-13 02:36:36,735 - DEBUG - Batch 13900: mean_loss 0.01776544563472271
2017-06-13 02:36:37,902 - DEBUG - Batch 14000: mean_loss 0.01785927265882492
2017-06-13 02:36:37,928 - DEBUG - Test results (after batch 14000): loss: 0.01957244984805584, acc: 0.9716001152992249
2017-06-13 02:36:39,098 - DEBUG - Batch 14100: mean_loss 0.017913131043314934
2017-06-13 02:36:40,304 - DEBUG - Batch 14200: mean_loss 0.017047934234142303
2017-06-13 02:36:41,487 - DEBUG - Batch 14300: mean_loss 0.016582954674959183
2017-06-13 02:36:42,654 - DEBUG - Batch 14400: mean_loss 0.01718759909272194
2017-06-13 02:36:43,825 - DEBUG - Batch 14500: mean_loss 0.016595521941781044
2017-06-13 02:36:45,006 - DEBUG - Batch 14600: mean_loss 0.015941673889756203
2017-06-13 02:36:46,198 - DEBUG - Batch 14700: mean_loss 0.01604590192437172
2017-06-13 02:36:47,366 - DEBUG - Batch 14800: mean_loss 0.01611294038593769
2017-06-13 02:36:48,534 - DEBUG - Batch 14900: mean_loss 0.016604863107204437
2017-06-13 02:36:49,705 - DEBUG - Batch 15000: mean_loss 0.016328487545251846
2017-06-13 02:36:49,732 - DEBUG - Test results (after batch 15000): loss: 0.020173348486423492, acc: 0.9710001945495605
2017-06-13 02:36:50,925 - DEBUG - Batch 15100: mean_loss 0.015505194664001465
2017-06-13 02:36:52,089 - DEBUG - Batch 15200: mean_loss 0.015059024095535278
2017-06-13 02:36:53,253 - DEBUG - Batch 15300: mean_loss 0.015541627071797848
2017-06-13 02:36:54,415 - DEBUG - Batch 15400: mean_loss 0.015796847641468048
2017-06-13 02:36:55,618 - DEBUG - Batch 15500: mean_loss 0.014630076475441456
2017-06-13 02:36:56,786 - DEBUG - Batch 15600: mean_loss 0.014234645292162895
2017-06-13 02:36:57,946 - DEBUG - Batch 15700: mean_loss 0.015330737456679344
2017-06-13 02:36:59,109 - DEBUG - Batch 15800: mean_loss 0.015223321504890919
2017-06-13 02:37:00,310 - DEBUG - Batch 15900: mean_loss 0.015354195609688759
2017-06-13 02:37:01,504 - DEBUG - Batch 16000: mean_loss 0.01555145625025034
2017-06-13 02:37:01,532 - DEBUG - Test results (after batch 16000): loss: 0.01864447258412838, acc: 0.9737001061439514
2017-06-13 02:37:02,837 - DEBUG - Batch 16100: mean_loss 0.014645066112279892
2017-06-13 02:37:04,064 - DEBUG - Batch 16200: mean_loss 0.01471119374036789
2017-06-13 02:37:05,302 - DEBUG - Batch 16300: mean_loss 0.015291043557226658
2017-06-13 02:37:06,590 - DEBUG - Batch 16400: mean_loss 0.014899905771017075
2017-06-13 02:37:07,758 - DEBUG - Batch 16500: mean_loss 0.01468189712613821
2017-06-13 02:37:08,957 - DEBUG - Batch 16600: mean_loss 0.015103609301149845
2017-06-13 02:37:10,221 - DEBUG - Batch 16700: mean_loss 0.014992020092904568
2017-06-13 02:37:11,558 - DEBUG - Batch 16800: mean_loss 0.013973935507237911
2017-06-13 02:37:12,815 - DEBUG - Batch 16900: mean_loss 0.013630503788590431
2017-06-13 02:37:14,024 - DEBUG - Batch 17000: mean_loss 0.014687871560454369
2017-06-13 02:37:14,049 - DEBUG - Test results (after batch 17000): loss: 0.018654514104127884, acc: 0.9729000926017761
2017-06-13 02:37:15,252 - DEBUG - Batch 17100: mean_loss 0.014279036782681942
2017-06-13 02:37:16,495 - DEBUG - Batch 17200: mean_loss 0.013545884750783443
2017-06-13 02:37:17,695 - DEBUG - Batch 17300: mean_loss 0.012674915604293346
2017-06-13 02:37:18,939 - DEBUG - Batch 17400: mean_loss 0.012993207201361656
2017-06-13 02:37:20,127 - DEBUG - Batch 17500: mean_loss 0.014090177603065968
2017-06-13 02:37:21,385 - DEBUG - Batch 17600: mean_loss 0.01407156977802515
2017-06-13 02:37:22,582 - DEBUG - Batch 17700: mean_loss 0.012847564183175564
2017-06-13 02:37:23,750 - DEBUG - Batch 17800: mean_loss 0.012679796665906906
2017-06-13 02:37:24,978 - DEBUG - Batch 17900: mean_loss 0.013178680092096329
2017-06-13 02:37:26,218 - DEBUG - Batch 18000: mean_loss 0.013238159008324146
2017-06-13 02:37:26,248 - DEBUG - Test results (after batch 18000): loss: 0.01773420348763466, acc: 0.974800169467926
2017-06-13 02:37:27,509 - DEBUG - Batch 18100: mean_loss 0.01395480427891016
2017-06-13 02:37:28,721 - DEBUG - Batch 18200: mean_loss 0.013211331330239773
2017-06-13 02:37:29,899 - DEBUG - Batch 18300: mean_loss 0.01297621801495552
2017-06-13 02:37:31,075 - DEBUG - Batch 18400: mean_loss 0.012993629090487957
2017-06-13 02:37:32,276 - DEBUG - Batch 18500: mean_loss 0.012834017165005207
2017-06-13 02:37:33,440 - DEBUG - Batch 18600: mean_loss 0.012416723184287548
2017-06-13 02:37:34,606 - DEBUG - Batch 18700: mean_loss 0.012533201836049557
2017-06-13 02:37:35,774 - DEBUG - Batch 18800: mean_loss 0.013505700044333935
2017-06-13 02:37:36,944 - DEBUG - Batch 18900: mean_loss 0.012462870217859745
2017-06-13 02:37:38,139 - DEBUG - Batch 19000: mean_loss 0.011461376212537289
2017-06-13 02:37:38,165 - DEBUG - Test results (after batch 19000): loss: 0.01716044172644615, acc: 0.975800096988678
2017-06-13 02:37:39,327 - DEBUG - Batch 19100: mean_loss 0.01222543977200985
2017-06-13 02:37:40,501 - DEBUG - Batch 19200: mean_loss 0.012544523924589157
2017-06-13 02:37:41,664 - DEBUG - Batch 19300: mean_loss 0.012736675329506397
2017-06-13 02:37:42,871 - DEBUG - Batch 19400: mean_loss 0.012910818681120872
2017-06-13 02:37:44,041 - DEBUG - Batch 19500: mean_loss 0.012173737399280071
2017-06-13 02:37:45,211 - DEBUG - Batch 19600: mean_loss 0.01219039037823677
2017-06-13 02:37:46,376 - DEBUG - Batch 19700: mean_loss 0.011784788221120834
2017-06-13 02:37:47,574 - DEBUG - Batch 19800: mean_loss 0.011398307979106903
2017-06-13 02:37:48,736 - DEBUG - Batch 19900: mean_loss 0.011928576976060867
2017-06-13 02:37:49,898 - DEBUG - Batch 20000: mean_loss 0.011771145276725292
2017-06-13 02:37:49,924 - DEBUG - Test results (after batch 20000): loss: 0.016523728147149086, acc: 0.9763001203536987
2017-06-13 02:37:51,092 - DEBUG - Batch 20100: mean_loss 0.011776244267821312
2017-06-13 02:37:52,295 - DEBUG - Batch 20200: mean_loss 0.012410616502165794
2017-06-13 02:37:53,479 - DEBUG - Batch 20300: mean_loss 0.01236020214855671
2017-06-13 02:37:54,750 - DEBUG - Batch 20400: mean_loss 0.011649565771222115
2017-06-13 02:37:55,997 - DEBUG - Batch 20500: mean_loss 0.011725088581442833
2017-06-13 02:37:57,235 - DEBUG - Batch 20600: mean_loss 0.011372698470950127
2017-06-13 02:37:58,438 - DEBUG - Batch 20700: mean_loss 0.01071752980351448
2017-06-13 02:37:59,599 - DEBUG - Batch 20800: mean_loss 0.011330418288707733
2017-06-13 02:38:00,772 - DEBUG - Batch 20900: mean_loss 0.011645298451185226
2017-06-13 02:38:02,034 - DEBUG - Batch 21000: mean_loss 0.011096575297415257
2017-06-13 02:38:02,060 - DEBUG - Test results (after batch 21000): loss: 0.018426913768053055, acc: 0.97350013256073
2017-06-13 02:38:03,337 - DEBUG - Batch 21100: mean_loss 0.011089600622653961
2017-06-13 02:38:04,559 - DEBUG - Batch 21200: mean_loss 0.010958132334053516
2017-06-13 02:38:05,773 - DEBUG - Batch 21300: mean_loss 0.01040694210678339
2017-06-13 02:38:07,010 - DEBUG - Batch 21400: mean_loss 0.010804688557982445
2017-06-13 02:38:08,230 - DEBUG - Batch 21500: mean_loss 0.011299206875264645
2017-06-13 02:38:09,458 - DEBUG - Batch 21600: mean_loss 0.011012621223926544
2017-06-13 02:38:10,676 - DEBUG - Batch 21700: mean_loss 0.010652449913322926
2017-06-13 02:38:11,845 - DEBUG - Batch 21800: mean_loss 0.01068909838795662
2017-06-13 02:38:13,016 - DEBUG - Batch 21900: mean_loss 0.010632295161485672
2017-06-13 02:38:14,220 - DEBUG - Batch 22000: mean_loss 0.010991014540195465
2017-06-13 02:38:14,246 - DEBUG - Test results (after batch 22000): loss: 0.017065543681383133, acc: 0.9760001301765442
2017-06-13 02:38:15,420 - DEBUG - Batch 22100: mean_loss 0.010845520533621311
2017-06-13 02:38:16,591 - DEBUG - Batch 22200: mean_loss 0.010805572383105755
2017-06-13 02:38:17,764 - DEBUG - Batch 22300: mean_loss 0.011316069401800632
2017-06-13 02:38:18,969 - DEBUG - Batch 22400: mean_loss 0.011191052384674549
2017-06-13 02:38:20,141 - DEBUG - Batch 22500: mean_loss 0.010525853373110294
2017-06-13 02:38:21,311 - DEBUG - Batch 22600: mean_loss 0.009837456047534943
2017-06-13 02:38:22,565 - DEBUG - Batch 22700: mean_loss 0.010126590728759766
2017-06-13 02:38:23,819 - DEBUG - Batch 22800: mean_loss 0.010172578506171703
2017-06-13 02:38:25,040 - DEBUG - Batch 22900: mean_loss 0.00947378110140562
2017-06-13 02:38:26,217 - DEBUG - Batch 23000: mean_loss 0.009503102861344814
2017-06-13 02:38:26,242 - DEBUG - Test results (after batch 23000): loss: 0.018269706517457962, acc: 0.97350013256073
2017-06-13 02:38:27,405 - DEBUG - Batch 23100: mean_loss 0.01048017106950283
2017-06-13 02:38:28,568 - DEBUG - Batch 23200: mean_loss 0.010772802866995335
2017-06-13 02:38:29,762 - DEBUG - Batch 23300: mean_loss 0.010412816889584064
2017-06-13 02:38:30,928 - DEBUG - Batch 23400: mean_loss 0.010013286024332047
2017-06-13 02:38:32,097 - DEBUG - Batch 23500: mean_loss 0.01046597957611084
2017-06-13 02:38:33,259 - DEBUG - Batch 23600: mean_loss 0.009950310923159122
2017-06-13 02:38:34,455 - DEBUG - Batch 23700: mean_loss 0.009617644362151623
2017-06-13 02:38:35,624 - DEBUG - Batch 23800: mean_loss 0.010280750691890717
2017-06-13 02:38:36,795 - DEBUG - Batch 23900: mean_loss 0.009690709412097931
2017-06-13 02:38:37,961 - DEBUG - Batch 24000: mean_loss 0.009053313173353672
2017-06-13 02:38:37,986 - DEBUG - Test results (after batch 24000): loss: 0.015852805227041245, acc: 0.9774001836776733
2017-06-13 02:38:39,180 - DEBUG - Batch 24100: mean_loss 0.009343467652797699
2017-06-13 02:38:40,343 - DEBUG - Batch 24200: mean_loss 0.009013189934194088
2017-06-13 02:38:41,510 - DEBUG - Batch 24300: mean_loss 0.008894612081348896
2017-06-13 02:38:42,678 - DEBUG - Batch 24400: mean_loss 0.010449891909956932
2017-06-13 02:38:43,881 - DEBUG - Batch 24500: mean_loss 0.010207567363977432
2017-06-13 02:38:45,048 - DEBUG - Batch 24600: mean_loss 0.009420336224138737
2017-06-13 02:38:46,217 - DEBUG - Batch 24700: mean_loss 0.009197166189551353
2017-06-13 02:38:47,388 - DEBUG - Batch 24800: mean_loss 0.009730411693453789
2017-06-13 02:38:48,551 - DEBUG - Batch 24900: mean_loss 0.010253267362713814
2017-06-13 02:38:49,752 - DEBUG - Batch 25000: mean_loss 0.009530129842460155
2017-06-13 02:38:49,777 - DEBUG - Test results (after batch 25000): loss: 0.01589951105415821, acc: 0.977100133895874
2017-06-13 02:38:49,817 - DEBUG - Test results (after batch 25001): loss: 0.015822486951947212, acc: 0.9763001203536987
